http://explain.depesz.com/s/cgZ
HTTP/1.1 200 OK
Server: nginx
Date: Wed, 23 Jul 2014 23:34:34 GMT
Content-Type: text/html;charset=utf8
Content-Length: 177095
Connection: close
X-Powered-By: Mojolicious (Perl)

<!doctype html>
<html lang="en">
    <head>
        <meta charset="utf-8" />

        <title>cgZ : EXISTING_P32_V_REPORT | explain.depesz.com</title>

        <link rel="stylesheet" href="/css/style.css" />

        <!--[if lt IE 9]>
        <script>

            /* html5 elements */
            var elements = ( "abbr,article,aside,audio,cavnas,datalist,"
                           + "details,figure,footer,header,hgroup,mark,"
                           + "menu,meter,output,progress,section,video,"
                           + "time,nav" ).split( ',' );

            for ( var i = 0 ; i < elements.length ; i++ ) {
                document.createElement( elements[ i ] );
            }

        </script>
        <![endif]-->

        <script src="/js/jquery-1.5.1.min.js"></script>

        <script src="/js/jquery.cookie.min.js"></script>

        <script src="/js/explain.js"></script>

        
    <script>
        $( document ).ready( function( ) {

            /* startup */
            $.fn.explain( 'init', $( '#explain-form' ), $( '#explain' ) );

        } );
    </script>

    </head>
    <body class="show">

        <!-- wrapper -->
        <div id="wrapper">

            <header>
                <hgroup>
                    <h1>
                        <a href="/" title="link to: new explain" rel="permalink"><strong>explain</strong>.depesz.com</a>
                    </h1>
                    <h2><span>A tool for finding a real cause for slow queries.</span></h2>
                </hgroup>
            </header>

            <nav>
                <ul>
                    <li class="item item-new-explain">
                        <a href="/" title="link to: new explain" rel="permalink">new explain</a>
                    </li>
                    <li class="item item-history">
                        <a href="/history" title="link to: history" rel="permalink">history</a>
                    </li>
                    <li class="item item-help">
                        <a href="/help" title="link to: help" rel="permalink">help</a>
                    </li>
                    <li class="item item-about">
                        <a href="http://www.depesz.com/index.php/tag/explaindepeszcom/" title="about explain.depesz.com" rel="permalink">about</a>
                    </li>
                    <li class="item item-contact">
                        <a href="/contact" title="link to: contact" rel="permalink">contact</a>
                    </li>
                </ul>
                <ul class="right">
                    <li>
                            <a href="/login" title="link to: login/register" rel="permalink">login</a>
                    </li>
                </ul>
            </nav>

            <section>
                












<h1>Result: cgZ : EXISTING_P32_V_REPORT</h1>


<div class="explain-form">

    <form id="explain-form" class="hidden" method="get" action="/s/cgZ" autocomplete="off">

        <h3>Colorize:</h3>
        <ul>
            <li>
                <input type="radio" name="c" id="ce" value="e" />
                <label for="ce">exclusive</label>
            </li>
            <li>
                <input type="radio" name="c" id="ci" value="i" />
                <label for="ci">inclusive</label>
            </li>
            <li>
                <input type="radio" name="c" id="cx" value="x" />
                <label for="cx">rows x</label>
            </li>
            <li>
                <input type="radio" name="c" id="cm" value="m" checked=&quot;checked&quot; />
                <label for="cm">mixed</label>
            </li>
        </ul>

        <h3>Columns visibility:</h3>
        <ul>
            <li>
                <input type="checkbox" name="vu" id="vu" value="1" checked=&quot;checked&quot; />
                <label for="vu">#</label>
            </li>
            <li>
                <input type="checkbox" name="ve" id="ve" value="1" checked=&quot;checked&quot; />
                <label for="ve">exclusive</label>
            </li>
            <li>
                <input type="checkbox" name="vi" id="vi" value="1" checked=&quot;checked&quot; />
                <label for="vi">inclusive</label>
            </li>
            <li>
                <input type="checkbox" name="vx" id="vx" value="1" checked=&quot;checked&quot; />
                <label for="vx">rows x</label>
            </li>
            <li>
                <input type="checkbox" name="vr" id="vr" value="1" checked=&quot;checked&quot; />
                <label for="vr">rows</label>
            </li>
            <li>
                <input type="checkbox" name="vl" id="vl" value="1" checked=&quot;checked&quot; />
                <label for="vl">loops</label>
            </li>
        </ul>

        <div class="fe fe-buttons">
            <button type="submit" name="save-settings" id="save-settings"><span>Save settings</span></button>
        </div>

    </form>

    <a href="#" onclick="$.fn.explain( 'toggleCfgForm', this ); return false;" onkeypress="return this.onclick( );"><span>options</span></a>

</div>

<div class="result">

    <div class="plea">
        Did it help? Consider supporting us - Bitcoin address: <a href="https://blockchain.info/address/12v2hUztAk2LgzQ9H9LMwuU32urHMjZQnq">12v2hUztAk2LgzQ9H9LMwuU32urHMjZQnq</a>
    </div>


    <div class="tabs">
        <ul class="clearfix">
            <li class="html">
                <a href="#html"
                   title="view HTML"
                   class="current"
                   onclick="$( this ).explain( 'toggleView', 'html', this ); return false;"
                   onkeypress="return this.onclick( );">HTML</a>
            </li>
            <li class="text">
                <a href="#text"
                   title="view plain text"
                   onclick="$( this ).explain( 'toggleView', 'text', this ); return false;"
                   onkeypress="return this.onclick( );">TEXT</a>
            </li>
            <li class="stats">
                <a href="#stats"
                   title="view plan stats"
                   onclick="$( this ).explain( 'toggleView', 'stats', this ); return false;"
                   onkeypress="return this.onclick( );">STATS</a>
            </li>
        </ul>
    </div>

    <div class="result-html">
        <table id="explain">
            <thead>
                <tr>
                    <th class="u">
                        <span>#</span>
                    </th>
                    <th class="e">
                        <a href="#colorize-exclusive"
                            title="colorize rows based on &quot;exclusive&quot;"
                            onclick="$.fn.explain( 'colorize', 'e', this ); return false"
                            onkeypress="return this.onclick( );">exclusive</a>
                    </th>
                    <th class="i">
                        <a href="#colorize-inclusive"
                            title="colorize rows based on &quot;inclusive&quot;"
                            onclick="$.fn.explain( 'colorize', 'i', this ); return false"
                            onkeypress="return this.onclick( );">inclusive</a>
                    </th>
                    <th class="x">
                        <a href="#colorize-rows-x"
                            title="colorize rows based on &quot;rows x&quot;"
                            onclick="$.fn.explain( 'colorize', 'x', this ); return false"
                            onkeypress="return this.onclick( );">rows x</a>
                    </th>
                    <th class="r">
                        <span>rows</span>
                    </th>
                    <th class="l">
                        <span>loops</span>
                    </th>
                    <th class="n">
                        <span>node</span>
                    </th>
                </tr>
            </thead>
            <tbody>
                






    <tr id="l1" class="n odd c-m" data-node_id="0" data-node_parent="" data-level="0" data-e="1" data-i="4" data-x="1">
        <td class="u "><a href="#l1">1.</a></td>
        <td class="e c-1">
            <span>0.019</span>
        </td>
        <td class="i c-4">
            <span>7858.776</span>
        </td>
        <td class="x c-1">
            <span>
                &uarr;
                1.0
            </span>
        </td>
        <td class="r"><span>13</span></td>
        <td class="l"><span>1</span></td>
        <td class="n">
            <div class="n" style="margin-left:22px">

                <div class="ico">&rarr;</div>

                <p>
                    <span class="node">

                        Sort


                    </span>

                    <span class="est">
                        (cost=6336.46..6336.49
                        rows=13
                        width=580)
                    </span>

                    <span class="act">
                        (actual
                        time=7858.776..7858.776
                        rows=13
                        loops=1)
                    </span>
                </p>

                    <ul class="ex-nfo">
                            <li>Sort Key: a.month</li>
                            <li>Sort Method: quicksort  Memory: 26kB</li>
                    </ul>

            </div>
        </td>
    </tr>





            






    <tr id="l2" class="n even c-m" data-node_id="1" data-node_parent="0" data-level="1" data-e="1" data-i="4" data-x="1">
        <td class="u "><a href="#l2">2.</a></td>
        <td class="e c-1">
            <span>0.030</span>
        </td>
        <td class="i c-4">
            <span>7858.757</span>
        </td>
        <td class="x c-1">
            <span>
                &uarr;
                1.0
            </span>
        </td>
        <td class="r"><span>13</span></td>
        <td class="l"><span>1</span></td>
        <td class="n">
            <div class="n" style="margin-left:44px">

                <div class="ico">&rarr;</div>

                <p>
                    <span class="node">

                        HashAggregate


                    </span>

                    <span class="est">
                        (cost=6336.09..6336.22
                        rows=13
                        width=580)
                    </span>

                    <span class="act">
                        (actual
                        time=7858.751..7858.757
                        rows=13
                        loops=1)
                    </span>
                </p>


            </div>
        </td>
    </tr>





            






    <tr id="l3" class="n odd c-m" data-node_id="2" data-node_parent="1" data-level="2" data-e="1" data-i="4" data-x="1">
        <td class="u "><a href="#l3">3.</a></td>
        <td class="e c-1">
            <span>0.003</span>
        </td>
        <td class="i c-4">
            <span>7858.727</span>
        </td>
        <td class="x c-1">
            <span>
                &uarr;
                1.0
            </span>
        </td>
        <td class="r"><span>13</span></td>
        <td class="l"><span>1</span></td>
        <td class="n">
            <div class="n" style="margin-left:66px">

                <div class="ico">&rarr;</div>

                <p>
                    <span class="node">

                        Append


                    </span>

                    <span class="est">
                        (cost=3167.93..6335.47
                        rows=13
                        width=580)
                    </span>

                    <span class="act">
                        (actual
                        time=3939.044..7858.727
                        rows=13
                        loops=1)
                    </span>
                </p>


            </div>
        </td>
    </tr>





            






    <tr id="l4" class="n even c-m" data-node_id="3" data-node_parent="2" data-level="3" data-e="1" data-i="3" data-x="1">
        <td class="u "><a href="#l4">4.</a></td>
        <td class="e c-1">
            <span>0.046</span>
        </td>
        <td class="i c-3">
            <span>3939.088</span>
        </td>
        <td class="x c-1">
            <span>
                &uarr;
                1.0
            </span>
        </td>
        <td class="r"><span>12</span></td>
        <td class="l"><span>1</span></td>
        <td class="n">
            <div class="n" style="margin-left:88px">

                <div class="ico">&rarr;</div>

                <p>
                    <span class="node">

                        GroupAggregate


                    </span>

                    <span class="est">
                        (cost=3167.93..3168.70
                        rows=12
                        width=580)
                    </span>

                    <span class="act">
                        (actual
                        time=3939.044..3939.088
                        rows=12
                        loops=1)
                    </span>
                </p>


            </div>
        </td>
    </tr>





            






    <tr id="l5" class="n odd c-m" data-node_id="4" data-node_parent="3" data-level="4" data-e="1" data-i="3" data-x="1">
        <td class="u "><a href="#l5">5.</a></td>
        <td class="e c-1">
            <span>0.014</span>
        </td>
        <td class="i c-3">
            <span>3939.042</span>
        </td>
        <td class="x c-1">
            <span>
                &uarr;
                1.0
            </span>
        </td>
        <td class="r"><span>12</span></td>
        <td class="l"><span>1</span></td>
        <td class="n">
            <div class="n" style="margin-left:110px">

                <div class="ico">&rarr;</div>

                <p>
                    <span class="node">

                        Merge Left Join


                    </span>

                    <span class="est">
                        (cost=3167.93..3168.01
                        rows=12
                        width=580)
                    </span>

                    <span class="act">
                        (actual
                        time=3939.033..3939.042
                        rows=12
                        loops=1)
                    </span>
                </p>

                    <ul class="ex-nfo">
                            <li>Merge Cond: (a.month = b.month)</li>
                    </ul>

            </div>
        </td>
    </tr>





            






    <tr id="l6" class="n even c-m" data-node_id="5" data-node_parent="4" data-level="5" data-e="1" data-i="1" data-x="1">
        <td class="u "><a href="#l6">6.</a></td>
        <td class="e c-1">
            <span>0.010</span>
        </td>
        <td class="i c-1">
            <span>0.028</span>
        </td>
        <td class="x c-1">
            <span>
                &uarr;
                1.0
            </span>
        </td>
        <td class="r"><span>12</span></td>
        <td class="l"><span>1</span></td>
        <td class="n">
            <div class="n" style="margin-left:132px">

                <div class="ico">&rarr;</div>

                <p>
                    <span class="node">

                        Sort


                    </span>

                    <span class="est">
                        (cost=1.34..1.37
                        rows=12
                        width=4)
                    </span>

                    <span class="act">
                        (actual
                        time=0.027..0.028
                        rows=12
                        loops=1)
                    </span>
                </p>

                    <ul class="ex-nfo">
                            <li>Sort Key: a.month</li>
                            <li>Sort Method: quicksort  Memory: 25kB</li>
                    </ul>

            </div>
        </td>
    </tr>





            






    <tr id="l7" class="n odd c-m" data-node_id="6" data-node_parent="5" data-level="6" data-e="1" data-i="1" data-x="1">
        <td class="u "><a href="#l7">7.</a></td>
        <td class="e c-1">
            <span>0.018</span>
        </td>
        <td class="i c-1">
            <span>0.018</span>
        </td>
        <td class="x c-1">
            <span>
                &uarr;
                1.0
            </span>
        </td>
        <td class="r"><span>12</span></td>
        <td class="l"><span>1</span></td>
        <td class="n">
            <div class="n" style="margin-left:154px">

                <div class="ico">&rarr;</div>

                <p>
                    <span class="node">

                        Seq Scan

                            on ft_sys_tax_weeks a

                    </span>

                    <span class="est">
                        (cost=0.00..1.12
                        rows=12
                        width=4)
                    </span>

                    <span class="act">
                        (actual
                        time=0.017..0.018
                        rows=12
                        loops=1)
                    </span>
                </p>


            </div>
        </td>
    </tr>











            






    <tr id="l8" class="n even c-m" data-node_id="7" data-node_parent="4" data-level="5" data-e="1" data-i="3" data-x="1">
        <td class="u "><a href="#l8">8.</a></td>
        <td class="e c-1">
            <span>0.011</span>
        </td>
        <td class="i c-3">
            <span>3939.000</span>
        </td>
        <td class="x c-1">
            <span>
                &darr;
                9.0
            </span>
        </td>
        <td class="r"><span>9</span></td>
        <td class="l"><span>1</span></td>
        <td class="n">
            <div class="n" style="margin-left:132px">

                <div class="ico">&rarr;</div>

                <p>
                    <span class="node">

                        Sort


                    </span>

                    <span class="est">
                        (cost=3166.60..3166.60
                        rows=1
                        width=580)
                    </span>

                    <span class="act">
                        (actual
                        time=3939.000..3939.000
                        rows=9
                        loops=1)
                    </span>
                </p>

                    <ul class="ex-nfo">
                            <li>Sort Key: b.month</li>
                            <li>Sort Method: quicksort  Memory: 26kB</li>
                    </ul>

            </div>
        </td>
    </tr>





            






    <tr id="l9" class="n odd c-m" data-node_id="8" data-node_parent="7" data-level="6" data-e="1" data-i="3" data-x="1">
        <td class="u "><a href="#l9">9.</a></td>
        <td class="e c-1">
            <span>0.003</span>
        </td>
        <td class="i c-3">
            <span>3938.989</span>
        </td>
        <td class="x c-1">
            <span>
                &darr;
                9.0
            </span>
        </td>
        <td class="r"><span>9</span></td>
        <td class="l"><span>1</span></td>
        <td class="n">
            <div class="n" style="margin-left:154px">

                <div class="ico">&rarr;</div>

                <p>
                    <span class="node">

                        Subquery Scan on b


                    </span>

                    <span class="est">
                        (cost=3166.57..3166.59
                        rows=1
                        width=580)
                    </span>

                    <span class="act">
                        (actual
                        time=3938.977..3938.989
                        rows=9
                        loops=1)
                    </span>
                </p>


            </div>
        </td>
    </tr>





            






    <tr id="l10" class="n even c-m" data-node_id="9" data-node_parent="8" data-level="7" data-e="1" data-i="3" data-x="1">
        <td class="u "><a href="#l10">10.</a></td>
        <td class="e c-1">
            <span>313.461</span>
        </td>
        <td class="i c-3">
            <span>3938.986</span>
        </td>
        <td class="x c-1">
            <span>
                &darr;
                9.0
            </span>
        </td>
        <td class="r"><span>9</span></td>
        <td class="l"><span>1</span></td>
        <td class="n">
            <div class="n" style="margin-left:176px">

                <div class="ico">&rarr;</div>

                <p>
                    <span class="node">

                        HashAggregate


                    </span>

                    <span class="est">
                        (cost=3166.57..3166.58
                        rows=1
                        width=404)
                    </span>

                    <span class="act">
                        (actual
                        time=3938.976..3938.986
                        rows=9
                        loops=1)
                    </span>
                </p>


            </div>
        </td>
    </tr>





            






    <tr id="l11" class="n odd c-m" data-node_id="10" data-node_parent="9" data-level="8" data-e="1" data-i="2" data-x="4">
        <td class="u "><a href="#l11">11.</a></td>
        <td class="e c-1">
            <span>44.961</span>
        </td>
        <td class="i c-2">
            <span>3625.525</span>
        </td>
        <td class="x c-4">
            <span>
                &darr;
                90018.0
            </span>
        </td>
        <td class="r"><span>90018</span></td>
        <td class="l"><span>1</span></td>
        <td class="n">
            <div class="n" style="margin-left:198px">

                <div class="ico">&rarr;</div>

                <p>
                    <span class="node">

                        Nested Loop


                    </span>

                    <span class="est">
                        (cost=1434.94..3166.51
                        rows=1
                        width=404)
                    </span>

                    <span class="act">
                        (actual
                        time=2291.255..3625.525
                        rows=90018
                        loops=1)
                    </span>
                </p>


            </div>
        </td>
    </tr>





            






    <tr id="l12" class="n even c-m" data-node_id="11" data-node_parent="10" data-level="9" data-e="1" data-i="2" data-x="4">
        <td class="u "><a href="#l12">12.</a></td>
        <td class="e c-1">
            <span>42.868</span>
        </td>
        <td class="i c-2">
            <span>3380.436</span>
        </td>
        <td class="x c-4">
            <span>
                &darr;
                100064.0
            </span>
        </td>
        <td class="r"><span>100064</span></td>
        <td class="l"><span>1</span></td>
        <td class="n">
            <div class="n" style="margin-left:220px">

                <div class="ico">&rarr;</div>

                <p>
                    <span class="node">

                        Hash Join


                    </span>

                    <span class="est">
                        (cost=1434.94..3166.18
                        rows=1
                        width=412)
                    </span>

                    <span class="act">
                        (actual
                        time=2291.238..3380.436
                        rows=100064
                        loops=1)
                    </span>
                </p>

                    <ul class="ex-nfo">
                            <li>Hash Cond: ((fenvy.process_year)::text = (fer.er_cur_taxyear)::text)</li>
                    </ul>

            </div>
        </td>
    </tr>





            






    <tr id="l13" class="n odd c-m" data-node_id="12" data-node_parent="11" data-level="10" data-e="1" data-i="2" data-x="4">
        <td class="u "><a href="#l13">13.</a></td>
        <td class="e c-1">
            <span>773.807</span>
        </td>
        <td class="i c-2">
            <span>3337.542</span>
        </td>
        <td class="x c-4">
            <span>
                &darr;
                5614.8
            </span>
        </td>
        <td class="r"><span>101066</span></td>
        <td class="l"><span>1</span></td>
        <td class="n">
            <div class="n" style="margin-left:242px">

                <div class="ico">&rarr;</div>

                <p>
                    <span class="node">

                        Nested Loop


                    </span>

                    <span class="est">
                        (cost=1426.66..3157.83
                        rows=18
                        width=417)
                    </span>

                    <span class="act">
                        (actual
                        time=2289.550..3337.542
                        rows=101066
                        loops=1)
                    </span>
                </p>

                    <ul class="ex-nfo">
                            <li>Join Filter: (((fenvy.process_period = fstw.month) AND ((fenvy.ee_pay_freq)::text = &#39;M&#39;::text)) OR ((fenvy.process_period &gt;= fstw.wk_start) AND (fenvy.process_period &lt;= fstw.wk_end) AND ((fenvy.ee_pay_freq)::text = &#39;W&#39;::text)) OR ((fenvy.process_period &gt;= fstw.tw_start) AND (fenvy.process_period &lt;= fstw.tw_end) AND ((fenvy.ee_pay_freq)::text = &#39;N&#39;::text)) OR ((fenvy.process_period &gt;= fstw.fw_start) AND (fenvy.process_period &lt;= fstw.fw_end) AND ((fenvy.ee_pay_freq)::text = &#39;F&#39;::text)))</li>
                    </ul>

            </div>
        </td>
    </tr>





            






    <tr id="l14" class="n even c-m" data-node_id="13" data-node_parent="12" data-level="11" data-e="1" data-i="2" data-x="1">
        <td class="u "><a href="#l14">14.</a></td>
        <td class="e c-1">
            <span>0.029</span>
        </td>
        <td class="i c-2">
            <span>2289.967</span>
        </td>
        <td class="x c-1">
            <span>
                &darr;
                5.5
            </span>
        </td>
        <td class="r"><span>11</span></td>
        <td class="l"><span>1</span></td>
        <td class="n">
            <div class="n" style="margin-left:264px">

                <div class="ico">&rarr;</div>

                <p>
                    <span class="node">

                        Hash Join


                    </span>

                    <span class="est">
                        (cost=1426.66..1507.01
                        rows=2
                        width=393)
                    </span>

                    <span class="act">
                        (actual
                        time=2289.504..2289.967
                        rows=11
                        loops=1)
                    </span>
                </p>

                    <ul class="ex-nfo">
                            <li>Hash Cond: (fstw.month = fstw.month)</li>
                    </ul>

            </div>
        </td>
    </tr>





            






    <tr id="l15" class="n odd c-m" data-node_id="14" data-node_parent="13" data-level="12" data-e="1" data-i="2" data-x="2">
        <td class="u "><a href="#l15">15.</a></td>
        <td class="e c-1">
            <span>486.789</span>
        </td>
        <td class="i c-2">
            <span>2289.928</span>
        </td>
        <td class="x c-2">
            <span>
                &uarr;
                32.6
            </span>
        </td>
        <td class="r"><span>11</span></td>
        <td class="l"><span>1</span></td>
        <td class="n">
            <div class="n" style="margin-left:286px">

                <div class="ico">&rarr;</div>

                <p>
                    <span class="node">

                        HashAggregate


                    </span>

                    <span class="est">
                        (cost=1425.47..1500.86
                        rows=359
                        width=357)
                    </span>

                    <span class="act">
                        (actual
                        time=2289.486..2289.928
                        rows=11
                        loops=1)
                    </span>
                </p>


            </div>
        </td>
    </tr>





            






    <tr id="l16" class="n even c-m" data-node_id="15" data-node_parent="14" data-level="13" data-e="1" data-i="2" data-x="3">
        <td class="u "><a href="#l16">16.</a></td>
        <td class="e c-1">
            <span>55.327</span>
        </td>
        <td class="i c-2">
            <span>1803.139</span>
        </td>
        <td class="x c-3">
            <span>
                &darr;
                253.5
            </span>
        </td>
        <td class="r"><span>91020</span></td>
        <td class="l"><span>1</span></td>
        <td class="n">
            <div class="n" style="margin-left:308px">

                <div class="ico">&rarr;</div>

                <p>
                    <span class="node">

                        Nested Loop


                    </span>

                    <span class="est">
                        (cost=5.49..1375.21
                        rows=359
                        width=357)
                    </span>

                    <span class="act">
                        (actual
                        time=4.942..1803.139
                        rows=91020
                        loops=1)
                    </span>
                </p>


            </div>
        </td>
    </tr>





            






    <tr id="l17" class="n odd c-m" data-node_id="16" data-node_parent="15" data-level="14" data-e="1" data-i="2" data-x="3">
        <td class="u "><a href="#l17">17.</a></td>
        <td class="e c-1">
            <span>20.767</span>
        </td>
        <td class="i c-2">
            <span>1545.676</span>
        </td>
        <td class="x c-3">
            <span>
                &darr;
                104.1
            </span>
        </td>
        <td class="r"><span>101068</span></td>
        <td class="l"><span>1</span></td>
        <td class="n">
            <div class="n" style="margin-left:330px">

                <div class="ico">&rarr;</div>

                <p>
                    <span class="node">

                        Nested Loop


                    </span>

                    <span class="est">
                        (cost=5.49..1066.29
                        rows=971
                        width=361)
                    </span>

                    <span class="act">
                        (actual
                        time=4.931..1545.676
                        rows=101068
                        loops=1)
                    </span>
                </p>


            </div>
        </td>
    </tr>





            






    <tr id="l18" class="n even c-m" data-node_id="17" data-node_parent="16" data-level="15" data-e="1" data-i="1" data-x="1">
        <td class="u "><a href="#l18">18.</a></td>
        <td class="e c-1">
            <span>0.020</span>
        </td>
        <td class="i c-1">
            <span>0.020</span>
        </td>
        <td class="x c-1">
            <span>
                &uarr;
                1.0
            </span>
        </td>
        <td class="r"><span>1</span></td>
        <td class="l"><span>1</span></td>
        <td class="n">
            <div class="n" style="margin-left:352px">

                <div class="ico">&rarr;</div>

                <p>
                    <span class="node">

                        Index Scan

                            using ft_eropt_p on ft_er_options feo

                    </span>

                    <span class="est">
                        (cost=0.00..8.27
                        rows=1
                        width=6)
                    </span>

                    <span class="act">
                        (actual
                        time=0.019..0.020
                        rows=1
                        loops=1)
                    </span>
                </p>

                    <ul class="ex-nfo">
                            <li>Index Cond: (er_id = 100)</li>
                    </ul>

            </div>
        </td>
    </tr>








            






    <tr id="l19" class="n even c-m" data-node_id="18" data-node_parent="16" data-level="15" data-e="2" data-i="2" data-x="3">
        <td class="u "><a href="#l19">19.</a></td>
        <td class="e c-2">
            <span>1149.295</span>
        </td>
        <td class="i c-2">
            <span>1524.889</span>
        </td>
        <td class="x c-3">
            <span>
                &darr;
                104.1
            </span>
        </td>
        <td class="r"><span>101068</span></td>
        <td class="l"><span>1</span></td>
        <td class="n">
            <div class="n" style="margin-left:352px">

                <div class="ico">&rarr;</div>

                <p>
                    <span class="node">

                        Nested Loop


                    </span>

                    <span class="est">
                        (cost=5.49..1048.31
                        rows=971
                        width=359)
                    </span>

                    <span class="act">
                        (actual
                        time=4.909..1524.889
                        rows=101068
                        loops=1)
                    </span>
                </p>

                    <ul class="ex-nfo">
                            <li>Join Filter: (((fenvy.ee_ssp &lt;= 0::numeric) AND (((fenvy.process_period = fstw.month) AND ((fenvy.ee_pay_freq)::text = &#39;M&#39;::text)) OR ((fenvy.process_period &gt;= fstw.wk_start) AND (fenvy.process_period &lt;= fstw.wk_end) AND ((fenvy.ee_pay_freq)::text = &#39;W&#39;::text)) OR ((fenvy.process_period &gt;= fstw.tw_start) AND (fenvy.process_period &lt;= fstw.tw_end) AND ((fenvy.ee_pay_freq)::text = &#39;N&#39;::text)) OR ((fenvy.process_period &gt;= fstw.fw_start) AND (fenvy.process_period &lt;= fstw.fw_end) AND ((fenvy.ee_pay_freq)::text = &#39;F&#39;::text)))) OR ((fenvy.ee_ssp &gt; 0::numeric) AND (fenvy.process_date &gt;= fstd.month_start_date) AND (fenvy.process_date &lt;= fstd.month_end_date)))</li>
                    </ul>

            </div>
        </td>
    </tr>





            






    <tr id="l20" class="n odd c-m" data-node_id="19" data-node_parent="18" data-level="16" data-e="1" data-i="1" data-x="3">
        <td class="u "><a href="#l20">20.</a></td>
        <td class="e c-1">
            <span>0.192</span>
        </td>
        <td class="i c-1">
            <span>2.922</span>
        </td>
        <td class="x c-3">
            <span>
                &darr;
                144.0
            </span>
        </td>
        <td class="r"><span>144</span></td>
        <td class="l"><span>1</span></td>
        <td class="n">
            <div class="n" style="margin-left:374px">

                <div class="ico">&rarr;</div>

                <p>
                    <span class="node">

                        Nested Loop


                    </span>

                    <span class="est">
                        (cost=5.49..39.78
                        rows=1
                        width=364)
                    </span>

                    <span class="act">
                        (actual
                        time=0.153..2.922
                        rows=144
                        loops=1)
                    </span>
                </p>


            </div>
        </td>
    </tr>





            






    <tr id="l21" class="n even c-m" data-node_id="20" data-node_parent="19" data-level="17" data-e="1" data-i="1" data-x="3">
        <td class="u "><a href="#l21">21.</a></td>
        <td class="e c-1">
            <span>0.490</span>
        </td>
        <td class="i c-1">
            <span>2.586</span>
        </td>
        <td class="x c-3">
            <span>
                &darr;
                144.0
            </span>
        </td>
        <td class="r"><span>144</span></td>
        <td class="l"><span>1</span></td>
        <td class="n">
            <div class="n" style="margin-left:396px">

                <div class="ico">&rarr;</div>

                <p>
                    <span class="node">

                        Nested Loop


                    </span>

                    <span class="est">
                        (cost=5.49..39.50
                        rows=1
                        width=336)
                    </span>

                    <span class="act">
                        (actual
                        time=0.135..2.586
                        rows=144
                        loops=1)
                    </span>
                </p>

                    <ul class="ex-nfo">
                            <li>Join Filter: (fst.taxyear_id = spb.spp_bir_taxyear_id)</li>
                    </ul>

            </div>
        </td>
    </tr>





            






    <tr id="l22" class="n odd c-m" data-node_id="21" data-node_parent="20" data-level="18" data-e="1" data-i="1" data-x="3">
        <td class="u "><a href="#l22">22.</a></td>
        <td class="e c-1">
            <span>0.379</span>
        </td>
        <td class="i c-1">
            <span>1.952</span>
        </td>
        <td class="x c-3">
            <span>
                &darr;
                144.0
            </span>
        </td>
        <td class="r"><span>144</span></td>
        <td class="l"><span>1</span></td>
        <td class="n">
            <div class="n" style="margin-left:418px">

                <div class="ico">&rarr;</div>

                <p>
                    <span class="node">

                        Nested Loop


                    </span>

                    <span class="est">
                        (cost=5.49..38.25
                        rows=1
                        width=276)
                    </span>

                    <span class="act">
                        (actual
                        time=0.127..1.952
                        rows=144
                        loops=1)
                    </span>
                </p>

                    <ul class="ex-nfo">
                            <li>Join Filter: (fst.taxyear_id = spa.spp_adp_taxyear_id)</li>
                    </ul>

            </div>
        </td>
    </tr>





            






    <tr id="l23" class="n even c-m" data-node_id="22" data-node_parent="21" data-level="19" data-e="1" data-i="1" data-x="3">
        <td class="u "><a href="#l23">23.</a></td>
        <td class="e c-1">
            <span>0.211</span>
        </td>
        <td class="i c-1">
            <span>1.285</span>
        </td>
        <td class="x c-3">
            <span>
                &darr;
                144.0
            </span>
        </td>
        <td class="r"><span>144</span></td>
        <td class="l"><span>1</span></td>
        <td class="n">
            <div class="n" style="margin-left:440px">

                <div class="ico">&rarr;</div>

                <p>
                    <span class="node">

                        Nested Loop


                    </span>

                    <span class="est">
                        (cost=5.49..37.00
                        rows=1
                        width=216)
                    </span>

                    <span class="act">
                        (actual
                        time=0.120..1.285
                        rows=144
                        loops=1)
                    </span>
                </p>

                    <ul class="ex-nfo">
                            <li>Join Filter: (fstd.month = fstw.month)</li>
                    </ul>

            </div>
        </td>
    </tr>





            






    <tr id="l24" class="n odd c-m" data-node_id="23" data-node_parent="22" data-level="20" data-e="1" data-i="1" data-x="2">
        <td class="u "><a href="#l24">24.</a></td>
        <td class="e c-1">
            <span>0.191</span>
        </td>
        <td class="i c-1">
            <span>0.930</span>
        </td>
        <td class="x c-2">
            <span>
                &darr;
                10.3
            </span>
        </td>
        <td class="r"><span>144</span></td>
        <td class="l"><span>1</span></td>
        <td class="n">
            <div class="n" style="margin-left:462px">

                <div class="ico">&rarr;</div>

                <p>
                    <span class="node">

                        Nested Loop


                    </span>

                    <span class="est">
                        (cost=5.49..35.61
                        rows=14
                        width=192)
                    </span>

                    <span class="act">
                        (actual
                        time=0.109..0.930
                        rows=144
                        loops=1)
                    </span>
                </p>

                    <ul class="ex-nfo">
                            <li>Join Filter: (ssp.ssp_taxyear_id = fst.taxyear_id)</li>
                    </ul>

            </div>
        </td>
    </tr>





            






    <tr id="l25" class="n even c-m" data-node_id="24" data-node_parent="23" data-level="21" data-e="1" data-i="1" data-x="2">
        <td class="u "><a href="#l25">25.</a></td>
        <td class="e c-1">
            <span>0.240</span>
        </td>
        <td class="i c-1">
            <span>0.595</span>
        </td>
        <td class="x c-2">
            <span>
                &darr;
                10.3
            </span>
        </td>
        <td class="r"><span>144</span></td>
        <td class="l"><span>1</span></td>
        <td class="n">
            <div class="n" style="margin-left:484px">

                <div class="ico">&rarr;</div>

                <p>
                    <span class="node">

                        Nested Loop


                    </span>

                    <span class="est">
                        (cost=5.49..32.16
                        rows=14
                        width=154)
                    </span>

                    <span class="act">
                        (actual
                        time=0.100..0.595
                        rows=144
                        loops=1)
                    </span>
                </p>

                    <ul class="ex-nfo">
                            <li>Join Filter: (ssp.ssp_taxyear_id = sap.sap_taxyear_id)</li>
                    </ul>

            </div>
        </td>
    </tr>





            






    <tr id="l26" class="n odd c-m" data-node_id="25" data-node_parent="24" data-level="22" data-e="1" data-i="1" data-x="2">
        <td class="u "><a href="#l26">26.</a></td>
        <td class="e c-1">
            <span>0.075</span>
        </td>
        <td class="i c-1">
            <span>0.211</span>
        </td>
        <td class="x c-2">
            <span>
                &darr;
                10.3
            </span>
        </td>
        <td class="r"><span>144</span></td>
        <td class="l"><span>1</span></td>
        <td class="n">
            <div class="n" style="margin-left:506px">

                <div class="ico">&rarr;</div>

                <p>
                    <span class="node">

                        Hash Join


                    </span>

                    <span class="est">
                        (cost=5.49..28.72
                        rows=14
                        width=94)
                    </span>

                    <span class="act">
                        (actual
                        time=0.087..0.211
                        rows=144
                        loops=1)
                    </span>
                </p>

                    <ul class="ex-nfo">
                            <li>Hash Cond: (aspb.aspp_bir_taxyear_id = ssp.ssp_taxyear_id)</li>
                    </ul>

            </div>
        </td>
    </tr>





            






    <tr id="l27" class="n even c-m" data-node_id="26" data-node_parent="25" data-level="23" data-e="1" data-i="1" data-x="1">
        <td class="u "><a href="#l27">27.</a></td>
        <td class="e c-1">
            <span>0.064</span>
        </td>
        <td class="i c-1">
            <span>0.124</span>
        </td>
        <td class="x c-1">
            <span>
                &uarr;
                1.8
            </span>
        </td>
        <td class="r"><span>144</span></td>
        <td class="l"><span>1</span></td>
        <td class="n">
            <div class="n" style="margin-left:528px">

                <div class="ico">&rarr;</div>

                <p>
                    <span class="node">

                        Hash Join


                    </span>

                    <span class="est">
                        (cost=4.24..26.38
                        rows=252
                        width=76)
                    </span>

                    <span class="act">
                        (actual
                        time=0.068..0.124
                        rows=144
                        loops=1)
                    </span>
                </p>

                    <ul class="ex-nfo">
                            <li>Hash Cond: (aspb.aspp_bir_taxyear_id = fstd.taxyear_id)</li>
                    </ul>

            </div>
        </td>
    </tr>





            






    <tr id="l28" class="n odd c-m" data-node_id="27" data-node_parent="26" data-level="24" data-e="1" data-i="1" data-x="2">
        <td class="u "><a href="#l28">28.</a></td>
        <td class="e c-1">
            <span>0.007</span>
        </td>
        <td class="i c-1">
            <span>0.007</span>
        </td>
        <td class="x c-2">
            <span>
                &uarr;
                29.2
            </span>
        </td>
        <td class="r"><span>12</span></td>
        <td class="l"><span>1</span></td>
        <td class="n">
            <div class="n" style="margin-left:550px">

                <div class="ico">&rarr;</div>

                <p>
                    <span class="node">

                        Seq Scan

                            on ft_sys_aspp_bir aspb

                    </span>

                    <span class="est">
                        (cost=0.00..13.50
                        rows=350
                        width=60)
                    </span>

                    <span class="act">
                        (actual
                        time=0.006..0.007
                        rows=12
                        loops=1)
                    </span>
                </p>


            </div>
        </td>
    </tr>








            






    <tr id="l29" class="n odd c-m" data-node_id="28" data-node_parent="26" data-level="24" data-e="1" data-i="1" data-x="1">
        <td class="u "><a href="#l29">29.</a></td>
        <td class="e c-1">
            <span>0.032</span>
        </td>
        <td class="i c-1">
            <span>0.053</span>
        </td>
        <td class="x c-1">
            <span>
                &uarr;
                1.0
            </span>
        </td>
        <td class="r"><span>144</span></td>
        <td class="l"><span>1</span></td>
        <td class="n">
            <div class="n" style="margin-left:550px">

                <div class="ico">&rarr;</div>

                <p>
                    <span class="node">

                        Hash


                    </span>

                    <span class="est">
                        (cost=2.44..2.44
                        rows=144
                        width=16)
                    </span>

                    <span class="act">
                        (actual
                        time=0.053..0.053
                        rows=144
                        loops=1)
                    </span>
                </p>

                    <ul class="ex-nfo">
                            <li>Buckets: 1024  Batches: 1  Memory Usage: 7kB</li>
                    </ul>

            </div>
        </td>
    </tr>





            






    <tr id="l30" class="n even c-m" data-node_id="29" data-node_parent="28" data-level="25" data-e="1" data-i="1" data-x="1">
        <td class="u "><a href="#l30">30.</a></td>
        <td class="e c-1">
            <span>0.021</span>
        </td>
        <td class="i c-1">
            <span>0.021</span>
        </td>
        <td class="x c-1">
            <span>
                &uarr;
                1.0
            </span>
        </td>
        <td class="r"><span>144</span></td>
        <td class="l"><span>1</span></td>
        <td class="n">
            <div class="n" style="margin-left:572px">

                <div class="ico">&rarr;</div>

                <p>
                    <span class="node">

                        Seq Scan

                            on ft_sys_taxyear_details fstd

                    </span>

                    <span class="est">
                        (cost=0.00..2.44
                        rows=144
                        width=16)
                    </span>

                    <span class="act">
                        (actual
                        time=0.008..0.021
                        rows=144
                        loops=1)
                    </span>
                </p>


            </div>
        </td>
    </tr>














            






    <tr id="l31" class="n odd c-m" data-node_id="30" data-node_parent="25" data-level="23" data-e="1" data-i="1" data-x="1">
        <td class="u "><a href="#l31">31.</a></td>
        <td class="e c-1">
            <span>0.004</span>
        </td>
        <td class="i c-1">
            <span>0.012</span>
        </td>
        <td class="x c-1">
            <span>
                &darr;
                1.1
            </span>
        </td>
        <td class="r"><span>12</span></td>
        <td class="l"><span>1</span></td>
        <td class="n">
            <div class="n" style="margin-left:528px">

                <div class="ico">&rarr;</div>

                <p>
                    <span class="node">

                        Hash


                    </span>

                    <span class="est">
                        (cost=1.11..1.11
                        rows=11
                        width=18)
                    </span>

                    <span class="act">
                        (actual
                        time=0.012..0.012
                        rows=12
                        loops=1)
                    </span>
                </p>

                    <ul class="ex-nfo">
                            <li>Buckets: 1024  Batches: 1  Memory Usage: 1kB</li>
                    </ul>

            </div>
        </td>
    </tr>





            






    <tr id="l32" class="n even c-m" data-node_id="31" data-node_parent="30" data-level="24" data-e="1" data-i="1" data-x="1">
        <td class="u "><a href="#l32">32.</a></td>
        <td class="e c-1">
            <span>0.008</span>
        </td>
        <td class="i c-1">
            <span>0.008</span>
        </td>
        <td class="x c-1">
            <span>
                &darr;
                1.1
            </span>
        </td>
        <td class="r"><span>12</span></td>
        <td class="l"><span>1</span></td>
        <td class="n">
            <div class="n" style="margin-left:550px">

                <div class="ico">&rarr;</div>

                <p>
                    <span class="node">

                        Seq Scan

                            on ft_sys_ssp ssp

                    </span>

                    <span class="est">
                        (cost=0.00..1.11
                        rows=11
                        width=18)
                    </span>

                    <span class="act">
                        (actual
                        time=0.007..0.008
                        rows=12
                        loops=1)
                    </span>
                </p>


            </div>
        </td>
    </tr>














            






    <tr id="l33" class="n odd c-m" data-node_id="32" data-node_parent="24" data-level="22" data-e="1" data-i="1" data-x="1">
        <td class="u "><a href="#l33">33.</a></td>
        <td class="e c-1">
            <span>0.135</span>
        </td>
        <td class="i c-1">
            <span>0.144</span>
        </td>
        <td class="x c-1">
            <span>
                &darr;
                1.1
            </span>
        </td>
        <td class="r"><span>12</span></td>
        <td class="l"><span>144</span></td>
        <td class="n">
            <div class="n" style="margin-left:506px">

                <div class="ico">&rarr;</div>

                <p>
                    <span class="node">

                        Materialize


                    </span>

                    <span class="est">
                        (cost=0.00..1.17
                        rows=11
                        width=60)
                    </span>

                    <span class="act">
                        (actual
                        time=0.000..0.001
                        rows=12
                        loops=144)
                    </span>
                </p>


            </div>
        </td>
    </tr>





            






    <tr id="l34" class="n even c-m" data-node_id="33" data-node_parent="32" data-level="23" data-e="1" data-i="1" data-x="1">
        <td class="u "><a href="#l34">34.</a></td>
        <td class="e c-1">
            <span>0.009</span>
        </td>
        <td class="i c-1">
            <span>0.009</span>
        </td>
        <td class="x c-1">
            <span>
                &darr;
                1.1
            </span>
        </td>
        <td class="r"><span>12</span></td>
        <td class="l"><span>1</span></td>
        <td class="n">
            <div class="n" style="margin-left:528px">

                <div class="ico">&rarr;</div>

                <p>
                    <span class="node">

                        Seq Scan

                            on ft_sys_sap sap

                    </span>

                    <span class="est">
                        (cost=0.00..1.11
                        rows=11
                        width=60)
                    </span>

                    <span class="act">
                        (actual
                        time=0.008..0.009
                        rows=12
                        loops=1)
                    </span>
                </p>


            </div>
        </td>
    </tr>














            






    <tr id="l35" class="n odd c-m" data-node_id="34" data-node_parent="23" data-level="21" data-e="1" data-i="1" data-x="1">
        <td class="u "><a href="#l35">35.</a></td>
        <td class="e c-1">
            <span>0.137</span>
        </td>
        <td class="i c-1">
            <span>0.144</span>
        </td>
        <td class="x c-1">
            <span>
                &darr;
                1.1
            </span>
        </td>
        <td class="r"><span>12</span></td>
        <td class="l"><span>144</span></td>
        <td class="n">
            <div class="n" style="margin-left:484px">

                <div class="ico">&rarr;</div>

                <p>
                    <span class="node">

                        Materialize


                    </span>

                    <span class="est">
                        (cost=0.00..1.17
                        rows=11
                        width=38)
                    </span>

                    <span class="act">
                        (actual
                        time=0.000..0.001
                        rows=12
                        loops=144)
                    </span>
                </p>


            </div>
        </td>
    </tr>





            






    <tr id="l36" class="n even c-m" data-node_id="35" data-node_parent="34" data-level="22" data-e="1" data-i="1" data-x="1">
        <td class="u "><a href="#l36">36.</a></td>
        <td class="e c-1">
            <span>0.007</span>
        </td>
        <td class="i c-1">
            <span>0.007</span>
        </td>
        <td class="x c-1">
            <span>
                &darr;
                1.1
            </span>
        </td>
        <td class="r"><span>12</span></td>
        <td class="l"><span>1</span></td>
        <td class="n">
            <div class="n" style="margin-left:506px">

                <div class="ico">&rarr;</div>

                <p>
                    <span class="node">

                        Seq Scan

                            on ft_sys_taxyear fst

                    </span>

                    <span class="est">
                        (cost=0.00..1.11
                        rows=11
                        width=38)
                    </span>

                    <span class="act">
                        (actual
                        time=0.006..0.007
                        rows=12
                        loops=1)
                    </span>
                </p>


            </div>
        </td>
    </tr>














            






    <tr id="l37" class="n odd c-m" data-node_id="36" data-node_parent="22" data-level="20" data-e="1" data-i="1" data-x="2">
        <td class="u "><a href="#l37">37.</a></td>
        <td class="e c-1">
            <span>0.142</span>
        </td>
        <td class="i c-1">
            <span>0.144</span>
        </td>
        <td class="x c-2">
            <span>
                &darr;
                12.0
            </span>
        </td>
        <td class="r"><span>12</span></td>
        <td class="l"><span>144</span></td>
        <td class="n">
            <div class="n" style="margin-left:462px">

                <div class="ico">&rarr;</div>

                <p>
                    <span class="node">

                        Materialize


                    </span>

                    <span class="est">
                        (cost=0.00..1.18
                        rows=1
                        width=28)
                    </span>

                    <span class="act">
                        (actual
                        time=0.000..0.001
                        rows=12
                        loops=144)
                    </span>
                </p>


            </div>
        </td>
    </tr>





            






    <tr id="l38" class="n even c-m" data-node_id="37" data-node_parent="36" data-level="21" data-e="1" data-i="1" data-x="2">
        <td class="u "><a href="#l38">38.</a></td>
        <td class="e c-1">
            <span>0.002</span>
        </td>
        <td class="i c-1">
            <span>0.002</span>
        </td>
        <td class="x c-2">
            <span>
                &darr;
                12.0
            </span>
        </td>
        <td class="r"><span>12</span></td>
        <td class="l"><span>1</span></td>
        <td class="n">
            <div class="n" style="margin-left:484px">

                <div class="ico">&rarr;</div>

                <p>
                    <span class="node">

                        Seq Scan

                            on ft_sys_tax_weeks fstw

                    </span>

                    <span class="est">
                        (cost=0.00..1.18
                        rows=1
                        width=28)
                    </span>

                    <span class="act">
                        (actual
                        time=0.002..0.002
                        rows=12
                        loops=1)
                    </span>
                </p>

                    <ul class="ex-nfo">
                            <li>Filter: ((month &gt;= 1) AND (month &lt;= 12))</li>
                    </ul>

            </div>
        </td>
    </tr>














            






    <tr id="l39" class="n odd c-m" data-node_id="38" data-node_parent="21" data-level="19" data-e="1" data-i="1" data-x="1">
        <td class="u "><a href="#l39">39.</a></td>
        <td class="e c-1">
            <span>0.288</span>
        </td>
        <td class="i c-1">
            <span>0.288</span>
        </td>
        <td class="x c-1">
            <span>
                &darr;
                1.1
            </span>
        </td>
        <td class="r"><span>12</span></td>
        <td class="l"><span>144</span></td>
        <td class="n">
            <div class="n" style="margin-left:440px">

                <div class="ico">&rarr;</div>

                <p>
                    <span class="node">

                        Seq Scan

                            on ft_sys_spp_adp spa

                    </span>

                    <span class="est">
                        (cost=0.00..1.11
                        rows=11
                        width=60)
                    </span>

                    <span class="act">
                        (actual
                        time=0.001..0.002
                        rows=12
                        loops=144)
                    </span>
                </p>


            </div>
        </td>
    </tr>











            






    <tr id="l40" class="n even c-m" data-node_id="39" data-node_parent="20" data-level="18" data-e="1" data-i="1" data-x="1">
        <td class="u "><a href="#l40">40.</a></td>
        <td class="e c-1">
            <span>0.144</span>
        </td>
        <td class="i c-1">
            <span>0.144</span>
        </td>
        <td class="x c-1">
            <span>
                &darr;
                1.1
            </span>
        </td>
        <td class="r"><span>12</span></td>
        <td class="l"><span>144</span></td>
        <td class="n">
            <div class="n" style="margin-left:418px">

                <div class="ico">&rarr;</div>

                <p>
                    <span class="node">

                        Seq Scan

                            on ft_sys_spp_bir spb

                    </span>

                    <span class="est">
                        (cost=0.00..1.11
                        rows=11
                        width=60)
                    </span>

                    <span class="act">
                        (actual
                        time=0.001..0.001
                        rows=12
                        loops=144)
                    </span>
                </p>


            </div>
        </td>
    </tr>











            






    <tr id="l41" class="n odd c-m" data-node_id="40" data-node_parent="19" data-level="17" data-e="1" data-i="1" data-x="1">
        <td class="u "><a href="#l41">41.</a></td>
        <td class="e c-1">
            <span>0.144</span>
        </td>
        <td class="i c-1">
            <span>0.144</span>
        </td>
        <td class="x c-1">
            <span>
                &uarr;
                1.0
            </span>
        </td>
        <td class="r"><span>1</span></td>
        <td class="l"><span>144</span></td>
        <td class="n">
            <div class="n" style="margin-left:396px">

                <div class="ico">&rarr;</div>

                <p>
                    <span class="node">

                        Index Scan

                            using ft_ssmp_u1 on ft_sys_smp smp

                    </span>

                    <span class="est">
                        (cost=0.00..0.27
                        rows=1
                        width=60)
                    </span>

                    <span class="act">
                        (actual
                        time=0.001..0.001
                        rows=1
                        loops=144)
                    </span>
                </p>

                    <ul class="ex-nfo">
                            <li>Index Cond: (smp_taxyear_id = fst.taxyear_id)</li>
                    </ul>

            </div>
        </td>
    </tr>











            






    <tr id="l42" class="n even c-m" data-node_id="41" data-node_parent="18" data-level="16" data-e="1" data-i="1" data-x="1">
        <td class="u "><a href="#l42">42.</a></td>
        <td class="e c-1">
            <span>372.672</span>
        </td>
        <td class="i c-1">
            <span>372.672</span>
        </td>
        <td class="x c-1">
            <span>
                &uarr;
                1.3
            </span>
        </td>
        <td class="r"><span>8422</span></td>
        <td class="l"><span>144</span></td>
        <td class="n">
            <div class="n" style="margin-left:374px">

                <div class="ico">&rarr;</div>

                <p>
                    <span class="node">

                        Index Scan

                            using ft_enetvaly_u2 on ft_ee_net_values_ytd fenvy

                    </span>

                    <span class="est">
                        (cost=0.00..447.03
                        rows=11230
                        width=71)
                    </span>

                    <span class="act">
                        (actual
                        time=0.007..2.588
                        rows=8422
                        loops=144)
                    </span>
                </p>

                    <ul class="ex-nfo">
                            <li>Index Cond: ((ee_er_id = 100) AND ((process_year)::text = (fst.taxyear)::text))</li>
                    </ul>

            </div>
        </td>
    </tr>














            






    <tr id="l43" class="n odd c-m" data-node_id="42" data-node_parent="15" data-level="14" data-e="1" data-i="1" data-x="1">
        <td class="u "><a href="#l43">43.</a></td>
        <td class="e c-1">
            <span>202.136</span>
        </td>
        <td class="i c-1">
            <span>202.136</span>
        </td>
        <td class="x c-1">
            <span>
                &uarr;
                1.0
            </span>
        </td>
        <td class="r"><span>1</span></td>
        <td class="l"><span>101068</span></td>
        <td class="n">
            <div class="n" style="margin-left:330px">

                <div class="ico">&rarr;</div>

                <p>
                    <span class="node">

                        Index Scan

                            using ft_ee_p on ft_employees fee

                    </span>

                    <span class="est">
                        (cost=0.00..0.31
                        rows=1
                        width=8)
                    </span>

                    <span class="act">
                        (actual
                        time=0.002..0.002
                        rows=1
                        loops=101068)
                    </span>
                </p>

                    <ul class="ex-nfo">
                            <li>Index Cond: (ee_id = fenvy.ee_id)</li>
                            <li>Filter: (((ee_sys_status)::text &lt;&gt; &#39;D&#39;::text) AND (ee_er_id = 100))</li>
                    </ul>

            </div>
        </td>
    </tr>














            






    <tr id="l44" class="n even c-m" data-node_id="43" data-node_parent="13" data-level="12" data-e="1" data-i="1" data-x="2">
        <td class="u "><a href="#l44">44.</a></td>
        <td class="e c-1">
            <span>0.002</span>
        </td>
        <td class="i c-1">
            <span>0.010</span>
        </td>
        <td class="x c-2">
            <span>
                &darr;
                12.0
            </span>
        </td>
        <td class="r"><span>12</span></td>
        <td class="l"><span>1</span></td>
        <td class="n">
            <div class="n" style="margin-left:286px">

                <div class="ico">&rarr;</div>

                <p>
                    <span class="node">

                        Hash


                    </span>

                    <span class="est">
                        (cost=1.18..1.18
                        rows=1
                        width=28)
                    </span>

                    <span class="act">
                        (actual
                        time=0.010..0.010
                        rows=12
                        loops=1)
                    </span>
                </p>

                    <ul class="ex-nfo">
                            <li>Buckets: 1024  Batches: 1  Memory Usage: 1kB</li>
                    </ul>

            </div>
        </td>
    </tr>





            






    <tr id="l45" class="n odd c-m" data-node_id="44" data-node_parent="43" data-level="13" data-e="1" data-i="1" data-x="2">
        <td class="u "><a href="#l45">45.</a></td>
        <td class="e c-1">
            <span>0.008</span>
        </td>
        <td class="i c-1">
            <span>0.008</span>
        </td>
        <td class="x c-2">
            <span>
                &darr;
                12.0
            </span>
        </td>
        <td class="r"><span>12</span></td>
        <td class="l"><span>1</span></td>
        <td class="n">
            <div class="n" style="margin-left:308px">

                <div class="ico">&rarr;</div>

                <p>
                    <span class="node">

                        Seq Scan

                            on ft_sys_tax_weeks fstw

                    </span>

                    <span class="est">
                        (cost=0.00..1.18
                        rows=1
                        width=28)
                    </span>

                    <span class="act">
                        (actual
                        time=0.004..0.008
                        rows=12
                        loops=1)
                    </span>
                </p>

                    <ul class="ex-nfo">
                            <li>Filter: ((month &gt;= 1) AND (month &lt;= 12))</li>
                    </ul>

            </div>
        </td>
    </tr>














            






    <tr id="l46" class="n even c-m" data-node_id="45" data-node_parent="12" data-level="11" data-e="1" data-i="1" data-x="1">
        <td class="u "><a href="#l46">46.</a></td>
        <td class="e c-1">
            <span>273.768</span>
        </td>
        <td class="i c-1">
            <span>273.768</span>
        </td>
        <td class="x c-1">
            <span>
                &darr;
                7.3
            </span>
        </td>
        <td class="r"><span>82054</span></td>
        <td class="l"><span>11</span></td>
        <td class="n">
            <div class="n" style="margin-left:264px">

                <div class="ico">&rarr;</div>

                <p>
                    <span class="node">

                        Index Scan

                            using ft_enetvaly_u2 on ft_ee_net_values_ytd fenvy

                    </span>

                    <span class="est">
                        (cost=0.00..376.21
                        rows=11230
                        width=58)
                    </span>

                    <span class="act">
                        (actual
                        time=0.033..24.888
                        rows=82054
                        loops=11)
                    </span>
                </p>

                    <ul class="ex-nfo">
                            <li>Index Cond: ((ee_er_id = 100) AND ((process_year)::text = (fenvy.process_year)::text))</li>
                    </ul>

            </div>
        </td>
    </tr>











            






    <tr id="l47" class="n odd c-m" data-node_id="46" data-node_parent="11" data-level="10" data-e="1" data-i="1" data-x="1">
        <td class="u "><a href="#l47">47.</a></td>
        <td class="e c-1">
            <span>0.006</span>
        </td>
        <td class="i c-1">
            <span>0.026</span>
        </td>
        <td class="x c-1">
            <span>
                &uarr;
                1.0
            </span>
        </td>
        <td class="r"><span>1</span></td>
        <td class="l"><span>1</span></td>
        <td class="n">
            <div class="n" style="margin-left:242px">

                <div class="ico">&rarr;</div>

                <p>
                    <span class="node">

                        Hash


                    </span>

                    <span class="est">
                        (cost=8.27..8.27
                        rows=1
                        width=13)
                    </span>

                    <span class="act">
                        (actual
                        time=0.026..0.026
                        rows=1
                        loops=1)
                    </span>
                </p>

                    <ul class="ex-nfo">
                            <li>Buckets: 1024  Batches: 1  Memory Usage: 1kB</li>
                    </ul>

            </div>
        </td>
    </tr>





            






    <tr id="l48" class="n even c-m" data-node_id="47" data-node_parent="46" data-level="11" data-e="1" data-i="1" data-x="1">
        <td class="u "><a href="#l48">48.</a></td>
        <td class="e c-1">
            <span>0.020</span>
        </td>
        <td class="i c-1">
            <span>0.020</span>
        </td>
        <td class="x c-1">
            <span>
                &uarr;
                1.0
            </span>
        </td>
        <td class="r"><span>1</span></td>
        <td class="l"><span>1</span></td>
        <td class="n">
            <div class="n" style="margin-left:264px">

                <div class="ico">&rarr;</div>

                <p>
                    <span class="node">

                        Index Scan

                            using ft_er_u1 on ft_employers fer

                    </span>

                    <span class="est">
                        (cost=0.00..8.27
                        rows=1
                        width=13)
                    </span>

                    <span class="act">
                        (actual
                        time=0.020..0.020
                        rows=1
                        loops=1)
                    </span>
                </p>

                    <ul class="ex-nfo">
                            <li>Index Cond: (er_id = 100)</li>
                    </ul>

            </div>
        </td>
    </tr>














            






    <tr id="l49" class="n odd c-m" data-node_id="48" data-node_parent="10" data-level="9" data-e="1" data-i="1" data-x="1">
        <td class="u "><a href="#l49">49.</a></td>
        <td class="e c-1">
            <span>200.128</span>
        </td>
        <td class="i c-1">
            <span>200.128</span>
        </td>
        <td class="x c-1">
            <span>
                &uarr;
                1.0
            </span>
        </td>
        <td class="r"><span>1</span></td>
        <td class="l"><span>100064</span></td>
        <td class="n">
            <div class="n" style="margin-left:220px">

                <div class="ico">&rarr;</div>

                <p>
                    <span class="node">

                        Index Scan

                            using ft_ee_p on ft_employees fee

                    </span>

                    <span class="est">
                        (cost=0.00..0.31
                        rows=1
                        width=8)
                    </span>

                    <span class="act">
                        (actual
                        time=0.002..0.002
                        rows=1
                        loops=100064)
                    </span>
                </p>

                    <ul class="ex-nfo">
                            <li>Index Cond: (ee_id = fenvy.ee_id)</li>
                            <li>Filter: (((ee_sys_status)::text &lt;&gt; &#39;D&#39;::text) AND (ee_er_id = 100))</li>
                    </ul>

            </div>
        </td>
    </tr>


























            






    <tr id="l50" class="n even c-m" data-node_id="49" data-node_parent="2" data-level="3" data-e="1" data-i="2" data-x="1">
        <td class="u "><a href="#l50">50.</a></td>
        <td class="e c-1">
            <span>0.050</span>
        </td>
        <td class="i c-2">
            <span>3919.636</span>
        </td>
        <td class="x c-1">
            <span>
                &uarr;
                1.0
            </span>
        </td>
        <td class="r"><span>1</span></td>
        <td class="l"><span>1</span></td>
        <td class="n">
            <div class="n" style="margin-left:88px">

                <div class="ico">&rarr;</div>

                <p>
                    <span class="node">

                        Aggregate


                    </span>

                    <span class="est">
                        (cost=3166.63..3166.64
                        rows=1
                        width=576)
                    </span>

                    <span class="act">
                        (actual
                        time=3919.636..3919.636
                        rows=1
                        loops=1)
                    </span>
                </p>


            </div>
        </td>
    </tr>





            






    <tr id="l51" class="n odd c-m" data-node_id="50" data-node_parent="49" data-level="4" data-e="1" data-i="2" data-x="1">
        <td class="u "><a href="#l51">51.</a></td>
        <td class="e c-1">
            <span>313.059</span>
        </td>
        <td class="i c-2">
            <span>3919.586</span>
        </td>
        <td class="x c-1">
            <span>
                &darr;
                9.0
            </span>
        </td>
        <td class="r"><span>9</span></td>
        <td class="l"><span>1</span></td>
        <td class="n">
            <div class="n" style="margin-left:110px">

                <div class="ico">&rarr;</div>

                <p>
                    <span class="node">

                        HashAggregate


                    </span>

                    <span class="est">
                        (cost=3166.57..3166.58
                        rows=1
                        width=404)
                    </span>

                    <span class="act">
                        (actual
                        time=3919.577..3919.586
                        rows=9
                        loops=1)
                    </span>
                </p>


            </div>
        </td>
    </tr>





            






    <tr id="l52" class="n even c-m" data-node_id="51" data-node_parent="50" data-level="5" data-e="1" data-i="2" data-x="4">
        <td class="u "><a href="#l52">52.</a></td>
        <td class="e c-1">
            <span>46.499</span>
        </td>
        <td class="i c-2">
            <span>3606.527</span>
        </td>
        <td class="x c-4">
            <span>
                &darr;
                90018.0
            </span>
        </td>
        <td class="r"><span>90018</span></td>
        <td class="l"><span>1</span></td>
        <td class="n">
            <div class="n" style="margin-left:132px">

                <div class="ico">&rarr;</div>

                <p>
                    <span class="node">

                        Nested Loop


                    </span>

                    <span class="est">
                        (cost=1434.94..3166.51
                        rows=1
                        width=404)
                    </span>

                    <span class="act">
                        (actual
                        time=2274.668..3606.527
                        rows=90018
                        loops=1)
                    </span>
                </p>


            </div>
        </td>
    </tr>





            






    <tr id="l53" class="n odd c-m" data-node_id="52" data-node_parent="51" data-level="6" data-e="1" data-i="2" data-x="4">
        <td class="u "><a href="#l53">53.</a></td>
        <td class="e c-1">
            <span>40.792</span>
        </td>
        <td class="i c-2">
            <span>3359.900</span>
        </td>
        <td class="x c-4">
            <span>
                &darr;
                100064.0
            </span>
        </td>
        <td class="r"><span>100064</span></td>
        <td class="l"><span>1</span></td>
        <td class="n">
            <div class="n" style="margin-left:154px">

                <div class="ico">&rarr;</div>

                <p>
                    <span class="node">

                        Hash Join


                    </span>

                    <span class="est">
                        (cost=1434.94..3166.18
                        rows=1
                        width=412)
                    </span>

                    <span class="act">
                        (actual
                        time=2274.652..3359.900
                        rows=100064
                        loops=1)
                    </span>
                </p>

                    <ul class="ex-nfo">
                            <li>Hash Cond: ((fenvy.process_year)::text = (fer.er_cur_taxyear)::text)</li>
                    </ul>

            </div>
        </td>
    </tr>





            






    <tr id="l54" class="n even c-m" data-node_id="53" data-node_parent="52" data-level="7" data-e="1" data-i="2" data-x="4">
        <td class="u "><a href="#l54">54.</a></td>
        <td class="e c-1">
            <span>772.446</span>
        </td>
        <td class="i c-2">
            <span>3319.091</span>
        </td>
        <td class="x c-4">
            <span>
                &darr;
                5614.8
            </span>
        </td>
        <td class="r"><span>101066</span></td>
        <td class="l"><span>1</span></td>
        <td class="n">
            <div class="n" style="margin-left:176px">

                <div class="ico">&rarr;</div>

                <p>
                    <span class="node">

                        Nested Loop


                    </span>

                    <span class="est">
                        (cost=1426.66..3157.83
                        rows=18
                        width=417)
                    </span>

                    <span class="act">
                        (actual
                        time=2272.961..3319.091
                        rows=101066
                        loops=1)
                    </span>
                </p>

                    <ul class="ex-nfo">
                            <li>Join Filter: (((fenvy.process_period = fstw.month) AND ((fenvy.ee_pay_freq)::text = &#39;M&#39;::text)) OR ((fenvy.process_period &gt;= fstw.wk_start) AND (fenvy.process_period &lt;= fstw.wk_end) AND ((fenvy.ee_pay_freq)::text = &#39;W&#39;::text)) OR ((fenvy.process_period &gt;= fstw.tw_start) AND (fenvy.process_period &lt;= fstw.tw_end) AND ((fenvy.ee_pay_freq)::text = &#39;N&#39;::text)) OR ((fenvy.process_period &gt;= fstw.fw_start) AND (fenvy.process_period &lt;= fstw.fw_end) AND ((fenvy.ee_pay_freq)::text = &#39;F&#39;::text)))</li>
                    </ul>

            </div>
        </td>
    </tr>





            






    <tr id="l55" class="n odd c-m" data-node_id="54" data-node_parent="53" data-level="8" data-e="1" data-i="2" data-x="1">
        <td class="u "><a href="#l55">55.</a></td>
        <td class="e c-1">
            <span>0.034</span>
        </td>
        <td class="i c-2">
            <span>2273.383</span>
        </td>
        <td class="x c-1">
            <span>
                &darr;
                5.5
            </span>
        </td>
        <td class="r"><span>11</span></td>
        <td class="l"><span>1</span></td>
        <td class="n">
            <div class="n" style="margin-left:198px">

                <div class="ico">&rarr;</div>

                <p>
                    <span class="node">

                        Hash Join


                    </span>

                    <span class="est">
                        (cost=1426.66..1507.01
                        rows=2
                        width=393)
                    </span>

                    <span class="act">
                        (actual
                        time=2272.915..2273.383
                        rows=11
                        loops=1)
                    </span>
                </p>

                    <ul class="ex-nfo">
                            <li>Hash Cond: (fstw.month = fstw.month)</li>
                    </ul>

            </div>
        </td>
    </tr>





            






    <tr id="l56" class="n even c-m" data-node_id="55" data-node_parent="54" data-level="9" data-e="1" data-i="2" data-x="2">
        <td class="u "><a href="#l56">56.</a></td>
        <td class="e c-1">
            <span>481.325</span>
        </td>
        <td class="i c-2">
            <span>2273.334</span>
        </td>
        <td class="x c-2">
            <span>
                &uarr;
                32.6
            </span>
        </td>
        <td class="r"><span>11</span></td>
        <td class="l"><span>1</span></td>
        <td class="n">
            <div class="n" style="margin-left:220px">

                <div class="ico">&rarr;</div>

                <p>
                    <span class="node">

                        HashAggregate


                    </span>

                    <span class="est">
                        (cost=1425.47..1500.86
                        rows=359
                        width=357)
                    </span>

                    <span class="act">
                        (actual
                        time=2272.890..2273.334
                        rows=11
                        loops=1)
                    </span>
                </p>


            </div>
        </td>
    </tr>





            






    <tr id="l57" class="n odd c-m" data-node_id="56" data-node_parent="55" data-level="10" data-e="1" data-i="2" data-x="3">
        <td class="u "><a href="#l57">57.</a></td>
        <td class="e c-1">
            <span>50.665</span>
        </td>
        <td class="i c-2">
            <span>1792.009</span>
        </td>
        <td class="x c-3">
            <span>
                &darr;
                253.5
            </span>
        </td>
        <td class="r"><span>91020</span></td>
        <td class="l"><span>1</span></td>
        <td class="n">
            <div class="n" style="margin-left:242px">

                <div class="ico">&rarr;</div>

                <p>
                    <span class="node">

                        Nested Loop


                    </span>

                    <span class="est">
                        (cost=5.49..1375.21
                        rows=359
                        width=357)
                    </span>

                    <span class="act">
                        (actual
                        time=4.804..1792.009
                        rows=91020
                        loops=1)
                    </span>
                </p>


            </div>
        </td>
    </tr>





            






    <tr id="l58" class="n even c-m" data-node_id="57" data-node_parent="56" data-level="11" data-e="1" data-i="2" data-x="3">
        <td class="u "><a href="#l58">58.</a></td>
        <td class="e c-1">
            <span>20.486</span>
        </td>
        <td class="i c-2">
            <span>1539.208</span>
        </td>
        <td class="x c-3">
            <span>
                &darr;
                104.1
            </span>
        </td>
        <td class="r"><span>101068</span></td>
        <td class="l"><span>1</span></td>
        <td class="n">
            <div class="n" style="margin-left:264px">

                <div class="ico">&rarr;</div>

                <p>
                    <span class="node">

                        Nested Loop


                    </span>

                    <span class="est">
                        (cost=5.49..1066.29
                        rows=971
                        width=361)
                    </span>

                    <span class="act">
                        (actual
                        time=4.797..1539.208
                        rows=101068
                        loops=1)
                    </span>
                </p>


            </div>
        </td>
    </tr>





            






    <tr id="l59" class="n odd c-m" data-node_id="58" data-node_parent="57" data-level="12" data-e="1" data-i="1" data-x="1">
        <td class="u "><a href="#l59">59.</a></td>
        <td class="e c-1">
            <span>0.009</span>
        </td>
        <td class="i c-1">
            <span>0.009</span>
        </td>
        <td class="x c-1">
            <span>
                &uarr;
                1.0
            </span>
        </td>
        <td class="r"><span>1</span></td>
        <td class="l"><span>1</span></td>
        <td class="n">
            <div class="n" style="margin-left:286px">

                <div class="ico">&rarr;</div>

                <p>
                    <span class="node">

                        Index Scan

                            using ft_eropt_p on ft_er_options feo

                    </span>

                    <span class="est">
                        (cost=0.00..8.27
                        rows=1
                        width=6)
                    </span>

                    <span class="act">
                        (actual
                        time=0.008..0.009
                        rows=1
                        loops=1)
                    </span>
                </p>

                    <ul class="ex-nfo">
                            <li>Index Cond: (er_id = 100)</li>
                    </ul>

            </div>
        </td>
    </tr>








            






    <tr id="l60" class="n odd c-m" data-node_id="59" data-node_parent="57" data-level="12" data-e="2" data-i="2" data-x="3">
        <td class="u "><a href="#l60">60.</a></td>
        <td class="e c-2">
            <span>1147.597</span>
        </td>
        <td class="i c-2">
            <span>1518.713</span>
        </td>
        <td class="x c-3">
            <span>
                &darr;
                104.1
            </span>
        </td>
        <td class="r"><span>101068</span></td>
        <td class="l"><span>1</span></td>
        <td class="n">
            <div class="n" style="margin-left:286px">

                <div class="ico">&rarr;</div>

                <p>
                    <span class="node">

                        Nested Loop


                    </span>

                    <span class="est">
                        (cost=5.49..1048.31
                        rows=971
                        width=359)
                    </span>

                    <span class="act">
                        (actual
                        time=4.783..1518.713
                        rows=101068
                        loops=1)
                    </span>
                </p>

                    <ul class="ex-nfo">
                            <li>Join Filter: (((fenvy.ee_ssp &lt;= 0::numeric) AND (((fenvy.process_period = fstw.month) AND ((fenvy.ee_pay_freq)::text = &#39;M&#39;::text)) OR ((fenvy.process_period &gt;= fstw.wk_start) AND (fenvy.process_period &lt;= fstw.wk_end) AND ((fenvy.ee_pay_freq)::text = &#39;W&#39;::text)) OR ((fenvy.process_period &gt;= fstw.tw_start) AND (fenvy.process_period &lt;= fstw.tw_end) AND ((fenvy.ee_pay_freq)::text = &#39;N&#39;::text)) OR ((fenvy.process_period &gt;= fstw.fw_start) AND (fenvy.process_period &lt;= fstw.fw_end) AND ((fenvy.ee_pay_freq)::text = &#39;F&#39;::text)))) OR ((fenvy.ee_ssp &gt; 0::numeric) AND (fenvy.process_date &gt;= fstd.month_start_date) AND (fenvy.process_date &lt;= fstd.month_end_date)))</li>
                    </ul>

            </div>
        </td>
    </tr>





            






    <tr id="l61" class="n even c-m" data-node_id="60" data-node_parent="59" data-level="13" data-e="1" data-i="1" data-x="3">
        <td class="u "><a href="#l61">61.</a></td>
        <td class="e c-1">
            <span>0.187</span>
        </td>
        <td class="i c-1">
            <span>2.908</span>
        </td>
        <td class="x c-3">
            <span>
                &darr;
                144.0
            </span>
        </td>
        <td class="r"><span>144</span></td>
        <td class="l"><span>1</span></td>
        <td class="n">
            <div class="n" style="margin-left:308px">

                <div class="ico">&rarr;</div>

                <p>
                    <span class="node">

                        Nested Loop


                    </span>

                    <span class="est">
                        (cost=5.49..39.78
                        rows=1
                        width=364)
                    </span>

                    <span class="act">
                        (actual
                        time=0.146..2.908
                        rows=144
                        loops=1)
                    </span>
                </p>


            </div>
        </td>
    </tr>





            






    <tr id="l62" class="n odd c-m" data-node_id="61" data-node_parent="60" data-level="14" data-e="1" data-i="1" data-x="3">
        <td class="u "><a href="#l62">62.</a></td>
        <td class="e c-1">
            <span>0.492</span>
        </td>
        <td class="i c-1">
            <span>2.577</span>
        </td>
        <td class="x c-3">
            <span>
                &darr;
                144.0
            </span>
        </td>
        <td class="r"><span>144</span></td>
        <td class="l"><span>1</span></td>
        <td class="n">
            <div class="n" style="margin-left:330px">

                <div class="ico">&rarr;</div>

                <p>
                    <span class="node">

                        Nested Loop


                    </span>

                    <span class="est">
                        (cost=5.49..39.50
                        rows=1
                        width=336)
                    </span>

                    <span class="act">
                        (actual
                        time=0.134..2.577
                        rows=144
                        loops=1)
                    </span>
                </p>

                    <ul class="ex-nfo">
                            <li>Join Filter: (fst.taxyear_id = spb.spp_bir_taxyear_id)</li>
                    </ul>

            </div>
        </td>
    </tr>





            






    <tr id="l63" class="n even c-m" data-node_id="62" data-node_parent="61" data-level="15" data-e="1" data-i="1" data-x="3">
        <td class="u "><a href="#l63">63.</a></td>
        <td class="e c-1">
            <span>0.513</span>
        </td>
        <td class="i c-1">
            <span>1.941</span>
        </td>
        <td class="x c-3">
            <span>
                &darr;
                144.0
            </span>
        </td>
        <td class="r"><span>144</span></td>
        <td class="l"><span>1</span></td>
        <td class="n">
            <div class="n" style="margin-left:352px">

                <div class="ico">&rarr;</div>

                <p>
                    <span class="node">

                        Nested Loop


                    </span>

                    <span class="est">
                        (cost=5.49..38.25
                        rows=1
                        width=276)
                    </span>

                    <span class="act">
                        (actual
                        time=0.129..1.941
                        rows=144
                        loops=1)
                    </span>
                </p>

                    <ul class="ex-nfo">
                            <li>Join Filter: (fst.taxyear_id = spa.spp_adp_taxyear_id)</li>
                    </ul>

            </div>
        </td>
    </tr>





            






    <tr id="l64" class="n odd c-m" data-node_id="63" data-node_parent="62" data-level="16" data-e="1" data-i="1" data-x="3">
        <td class="u "><a href="#l64">64.</a></td>
        <td class="e c-1">
            <span>0.203</span>
        </td>
        <td class="i c-1">
            <span>1.284</span>
        </td>
        <td class="x c-3">
            <span>
                &darr;
                144.0
            </span>
        </td>
        <td class="r"><span>144</span></td>
        <td class="l"><span>1</span></td>
        <td class="n">
            <div class="n" style="margin-left:374px">

                <div class="ico">&rarr;</div>

                <p>
                    <span class="node">

                        Nested Loop


                    </span>

                    <span class="est">
                        (cost=5.49..37.00
                        rows=1
                        width=216)
                    </span>

                    <span class="act">
                        (actual
                        time=0.122..1.284
                        rows=144
                        loops=1)
                    </span>
                </p>

                    <ul class="ex-nfo">
                            <li>Join Filter: (fstd.month = fstw.month)</li>
                    </ul>

            </div>
        </td>
    </tr>





            






    <tr id="l65" class="n even c-m" data-node_id="64" data-node_parent="63" data-level="17" data-e="1" data-i="1" data-x="2">
        <td class="u "><a href="#l65">65.</a></td>
        <td class="e c-1">
            <span>0.200</span>
        </td>
        <td class="i c-1">
            <span>0.937</span>
        </td>
        <td class="x c-2">
            <span>
                &darr;
                10.3
            </span>
        </td>
        <td class="r"><span>144</span></td>
        <td class="l"><span>1</span></td>
        <td class="n">
            <div class="n" style="margin-left:396px">

                <div class="ico">&rarr;</div>

                <p>
                    <span class="node">

                        Nested Loop


                    </span>

                    <span class="est">
                        (cost=5.49..35.61
                        rows=14
                        width=192)
                    </span>

                    <span class="act">
                        (actual
                        time=0.111..0.937
                        rows=144
                        loops=1)
                    </span>
                </p>

                    <ul class="ex-nfo">
                            <li>Join Filter: (ssp.ssp_taxyear_id = fst.taxyear_id)</li>
                    </ul>

            </div>
        </td>
    </tr>





            






    <tr id="l66" class="n odd c-m" data-node_id="65" data-node_parent="64" data-level="18" data-e="1" data-i="1" data-x="2">
        <td class="u "><a href="#l66">66.</a></td>
        <td class="e c-1">
            <span>0.243</span>
        </td>
        <td class="i c-1">
            <span>0.593</span>
        </td>
        <td class="x c-2">
            <span>
                &darr;
                10.3
            </span>
        </td>
        <td class="r"><span>144</span></td>
        <td class="l"><span>1</span></td>
        <td class="n">
            <div class="n" style="margin-left:418px">

                <div class="ico">&rarr;</div>

                <p>
                    <span class="node">

                        Nested Loop


                    </span>

                    <span class="est">
                        (cost=5.49..32.16
                        rows=14
                        width=154)
                    </span>

                    <span class="act">
                        (actual
                        time=0.102..0.593
                        rows=144
                        loops=1)
                    </span>
                </p>

                    <ul class="ex-nfo">
                            <li>Join Filter: (ssp.ssp_taxyear_id = sap.sap_taxyear_id)</li>
                    </ul>

            </div>
        </td>
    </tr>





            






    <tr id="l67" class="n even c-m" data-node_id="66" data-node_parent="65" data-level="19" data-e="1" data-i="1" data-x="2">
        <td class="u "><a href="#l67">67.</a></td>
        <td class="e c-1">
            <span>0.082</span>
        </td>
        <td class="i c-1">
            <span>0.206</span>
        </td>
        <td class="x c-2">
            <span>
                &darr;
                10.3
            </span>
        </td>
        <td class="r"><span>144</span></td>
        <td class="l"><span>1</span></td>
        <td class="n">
            <div class="n" style="margin-left:440px">

                <div class="ico">&rarr;</div>

                <p>
                    <span class="node">

                        Hash Join


                    </span>

                    <span class="est">
                        (cost=5.49..28.72
                        rows=14
                        width=94)
                    </span>

                    <span class="act">
                        (actual
                        time=0.092..0.206
                        rows=144
                        loops=1)
                    </span>
                </p>

                    <ul class="ex-nfo">
                            <li>Hash Cond: (aspb.aspp_bir_taxyear_id = ssp.ssp_taxyear_id)</li>
                    </ul>

            </div>
        </td>
    </tr>





            






    <tr id="l68" class="n odd c-m" data-node_id="67" data-node_parent="66" data-level="20" data-e="1" data-i="1" data-x="1">
        <td class="u "><a href="#l68">68.</a></td>
        <td class="e c-1">
            <span>0.061</span>
        </td>
        <td class="i c-1">
            <span>0.113</span>
        </td>
        <td class="x c-1">
            <span>
                &uarr;
                1.8
            </span>
        </td>
        <td class="r"><span>144</span></td>
        <td class="l"><span>1</span></td>
        <td class="n">
            <div class="n" style="margin-left:462px">

                <div class="ico">&rarr;</div>

                <p>
                    <span class="node">

                        Hash Join


                    </span>

                    <span class="est">
                        (cost=4.24..26.38
                        rows=252
                        width=76)
                    </span>

                    <span class="act">
                        (actual
                        time=0.070..0.113
                        rows=144
                        loops=1)
                    </span>
                </p>

                    <ul class="ex-nfo">
                            <li>Hash Cond: (aspb.aspp_bir_taxyear_id = fstd.taxyear_id)</li>
                    </ul>

            </div>
        </td>
    </tr>





            






    <tr id="l69" class="n even c-m" data-node_id="68" data-node_parent="67" data-level="21" data-e="1" data-i="1" data-x="2">
        <td class="u "><a href="#l69">69.</a></td>
        <td class="e c-1">
            <span>0.004</span>
        </td>
        <td class="i c-1">
            <span>0.004</span>
        </td>
        <td class="x c-2">
            <span>
                &uarr;
                29.2
            </span>
        </td>
        <td class="r"><span>12</span></td>
        <td class="l"><span>1</span></td>
        <td class="n">
            <div class="n" style="margin-left:484px">

                <div class="ico">&rarr;</div>

                <p>
                    <span class="node">

                        Seq Scan

                            on ft_sys_aspp_bir aspb

                    </span>

                    <span class="est">
                        (cost=0.00..13.50
                        rows=350
                        width=60)
                    </span>

                    <span class="act">
                        (actual
                        time=0.004..0.004
                        rows=12
                        loops=1)
                    </span>
                </p>


            </div>
        </td>
    </tr>








            






    <tr id="l70" class="n even c-m" data-node_id="69" data-node_parent="67" data-level="21" data-e="1" data-i="1" data-x="1">
        <td class="u "><a href="#l70">70.</a></td>
        <td class="e c-1">
            <span>0.024</span>
        </td>
        <td class="i c-1">
            <span>0.048</span>
        </td>
        <td class="x c-1">
            <span>
                &uarr;
                1.0
            </span>
        </td>
        <td class="r"><span>144</span></td>
        <td class="l"><span>1</span></td>
        <td class="n">
            <div class="n" style="margin-left:484px">

                <div class="ico">&rarr;</div>

                <p>
                    <span class="node">

                        Hash


                    </span>

                    <span class="est">
                        (cost=2.44..2.44
                        rows=144
                        width=16)
                    </span>

                    <span class="act">
                        (actual
                        time=0.048..0.048
                        rows=144
                        loops=1)
                    </span>
                </p>

                    <ul class="ex-nfo">
                            <li>Buckets: 1024  Batches: 1  Memory Usage: 7kB</li>
                    </ul>

            </div>
        </td>
    </tr>





            






    <tr id="l71" class="n odd c-m" data-node_id="70" data-node_parent="69" data-level="22" data-e="1" data-i="1" data-x="1">
        <td class="u "><a href="#l71">71.</a></td>
        <td class="e c-1">
            <span>0.024</span>
        </td>
        <td class="i c-1">
            <span>0.024</span>
        </td>
        <td class="x c-1">
            <span>
                &uarr;
                1.0
            </span>
        </td>
        <td class="r"><span>144</span></td>
        <td class="l"><span>1</span></td>
        <td class="n">
            <div class="n" style="margin-left:506px">

                <div class="ico">&rarr;</div>

                <p>
                    <span class="node">

                        Seq Scan

                            on ft_sys_taxyear_details fstd

                    </span>

                    <span class="est">
                        (cost=0.00..2.44
                        rows=144
                        width=16)
                    </span>

                    <span class="act">
                        (actual
                        time=0.007..0.024
                        rows=144
                        loops=1)
                    </span>
                </p>


            </div>
        </td>
    </tr>














            






    <tr id="l72" class="n even c-m" data-node_id="71" data-node_parent="66" data-level="20" data-e="1" data-i="1" data-x="1">
        <td class="u "><a href="#l72">72.</a></td>
        <td class="e c-1">
            <span>0.003</span>
        </td>
        <td class="i c-1">
            <span>0.011</span>
        </td>
        <td class="x c-1">
            <span>
                &darr;
                1.1
            </span>
        </td>
        <td class="r"><span>12</span></td>
        <td class="l"><span>1</span></td>
        <td class="n">
            <div class="n" style="margin-left:462px">

                <div class="ico">&rarr;</div>

                <p>
                    <span class="node">

                        Hash


                    </span>

                    <span class="est">
                        (cost=1.11..1.11
                        rows=11
                        width=18)
                    </span>

                    <span class="act">
                        (actual
                        time=0.011..0.011
                        rows=12
                        loops=1)
                    </span>
                </p>

                    <ul class="ex-nfo">
                            <li>Buckets: 1024  Batches: 1  Memory Usage: 1kB</li>
                    </ul>

            </div>
        </td>
    </tr>





            






    <tr id="l73" class="n odd c-m" data-node_id="72" data-node_parent="71" data-level="21" data-e="1" data-i="1" data-x="1">
        <td class="u "><a href="#l73">73.</a></td>
        <td class="e c-1">
            <span>0.008</span>
        </td>
        <td class="i c-1">
            <span>0.008</span>
        </td>
        <td class="x c-1">
            <span>
                &darr;
                1.1
            </span>
        </td>
        <td class="r"><span>12</span></td>
        <td class="l"><span>1</span></td>
        <td class="n">
            <div class="n" style="margin-left:484px">

                <div class="ico">&rarr;</div>

                <p>
                    <span class="node">

                        Seq Scan

                            on ft_sys_ssp ssp

                    </span>

                    <span class="est">
                        (cost=0.00..1.11
                        rows=11
                        width=18)
                    </span>

                    <span class="act">
                        (actual
                        time=0.006..0.008
                        rows=12
                        loops=1)
                    </span>
                </p>


            </div>
        </td>
    </tr>














            






    <tr id="l74" class="n even c-m" data-node_id="73" data-node_parent="65" data-level="19" data-e="1" data-i="1" data-x="1">
        <td class="u "><a href="#l74">74.</a></td>
        <td class="e c-1">
            <span>0.137</span>
        </td>
        <td class="i c-1">
            <span>0.144</span>
        </td>
        <td class="x c-1">
            <span>
                &darr;
                1.1
            </span>
        </td>
        <td class="r"><span>12</span></td>
        <td class="l"><span>144</span></td>
        <td class="n">
            <div class="n" style="margin-left:440px">

                <div class="ico">&rarr;</div>

                <p>
                    <span class="node">

                        Materialize


                    </span>

                    <span class="est">
                        (cost=0.00..1.17
                        rows=11
                        width=60)
                    </span>

                    <span class="act">
                        (actual
                        time=0.000..0.001
                        rows=12
                        loops=144)
                    </span>
                </p>


            </div>
        </td>
    </tr>





            






    <tr id="l75" class="n odd c-m" data-node_id="74" data-node_parent="73" data-level="20" data-e="1" data-i="1" data-x="1">
        <td class="u "><a href="#l75">75.</a></td>
        <td class="e c-1">
            <span>0.007</span>
        </td>
        <td class="i c-1">
            <span>0.007</span>
        </td>
        <td class="x c-1">
            <span>
                &darr;
                1.1
            </span>
        </td>
        <td class="r"><span>12</span></td>
        <td class="l"><span>1</span></td>
        <td class="n">
            <div class="n" style="margin-left:462px">

                <div class="ico">&rarr;</div>

                <p>
                    <span class="node">

                        Seq Scan

                            on ft_sys_sap sap

                    </span>

                    <span class="est">
                        (cost=0.00..1.11
                        rows=11
                        width=60)
                    </span>

                    <span class="act">
                        (actual
                        time=0.006..0.007
                        rows=12
                        loops=1)
                    </span>
                </p>


            </div>
        </td>
    </tr>














            






    <tr id="l76" class="n even c-m" data-node_id="75" data-node_parent="64" data-level="18" data-e="1" data-i="1" data-x="1">
        <td class="u "><a href="#l76">76.</a></td>
        <td class="e c-1">
            <span>0.137</span>
        </td>
        <td class="i c-1">
            <span>0.144</span>
        </td>
        <td class="x c-1">
            <span>
                &darr;
                1.1
            </span>
        </td>
        <td class="r"><span>12</span></td>
        <td class="l"><span>144</span></td>
        <td class="n">
            <div class="n" style="margin-left:418px">

                <div class="ico">&rarr;</div>

                <p>
                    <span class="node">

                        Materialize


                    </span>

                    <span class="est">
                        (cost=0.00..1.17
                        rows=11
                        width=38)
                    </span>

                    <span class="act">
                        (actual
                        time=0.000..0.001
                        rows=12
                        loops=144)
                    </span>
                </p>


            </div>
        </td>
    </tr>





            






    <tr id="l77" class="n odd c-m" data-node_id="76" data-node_parent="75" data-level="19" data-e="1" data-i="1" data-x="1">
        <td class="u "><a href="#l77">77.</a></td>
        <td class="e c-1">
            <span>0.007</span>
        </td>
        <td class="i c-1">
            <span>0.007</span>
        </td>
        <td class="x c-1">
            <span>
                &darr;
                1.1
            </span>
        </td>
        <td class="r"><span>12</span></td>
        <td class="l"><span>1</span></td>
        <td class="n">
            <div class="n" style="margin-left:440px">

                <div class="ico">&rarr;</div>

                <p>
                    <span class="node">

                        Seq Scan

                            on ft_sys_taxyear fst

                    </span>

                    <span class="est">
                        (cost=0.00..1.11
                        rows=11
                        width=38)
                    </span>

                    <span class="act">
                        (actual
                        time=0.005..0.007
                        rows=12
                        loops=1)
                    </span>
                </p>


            </div>
        </td>
    </tr>














            






    <tr id="l78" class="n even c-m" data-node_id="77" data-node_parent="63" data-level="17" data-e="1" data-i="1" data-x="2">
        <td class="u "><a href="#l78">78.</a></td>
        <td class="e c-1">
            <span>0.139</span>
        </td>
        <td class="i c-1">
            <span>0.144</span>
        </td>
        <td class="x c-2">
            <span>
                &darr;
                12.0
            </span>
        </td>
        <td class="r"><span>12</span></td>
        <td class="l"><span>144</span></td>
        <td class="n">
            <div class="n" style="margin-left:396px">

                <div class="ico">&rarr;</div>

                <p>
                    <span class="node">

                        Materialize


                    </span>

                    <span class="est">
                        (cost=0.00..1.18
                        rows=1
                        width=28)
                    </span>

                    <span class="act">
                        (actual
                        time=0.000..0.001
                        rows=12
                        loops=144)
                    </span>
                </p>


            </div>
        </td>
    </tr>





            






    <tr id="l79" class="n odd c-m" data-node_id="78" data-node_parent="77" data-level="18" data-e="1" data-i="1" data-x="2">
        <td class="u "><a href="#l79">79.</a></td>
        <td class="e c-1">
            <span>0.005</span>
        </td>
        <td class="i c-1">
            <span>0.005</span>
        </td>
        <td class="x c-2">
            <span>
                &darr;
                12.0
            </span>
        </td>
        <td class="r"><span>12</span></td>
        <td class="l"><span>1</span></td>
        <td class="n">
            <div class="n" style="margin-left:418px">

                <div class="ico">&rarr;</div>

                <p>
                    <span class="node">

                        Seq Scan

                            on ft_sys_tax_weeks fstw

                    </span>

                    <span class="est">
                        (cost=0.00..1.18
                        rows=1
                        width=28)
                    </span>

                    <span class="act">
                        (actual
                        time=0.003..0.005
                        rows=12
                        loops=1)
                    </span>
                </p>

                    <ul class="ex-nfo">
                            <li>Filter: ((month &gt;= 1) AND (month &lt;= 12))</li>
                    </ul>

            </div>
        </td>
    </tr>














            






    <tr id="l80" class="n even c-m" data-node_id="79" data-node_parent="62" data-level="16" data-e="1" data-i="1" data-x="1">
        <td class="u "><a href="#l80">80.</a></td>
        <td class="e c-1">
            <span>0.144</span>
        </td>
        <td class="i c-1">
            <span>0.144</span>
        </td>
        <td class="x c-1">
            <span>
                &darr;
                1.1
            </span>
        </td>
        <td class="r"><span>12</span></td>
        <td class="l"><span>144</span></td>
        <td class="n">
            <div class="n" style="margin-left:374px">

                <div class="ico">&rarr;</div>

                <p>
                    <span class="node">

                        Seq Scan

                            on ft_sys_spp_adp spa

                    </span>

                    <span class="est">
                        (cost=0.00..1.11
                        rows=11
                        width=60)
                    </span>

                    <span class="act">
                        (actual
                        time=0.001..0.001
                        rows=12
                        loops=144)
                    </span>
                </p>


            </div>
        </td>
    </tr>











            






    <tr id="l81" class="n odd c-m" data-node_id="80" data-node_parent="61" data-level="15" data-e="1" data-i="1" data-x="1">
        <td class="u "><a href="#l81">81.</a></td>
        <td class="e c-1">
            <span>0.144</span>
        </td>
        <td class="i c-1">
            <span>0.144</span>
        </td>
        <td class="x c-1">
            <span>
                &darr;
                1.1
            </span>
        </td>
        <td class="r"><span>12</span></td>
        <td class="l"><span>144</span></td>
        <td class="n">
            <div class="n" style="margin-left:352px">

                <div class="ico">&rarr;</div>

                <p>
                    <span class="node">

                        Seq Scan

                            on ft_sys_spp_bir spb

                    </span>

                    <span class="est">
                        (cost=0.00..1.11
                        rows=11
                        width=60)
                    </span>

                    <span class="act">
                        (actual
                        time=0.000..0.001
                        rows=12
                        loops=144)
                    </span>
                </p>


            </div>
        </td>
    </tr>











            






    <tr id="l82" class="n even c-m" data-node_id="81" data-node_parent="60" data-level="14" data-e="1" data-i="1" data-x="1">
        <td class="u "><a href="#l82">82.</a></td>
        <td class="e c-1">
            <span>0.144</span>
        </td>
        <td class="i c-1">
            <span>0.144</span>
        </td>
        <td class="x c-1">
            <span>
                &uarr;
                1.0
            </span>
        </td>
        <td class="r"><span>1</span></td>
        <td class="l"><span>144</span></td>
        <td class="n">
            <div class="n" style="margin-left:330px">

                <div class="ico">&rarr;</div>

                <p>
                    <span class="node">

                        Index Scan

                            using ft_ssmp_u1 on ft_sys_smp smp

                    </span>

                    <span class="est">
                        (cost=0.00..0.27
                        rows=1
                        width=60)
                    </span>

                    <span class="act">
                        (actual
                        time=0.001..0.001
                        rows=1
                        loops=144)
                    </span>
                </p>

                    <ul class="ex-nfo">
                            <li>Index Cond: (smp_taxyear_id = fst.taxyear_id)</li>
                    </ul>

            </div>
        </td>
    </tr>











            






    <tr id="l83" class="n odd c-m" data-node_id="82" data-node_parent="59" data-level="13" data-e="1" data-i="1" data-x="1">
        <td class="u "><a href="#l83">83.</a></td>
        <td class="e c-1">
            <span>368.208</span>
        </td>
        <td class="i c-1">
            <span>368.208</span>
        </td>
        <td class="x c-1">
            <span>
                &uarr;
                1.3
            </span>
        </td>
        <td class="r"><span>8422</span></td>
        <td class="l"><span>144</span></td>
        <td class="n">
            <div class="n" style="margin-left:308px">

                <div class="ico">&rarr;</div>

                <p>
                    <span class="node">

                        Index Scan

                            using ft_enetvaly_u2 on ft_ee_net_values_ytd fenvy

                    </span>

                    <span class="est">
                        (cost=0.00..447.03
                        rows=11230
                        width=71)
                    </span>

                    <span class="act">
                        (actual
                        time=0.007..2.557
                        rows=8422
                        loops=144)
                    </span>
                </p>

                    <ul class="ex-nfo">
                            <li>Index Cond: ((ee_er_id = 100) AND ((process_year)::text = (fst.taxyear)::text))</li>
                    </ul>

            </div>
        </td>
    </tr>














            






    <tr id="l84" class="n even c-m" data-node_id="83" data-node_parent="56" data-level="11" data-e="1" data-i="1" data-x="1">
        <td class="u "><a href="#l84">84.</a></td>
        <td class="e c-1">
            <span>202.136</span>
        </td>
        <td class="i c-1">
            <span>202.136</span>
        </td>
        <td class="x c-1">
            <span>
                &uarr;
                1.0
            </span>
        </td>
        <td class="r"><span>1</span></td>
        <td class="l"><span>101068</span></td>
        <td class="n">
            <div class="n" style="margin-left:264px">

                <div class="ico">&rarr;</div>

                <p>
                    <span class="node">

                        Index Scan

                            using ft_ee_p on ft_employees fee

                    </span>

                    <span class="est">
                        (cost=0.00..0.31
                        rows=1
                        width=8)
                    </span>

                    <span class="act">
                        (actual
                        time=0.002..0.002
                        rows=1
                        loops=101068)
                    </span>
                </p>

                    <ul class="ex-nfo">
                            <li>Index Cond: (ee_id = fenvy.ee_id)</li>
                            <li>Filter: (((ee_sys_status)::text &lt;&gt; &#39;D&#39;::text) AND (ee_er_id = 100))</li>
                    </ul>

            </div>
        </td>
    </tr>














            






    <tr id="l85" class="n odd c-m" data-node_id="84" data-node_parent="54" data-level="9" data-e="1" data-i="1" data-x="2">
        <td class="u "><a href="#l85">85.</a></td>
        <td class="e c-1">
            <span>0.003</span>
        </td>
        <td class="i c-1">
            <span>0.015</span>
        </td>
        <td class="x c-2">
            <span>
                &darr;
                12.0
            </span>
        </td>
        <td class="r"><span>12</span></td>
        <td class="l"><span>1</span></td>
        <td class="n">
            <div class="n" style="margin-left:220px">

                <div class="ico">&rarr;</div>

                <p>
                    <span class="node">

                        Hash


                    </span>

                    <span class="est">
                        (cost=1.18..1.18
                        rows=1
                        width=28)
                    </span>

                    <span class="act">
                        (actual
                        time=0.015..0.015
                        rows=12
                        loops=1)
                    </span>
                </p>

                    <ul class="ex-nfo">
                            <li>Buckets: 1024  Batches: 1  Memory Usage: 1kB</li>
                    </ul>

            </div>
        </td>
    </tr>





            






    <tr id="l86" class="n even c-m" data-node_id="85" data-node_parent="84" data-level="10" data-e="1" data-i="1" data-x="2">
        <td class="u "><a href="#l86">86.</a></td>
        <td class="e c-1">
            <span>0.012</span>
        </td>
        <td class="i c-1">
            <span>0.012</span>
        </td>
        <td class="x c-2">
            <span>
                &darr;
                12.0
            </span>
        </td>
        <td class="r"><span>12</span></td>
        <td class="l"><span>1</span></td>
        <td class="n">
            <div class="n" style="margin-left:242px">

                <div class="ico">&rarr;</div>

                <p>
                    <span class="node">

                        Seq Scan

                            on ft_sys_tax_weeks fstw

                    </span>

                    <span class="est">
                        (cost=0.00..1.18
                        rows=1
                        width=28)
                    </span>

                    <span class="act">
                        (actual
                        time=0.008..0.012
                        rows=12
                        loops=1)
                    </span>
                </p>

                    <ul class="ex-nfo">
                            <li>Filter: ((month &gt;= 1) AND (month &lt;= 12))</li>
                    </ul>

            </div>
        </td>
    </tr>














            






    <tr id="l87" class="n odd c-m" data-node_id="86" data-node_parent="53" data-level="8" data-e="1" data-i="1" data-x="1">
        <td class="u "><a href="#l87">87.</a></td>
        <td class="e c-1">
            <span>273.262</span>
        </td>
        <td class="i c-1">
            <span>273.262</span>
        </td>
        <td class="x c-1">
            <span>
                &darr;
                7.3
            </span>
        </td>
        <td class="r"><span>82054</span></td>
        <td class="l"><span>11</span></td>
        <td class="n">
            <div class="n" style="margin-left:198px">

                <div class="ico">&rarr;</div>

                <p>
                    <span class="node">

                        Index Scan

                            using ft_enetvaly_u2 on ft_ee_net_values_ytd fenvy

                    </span>

                    <span class="est">
                        (cost=0.00..376.21
                        rows=11230
                        width=58)
                    </span>

                    <span class="act">
                        (actual
                        time=0.034..24.842
                        rows=82054
                        loops=11)
                    </span>
                </p>

                    <ul class="ex-nfo">
                            <li>Index Cond: ((ee_er_id = 100) AND ((process_year)::text = (fenvy.process_year)::text))</li>
                    </ul>

            </div>
        </td>
    </tr>











            






    <tr id="l88" class="n even c-m" data-node_id="87" data-node_parent="52" data-level="7" data-e="1" data-i="1" data-x="1">
        <td class="u "><a href="#l88">88.</a></td>
        <td class="e c-1">
            <span>0.002</span>
        </td>
        <td class="i c-1">
            <span>0.017</span>
        </td>
        <td class="x c-1">
            <span>
                &uarr;
                1.0
            </span>
        </td>
        <td class="r"><span>1</span></td>
        <td class="l"><span>1</span></td>
        <td class="n">
            <div class="n" style="margin-left:176px">

                <div class="ico">&rarr;</div>

                <p>
                    <span class="node">

                        Hash


                    </span>

                    <span class="est">
                        (cost=8.27..8.27
                        rows=1
                        width=13)
                    </span>

                    <span class="act">
                        (actual
                        time=0.017..0.017
                        rows=1
                        loops=1)
                    </span>
                </p>

                    <ul class="ex-nfo">
                            <li>Buckets: 1024  Batches: 1  Memory Usage: 1kB</li>
                    </ul>

            </div>
        </td>
    </tr>





            






    <tr id="l89" class="n odd c-m" data-node_id="88" data-node_parent="87" data-level="8" data-e="1" data-i="1" data-x="1">
        <td class="u "><a href="#l89">89.</a></td>
        <td class="e c-1">
            <span>0.015</span>
        </td>
        <td class="i c-1">
            <span>0.015</span>
        </td>
        <td class="x c-1">
            <span>
                &uarr;
                1.0
            </span>
        </td>
        <td class="r"><span>1</span></td>
        <td class="l"><span>1</span></td>
        <td class="n">
            <div class="n" style="margin-left:198px">

                <div class="ico">&rarr;</div>

                <p>
                    <span class="node">

                        Index Scan

                            using ft_er_u1 on ft_employers fer

                    </span>

                    <span class="est">
                        (cost=0.00..8.27
                        rows=1
                        width=13)
                    </span>

                    <span class="act">
                        (actual
                        time=0.014..0.015
                        rows=1
                        loops=1)
                    </span>
                </p>

                    <ul class="ex-nfo">
                            <li>Index Cond: (er_id = 100)</li>
                    </ul>

            </div>
        </td>
    </tr>














            






    <tr id="l90" class="n even c-m" data-node_id="89" data-node_parent="51" data-level="6" data-e="1" data-i="1" data-x="1">
        <td class="u "><a href="#l90">90.</a></td>
        <td class="e c-1">
            <span>200.128</span>
        </td>
        <td class="i c-1">
            <span>200.128</span>
        </td>
        <td class="x c-1">
            <span>
                &uarr;
                1.0
            </span>
        </td>
        <td class="r"><span>1</span></td>
        <td class="l"><span>100064</span></td>
        <td class="n">
            <div class="n" style="margin-left:154px">

                <div class="ico">&rarr;</div>

                <p>
                    <span class="node">

                        Index Scan

                            using ft_ee_p on ft_employees fee

                    </span>

                    <span class="est">
                        (cost=0.00..0.31
                        rows=1
                        width=8)
                    </span>

                    <span class="act">
                        (actual
                        time=0.002..0.002
                        rows=1
                        loops=100064)
                    </span>
                </p>

                    <ul class="ex-nfo">
                            <li>Index Cond: (ee_id = fenvy.ee_id)</li>
                            <li>Filter: (((ee_sys_status)::text &lt;&gt; &#39;D&#39;::text) AND (ee_er_id = 100))</li>
                    </ul>

            </div>
        </td>
    </tr>


























            </tbody>
        </table>
    </div>

    <div class="result-text hidden">
        <pre id="source">Sort  (cost=6336.46..6336.49 rows=13 width=580) (actual time=7858.776..7858.776 rows=13 loops=1)

  Sort Key: a.month

  Sort Method: quicksort  Memory: 26kB

  -&gt;  HashAggregate  (cost=6336.09..6336.22 rows=13 width=580) (actual time=7858.751..7858.757 rows=13 loops=1)

        -&gt;  Append  (cost=3167.93..6335.47 rows=13 width=580) (actual time=3939.044..7858.727 rows=13 loops=1)

              -&gt;  GroupAggregate  (cost=3167.93..3168.70 rows=12 width=580) (actual time=3939.044..3939.088 rows=12 loops=1)

                    -&gt;  Merge Left Join  (cost=3167.93..3168.01 rows=12 width=580) (actual time=3939.033..3939.042 rows=12 loops=1)

                          Merge Cond: (a.month = b.month)

                          -&gt;  Sort  (cost=1.34..1.37 rows=12 width=4) (actual time=0.027..0.028 rows=12 loops=1)

                                Sort Key: a.month

                                Sort Method: quicksort  Memory: 25kB

                                -&gt;  Seq Scan on ft_sys_tax_weeks a  (cost=0.00..1.12 rows=12 width=4) (actual time=0.017..0.018 rows=12 loops=1)

                          -&gt;  Sort  (cost=3166.60..3166.60 rows=1 width=580) (actual time=3939.000..3939.000 rows=9 loops=1)

                                Sort Key: b.month

                                Sort Method: quicksort  Memory: 26kB

                                -&gt;  Subquery Scan on b  (cost=3166.57..3166.59 rows=1 width=580) (actual time=3938.977..3938.989 rows=9 loops=1)

                                      -&gt;  HashAggregate  (cost=3166.57..3166.58 rows=1 width=404) (actual time=3938.976..3938.986 rows=9 loops=1)

                                            -&gt;  Nested Loop  (cost=1434.94..3166.51 rows=1 width=404) (actual time=2291.255..3625.525 rows=90018 loops=1)

                                                  -&gt;  Hash Join  (cost=1434.94..3166.18 rows=1 width=412) (actual time=2291.238..3380.436 rows=100064 loops=1)

                                                        Hash Cond: ((fenvy.process_year)::text = (fer.er_cur_taxyear)::text)

                                                        -&gt;  Nested Loop  (cost=1426.66..3157.83 rows=18 width=417) (actual time=2289.550..3337.542 rows=101066 loops=1)

                                                              Join Filter: (((fenvy.process_period = fstw.month) AND ((fenvy.ee_pay_freq)::text = &#39;M&#39;::text)) OR ((fenvy.process_period &gt;= fstw.wk_start) AND (fenvy.process_period &lt;= fstw.wk_end) AND ((fenvy.ee_pay_freq)::text = &#39;W&#39;::text)) OR ((fenvy.process_period &gt;= fstw.tw_start) AND (fenvy.process_period &lt;= fstw.tw_end) AND ((fenvy.ee_pay_freq)::text = &#39;N&#39;::text)) OR ((fenvy.process_period &gt;= fstw.fw_start) AND (fenvy.process_period &lt;= fstw.fw_end) AND ((fenvy.ee_pay_freq)::text = &#39;F&#39;::text)))

                                                              -&gt;  Hash Join  (cost=1426.66..1507.01 rows=2 width=393) (actual time=2289.504..2289.967 rows=11 loops=1)

                                                                    Hash Cond: (fstw.month = fstw.month)

                                                                    -&gt;  HashAggregate  (cost=1425.47..1500.86 rows=359 width=357) (actual time=2289.486..2289.928 rows=11 loops=1)

                                                                          -&gt;  Nested Loop  (cost=5.49..1375.21 rows=359 width=357) (actual time=4.942..1803.139 rows=91020 loops=1)

                                                                                -&gt;  Nested Loop  (cost=5.49..1066.29 rows=971 width=361) (actual time=4.931..1545.676 rows=101068 loops=1)

                                                                                      -&gt;  Index Scan using ft_eropt_p on ft_er_options feo  (cost=0.00..8.27 rows=1 width=6) (actual time=0.019..0.020 rows=1 loops=1)

                                                                                            Index Cond: (er_id = 100)

                                                                                      -&gt;  Nested Loop  (cost=5.49..1048.31 rows=971 width=359) (actual time=4.909..1524.889 rows=101068 loops=1)

                                                                                            Join Filter: (((fenvy.ee_ssp &lt;= 0::numeric) AND (((fenvy.process_period = fstw.month) AND ((fenvy.ee_pay_freq)::text = &#39;M&#39;::text)) OR ((fenvy.process_period &gt;= fstw.wk_start) AND (fenvy.process_period &lt;= fstw.wk_end) AND ((fenvy.ee_pay_freq)::text = &#39;W&#39;::text)) OR ((fenvy.process_period &gt;= fstw.tw_start) AND (fenvy.process_period &lt;= fstw.tw_end) AND ((fenvy.ee_pay_freq)::text = &#39;N&#39;::text)) OR ((fenvy.process_period &gt;= fstw.fw_start) AND (fenvy.process_period &lt;= fstw.fw_end) AND ((fenvy.ee_pay_freq)::text = &#39;F&#39;::text)))) OR ((fenvy.ee_ssp &gt; 0::numeric) AND (fenvy.process_date &gt;= fstd.month_start_date) AND (fenvy.process_date &lt;= fstd.month_end_date)))

                                                                                            -&gt;  Nested Loop  (cost=5.49..39.78 rows=1 width=364) (actual time=0.153..2.922 rows=144 loops=1)

                                                                                                  -&gt;  Nested Loop  (cost=5.49..39.50 rows=1 width=336) (actual time=0.135..2.586 rows=144 loops=1)

                                                                                                        Join Filter: (fst.taxyear_id = spb.spp_bir_taxyear_id)

                                                                                                        -&gt;  Nested Loop  (cost=5.49..38.25 rows=1 width=276) (actual time=0.127..1.952 rows=144 loops=1)

                                                                                                              Join Filter: (fst.taxyear_id = spa.spp_adp_taxyear_id)

                                                                                                              -&gt;  Nested Loop  (cost=5.49..37.00 rows=1 width=216) (actual time=0.120..1.285 rows=144 loops=1)

                                                                                                                    Join Filter: (fstd.month = fstw.month)

                                                                                                                    -&gt;  Nested Loop  (cost=5.49..35.61 rows=14 width=192) (actual time=0.109..0.930 rows=144 loops=1)

                                                                                                                          Join Filter: (ssp.ssp_taxyear_id = fst.taxyear_id)

                                                                                                                          -&gt;  Nested Loop  (cost=5.49..32.16 rows=14 width=154) (actual time=0.100..0.595 rows=144 loops=1)

                                                                                                                                Join Filter: (ssp.ssp_taxyear_id = sap.sap_taxyear_id)

                                                                                                                                -&gt;  Hash Join  (cost=5.49..28.72 rows=14 width=94) (actual time=0.087..0.211 rows=144 loops=1)

                                                                                                                                      Hash Cond: (aspb.aspp_bir_taxyear_id = ssp.ssp_taxyear_id)

                                                                                                                                      -&gt;  Hash Join  (cost=4.24..26.38 rows=252 width=76) (actual time=0.068..0.124 rows=144 loops=1)

                                                                                                                                            Hash Cond: (aspb.aspp_bir_taxyear_id = fstd.taxyear_id)

                                                                                                                                            -&gt;  Seq Scan on ft_sys_aspp_bir aspb  (cost=0.00..13.50 rows=350 width=60) (actual time=0.006..0.007 rows=12 loops=1)

                                                                                                                                            -&gt;  Hash  (cost=2.44..2.44 rows=144 width=16) (actual time=0.053..0.053 rows=144 loops=1)

                                                                                                                                                  Buckets: 1024  Batches: 1  Memory Usage: 7kB

                                                                                                                                                  -&gt;  Seq Scan on ft_sys_taxyear_details fstd  (cost=0.00..2.44 rows=144 width=16) (actual time=0.008..0.021 rows=144 loops=1)

                                                                                                                                      -&gt;  Hash  (cost=1.11..1.11 rows=11 width=18) (actual time=0.012..0.012 rows=12 loops=1)

                                                                                                                                            Buckets: 1024  Batches: 1  Memory Usage: 1kB

                                                                                                                                            -&gt;  Seq Scan on ft_sys_ssp ssp  (cost=0.00..1.11 rows=11 width=18) (actual time=0.007..0.008 rows=12 loops=1)

                                                                                                                                -&gt;  Materialize  (cost=0.00..1.17 rows=11 width=60) (actual time=0.000..0.001 rows=12 loops=144)

                                                                                                                                      -&gt;  Seq Scan on ft_sys_sap sap  (cost=0.00..1.11 rows=11 width=60) (actual time=0.008..0.009 rows=12 loops=1)

                                                                                                                          -&gt;  Materialize  (cost=0.00..1.17 rows=11 width=38) (actual time=0.000..0.001 rows=12 loops=144)

                                                                                                                                -&gt;  Seq Scan on ft_sys_taxyear fst  (cost=0.00..1.11 rows=11 width=38) (actual time=0.006..0.007 rows=12 loops=1)

                                                                                                                    -&gt;  Materialize  (cost=0.00..1.18 rows=1 width=28) (actual time=0.000..0.001 rows=12 loops=144)

                                                                                                                          -&gt;  Seq Scan on ft_sys_tax_weeks fstw  (cost=0.00..1.18 rows=1 width=28) (actual time=0.002..0.002 rows=12 loops=1)

                                                                                                                                Filter: ((month &gt;= 1) AND (month &lt;= 12))

                                                                                                              -&gt;  Seq Scan on ft_sys_spp_adp spa  (cost=0.00..1.11 rows=11 width=60) (actual time=0.001..0.002 rows=12 loops=144)

                                                                                                        -&gt;  Seq Scan on ft_sys_spp_bir spb  (cost=0.00..1.11 rows=11 width=60) (actual time=0.001..0.001 rows=12 loops=144)

                                                                                                  -&gt;  Index Scan using ft_ssmp_u1 on ft_sys_smp smp  (cost=0.00..0.27 rows=1 width=60) (actual time=0.001..0.001 rows=1 loops=144)

                                                                                                        Index Cond: (smp_taxyear_id = fst.taxyear_id)

                                                                                            -&gt;  Index Scan using ft_enetvaly_u2 on ft_ee_net_values_ytd fenvy  (cost=0.00..447.03 rows=11230 width=71) (actual time=0.007..2.588 rows=8422 loops=144)

                                                                                                  Index Cond: ((ee_er_id = 100) AND ((process_year)::text = (fst.taxyear)::text))

                                                                                -&gt;  Index Scan using ft_ee_p on ft_employees fee  (cost=0.00..0.31 rows=1 width=8) (actual time=0.002..0.002 rows=1 loops=101068)

                                                                                      Index Cond: (ee_id = fenvy.ee_id)

                                                                                      Filter: (((ee_sys_status)::text &lt;&gt; &#39;D&#39;::text) AND (ee_er_id = 100))

                                                                    -&gt;  Hash  (cost=1.18..1.18 rows=1 width=28) (actual time=0.010..0.010 rows=12 loops=1)

                                                                          Buckets: 1024  Batches: 1  Memory Usage: 1kB

                                                                          -&gt;  Seq Scan on ft_sys_tax_weeks fstw  (cost=0.00..1.18 rows=1 width=28) (actual time=0.004..0.008 rows=12 loops=1)

                                                                                Filter: ((month &gt;= 1) AND (month &lt;= 12))

                                                              -&gt;  Index Scan using ft_enetvaly_u2 on ft_ee_net_values_ytd fenvy  (cost=0.00..376.21 rows=11230 width=58) (actual time=0.033..24.888 rows=82054 loops=11)

                                                                    Index Cond: ((ee_er_id = 100) AND ((process_year)::text = (fenvy.process_year)::text))

                                                        -&gt;  Hash  (cost=8.27..8.27 rows=1 width=13) (actual time=0.026..0.026 rows=1 loops=1)

                                                              Buckets: 1024  Batches: 1  Memory Usage: 1kB

                                                              -&gt;  Index Scan using ft_er_u1 on ft_employers fer  (cost=0.00..8.27 rows=1 width=13) (actual time=0.020..0.020 rows=1 loops=1)

                                                                    Index Cond: (er_id = 100)

                                                  -&gt;  Index Scan using ft_ee_p on ft_employees fee  (cost=0.00..0.31 rows=1 width=8) (actual time=0.002..0.002 rows=1 loops=100064)

                                                        Index Cond: (ee_id = fenvy.ee_id)

                                                        Filter: (((ee_sys_status)::text &lt;&gt; &#39;D&#39;::text) AND (ee_er_id = 100))

              -&gt;  Aggregate  (cost=3166.63..3166.64 rows=1 width=576) (actual time=3919.636..3919.636 rows=1 loops=1)

                    -&gt;  HashAggregate  (cost=3166.57..3166.58 rows=1 width=404) (actual time=3919.577..3919.586 rows=9 loops=1)

                          -&gt;  Nested Loop  (cost=1434.94..3166.51 rows=1 width=404) (actual time=2274.668..3606.527 rows=90018 loops=1)

                                -&gt;  Hash Join  (cost=1434.94..3166.18 rows=1 width=412) (actual time=2274.652..3359.900 rows=100064 loops=1)

                                      Hash Cond: ((fenvy.process_year)::text = (fer.er_cur_taxyear)::text)

                                      -&gt;  Nested Loop  (cost=1426.66..3157.83 rows=18 width=417) (actual time=2272.961..3319.091 rows=101066 loops=1)

                                            Join Filter: (((fenvy.process_period = fstw.month) AND ((fenvy.ee_pay_freq)::text = &#39;M&#39;::text)) OR ((fenvy.process_period &gt;= fstw.wk_start) AND (fenvy.process_period &lt;= fstw.wk_end) AND ((fenvy.ee_pay_freq)::text = &#39;W&#39;::text)) OR ((fenvy.process_period &gt;= fstw.tw_start) AND (fenvy.process_period &lt;= fstw.tw_end) AND ((fenvy.ee_pay_freq)::text = &#39;N&#39;::text)) OR ((fenvy.process_period &gt;= fstw.fw_start) AND (fenvy.process_period &lt;= fstw.fw_end) AND ((fenvy.ee_pay_freq)::text = &#39;F&#39;::text)))

                                            -&gt;  Hash Join  (cost=1426.66..1507.01 rows=2 width=393) (actual time=2272.915..2273.383 rows=11 loops=1)

                                                  Hash Cond: (fstw.month = fstw.month)

                                                  -&gt;  HashAggregate  (cost=1425.47..1500.86 rows=359 width=357) (actual time=2272.890..2273.334 rows=11 loops=1)

                                                        -&gt;  Nested Loop  (cost=5.49..1375.21 rows=359 width=357) (actual time=4.804..1792.009 rows=91020 loops=1)

                                                              -&gt;  Nested Loop  (cost=5.49..1066.29 rows=971 width=361) (actual time=4.797..1539.208 rows=101068 loops=1)

                                                                    -&gt;  Index Scan using ft_eropt_p on ft_er_options feo  (cost=0.00..8.27 rows=1 width=6) (actual time=0.008..0.009 rows=1 loops=1)

                                                                          Index Cond: (er_id = 100)

                                                                    -&gt;  Nested Loop  (cost=5.49..1048.31 rows=971 width=359) (actual time=4.783..1518.713 rows=101068 loops=1)

                                                                          Join Filter: (((fenvy.ee_ssp &lt;= 0::numeric) AND (((fenvy.process_period = fstw.month) AND ((fenvy.ee_pay_freq)::text = &#39;M&#39;::text)) OR ((fenvy.process_period &gt;= fstw.wk_start) AND (fenvy.process_period &lt;= fstw.wk_end) AND ((fenvy.ee_pay_freq)::text = &#39;W&#39;::text)) OR ((fenvy.process_period &gt;= fstw.tw_start) AND (fenvy.process_period &lt;= fstw.tw_end) AND ((fenvy.ee_pay_freq)::text = &#39;N&#39;::text)) OR ((fenvy.process_period &gt;= fstw.fw_start) AND (fenvy.process_period &lt;= fstw.fw_end) AND ((fenvy.ee_pay_freq)::text = &#39;F&#39;::text)))) OR ((fenvy.ee_ssp &gt; 0::numeric) AND (fenvy.process_date &gt;= fstd.month_start_date) AND (fenvy.process_date &lt;= fstd.month_end_date)))

                                                                          -&gt;  Nested Loop  (cost=5.49..39.78 rows=1 width=364) (actual time=0.146..2.908 rows=144 loops=1)

                                                                                -&gt;  Nested Loop  (cost=5.49..39.50 rows=1 width=336) (actual time=0.134..2.577 rows=144 loops=1)

                                                                                      Join Filter: (fst.taxyear_id = spb.spp_bir_taxyear_id)

                                                                                      -&gt;  Nested Loop  (cost=5.49..38.25 rows=1 width=276) (actual time=0.129..1.941 rows=144 loops=1)

                                                                                            Join Filter: (fst.taxyear_id = spa.spp_adp_taxyear_id)

                                                                                            -&gt;  Nested Loop  (cost=5.49..37.00 rows=1 width=216) (actual time=0.122..1.284 rows=144 loops=1)

                                                                                                  Join Filter: (fstd.month = fstw.month)

                                                                                                  -&gt;  Nested Loop  (cost=5.49..35.61 rows=14 width=192) (actual time=0.111..0.937 rows=144 loops=1)

                                                                                                        Join Filter: (ssp.ssp_taxyear_id = fst.taxyear_id)

                                                                                                        -&gt;  Nested Loop  (cost=5.49..32.16 rows=14 width=154) (actual time=0.102..0.593 rows=144 loops=1)

                                                                                                              Join Filter: (ssp.ssp_taxyear_id = sap.sap_taxyear_id)

                                                                                                              -&gt;  Hash Join  (cost=5.49..28.72 rows=14 width=94) (actual time=0.092..0.206 rows=144 loops=1)

                                                                                                                    Hash Cond: (aspb.aspp_bir_taxyear_id = ssp.ssp_taxyear_id)

                                                                                                                    -&gt;  Hash Join  (cost=4.24..26.38 rows=252 width=76) (actual time=0.070..0.113 rows=144 loops=1)

                                                                                                                          Hash Cond: (aspb.aspp_bir_taxyear_id = fstd.taxyear_id)

                                                                                                                          -&gt;  Seq Scan on ft_sys_aspp_bir aspb  (cost=0.00..13.50 rows=350 width=60) (actual time=0.004..0.004 rows=12 loops=1)

                                                                                                                          -&gt;  Hash  (cost=2.44..2.44 rows=144 width=16) (actual time=0.048..0.048 rows=144 loops=1)

                                                                                                                                Buckets: 1024  Batches: 1  Memory Usage: 7kB

                                                                                                                                -&gt;  Seq Scan on ft_sys_taxyear_details fstd  (cost=0.00..2.44 rows=144 width=16) (actual time=0.007..0.024 rows=144 loops=1)

                                                                                                                    -&gt;  Hash  (cost=1.11..1.11 rows=11 width=18) (actual time=0.011..0.011 rows=12 loops=1)

                                                                                                                          Buckets: 1024  Batches: 1  Memory Usage: 1kB

                                                                                                                          -&gt;  Seq Scan on ft_sys_ssp ssp  (cost=0.00..1.11 rows=11 width=18) (actual time=0.006..0.008 rows=12 loops=1)

                                                                                                              -&gt;  Materialize  (cost=0.00..1.17 rows=11 width=60) (actual time=0.000..0.001 rows=12 loops=144)

                                                                                                                    -&gt;  Seq Scan on ft_sys_sap sap  (cost=0.00..1.11 rows=11 width=60) (actual time=0.006..0.007 rows=12 loops=1)

                                                                                                        -&gt;  Materialize  (cost=0.00..1.17 rows=11 width=38) (actual time=0.000..0.001 rows=12 loops=144)

                                                                                                              -&gt;  Seq Scan on ft_sys_taxyear fst  (cost=0.00..1.11 rows=11 width=38) (actual time=0.005..0.007 rows=12 loops=1)

                                                                                                  -&gt;  Materialize  (cost=0.00..1.18 rows=1 width=28) (actual time=0.000..0.001 rows=12 loops=144)

                                                                                                        -&gt;  Seq Scan on ft_sys_tax_weeks fstw  (cost=0.00..1.18 rows=1 width=28) (actual time=0.003..0.005 rows=12 loops=1)

                                                                                                              Filter: ((month &gt;= 1) AND (month &lt;= 12))

                                                                                            -&gt;  Seq Scan on ft_sys_spp_adp spa  (cost=0.00..1.11 rows=11 width=60) (actual time=0.001..0.001 rows=12 loops=144)

                                                                                      -&gt;  Seq Scan on ft_sys_spp_bir spb  (cost=0.00..1.11 rows=11 width=60) (actual time=0.000..0.001 rows=12 loops=144)

                                                                                -&gt;  Index Scan using ft_ssmp_u1 on ft_sys_smp smp  (cost=0.00..0.27 rows=1 width=60) (actual time=0.001..0.001 rows=1 loops=144)

                                                                                      Index Cond: (smp_taxyear_id = fst.taxyear_id)

                                                                          -&gt;  Index Scan using ft_enetvaly_u2 on ft_ee_net_values_ytd fenvy  (cost=0.00..447.03 rows=11230 width=71) (actual time=0.007..2.557 rows=8422 loops=144)

                                                                                Index Cond: ((ee_er_id = 100) AND ((process_year)::text = (fst.taxyear)::text))

                                                              -&gt;  Index Scan using ft_ee_p on ft_employees fee  (cost=0.00..0.31 rows=1 width=8) (actual time=0.002..0.002 rows=1 loops=101068)

                                                                    Index Cond: (ee_id = fenvy.ee_id)

                                                                    Filter: (((ee_sys_status)::text &lt;&gt; &#39;D&#39;::text) AND (ee_er_id = 100))

                                                  -&gt;  Hash  (cost=1.18..1.18 rows=1 width=28) (actual time=0.015..0.015 rows=12 loops=1)

                                                        Buckets: 1024  Batches: 1  Memory Usage: 1kB

                                                        -&gt;  Seq Scan on ft_sys_tax_weeks fstw  (cost=0.00..1.18 rows=1 width=28) (actual time=0.008..0.012 rows=12 loops=1)

                                                              Filter: ((month &gt;= 1) AND (month &lt;= 12))

                                            -&gt;  Index Scan using ft_enetvaly_u2 on ft_ee_net_values_ytd fenvy  (cost=0.00..376.21 rows=11230 width=58) (actual time=0.034..24.842 rows=82054 loops=11)

                                                  Index Cond: ((ee_er_id = 100) AND ((process_year)::text = (fenvy.process_year)::text))

                                      -&gt;  Hash  (cost=8.27..8.27 rows=1 width=13) (actual time=0.017..0.017 rows=1 loops=1)

                                            Buckets: 1024  Batches: 1  Memory Usage: 1kB

                                            -&gt;  Index Scan using ft_er_u1 on ft_employers fer  (cost=0.00..8.27 rows=1 width=13) (actual time=0.014..0.015 rows=1 loops=1)

                                                  Index Cond: (er_id = 100)

                                -&gt;  Index Scan using ft_ee_p on ft_employees fee  (cost=0.00..0.31 rows=1 width=8) (actual time=0.002..0.002 rows=1 loops=100064)

                                      Index Cond: (ee_id = fenvy.ee_id)

                                      Filter: (((ee_sys_status)::text &lt;&gt; &#39;D&#39;::text) AND (ee_er_id = 100))

Total runtime: 7860.459 ms</pre>
    </div>

    <div class="result-stats hidden">
        <h1>Per node type stats</h1>
        <table class="stats">
            <thead>
            <tr><th>node type</th><th>count</th><th>sum of times</th><th>% of query</th></tr>
            </thead>
            <tbody>
                <tr class="table-detail">
                <td class="node-type">Aggregate</td>
                <td class="count">1</td>
                <td class="time">0.050 ms</td>
                <td class="percent">
                    
                    
                    
                    0.0 %
                </td>
                </tr>
                <tr class="table-detail">
                <td class="node-type">Append</td>
                <td class="count">1</td>
                <td class="time">0.003 ms</td>
                <td class="percent">
                    
                    
                    
                    0.0 %
                </td>
                </tr>
                <tr class="table-detail">
                <td class="node-type">GroupAggregate</td>
                <td class="count">1</td>
                <td class="time">0.046 ms</td>
                <td class="percent">
                    
                    
                    
                    0.0 %
                </td>
                </tr>
                <tr class="table-detail">
                <td class="node-type">Hash</td>
                <td class="count">8</td>
                <td class="time">0.076 ms</td>
                <td class="percent">
                    
                    
                    
                    0.0 %
                </td>
                </tr>
                <tr class="table-detail">
                <td class="node-type">Hash Join</td>
                <td class="count">8</td>
                <td class="time">84.005 ms</td>
                <td class="percent">
                    
                    
                    
                    1.1 %
                </td>
                </tr>
                <tr class="table-detail">
                <td class="node-type">HashAggregate</td>
                <td class="count">5</td>
                <td class="time">1594.664 ms</td>
                <td class="percent">
                    
                    
                    
                    20.3 %
                </td>
                </tr>
                <tr class="table-detail">
                <td class="node-type">Index Scan</td>
                <td class="count">14</td>
                <td class="time">2092.790 ms</td>
                <td class="percent">
                    
                    
                    
                    26.6 %
                </td>
                </tr>
                <tr class="table-detail">
                <td class="node-type">Materialize</td>
                <td class="count">6</td>
                <td class="time">0.827 ms</td>
                <td class="percent">
                    
                    
                    
                    0.0 %
                </td>
                </tr>
                <tr class="table-detail">
                <td class="node-type">Merge Left Join</td>
                <td class="count">1</td>
                <td class="time">0.014 ms</td>
                <td class="percent">
                    
                    
                    
                    0.0 %
                </td>
                </tr>
                <tr class="table-detail">
                <td class="node-type">Nested Loop</td>
                <td class="count">22</td>
                <td class="time">4085.391 ms</td>
                <td class="percent">
                    
                    
                    
                    52.0 %
                </td>
                </tr>
                <tr class="table-detail">
                <td class="node-type">Seq Scan</td>
                <td class="count">19</td>
                <td class="time">0.867 ms</td>
                <td class="percent">
                    
                    
                    
                    0.0 %
                </td>
                </tr>
                <tr class="table-detail">
                <td class="node-type">Sort</td>
                <td class="count">3</td>
                <td class="time">0.040 ms</td>
                <td class="percent">
                    
                    
                    
                    0.0 %
                </td>
                </tr>
                <tr class="table-detail">
                <td class="node-type">Subquery Scan on b</td>
                <td class="count">1</td>
                <td class="time">0.003 ms</td>
                <td class="percent">
                    
                    
                    
                    0.0 %
                </td>
                </tr>
            </tbody>
        </table>
        <h1>Per table stats</h1>
        <table class="stats">
            <thead>
            <tr><th>Table name</th><th>Scan count</th><th>Total time</th><th>% of query</th></tr>
            <tr><th>scan type</th><th>count</th><th>sum of times</th><th>% of table</th></tr>
            </thead>
            <tbody>
                <tr class="table-summary">
                <td class="table-name">ft_ee_net_values_ytd</td>
                <td class="count">4</td>
                <td class="time">1287.910 ms</td>
                <td class="percent">
                    
                    
                    
                    16.4 %
                </td>
                </tr>
                <tr class="table-detail">
                <td class="scan-type">Index Scan</td>
                <td class="count">4</td>
                <td class="time">1287.910 ms</td>
                <td class="percent">
                    
                    
                    
                    100.0 %
                </td>
                </tr>
                <tr class="table-summary">
                <td class="table-name">ft_employees</td>
                <td class="count">4</td>
                <td class="time">804.528 ms</td>
                <td class="percent">
                    
                    
                    
                    10.2 %
                </td>
                </tr>
                <tr class="table-detail">
                <td class="scan-type">Index Scan</td>
                <td class="count">4</td>
                <td class="time">804.528 ms</td>
                <td class="percent">
                    
                    
                    
                    100.0 %
                </td>
                </tr>
                <tr class="table-summary">
                <td class="table-name">ft_employers</td>
                <td class="count">2</td>
                <td class="time">0.035 ms</td>
                <td class="percent">
                    
                    
                    
                    0.0 %
                </td>
                </tr>
                <tr class="table-detail">
                <td class="scan-type">Index Scan</td>
                <td class="count">2</td>
                <td class="time">0.035 ms</td>
                <td class="percent">
                    
                    
                    
                    100.0 %
                </td>
                </tr>
                <tr class="table-summary">
                <td class="table-name">ft_er_options</td>
                <td class="count">2</td>
                <td class="time">0.029 ms</td>
                <td class="percent">
                    
                    
                    
                    0.0 %
                </td>
                </tr>
                <tr class="table-detail">
                <td class="scan-type">Index Scan</td>
                <td class="count">2</td>
                <td class="time">0.029 ms</td>
                <td class="percent">
                    
                    
                    
                    100.0 %
                </td>
                </tr>
                <tr class="table-summary">
                <td class="table-name">ft_sys_aspp_bir</td>
                <td class="count">2</td>
                <td class="time">0.011 ms</td>
                <td class="percent">
                    
                    
                    
                    0.0 %
                </td>
                </tr>
                <tr class="table-detail">
                <td class="scan-type">Seq Scan</td>
                <td class="count">2</td>
                <td class="time">0.011 ms</td>
                <td class="percent">
                    
                    
                    
                    100.0 %
                </td>
                </tr>
                <tr class="table-summary">
                <td class="table-name">ft_sys_sap</td>
                <td class="count">2</td>
                <td class="time">0.016 ms</td>
                <td class="percent">
                    
                    
                    
                    0.0 %
                </td>
                </tr>
                <tr class="table-detail">
                <td class="scan-type">Seq Scan</td>
                <td class="count">2</td>
                <td class="time">0.016 ms</td>
                <td class="percent">
                    
                    
                    
                    100.0 %
                </td>
                </tr>
                <tr class="table-summary">
                <td class="table-name">ft_sys_smp</td>
                <td class="count">2</td>
                <td class="time">0.288 ms</td>
                <td class="percent">
                    
                    
                    
                    0.0 %
                </td>
                </tr>
                <tr class="table-detail">
                <td class="scan-type">Index Scan</td>
                <td class="count">2</td>
                <td class="time">0.288 ms</td>
                <td class="percent">
                    
                    
                    
                    100.0 %
                </td>
                </tr>
                <tr class="table-summary">
                <td class="table-name">ft_sys_spp_adp</td>
                <td class="count">2</td>
                <td class="time">0.432 ms</td>
                <td class="percent">
                    
                    
                    
                    0.0 %
                </td>
                </tr>
                <tr class="table-detail">
                <td class="scan-type">Seq Scan</td>
                <td class="count">2</td>
                <td class="time">0.432 ms</td>
                <td class="percent">
                    
                    
                    
                    100.0 %
                </td>
                </tr>
                <tr class="table-summary">
                <td class="table-name">ft_sys_spp_bir</td>
                <td class="count">2</td>
                <td class="time">0.288 ms</td>
                <td class="percent">
                    
                    
                    
                    0.0 %
                </td>
                </tr>
                <tr class="table-detail">
                <td class="scan-type">Seq Scan</td>
                <td class="count">2</td>
                <td class="time">0.288 ms</td>
                <td class="percent">
                    
                    
                    
                    100.0 %
                </td>
                </tr>
                <tr class="table-summary">
                <td class="table-name">ft_sys_ssp</td>
                <td class="count">2</td>
                <td class="time">0.016 ms</td>
                <td class="percent">
                    
                    
                    
                    0.0 %
                </td>
                </tr>
                <tr class="table-detail">
                <td class="scan-type">Seq Scan</td>
                <td class="count">2</td>
                <td class="time">0.016 ms</td>
                <td class="percent">
                    
                    
                    
                    100.0 %
                </td>
                </tr>
                <tr class="table-summary">
                <td class="table-name">ft_sys_tax_weeks</td>
                <td class="count">5</td>
                <td class="time">0.045 ms</td>
                <td class="percent">
                    
                    
                    
                    0.0 %
                </td>
                </tr>
                <tr class="table-detail">
                <td class="scan-type">Seq Scan</td>
                <td class="count">5</td>
                <td class="time">0.045 ms</td>
                <td class="percent">
                    
                    
                    
                    100.0 %
                </td>
                </tr>
                <tr class="table-summary">
                <td class="table-name">ft_sys_taxyear</td>
                <td class="count">2</td>
                <td class="time">0.014 ms</td>
                <td class="percent">
                    
                    
                    
                    0.0 %
                </td>
                </tr>
                <tr class="table-detail">
                <td class="scan-type">Seq Scan</td>
                <td class="count">2</td>
                <td class="time">0.014 ms</td>
                <td class="percent">
                    
                    
                    
                    100.0 %
                </td>
                </tr>
                <tr class="table-summary">
                <td class="table-name">ft_sys_taxyear_details</td>
                <td class="count">2</td>
                <td class="time">0.045 ms</td>
                <td class="percent">
                    
                    
                    
                    0.0 %
                </td>
                </tr>
                <tr class="table-detail">
                <td class="scan-type">Seq Scan</td>
                <td class="count">2</td>
                <td class="time">0.045 ms</td>
                <td class="percent">
                    
                    
                    
                    100.0 %
                </td>
                </tr>
            </tbody>
        </table>
    </div>
</div>



            </section>

            <footer>
                <div>
                    <p class="copyright">Copyright &copy; 2009-2013 <a href="mailto:depesz@depesz.com" title="mail me">Hubert &quot;depesz&quot; Lubaczewski</a>, <a href="mailto:lukasz.metys.lewandowski@gmail.com">Łukasz &quot;metys&quot; Lewandowski</a></p>
                    <p class="powered-by">powered by <a href="http://www.mojolicious.org" title="mojolicious web framework">mojolicious</a></p>
                </div>
            </footer>

        </div>
        <!-- /wrapper -->

    </body>
</html>

