http://explain.depesz.com/s/K2U
HTTP/1.1 200 OK
Server: nginx
Date: Thu, 24 Jul 2014 12:17:38 GMT
Content-Type: text/html;charset=utf8
Content-Length: 271426
Connection: close
X-Powered-By: Mojolicious (Perl)

<!doctype html>
<html lang="en">
    <head>
        <meta charset="utf-8" />

        <title>K2U : aa | explain.depesz.com</title>

        <link rel="stylesheet" href="/css/style.css" />

        <!--[if lt IE 9]>
        <script>

            /* html5 elements */
            var elements = ( "abbr,article,aside,audio,cavnas,datalist,"
                           + "details,figure,footer,header,hgroup,mark,"
                           + "menu,meter,output,progress,section,video,"
                           + "time,nav" ).split( ',' );

            for ( var i = 0 ; i < elements.length ; i++ ) {
                document.createElement( elements[ i ] );
            }

        </script>
        <![endif]-->

        <script src="/js/jquery-1.5.1.min.js"></script>

        <script src="/js/jquery.cookie.min.js"></script>

        <script src="/js/explain.js"></script>

        
    <script>
        $( document ).ready( function( ) {

            /* startup */
            $.fn.explain( 'init', $( '#explain-form' ), $( '#explain' ) );

        } );
    </script>

    </head>
    <body class="show">

        <!-- wrapper -->
        <div id="wrapper">

            <header>
                <hgroup>
                    <h1>
                        <a href="/" title="link to: new explain" rel="permalink"><strong>explain</strong>.depesz.com</a>
                    </h1>
                    <h2><span>A tool for finding a real cause for slow queries.</span></h2>
                </hgroup>
            </header>

            <nav>
                <ul>
                    <li class="item item-new-explain">
                        <a href="/" title="link to: new explain" rel="permalink">new explain</a>
                    </li>
                    <li class="item item-history">
                        <a href="/history" title="link to: history" rel="permalink">history</a>
                    </li>
                    <li class="item item-help">
                        <a href="/help" title="link to: help" rel="permalink">help</a>
                    </li>
                    <li class="item item-about">
                        <a href="http://www.depesz.com/index.php/tag/explaindepeszcom/" title="about explain.depesz.com" rel="permalink">about</a>
                    </li>
                    <li class="item item-contact">
                        <a href="/contact" title="link to: contact" rel="permalink">contact</a>
                    </li>
                </ul>
                <ul class="right">
                    <li>
                            <a href="/login" title="link to: login/register" rel="permalink">login</a>
                    </li>
                </ul>
            </nav>

            <section>
                












<h1>Result: K2U : aa</h1>


<div class="explain-form">

    <form id="explain-form" class="hidden" method="get" action="/s/K2U" autocomplete="off">

        <h3>Colorize:</h3>
        <ul>
            <li>
                <input type="radio" name="c" id="ce" value="e" />
                <label for="ce">exclusive</label>
            </li>
            <li>
                <input type="radio" name="c" id="ci" value="i" />
                <label for="ci">inclusive</label>
            </li>
            <li>
                <input type="radio" name="c" id="cx" value="x" />
                <label for="cx">rows x</label>
            </li>
            <li>
                <input type="radio" name="c" id="cm" value="m" checked=&quot;checked&quot; />
                <label for="cm">mixed</label>
            </li>
        </ul>

        <h3>Columns visibility:</h3>
        <ul>
            <li>
                <input type="checkbox" name="vu" id="vu" value="1" checked=&quot;checked&quot; />
                <label for="vu">#</label>
            </li>
            <li>
                <input type="checkbox" name="ve" id="ve" value="1" checked=&quot;checked&quot; />
                <label for="ve">exclusive</label>
            </li>
            <li>
                <input type="checkbox" name="vi" id="vi" value="1" checked=&quot;checked&quot; />
                <label for="vi">inclusive</label>
            </li>
            <li>
                <input type="checkbox" name="vx" id="vx" value="1" checked=&quot;checked&quot; />
                <label for="vx">rows x</label>
            </li>
            <li>
                <input type="checkbox" name="vr" id="vr" value="1" checked=&quot;checked&quot; />
                <label for="vr">rows</label>
            </li>
            <li>
                <input type="checkbox" name="vl" id="vl" value="1" checked=&quot;checked&quot; />
                <label for="vl">loops</label>
            </li>
        </ul>

        <div class="fe fe-buttons">
            <button type="submit" name="save-settings" id="save-settings"><span>Save settings</span></button>
        </div>

    </form>

    <a href="#" onclick="$.fn.explain( 'toggleCfgForm', this ); return false;" onkeypress="return this.onclick( );"><span>options</span></a>

</div>

<div class="result">

    <div class="plea">
        Did it help? Consider supporting us - Bitcoin address: <a href="https://blockchain.info/address/12v2hUztAk2LgzQ9H9LMwuU32urHMjZQnq">12v2hUztAk2LgzQ9H9LMwuU32urHMjZQnq</a>
    </div>


    <div class="tabs">
        <ul class="clearfix">
            <li class="html">
                <a href="#html"
                   title="view HTML"
                   class="current"
                   onclick="$( this ).explain( 'toggleView', 'html', this ); return false;"
                   onkeypress="return this.onclick( );">HTML</a>
            </li>
            <li class="text">
                <a href="#text"
                   title="view plain text"
                   onclick="$( this ).explain( 'toggleView', 'text', this ); return false;"
                   onkeypress="return this.onclick( );">TEXT</a>
            </li>
            <li class="stats">
                <a href="#stats"
                   title="view plan stats"
                   onclick="$( this ).explain( 'toggleView', 'stats', this ); return false;"
                   onkeypress="return this.onclick( );">STATS</a>
            </li>
        </ul>
    </div>

    <div class="result-html">
        <table id="explain">
            <thead>
                <tr>
                    <th class="u">
                        <span>#</span>
                    </th>
                    <th class="e">
                        <a href="#colorize-exclusive"
                            title="colorize rows based on &quot;exclusive&quot;"
                            onclick="$.fn.explain( 'colorize', 'e', this ); return false"
                            onkeypress="return this.onclick( );">exclusive</a>
                    </th>
                    <th class="i">
                        <a href="#colorize-inclusive"
                            title="colorize rows based on &quot;inclusive&quot;"
                            onclick="$.fn.explain( 'colorize', 'i', this ); return false"
                            onkeypress="return this.onclick( );">inclusive</a>
                    </th>
                    <th class="x">
                        <a href="#colorize-rows-x"
                            title="colorize rows based on &quot;rows x&quot;"
                            onclick="$.fn.explain( 'colorize', 'x', this ); return false"
                            onkeypress="return this.onclick( );">rows x</a>
                    </th>
                    <th class="r">
                        <span>rows</span>
                    </th>
                    <th class="l">
                        <span>loops</span>
                    </th>
                    <th class="n">
                        <span>node</span>
                    </th>
                </tr>
            </thead>
            <tbody>
                






    <tr id="l1" class="n odd c-m" data-node_id="0" data-node_parent="" data-level="0" data-e="1" data-i="4" data-x="1">
        <td class="u "><a href="#l1">1.</a></td>
        <td class="e c-1">
            <span>0.005</span>
        </td>
        <td class="i c-4">
            <span>10248.360</span>
        </td>
        <td class="x c-1">
            <span>
                &uarr;
                4.0
            </span>
        </td>
        <td class="r"><span>1</span></td>
        <td class="l"><span>1</span></td>
        <td class="n">
            <div class="n" style="margin-left:22px">

                <div class="ico">&rarr;</div>

                <p>
                    <span class="node">

                        Merge Right Join


                    </span>

                    <span class="est">
                        (cost=256130.91..256332.84
                        rows=4
                        width=109)
                    </span>

                    <span class="act">
                        (actual
                        time=10248.333..10248.360
                        rows=1
                        loops=1)
                    </span>
                </p>

                    <ul class="ex-nfo">
                            <li>Merge Cond: ((ar.req_transaction_id)::text = (ar.req_transaction_id)::text)</li>
                    </ul>

            </div>
        </td>
    </tr>





            






    <tr id="l2" class="n even c-m" data-node_id="1" data-node_parent="0" data-level="1" data-e="1" data-i="2" data-x="3">
        <td class="u "><a href="#l2">2.</a></td>
        <td class="e c-1">
            <span>0.024</span>
        </td>
        <td class="i c-2">
            <span>2302.091</span>
        </td>
        <td class="x c-3">
            <span>
                &uarr;
                430.0
            </span>
        </td>
        <td class="r"><span>1</span></td>
        <td class="l"><span>1</span></td>
        <td class="n">
            <div class="n" style="margin-left:44px">

                <div class="ico">&rarr;</div>

                <p>
                    <span class="node">

                        GroupAggregate


                    </span>

                    <span class="est">
                        (cost=43082.00..43172.62
                        rows=430
                        width=45)
                    </span>

                    <span class="act">
                        (actual
                        time=2302.091..2302.091
                        rows=1
                        loops=1)
                    </span>
                </p>


            </div>
        </td>
    </tr>





            






    <tr id="l3" class="n odd c-m" data-node_id="2" data-node_parent="1" data-level="2" data-e="1" data-i="2" data-x="4">
        <td class="u "><a href="#l3">3.</a></td>
        <td class="e c-1">
            <span>813.001</span>
        </td>
        <td class="i c-2">
            <span>2302.067</span>
        </td>
        <td class="x c-4">
            <span>
                &uarr;
                5683.0
            </span>
        </td>
        <td class="r"><span>2</span></td>
        <td class="l"><span>1</span></td>
        <td class="n">
            <div class="n" style="margin-left:66px">

                <div class="ico">&rarr;</div>

                <p>
                    <span class="node">

                        Sort


                    </span>

                    <span class="est">
                        (cost=43082.00..43110.42
                        rows=11366
                        width=45)
                    </span>

                    <span class="act">
                        (actual
                        time=2302.067..2302.067
                        rows=2
                        loops=1)
                    </span>
                </p>

                    <ul class="ex-nfo">
                            <li>Sort Key: ar.req_transaction_id</li>
                            <li>Sort Method:  quicksort  Memory: 20986kB</li>
                    </ul>

            </div>
        </td>
    </tr>





            






    <tr id="l4" class="n even c-m" data-node_id="3" data-node_parent="2" data-level="3" data-e="1" data-i="2" data-x="2">
        <td class="u "><a href="#l4">4.</a></td>
        <td class="e c-1">
            <span>242.984</span>
        </td>
        <td class="i c-2">
            <span>1489.066</span>
        </td>
        <td class="x c-2">
            <span>
                &darr;
                16.7
            </span>
        </td>
        <td class="r"><span>189968</span></td>
        <td class="l"><span>1</span></td>
        <td class="n">
            <div class="n" style="margin-left:88px">

                <div class="ico">&rarr;</div>

                <p>
                    <span class="node">

                        Merge Join


                    </span>

                    <span class="est">
                        (cost=39818.17..42316.36
                        rows=11366
                        width=45)
                    </span>

                    <span class="act">
                        (actual
                        time=1231.557..1489.066
                        rows=189968
                        loops=1)
                    </span>
                </p>

                    <ul class="ex-nfo">
                            <li>Merge Cond: (((buok.uow_key)::text = (bca.attr_value_1)::text) AND (buok.uow_validation_process_id = ((bc.transaction_id)::bigint)))</li>
                    </ul>

            </div>
        </td>
    </tr>





            






    <tr id="l5" class="n odd c-m" data-node_id="4" data-node_parent="3" data-level="4" data-e="1" data-i="1" data-x="1">
        <td class="u "><a href="#l5">5.</a></td>
        <td class="e c-1">
            <span>6.534</span>
        </td>
        <td class="i c-1">
            <span>8.903</span>
        </td>
        <td class="x c-1">
            <span>
                &uarr;
                1.1
            </span>
        </td>
        <td class="r"><span>792</span></td>
        <td class="l"><span>1</span></td>
        <td class="n">
            <div class="n" style="margin-left:110px">

                <div class="ico">&rarr;</div>

                <p>
                    <span class="node">

                        Sort


                    </span>

                    <span class="est">
                        (cost=162.13..164.41
                        rows=909
                        width=57)
                    </span>

                    <span class="act">
                        (actual
                        time=8.808..8.903
                        rows=792
                        loops=1)
                    </span>
                </p>

                    <ul class="ex-nfo">
                            <li>Sort Key: buok.uow_key, buok.uow_validation_process_id</li>
                            <li>Sort Method:  quicksort  Memory: 145kB</li>
                    </ul>

            </div>
        </td>
    </tr>





            






    <tr id="l6" class="n even c-m" data-node_id="5" data-node_parent="4" data-level="5" data-e="1" data-i="1" data-x="1">
        <td class="u "><a href="#l6">6.</a></td>
        <td class="e c-1">
            <span>0.551</span>
        </td>
        <td class="i c-1">
            <span>2.369</span>
        </td>
        <td class="x c-1">
            <span>
                &uarr;
                1.0
            </span>
        </td>
        <td class="r"><span>909</span></td>
        <td class="l"><span>1</span></td>
        <td class="n">
            <div class="n" style="margin-left:132px">

                <div class="ico">&rarr;</div>

                <p>
                    <span class="node">

                        Hash Join


                    </span>

                    <span class="est">
                        (cost=64.38..117.47
                        rows=909
                        width=57)
                    </span>

                    <span class="act">
                        (actual
                        time=1.211..2.369
                        rows=909
                        loops=1)
                    </span>
                </p>

                    <ul class="ex-nfo">
                            <li>Hash Cond: (u.uow_id = buok.uow_id)</li>
                    </ul>

            </div>
        </td>
    </tr>





            






    <tr id="l7" class="n odd c-m" data-node_id="6" data-node_parent="5" data-level="6" data-e="1" data-i="1" data-x="1">
        <td class="u "><a href="#l7">7.</a></td>
        <td class="e c-1">
            <span>0.483</span>
        </td>
        <td class="i c-1">
            <span>1.138</span>
        </td>
        <td class="x c-1">
            <span>
                &uarr;
                1.0
            </span>
        </td>
        <td class="r"><span>909</span></td>
        <td class="l"><span>1</span></td>
        <td class="n">
            <div class="n" style="margin-left:154px">

                <div class="ico">&rarr;</div>

                <p>
                    <span class="node">

                        Hash Join


                    </span>

                    <span class="est">
                        (cost=24.92..65.51
                        rows=909
                        width=45)
                    </span>

                    <span class="act">
                        (actual
                        time=0.525..1.138
                        rows=909
                        loops=1)
                    </span>
                </p>

                    <ul class="ex-nfo">
                            <li>Hash Cond: (u.uow_validation_process_id = ar.req_id)</li>
                    </ul>

            </div>
        </td>
    </tr>





            






    <tr id="l8" class="n even c-m" data-node_id="7" data-node_parent="6" data-level="7" data-e="1" data-i="1" data-x="1">
        <td class="u "><a href="#l8">8.</a></td>
        <td class="e c-1">
            <span>0.144</span>
        </td>
        <td class="i c-1">
            <span>0.144</span>
        </td>
        <td class="x c-1">
            <span>
                &uarr;
                1.0
            </span>
        </td>
        <td class="r"><span>909</span></td>
        <td class="l"><span>1</span></td>
        <td class="n">
            <div class="n" style="margin-left:176px">

                <div class="ico">&rarr;</div>

                <p>
                    <span class="node">

                        Seq Scan

                            on bck_unit_of_works u

                    </span>

                    <span class="est">
                        (cost=0.00..28.09
                        rows=909
                        width=16)
                    </span>

                    <span class="act">
                        (actual
                        time=0.006..0.144
                        rows=909
                        loops=1)
                    </span>
                </p>


            </div>
        </td>
    </tr>








            






    <tr id="l9" class="n even c-m" data-node_id="8" data-node_parent="6" data-level="7" data-e="1" data-i="1" data-x="1">
        <td class="u "><a href="#l9">9.</a></td>
        <td class="e c-1">
            <span>0.137</span>
        </td>
        <td class="i c-1">
            <span>0.511</span>
        </td>
        <td class="x c-1">
            <span>
                &uarr;
                1.0
            </span>
        </td>
        <td class="r"><span>430</span></td>
        <td class="l"><span>1</span></td>
        <td class="n">
            <div class="n" style="margin-left:176px">

                <div class="ico">&rarr;</div>

                <p>
                    <span class="node">

                        Hash


                    </span>

                    <span class="est">
                        (cost=19.55..19.55
                        rows=430
                        width=45)
                    </span>

                    <span class="act">
                        (actual
                        time=0.511..0.511
                        rows=430
                        loops=1)
                    </span>
                </p>


            </div>
        </td>
    </tr>





            






    <tr id="l10" class="n odd c-m" data-node_id="9" data-node_parent="8" data-level="8" data-e="1" data-i="1" data-x="1">
        <td class="u "><a href="#l10">10.</a></td>
        <td class="e c-1">
            <span>0.196</span>
        </td>
        <td class="i c-1">
            <span>0.374</span>
        </td>
        <td class="x c-1">
            <span>
                &uarr;
                1.0
            </span>
        </td>
        <td class="r"><span>430</span></td>
        <td class="l"><span>1</span></td>
        <td class="n">
            <div class="n" style="margin-left:198px">

                <div class="ico">&rarr;</div>

                <p>
                    <span class="node">

                        Hash Join


                    </span>

                    <span class="est">
                        (cost=1.34..19.55
                        rows=430
                        width=45)
                    </span>

                    <span class="act">
                        (actual
                        time=0.022..0.374
                        rows=430
                        loops=1)
                    </span>
                </p>

                    <ul class="ex-nfo">
                            <li>Hash Cond: (ar.req_user_creation = u.usr_id)</li>
                    </ul>

            </div>
        </td>
    </tr>





            






    <tr id="l11" class="n even c-m" data-node_id="10" data-node_parent="9" data-level="9" data-e="1" data-i="1" data-x="1">
        <td class="u "><a href="#l11">11.</a></td>
        <td class="e c-1">
            <span>0.165</span>
        </td>
        <td class="i c-1">
            <span>0.165</span>
        </td>
        <td class="x c-1">
            <span>
                &uarr;
                1.0
            </span>
        </td>
        <td class="r"><span>430</span></td>
        <td class="l"><span>1</span></td>
        <td class="n">
            <div class="n" style="margin-left:220px">

                <div class="ico">&rarr;</div>

                <p>
                    <span class="node">

                        Seq Scan

                            on adhoc_requests ar

                    </span>

                    <span class="est">
                        (cost=0.00..12.30
                        rows=430
                        width=53)
                    </span>

                    <span class="act">
                        (actual
                        time=0.003..0.165
                        rows=430
                        loops=1)
                    </span>
                </p>


            </div>
        </td>
    </tr>








            






    <tr id="l12" class="n even c-m" data-node_id="11" data-node_parent="9" data-level="9" data-e="1" data-i="1" data-x="1">
        <td class="u "><a href="#l12">12.</a></td>
        <td class="e c-1">
            <span>0.003</span>
        </td>
        <td class="i c-1">
            <span>0.013</span>
        </td>
        <td class="x c-1">
            <span>
                &uarr;
                1.0
            </span>
        </td>
        <td class="r"><span>15</span></td>
        <td class="l"><span>1</span></td>
        <td class="n">
            <div class="n" style="margin-left:220px">

                <div class="ico">&rarr;</div>

                <p>
                    <span class="node">

                        Hash


                    </span>

                    <span class="est">
                        (cost=1.15..1.15
                        rows=15
                        width=8)
                    </span>

                    <span class="act">
                        (actual
                        time=0.013..0.013
                        rows=15
                        loops=1)
                    </span>
                </p>


            </div>
        </td>
    </tr>





            






    <tr id="l13" class="n odd c-m" data-node_id="12" data-node_parent="11" data-level="10" data-e="1" data-i="1" data-x="1">
        <td class="u "><a href="#l13">13.</a></td>
        <td class="e c-1">
            <span>0.010</span>
        </td>
        <td class="i c-1">
            <span>0.010</span>
        </td>
        <td class="x c-1">
            <span>
                &uarr;
                1.0
            </span>
        </td>
        <td class="r"><span>15</span></td>
        <td class="l"><span>1</span></td>
        <td class="n">
            <div class="n" style="margin-left:242px">

                <div class="ico">&rarr;</div>

                <p>
                    <span class="node">

                        Seq Scan

                            on auth_users u

                    </span>

                    <span class="est">
                        (cost=0.00..1.15
                        rows=15
                        width=8)
                    </span>

                    <span class="act">
                        (actual
                        time=0.002..0.010
                        rows=15
                        loops=1)
                    </span>
                </p>


            </div>
        </td>
    </tr>




















            






    <tr id="l14" class="n even c-m" data-node_id="13" data-node_parent="5" data-level="6" data-e="1" data-i="1" data-x="1">
        <td class="u "><a href="#l14">14.</a></td>
        <td class="e c-1">
            <span>0.324</span>
        </td>
        <td class="i c-1">
            <span>0.680</span>
        </td>
        <td class="x c-1">
            <span>
                &uarr;
                1.0
            </span>
        </td>
        <td class="r"><span>909</span></td>
        <td class="l"><span>1</span></td>
        <td class="n">
            <div class="n" style="margin-left:154px">

                <div class="ico">&rarr;</div>

                <p>
                    <span class="node">

                        Hash


                    </span>

                    <span class="est">
                        (cost=28.09..28.09
                        rows=909
                        width=28)
                    </span>

                    <span class="act">
                        (actual
                        time=0.680..0.680
                        rows=909
                        loops=1)
                    </span>
                </p>


            </div>
        </td>
    </tr>





            






    <tr id="l15" class="n odd c-m" data-node_id="14" data-node_parent="13" data-level="7" data-e="1" data-i="1" data-x="1">
        <td class="u "><a href="#l15">15.</a></td>
        <td class="e c-1">
            <span>0.356</span>
        </td>
        <td class="i c-1">
            <span>0.356</span>
        </td>
        <td class="x c-1">
            <span>
                &uarr;
                1.0
            </span>
        </td>
        <td class="r"><span>909</span></td>
        <td class="l"><span>1</span></td>
        <td class="n">
            <div class="n" style="margin-left:176px">

                <div class="ico">&rarr;</div>

                <p>
                    <span class="node">

                        Seq Scan

                            on bck_unit_of_works buok

                    </span>

                    <span class="est">
                        (cost=0.00..28.09
                        rows=909
                        width=28)
                    </span>

                    <span class="act">
                        (actual
                        time=0.003..0.356
                        rows=909
                        loops=1)
                    </span>
                </p>


            </div>
        </td>
    </tr>

















            






    <tr id="l16" class="n even c-m" data-node_id="15" data-node_parent="3" data-level="4" data-e="1" data-i="2" data-x="1">
        <td class="u "><a href="#l16">16.</a></td>
        <td class="e c-1">
            <span>973.069</span>
        </td>
        <td class="i c-2">
            <span>1237.179</span>
        </td>
        <td class="x c-1">
            <span>
                &uarr;
                1.0
            </span>
        </td>
        <td class="r"><span>189969</span></td>
        <td class="l"><span>1</span></td>
        <td class="n">
            <div class="n" style="margin-left:110px">

                <div class="ico">&rarr;</div>

                <p>
                    <span class="node">

                        Sort


                    </span>

                    <span class="est">
                        (cost=39656.03..40130.95
                        rows=189969
                        width=22)
                    </span>

                    <span class="act">
                        (actual
                        time=1222.739..1237.179
                        rows=189969
                        loops=1)
                    </span>
                </p>

                    <ul class="ex-nfo">
                            <li>Sort Key: bca.attr_value_1, ((bc.transaction_id)::bigint)</li>
                            <li>Sort Method:  quicksort  Memory: 20986kB</li>
                    </ul>

            </div>
        </td>
    </tr>





            






    <tr id="l17" class="n odd c-m" data-node_id="16" data-node_parent="15" data-level="5" data-e="1" data-i="1" data-x="1">
        <td class="u "><a href="#l17">17.</a></td>
        <td class="e c-1">
            <span>143.305</span>
        </td>
        <td class="i c-1">
            <span>264.110</span>
        </td>
        <td class="x c-1">
            <span>
                &uarr;
                1.0
            </span>
        </td>
        <td class="r"><span>189969</span></td>
        <td class="l"><span>1</span></td>
        <td class="n">
            <div class="n" style="margin-left:132px">

                <div class="ico">&rarr;</div>

                <p>
                    <span class="node">

                        Merge Join


                    </span>

                    <span class="est">
                        (cost=0.00..23000.12
                        rows=189969
                        width=22)
                    </span>

                    <span class="act">
                        (actual
                        time=0.032..264.110
                        rows=189969
                        loops=1)
                    </span>
                </p>

                    <ul class="ex-nfo">
                            <li>Merge Cond: (bc.attribute_uid = bca.objid)</li>
                    </ul>

            </div>
        </td>
    </tr>





            






    <tr id="l18" class="n even c-m" data-node_id="17" data-node_parent="16" data-level="6" data-e="1" data-i="1" data-x="1">
        <td class="u "><a href="#l18">18.</a></td>
        <td class="e c-1">
            <span>70.147</span>
        </td>
        <td class="i c-1">
            <span>70.147</span>
        </td>
        <td class="x c-1">
            <span>
                &uarr;
                1.0
            </span>
        </td>
        <td class="r"><span>189969</span></td>
        <td class="l"><span>1</span></td>
        <td class="n">
            <div class="n" style="margin-left:154px">

                <div class="ico">&rarr;</div>

                <p>
                    <span class="node">

                        Index Scan

                            using bck_03_ix on bck_consequences bc

                    </span>

                    <span class="est">
                        (cost=0.00..8058.79
                        rows=189969
                        width=19)
                    </span>

                    <span class="act">
                        (actual
                        time=0.016..70.147
                        rows=189969
                        loops=1)
                    </span>
                </p>


            </div>
        </td>
    </tr>








            






    <tr id="l19" class="n even c-m" data-node_id="18" data-node_parent="16" data-level="6" data-e="1" data-i="1" data-x="1">
        <td class="u "><a href="#l19">19.</a></td>
        <td class="e c-1">
            <span>50.658</span>
        </td>
        <td class="i c-1">
            <span>50.658</span>
        </td>
        <td class="x c-1">
            <span>
                &uarr;
                1.0
            </span>
        </td>
        <td class="r"><span>189969</span></td>
        <td class="l"><span>1</span></td>
        <td class="n">
            <div class="n" style="margin-left:154px">

                <div class="ico">&rarr;</div>

                <p>
                    <span class="node">

                        Index Scan

                            using bca_objid_ix on bck_consequence_attr bca

                    </span>

                    <span class="est">
                        (cost=0.00..12091.79
                        rows=189969
                        width=19)
                    </span>

                    <span class="act">
                        (actual
                        time=0.012..50.658
                        rows=189969
                        loops=1)
                    </span>
                </p>


            </div>
        </td>
    </tr>























            






    <tr id="l20" class="n odd c-m" data-node_id="19" data-node_parent="0" data-level="1" data-e="1" data-i="3" data-x="1">
        <td class="u "><a href="#l20">20.</a></td>
        <td class="e c-1">
            <span>0.005</span>
        </td>
        <td class="i c-3">
            <span>7946.264</span>
        </td>
        <td class="x c-1">
            <span>
                &uarr;
                4.0
            </span>
        </td>
        <td class="r"><span>1</span></td>
        <td class="l"><span>1</span></td>
        <td class="n">
            <div class="n" style="margin-left:44px">

                <div class="ico">&rarr;</div>

                <p>
                    <span class="node">

                        Materialize


                    </span>

                    <span class="est">
                        (cost=213048.91..213154.80
                        rows=4
                        width=138)
                    </span>

                    <span class="act">
                        (actual
                        time=7946.237..7946.264
                        rows=1
                        loops=1)
                    </span>
                </p>


            </div>
        </td>
    </tr>





            






    <tr id="l21" class="n even c-m" data-node_id="20" data-node_parent="19" data-level="2" data-e="1" data-i="3" data-x="1">
        <td class="u "><a href="#l21">21.</a></td>
        <td class="e c-1">
            <span>0.005</span>
        </td>
        <td class="i c-3">
            <span>7946.259</span>
        </td>
        <td class="x c-1">
            <span>
                &uarr;
                4.0
            </span>
        </td>
        <td class="r"><span>1</span></td>
        <td class="l"><span>1</span></td>
        <td class="n">
            <div class="n" style="margin-left:66px">

                <div class="ico">&rarr;</div>

                <p>
                    <span class="node">

                        Merge Left Join


                    </span>

                    <span class="est">
                        (cost=213048.91..213154.76
                        rows=4
                        width=138)
                    </span>

                    <span class="act">
                        (actual
                        time=7946.233..7946.259
                        rows=1
                        loops=1)
                    </span>
                </p>

                    <ul class="ex-nfo">
                            <li>Merge Cond: ((ar.req_transaction_id)::text = (without_errors.transaction_id)::text)</li>
                    </ul>

            </div>
        </td>
    </tr>





            






    <tr id="l22" class="n odd c-m" data-node_id="21" data-node_parent="20" data-level="3" data-e="1" data-i="3" data-x="1">
        <td class="u "><a href="#l22">22.</a></td>
        <td class="e c-1">
            <span>0.004</span>
        </td>
        <td class="i c-3">
            <span>6519.169</span>
        </td>
        <td class="x c-1">
            <span>
                &uarr;
                4.0
            </span>
        </td>
        <td class="r"><span>1</span></td>
        <td class="l"><span>1</span></td>
        <td class="n">
            <div class="n" style="margin-left:88px">

                <div class="ico">&rarr;</div>

                <p>
                    <span class="node">

                        Merge Left Join


                    </span>

                    <span class="est">
                        (cost=170520.37..170626.20
                        rows=4
                        width=130)
                    </span>

                    <span class="act">
                        (actual
                        time=6519.143..6519.169
                        rows=1
                        loops=1)
                    </span>
                </p>

                    <ul class="ex-nfo">
                            <li>Merge Cond: ((ar.req_transaction_id)::text = (rules_without_error.transaction_id)::text)</li>
                    </ul>

            </div>
        </td>
    </tr>





            






    <tr id="l23" class="n even c-m" data-node_id="22" data-node_parent="21" data-level="4" data-e="1" data-i="2" data-x="1">
        <td class="u "><a href="#l23">23.</a></td>
        <td class="e c-1">
            <span>0.008</span>
        </td>
        <td class="i c-2">
            <span>3659.838</span>
        </td>
        <td class="x c-1">
            <span>
                &uarr;
                4.0
            </span>
        </td>
        <td class="r"><span>1</span></td>
        <td class="l"><span>1</span></td>
        <td class="n">
            <div class="n" style="margin-left:110px">

                <div class="ico">&rarr;</div>

                <p>
                    <span class="node">

                        Nested Loop Left Join


                    </span>

                    <span class="est">
                        (cost=85688.70..85794.50
                        rows=4
                        width=122)
                    </span>

                    <span class="act">
                        (actual
                        time=3659.813..3659.838
                        rows=1
                        loops=1)
                    </span>
                </p>

                    <ul class="ex-nfo">
                            <li>Join Filter: (notifications.anu_request_id = request.req_id)</li>
                    </ul>

            </div>
        </td>
    </tr>





            






    <tr id="l24" class="n odd c-m" data-node_id="23" data-node_parent="22" data-level="5" data-e="1" data-i="2" data-x="1">
        <td class="u "><a href="#l24">24.</a></td>
        <td class="e c-1">
            <span>0.004</span>
        </td>
        <td class="i c-2">
            <span>3659.758</span>
        </td>
        <td class="x c-1">
            <span>
                &uarr;
                4.0
            </span>
        </td>
        <td class="r"><span>1</span></td>
        <td class="l"><span>1</span></td>
        <td class="n">
            <div class="n" style="margin-left:132px">

                <div class="ico">&rarr;</div>

                <p>
                    <span class="node">

                        Merge Left Join


                    </span>

                    <span class="est">
                        (cost=85686.03..85788.59
                        rows=4
                        width=122)
                    </span>

                    <span class="act">
                        (actual
                        time=3659.757..3659.758
                        rows=1
                        loops=1)
                    </span>
                </p>

                    <ul class="ex-nfo">
                            <li>Merge Cond: ((ar.req_transaction_id)::text = (invoice_with_error.transaction_id)::text)</li>
                    </ul>

            </div>
        </td>
    </tr>





            






    <tr id="l25" class="n even c-m" data-node_id="24" data-node_parent="23" data-level="6" data-e="1" data-i="2" data-x="1">
        <td class="u "><a href="#l25">25.</a></td>
        <td class="e c-1">
            <span>0.005</span>
        </td>
        <td class="i c-2">
            <span>1456.344</span>
        </td>
        <td class="x c-1">
            <span>
                &uarr;
                4.0
            </span>
        </td>
        <td class="r"><span>1</span></td>
        <td class="l"><span>1</span></td>
        <td class="n">
            <div class="n" style="margin-left:154px">

                <div class="ico">&rarr;</div>

                <p>
                    <span class="node">

                        Merge Left Join


                    </span>

                    <span class="est">
                        (cost=42604.03..42606.24
                        rows=4
                        width=114)
                    </span>

                    <span class="act">
                        (actual
                        time=1456.343..1456.344
                        rows=1
                        loops=1)
                    </span>
                </p>

                    <ul class="ex-nfo">
                            <li>Merge Cond: ((ar.req_transaction_id)::text = (total_errors.transaction_id)::text)</li>
                    </ul>

            </div>
        </td>
    </tr>





            






    <tr id="l26" class="n odd c-m" data-node_id="25" data-node_parent="24" data-level="7" data-e="1" data-i="1" data-x="1">
        <td class="u "><a href="#l26">26.</a></td>
        <td class="e c-1">
            <span>0.004</span>
        </td>
        <td class="i c-1">
            <span>2.319</span>
        </td>
        <td class="x c-1">
            <span>
                &uarr;
                4.0
            </span>
        </td>
        <td class="r"><span>1</span></td>
        <td class="l"><span>1</span></td>
        <td class="n">
            <div class="n" style="margin-left:176px">

                <div class="ico">&rarr;</div>

                <p>
                    <span class="node">

                        Sort


                    </span>

                    <span class="est">
                        (cost=202.36..202.37
                        rows=4
                        width=106)
                    </span>

                    <span class="act">
                        (actual
                        time=2.319..2.319
                        rows=1
                        loops=1)
                    </span>
                </p>

                    <ul class="ex-nfo">
                            <li>Sort Key: ar.req_transaction_id</li>
                            <li>Sort Method:  quicksort  Memory: 25kB</li>
                    </ul>

            </div>
        </td>
    </tr>





            






    <tr id="l27" class="n even c-m" data-node_id="26" data-node_parent="25" data-level="8" data-e="1" data-i="1" data-x="1">
        <td class="u "><a href="#l27">27.</a></td>
        <td class="e c-1">
            <span>0.007</span>
        </td>
        <td class="i c-1">
            <span>2.315</span>
        </td>
        <td class="x c-1">
            <span>
                &uarr;
                4.0
            </span>
        </td>
        <td class="r"><span>1</span></td>
        <td class="l"><span>1</span></td>
        <td class="n">
            <div class="n" style="margin-left:198px">

                <div class="ico">&rarr;</div>

                <p>
                    <span class="node">

                        Hash Left Join


                    </span>

                    <span class="est">
                        (cost=190.86..202.32
                        rows=4
                        width=106)
                    </span>

                    <span class="act">
                        (actual
                        time=2.256..2.315
                        rows=1
                        loops=1)
                    </span>
                </p>

                    <ul class="ex-nfo">
                            <li>Hash Cond: (request.req_id = rules_select.arr_request_id)</li>
                    </ul>

            </div>
        </td>
    </tr>





            






    <tr id="l28" class="n odd c-m" data-node_id="27" data-node_parent="26" data-level="9" data-e="1" data-i="1" data-x="1">
        <td class="u "><a href="#l28">28.</a></td>
        <td class="e c-1">
            <span>0.050</span>
        </td>
        <td class="i c-1">
            <span>1.871</span>
        </td>
        <td class="x c-1">
            <span>
                &uarr;
                2.0
            </span>
        </td>
        <td class="r"><span>1</span></td>
        <td class="l"><span>1</span></td>
        <td class="n">
            <div class="n" style="margin-left:220px">

                <div class="ico">&rarr;</div>

                <p>
                    <span class="node">

                        Hash Join


                    </span>

                    <span class="est">
                        (cost=157.67..168.98
                        rows=2
                        width=98)
                    </span>

                    <span class="act">
                        (actual
                        time=1.812..1.871
                        rows=1
                        loops=1)
                    </span>
                </p>

                    <ul class="ex-nfo">
                            <li>Hash Cond: (r.req_id = request.req_id)</li>
                    </ul>

            </div>
        </td>
    </tr>





            






    <tr id="l29" class="n even c-m" data-node_id="28" data-node_parent="27" data-level="10" data-e="1" data-i="1" data-x="1">
        <td class="u "><a href="#l29">29.</a></td>
        <td class="e c-1">
            <span>0.374</span>
        </td>
        <td class="i c-1">
            <span>1.044</span>
        </td>
        <td class="x c-1">
            <span>
                &uarr;
                1.0
            </span>
        </td>
        <td class="r"><span>430</span></td>
        <td class="l"><span>1</span></td>
        <td class="n">
            <div class="n" style="margin-left:242px">

                <div class="ico">&rarr;</div>

                <p>
                    <span class="node">

                        HashAggregate


                    </span>

                    <span class="est">
                        (cost=83.27..88.65
                        rows=430
                        width=16)
                    </span>

                    <span class="act">
                        (actual
                        time=0.982..1.044
                        rows=430
                        loops=1)
                    </span>
                </p>


            </div>
        </td>
    </tr>





            






    <tr id="l30" class="n odd c-m" data-node_id="29" data-node_parent="28" data-level="11" data-e="1" data-i="1" data-x="1">
        <td class="u "><a href="#l30">30.</a></td>
        <td class="e c-1">
            <span>0.422</span>
        </td>
        <td class="i c-1">
            <span>0.670</span>
        </td>
        <td class="x c-1">
            <span>
                &uarr;
                1.0
            </span>
        </td>
        <td class="r"><span>1412</span></td>
        <td class="l"><span>1</span></td>
        <td class="n">
            <div class="n" style="margin-left:264px">

                <div class="ico">&rarr;</div>

                <p>
                    <span class="node">

                        Hash Join


                    </span>

                    <span class="est">
                        (cost=17.68..76.21
                        rows=1412
                        width=16)
                    </span>

                    <span class="act">
                        (actual
                        time=0.134..0.670
                        rows=1412
                        loops=1)
                    </span>
                </p>

                    <ul class="ex-nfo">
                            <li>Hash Cond: (i.aiv_adhoc_request_id = r.req_id)</li>
                    </ul>

            </div>
        </td>
    </tr>





            






    <tr id="l31" class="n even c-m" data-node_id="30" data-node_parent="29" data-level="12" data-e="1" data-i="1" data-x="1">
        <td class="u "><a href="#l31">31.</a></td>
        <td class="e c-1">
            <span>0.122</span>
        </td>
        <td class="i c-1">
            <span>0.122</span>
        </td>
        <td class="x c-1">
            <span>
                &uarr;
                1.0
            </span>
        </td>
        <td class="r"><span>1412</span></td>
        <td class="l"><span>1</span></td>
        <td class="n">
            <div class="n" style="margin-left:286px">

                <div class="ico">&rarr;</div>

                <p>
                    <span class="node">

                        Seq Scan

                            on adhoc_invoices i

                    </span>

                    <span class="est">
                        (cost=0.00..39.12
                        rows=1412
                        width=16)
                    </span>

                    <span class="act">
                        (actual
                        time=0.001..0.122
                        rows=1412
                        loops=1)
                    </span>
                </p>


            </div>
        </td>
    </tr>








            






    <tr id="l32" class="n even c-m" data-node_id="31" data-node_parent="29" data-level="12" data-e="1" data-i="1" data-x="1">
        <td class="u "><a href="#l32">32.</a></td>
        <td class="e c-1">
            <span>0.068</span>
        </td>
        <td class="i c-1">
            <span>0.126</span>
        </td>
        <td class="x c-1">
            <span>
                &uarr;
                1.0
            </span>
        </td>
        <td class="r"><span>430</span></td>
        <td class="l"><span>1</span></td>
        <td class="n">
            <div class="n" style="margin-left:286px">

                <div class="ico">&rarr;</div>

                <p>
                    <span class="node">

                        Hash


                    </span>

                    <span class="est">
                        (cost=12.30..12.30
                        rows=430
                        width=8)
                    </span>

                    <span class="act">
                        (actual
                        time=0.126..0.126
                        rows=430
                        loops=1)
                    </span>
                </p>


            </div>
        </td>
    </tr>





            






    <tr id="l33" class="n odd c-m" data-node_id="32" data-node_parent="31" data-level="13" data-e="1" data-i="1" data-x="1">
        <td class="u "><a href="#l33">33.</a></td>
        <td class="e c-1">
            <span>0.058</span>
        </td>
        <td class="i c-1">
            <span>0.058</span>
        </td>
        <td class="x c-1">
            <span>
                &uarr;
                1.0
            </span>
        </td>
        <td class="r"><span>430</span></td>
        <td class="l"><span>1</span></td>
        <td class="n">
            <div class="n" style="margin-left:308px">

                <div class="ico">&rarr;</div>

                <p>
                    <span class="node">

                        Seq Scan

                            on adhoc_requests r

                    </span>

                    <span class="est">
                        (cost=0.00..12.30
                        rows=430
                        width=8)
                    </span>

                    <span class="act">
                        (actual
                        time=0.001..0.058
                        rows=430
                        loops=1)
                    </span>
                </p>


            </div>
        </td>
    </tr>

















            






    <tr id="l34" class="n even c-m" data-node_id="33" data-node_parent="27" data-level="10" data-e="1" data-i="1" data-x="1">
        <td class="u "><a href="#l34">34.</a></td>
        <td class="e c-1">
            <span>0.002</span>
        </td>
        <td class="i c-1">
            <span>0.777</span>
        </td>
        <td class="x c-1">
            <span>
                &uarr;
                1.0
            </span>
        </td>
        <td class="r"><span>1</span></td>
        <td class="l"><span>1</span></td>
        <td class="n">
            <div class="n" style="margin-left:242px">

                <div class="ico">&rarr;</div>

                <p>
                    <span class="node">

                        Hash


                    </span>

                    <span class="est">
                        (cost=74.39..74.39
                        rows=1
                        width=90)
                    </span>

                    <span class="act">
                        (actual
                        time=0.777..0.777
                        rows=1
                        loops=1)
                    </span>
                </p>


            </div>
        </td>
    </tr>





            






    <tr id="l35" class="n odd c-m" data-node_id="34" data-node_parent="33" data-level="11" data-e="1" data-i="1" data-x="1">
        <td class="u "><a href="#l35">35.</a></td>
        <td class="e c-1">
            <span>0.038</span>
        </td>
        <td class="i c-1">
            <span>0.775</span>
        </td>
        <td class="x c-1">
            <span>
                &uarr;
                1.0
            </span>
        </td>
        <td class="r"><span>1</span></td>
        <td class="l"><span>1</span></td>
        <td class="n">
            <div class="n" style="margin-left:264px">

                <div class="ico">&rarr;</div>

                <p>
                    <span class="node">

                        Nested Loop Left Join


                    </span>

                    <span class="est">
                        (cost=33.97..74.39
                        rows=1
                        width=90)
                    </span>

                    <span class="act">
                        (actual
                        time=0.543..0.775
                        rows=1
                        loops=1)
                    </span>
                </p>

                    <ul class="ex-nfo">
                            <li>Join Filter: (ar.req_id = u.uow_validation_process_id)</li>
                    </ul>

            </div>
        </td>
    </tr>





            






    <tr id="l36" class="n even c-m" data-node_id="35" data-node_parent="34" data-level="12" data-e="1" data-i="1" data-x="1">
        <td class="u "><a href="#l36">36.</a></td>
        <td class="e c-1">
            <span>0.060</span>
        </td>
        <td class="i c-1">
            <span>0.310</span>
        </td>
        <td class="x c-1">
            <span>
                &uarr;
                1.0
            </span>
        </td>
        <td class="r"><span>1</span></td>
        <td class="l"><span>1</span></td>
        <td class="n">
            <div class="n" style="margin-left:286px">

                <div class="ico">&rarr;</div>

                <p>
                    <span class="node">

                        Nested Loop Left Join


                    </span>

                    <span class="est">
                        (cost=1.34..27.19
                        rows=1
                        width=90)
                    </span>

                    <span class="act">
                        (actual
                        time=0.133..0.310
                        rows=1
                        loops=1)
                    </span>
                </p>

                    <ul class="ex-nfo">
                            <li>Join Filter: ((request.req_transaction_id)::text = (ar.req_transaction_id)::text)</li>
                    </ul>

            </div>
        </td>
    </tr>





            






    <tr id="l37" class="n odd c-m" data-node_id="36" data-node_parent="35" data-level="13" data-e="1" data-i="1" data-x="1">
        <td class="u "><a href="#l37">37.</a></td>
        <td class="e c-1">
            <span>0.022</span>
        </td>
        <td class="i c-1">
            <span>0.022</span>
        </td>
        <td class="x c-1">
            <span>
                &uarr;
                1.0
            </span>
        </td>
        <td class="r"><span>1</span></td>
        <td class="l"><span>1</span></td>
        <td class="n">
            <div class="n" style="margin-left:308px">

                <div class="ico">&rarr;</div>

                <p>
                    <span class="node">

                        Index Scan

                            using req_transaction_id_ix on adhoc_requests request

                    </span>

                    <span class="est">
                        (cost=0.00..2.27
                        rows=1
                        width=45)
                    </span>

                    <span class="act">
                        (actual
                        time=0.021..0.022
                        rows=1
                        loops=1)
                    </span>
                </p>

                    <ul class="ex-nfo">
                            <li>Index Cond: ((req_transaction_id)::text = &#39;0095a714-8eb3-463e-85e3-b34f3a5279d0&#39;::text)</li>
                    </ul>

            </div>
        </td>
    </tr>








            






    <tr id="l38" class="n odd c-m" data-node_id="37" data-node_parent="35" data-level="13" data-e="1" data-i="1" data-x="1">
        <td class="u "><a href="#l38">38.</a></td>
        <td class="e c-1">
            <span>0.114</span>
        </td>
        <td class="i c-1">
            <span>0.228</span>
        </td>
        <td class="x c-1">
            <span>
                &uarr;
                1.0
            </span>
        </td>
        <td class="r"><span>430</span></td>
        <td class="l"><span>1</span></td>
        <td class="n">
            <div class="n" style="margin-left:308px">

                <div class="ico">&rarr;</div>

                <p>
                    <span class="node">

                        Hash Join


                    </span>

                    <span class="est">
                        (cost=1.34..19.55
                        rows=430
                        width=45)
                    </span>

                    <span class="act">
                        (actual
                        time=0.020..0.228
                        rows=430
                        loops=1)
                    </span>
                </p>

                    <ul class="ex-nfo">
                            <li>Hash Cond: (ar.req_user_creation = u.usr_id)</li>
                    </ul>

            </div>
        </td>
    </tr>





            






    <tr id="l39" class="n even c-m" data-node_id="38" data-node_parent="37" data-level="14" data-e="1" data-i="1" data-x="1">
        <td class="u "><a href="#l39">39.</a></td>
        <td class="e c-1">
            <span>0.104</span>
        </td>
        <td class="i c-1">
            <span>0.104</span>
        </td>
        <td class="x c-1">
            <span>
                &uarr;
                1.0
            </span>
        </td>
        <td class="r"><span>430</span></td>
        <td class="l"><span>1</span></td>
        <td class="n">
            <div class="n" style="margin-left:330px">

                <div class="ico">&rarr;</div>

                <p>
                    <span class="node">

                        Seq Scan

                            on adhoc_requests ar

                    </span>

                    <span class="est">
                        (cost=0.00..12.30
                        rows=430
                        width=53)
                    </span>

                    <span class="act">
                        (actual
                        time=0.003..0.104
                        rows=430
                        loops=1)
                    </span>
                </p>


            </div>
        </td>
    </tr>








            






    <tr id="l40" class="n even c-m" data-node_id="39" data-node_parent="37" data-level="14" data-e="1" data-i="1" data-x="1">
        <td class="u "><a href="#l40">40.</a></td>
        <td class="e c-1">
            <span>0.004</span>
        </td>
        <td class="i c-1">
            <span>0.010</span>
        </td>
        <td class="x c-1">
            <span>
                &uarr;
                1.0
            </span>
        </td>
        <td class="r"><span>15</span></td>
        <td class="l"><span>1</span></td>
        <td class="n">
            <div class="n" style="margin-left:330px">

                <div class="ico">&rarr;</div>

                <p>
                    <span class="node">

                        Hash


                    </span>

                    <span class="est">
                        (cost=1.15..1.15
                        rows=15
                        width=8)
                    </span>

                    <span class="act">
                        (actual
                        time=0.010..0.010
                        rows=15
                        loops=1)
                    </span>
                </p>


            </div>
        </td>
    </tr>





            






    <tr id="l41" class="n odd c-m" data-node_id="40" data-node_parent="39" data-level="15" data-e="1" data-i="1" data-x="1">
        <td class="u "><a href="#l41">41.</a></td>
        <td class="e c-1">
            <span>0.006</span>
        </td>
        <td class="i c-1">
            <span>0.006</span>
        </td>
        <td class="x c-1">
            <span>
                &uarr;
                1.0
            </span>
        </td>
        <td class="r"><span>15</span></td>
        <td class="l"><span>1</span></td>
        <td class="n">
            <div class="n" style="margin-left:352px">

                <div class="ico">&rarr;</div>

                <p>
                    <span class="node">

                        Seq Scan

                            on auth_users u

                    </span>

                    <span class="est">
                        (cost=0.00..1.15
                        rows=15
                        width=8)
                    </span>

                    <span class="act">
                        (actual
                        time=0.001..0.006
                        rows=15
                        loops=1)
                    </span>
                </p>


            </div>
        </td>
    </tr>

















            






    <tr id="l42" class="n even c-m" data-node_id="41" data-node_parent="34" data-level="12" data-e="1" data-i="1" data-x="1">
        <td class="u "><a href="#l42">42.</a></td>
        <td class="e c-1">
            <span>0.327</span>
        </td>
        <td class="i c-1">
            <span>0.427</span>
        </td>
        <td class="x c-1">
            <span>
                &uarr;
                1.0
            </span>
        </td>
        <td class="r"><span>416</span></td>
        <td class="l"><span>1</span></td>
        <td class="n">
            <div class="n" style="margin-left:286px">

                <div class="ico">&rarr;</div>

                <p>
                    <span class="node">

                        HashAggregate


                    </span>

                    <span class="est">
                        (cost=32.63..37.83
                        rows=416
                        width=16)
                    </span>

                    <span class="act">
                        (actual
                        time=0.375..0.427
                        rows=416
                        loops=1)
                    </span>
                </p>


            </div>
        </td>
    </tr>





            






    <tr id="l43" class="n odd c-m" data-node_id="42" data-node_parent="41" data-level="13" data-e="1" data-i="1" data-x="1">
        <td class="u "><a href="#l43">43.</a></td>
        <td class="e c-1">
            <span>0.100</span>
        </td>
        <td class="i c-1">
            <span>0.100</span>
        </td>
        <td class="x c-1">
            <span>
                &uarr;
                1.0
            </span>
        </td>
        <td class="r"><span>909</span></td>
        <td class="l"><span>1</span></td>
        <td class="n">
            <div class="n" style="margin-left:308px">

                <div class="ico">&rarr;</div>

                <p>
                    <span class="node">

                        Seq Scan

                            on bck_unit_of_works u

                    </span>

                    <span class="est">
                        (cost=0.00..28.09
                        rows=909
                        width=16)
                    </span>

                    <span class="act">
                        (actual
                        time=0.003..0.100
                        rows=909
                        loops=1)
                    </span>
                </p>


            </div>
        </td>
    </tr>




















            






    <tr id="l44" class="n even c-m" data-node_id="43" data-node_parent="26" data-level="9" data-e="1" data-i="1" data-x="1">
        <td class="u "><a href="#l44">44.</a></td>
        <td class="e c-1">
            <span>0.071</span>
        </td>
        <td class="i c-1">
            <span>0.437</span>
        </td>
        <td class="x c-1">
            <span>
                &uarr;
                1.0
            </span>
        </td>
        <td class="r"><span>430</span></td>
        <td class="l"><span>1</span></td>
        <td class="n">
            <div class="n" style="margin-left:220px">

                <div class="ico">&rarr;</div>

                <p>
                    <span class="node">

                        Hash


                    </span>

                    <span class="est">
                        (cost=27.81..27.81
                        rows=430
                        width=16)
                    </span>

                    <span class="act">
                        (actual
                        time=0.437..0.437
                        rows=430
                        loops=1)
                    </span>
                </p>


            </div>
        </td>
    </tr>





            






    <tr id="l45" class="n odd c-m" data-node_id="44" data-node_parent="43" data-level="10" data-e="1" data-i="1" data-x="1">
        <td class="u "><a href="#l45">45.</a></td>
        <td class="e c-1">
            <span>0.048</span>
        </td>
        <td class="i c-1">
            <span>0.366</span>
        </td>
        <td class="x c-1">
            <span>
                &uarr;
                1.0
            </span>
        </td>
        <td class="r"><span>430</span></td>
        <td class="l"><span>1</span></td>
        <td class="n">
            <div class="n" style="margin-left:242px">

                <div class="ico">&rarr;</div>

                <p>
                    <span class="node">

                        Subquery Scan rules_select


                    </span>

                    <span class="est">
                        (cost=18.14..27.81
                        rows=430
                        width=16)
                    </span>

                    <span class="act">
                        (actual
                        time=0.251..0.366
                        rows=430
                        loops=1)
                    </span>
                </p>


            </div>
        </td>
    </tr>





            






    <tr id="l46" class="n even c-m" data-node_id="45" data-node_parent="44" data-level="11" data-e="1" data-i="1" data-x="1">
        <td class="u "><a href="#l46">46.</a></td>
        <td class="e c-1">
            <span>0.268</span>
        </td>
        <td class="i c-1">
            <span>0.318</span>
        </td>
        <td class="x c-1">
            <span>
                &uarr;
                1.0
            </span>
        </td>
        <td class="r"><span>430</span></td>
        <td class="l"><span>1</span></td>
        <td class="n">
            <div class="n" style="margin-left:264px">

                <div class="ico">&rarr;</div>

                <p>
                    <span class="node">

                        HashAggregate


                    </span>

                    <span class="est">
                        (cost=18.14..23.51
                        rows=430
                        width=16)
                    </span>

                    <span class="act">
                        (actual
                        time=0.251..0.318
                        rows=430
                        loops=1)
                    </span>
                </p>


            </div>
        </td>
    </tr>





            






    <tr id="l47" class="n odd c-m" data-node_id="46" data-node_parent="45" data-level="12" data-e="1" data-i="1" data-x="1">
        <td class="u "><a href="#l47">47.</a></td>
        <td class="e c-1">
            <span>0.050</span>
        </td>
        <td class="i c-1">
            <span>0.050</span>
        </td>
        <td class="x c-1">
            <span>
                &uarr;
                1.0
            </span>
        </td>
        <td class="r"><span>609</span></td>
        <td class="l"><span>1</span></td>
        <td class="n">
            <div class="n" style="margin-left:286px">

                <div class="ico">&rarr;</div>

                <p>
                    <span class="node">

                        Seq Scan

                            on adhoc_request_rules ru

                    </span>

                    <span class="est">
                        (cost=0.00..15.09
                        rows=609
                        width=16)
                    </span>

                    <span class="act">
                        (actual
                        time=0.002..0.050
                        rows=609
                        loops=1)
                    </span>
                </p>


            </div>
        </td>
    </tr>























            






    <tr id="l48" class="n even c-m" data-node_id="47" data-node_parent="24" data-level="7" data-e="1" data-i="2" data-x="3">
        <td class="u "><a href="#l48">48.</a></td>
        <td class="e c-1">
            <span>0.127</span>
        </td>
        <td class="i c-2">
            <span>1454.020</span>
        </td>
        <td class="x c-3">
            <span>
                &uarr;
                430.0
            </span>
        </td>
        <td class="r"><span>1</span></td>
        <td class="l"><span>1</span></td>
        <td class="n">
            <div class="n" style="margin-left:176px">

                <div class="ico">&rarr;</div>

                <p>
                    <span class="node">

                        Sort


                    </span>

                    <span class="est">
                        (cost=42401.68..42402.75
                        rows=430
                        width=524)
                    </span>

                    <span class="act">
                        (actual
                        time=1454.020..1454.020
                        rows=1
                        loops=1)
                    </span>
                </p>

                    <ul class="ex-nfo">
                            <li>Sort Key: total_errors.transaction_id</li>
                            <li>Sort Method:  quicksort  Memory: 33kB</li>
                    </ul>

            </div>
        </td>
    </tr>





            






    <tr id="l49" class="n odd c-m" data-node_id="48" data-node_parent="47" data-level="8" data-e="1" data-i="2" data-x="1">
        <td class="u "><a href="#l49">49.</a></td>
        <td class="e c-1">
            <span>0.017</span>
        </td>
        <td class="i c-2">
            <span>1453.893</span>
        </td>
        <td class="x c-1">
            <span>
                &uarr;
                3.8
            </span>
        </td>
        <td class="r"><span>114</span></td>
        <td class="l"><span>1</span></td>
        <td class="n">
            <div class="n" style="margin-left:198px">

                <div class="ico">&rarr;</div>

                <p>
                    <span class="node">

                        Subquery Scan total_errors


                    </span>

                    <span class="est">
                        (cost=42373.19..42382.87
                        rows=430
                        width=524)
                    </span>

                    <span class="act">
                        (actual
                        time=1453.860..1453.893
                        rows=114
                        loops=1)
                    </span>
                </p>


            </div>
        </td>
    </tr>





            






    <tr id="l50" class="n even c-m" data-node_id="49" data-node_parent="48" data-level="9" data-e="1" data-i="2" data-x="1">
        <td class="u "><a href="#l50">50.</a></td>
        <td class="e c-1">
            <span>46.126</span>
        </td>
        <td class="i c-2">
            <span>1453.876</span>
        </td>
        <td class="x c-1">
            <span>
                &uarr;
                3.8
            </span>
        </td>
        <td class="r"><span>114</span></td>
        <td class="l"><span>1</span></td>
        <td class="n">
            <div class="n" style="margin-left:220px">

                <div class="ico">&rarr;</div>

                <p>
                    <span class="node">

                        HashAggregate


                    </span>

                    <span class="est">
                        (cost=42373.19..42378.57
                        rows=430
                        width=45)
                    </span>

                    <span class="act">
                        (actual
                        time=1453.860..1453.876
                        rows=114
                        loops=1)
                    </span>
                </p>


            </div>
        </td>
    </tr>





            






    <tr id="l51" class="n odd c-m" data-node_id="50" data-node_parent="49" data-level="10" data-e="1" data-i="2" data-x="2">
        <td class="u "><a href="#l51">51.</a></td>
        <td class="e c-1">
            <span>243.841</span>
        </td>
        <td class="i c-2">
            <span>1407.750</span>
        </td>
        <td class="x c-2">
            <span>
                &darr;
                16.7
            </span>
        </td>
        <td class="r"><span>189968</span></td>
        <td class="l"><span>1</span></td>
        <td class="n">
            <div class="n" style="margin-left:242px">

                <div class="ico">&rarr;</div>

                <p>
                    <span class="node">

                        Merge Join


                    </span>

                    <span class="est">
                        (cost=39818.17..42316.36
                        rows=11366
                        width=45)
                    </span>

                    <span class="act">
                        (actual
                        time=1149.569..1407.750
                        rows=189968
                        loops=1)
                    </span>
                </p>

                    <ul class="ex-nfo">
                            <li>Merge Cond: (((buok.uow_key)::text = (bca.attr_value_1)::text) AND (buok.uow_validation_process_id = ((bc.transaction_id)::bigint)))</li>
                    </ul>

            </div>
        </td>
    </tr>





            






    <tr id="l52" class="n even c-m" data-node_id="51" data-node_parent="50" data-level="11" data-e="1" data-i="1" data-x="1">
        <td class="u "><a href="#l52">52.</a></td>
        <td class="e c-1">
            <span>3.866</span>
        </td>
        <td class="i c-1">
            <span>5.209</span>
        </td>
        <td class="x c-1">
            <span>
                &uarr;
                1.1
            </span>
        </td>
        <td class="r"><span>792</span></td>
        <td class="l"><span>1</span></td>
        <td class="n">
            <div class="n" style="margin-left:264px">

                <div class="ico">&rarr;</div>

                <p>
                    <span class="node">

                        Sort


                    </span>

                    <span class="est">
                        (cost=162.13..164.41
                        rows=909
                        width=57)
                    </span>

                    <span class="act">
                        (actual
                        time=5.118..5.209
                        rows=792
                        loops=1)
                    </span>
                </p>

                    <ul class="ex-nfo">
                            <li>Sort Key: buok.uow_key, buok.uow_validation_process_id</li>
                            <li>Sort Method:  quicksort  Memory: 145kB</li>
                    </ul>

            </div>
        </td>
    </tr>





            






    <tr id="l53" class="n odd c-m" data-node_id="52" data-node_parent="51" data-level="12" data-e="1" data-i="1" data-x="1">
        <td class="u "><a href="#l53">53.</a></td>
        <td class="e c-1">
            <span>0.295</span>
        </td>
        <td class="i c-1">
            <span>1.343</span>
        </td>
        <td class="x c-1">
            <span>
                &uarr;
                1.0
            </span>
        </td>
        <td class="r"><span>909</span></td>
        <td class="l"><span>1</span></td>
        <td class="n">
            <div class="n" style="margin-left:286px">

                <div class="ico">&rarr;</div>

                <p>
                    <span class="node">

                        Hash Join


                    </span>

                    <span class="est">
                        (cost=64.38..117.47
                        rows=909
                        width=57)
                    </span>

                    <span class="act">
                        (actual
                        time=0.699..1.343
                        rows=909
                        loops=1)
                    </span>
                </p>

                    <ul class="ex-nfo">
                            <li>Hash Cond: (u.uow_id = buok.uow_id)</li>
                    </ul>

            </div>
        </td>
    </tr>





            






    <tr id="l54" class="n even c-m" data-node_id="53" data-node_parent="52" data-level="13" data-e="1" data-i="1" data-x="1">
        <td class="u "><a href="#l54">54.</a></td>
        <td class="e c-1">
            <span>0.285</span>
        </td>
        <td class="i c-1">
            <span>0.674</span>
        </td>
        <td class="x c-1">
            <span>
                &uarr;
                1.0
            </span>
        </td>
        <td class="r"><span>909</span></td>
        <td class="l"><span>1</span></td>
        <td class="n">
            <div class="n" style="margin-left:308px">

                <div class="ico">&rarr;</div>

                <p>
                    <span class="node">

                        Hash Join


                    </span>

                    <span class="est">
                        (cost=24.92..65.51
                        rows=909
                        width=45)
                    </span>

                    <span class="act">
                        (actual
                        time=0.318..0.674
                        rows=909
                        loops=1)
                    </span>
                </p>

                    <ul class="ex-nfo">
                            <li>Hash Cond: (u.uow_validation_process_id = ar.req_id)</li>
                    </ul>

            </div>
        </td>
    </tr>





            






    <tr id="l55" class="n odd c-m" data-node_id="54" data-node_parent="53" data-level="14" data-e="1" data-i="1" data-x="1">
        <td class="u "><a href="#l55">55.</a></td>
        <td class="e c-1">
            <span>0.078</span>
        </td>
        <td class="i c-1">
            <span>0.078</span>
        </td>
        <td class="x c-1">
            <span>
                &uarr;
                1.0
            </span>
        </td>
        <td class="r"><span>909</span></td>
        <td class="l"><span>1</span></td>
        <td class="n">
            <div class="n" style="margin-left:330px">

                <div class="ico">&rarr;</div>

                <p>
                    <span class="node">

                        Seq Scan

                            on bck_unit_of_works u

                    </span>

                    <span class="est">
                        (cost=0.00..28.09
                        rows=909
                        width=16)
                    </span>

                    <span class="act">
                        (actual
                        time=0.002..0.078
                        rows=909
                        loops=1)
                    </span>
                </p>


            </div>
        </td>
    </tr>








            






    <tr id="l56" class="n odd c-m" data-node_id="55" data-node_parent="53" data-level="14" data-e="1" data-i="1" data-x="1">
        <td class="u "><a href="#l56">56.</a></td>
        <td class="e c-1">
            <span>0.086</span>
        </td>
        <td class="i c-1">
            <span>0.311</span>
        </td>
        <td class="x c-1">
            <span>
                &uarr;
                1.0
            </span>
        </td>
        <td class="r"><span>430</span></td>
        <td class="l"><span>1</span></td>
        <td class="n">
            <div class="n" style="margin-left:330px">

                <div class="ico">&rarr;</div>

                <p>
                    <span class="node">

                        Hash


                    </span>

                    <span class="est">
                        (cost=19.55..19.55
                        rows=430
                        width=45)
                    </span>

                    <span class="act">
                        (actual
                        time=0.311..0.311
                        rows=430
                        loops=1)
                    </span>
                </p>


            </div>
        </td>
    </tr>





            






    <tr id="l57" class="n even c-m" data-node_id="56" data-node_parent="55" data-level="15" data-e="1" data-i="1" data-x="1">
        <td class="u "><a href="#l57">57.</a></td>
        <td class="e c-1">
            <span>0.127</span>
        </td>
        <td class="i c-1">
            <span>0.225</span>
        </td>
        <td class="x c-1">
            <span>
                &uarr;
                1.0
            </span>
        </td>
        <td class="r"><span>430</span></td>
        <td class="l"><span>1</span></td>
        <td class="n">
            <div class="n" style="margin-left:352px">

                <div class="ico">&rarr;</div>

                <p>
                    <span class="node">

                        Hash Join


                    </span>

                    <span class="est">
                        (cost=1.34..19.55
                        rows=430
                        width=45)
                    </span>

                    <span class="act">
                        (actual
                        time=0.012..0.225
                        rows=430
                        loops=1)
                    </span>
                </p>

                    <ul class="ex-nfo">
                            <li>Hash Cond: (ar.req_user_creation = u.usr_id)</li>
                    </ul>

            </div>
        </td>
    </tr>





            






    <tr id="l58" class="n odd c-m" data-node_id="57" data-node_parent="56" data-level="16" data-e="1" data-i="1" data-x="1">
        <td class="u "><a href="#l58">58.</a></td>
        <td class="e c-1">
            <span>0.091</span>
        </td>
        <td class="i c-1">
            <span>0.091</span>
        </td>
        <td class="x c-1">
            <span>
                &uarr;
                1.0
            </span>
        </td>
        <td class="r"><span>430</span></td>
        <td class="l"><span>1</span></td>
        <td class="n">
            <div class="n" style="margin-left:374px">

                <div class="ico">&rarr;</div>

                <p>
                    <span class="node">

                        Seq Scan

                            on adhoc_requests ar

                    </span>

                    <span class="est">
                        (cost=0.00..12.30
                        rows=430
                        width=53)
                    </span>

                    <span class="act">
                        (actual
                        time=0.001..0.091
                        rows=430
                        loops=1)
                    </span>
                </p>


            </div>
        </td>
    </tr>








            






    <tr id="l59" class="n odd c-m" data-node_id="58" data-node_parent="56" data-level="16" data-e="1" data-i="1" data-x="1">
        <td class="u "><a href="#l59">59.</a></td>
        <td class="e c-1">
            <span>0.005</span>
        </td>
        <td class="i c-1">
            <span>0.007</span>
        </td>
        <td class="x c-1">
            <span>
                &uarr;
                1.0
            </span>
        </td>
        <td class="r"><span>15</span></td>
        <td class="l"><span>1</span></td>
        <td class="n">
            <div class="n" style="margin-left:374px">

                <div class="ico">&rarr;</div>

                <p>
                    <span class="node">

                        Hash


                    </span>

                    <span class="est">
                        (cost=1.15..1.15
                        rows=15
                        width=8)
                    </span>

                    <span class="act">
                        (actual
                        time=0.007..0.007
                        rows=15
                        loops=1)
                    </span>
                </p>


            </div>
        </td>
    </tr>





            






    <tr id="l60" class="n even c-m" data-node_id="59" data-node_parent="58" data-level="17" data-e="1" data-i="1" data-x="1">
        <td class="u "><a href="#l60">60.</a></td>
        <td class="e c-1">
            <span>0.002</span>
        </td>
        <td class="i c-1">
            <span>0.002</span>
        </td>
        <td class="x c-1">
            <span>
                &uarr;
                1.0
            </span>
        </td>
        <td class="r"><span>15</span></td>
        <td class="l"><span>1</span></td>
        <td class="n">
            <div class="n" style="margin-left:396px">

                <div class="ico">&rarr;</div>

                <p>
                    <span class="node">

                        Seq Scan

                            on auth_users u

                    </span>

                    <span class="est">
                        (cost=0.00..1.15
                        rows=15
                        width=8)
                    </span>

                    <span class="act">
                        (actual
                        time=0.001..0.002
                        rows=15
                        loops=1)
                    </span>
                </p>


            </div>
        </td>
    </tr>




















            






    <tr id="l61" class="n odd c-m" data-node_id="60" data-node_parent="52" data-level="13" data-e="1" data-i="1" data-x="1">
        <td class="u "><a href="#l61">61.</a></td>
        <td class="e c-1">
            <span>0.189</span>
        </td>
        <td class="i c-1">
            <span>0.374</span>
        </td>
        <td class="x c-1">
            <span>
                &uarr;
                1.0
            </span>
        </td>
        <td class="r"><span>909</span></td>
        <td class="l"><span>1</span></td>
        <td class="n">
            <div class="n" style="margin-left:308px">

                <div class="ico">&rarr;</div>

                <p>
                    <span class="node">

                        Hash


                    </span>

                    <span class="est">
                        (cost=28.09..28.09
                        rows=909
                        width=28)
                    </span>

                    <span class="act">
                        (actual
                        time=0.374..0.374
                        rows=909
                        loops=1)
                    </span>
                </p>


            </div>
        </td>
    </tr>





            






    <tr id="l62" class="n even c-m" data-node_id="61" data-node_parent="60" data-level="14" data-e="1" data-i="1" data-x="1">
        <td class="u "><a href="#l62">62.</a></td>
        <td class="e c-1">
            <span>0.185</span>
        </td>
        <td class="i c-1">
            <span>0.185</span>
        </td>
        <td class="x c-1">
            <span>
                &uarr;
                1.0
            </span>
        </td>
        <td class="r"><span>909</span></td>
        <td class="l"><span>1</span></td>
        <td class="n">
            <div class="n" style="margin-left:330px">

                <div class="ico">&rarr;</div>

                <p>
                    <span class="node">

                        Seq Scan

                            on bck_unit_of_works buok

                    </span>

                    <span class="est">
                        (cost=0.00..28.09
                        rows=909
                        width=28)
                    </span>

                    <span class="act">
                        (actual
                        time=0.002..0.185
                        rows=909
                        loops=1)
                    </span>
                </p>


            </div>
        </td>
    </tr>

















            






    <tr id="l63" class="n odd c-m" data-node_id="62" data-node_parent="50" data-level="11" data-e="1" data-i="2" data-x="1">
        <td class="u "><a href="#l63">63.</a></td>
        <td class="e c-1">
            <span>961.100</span>
        </td>
        <td class="i c-2">
            <span>1158.700</span>
        </td>
        <td class="x c-1">
            <span>
                &uarr;
                1.0
            </span>
        </td>
        <td class="r"><span>189969</span></td>
        <td class="l"><span>1</span></td>
        <td class="n">
            <div class="n" style="margin-left:264px">

                <div class="ico">&rarr;</div>

                <p>
                    <span class="node">

                        Sort


                    </span>

                    <span class="est">
                        (cost=39656.03..40130.95
                        rows=189969
                        width=22)
                    </span>

                    <span class="act">
                        (actual
                        time=1144.441..1158.700
                        rows=189969
                        loops=1)
                    </span>
                </p>

                    <ul class="ex-nfo">
                            <li>Sort Key: bca.attr_value_1, ((bc.transaction_id)::bigint)</li>
                            <li>Sort Method:  quicksort  Memory: 20986kB</li>
                    </ul>

            </div>
        </td>
    </tr>





            






    <tr id="l64" class="n even c-m" data-node_id="63" data-node_parent="62" data-level="12" data-e="1" data-i="1" data-x="1">
        <td class="u "><a href="#l64">64.</a></td>
        <td class="e c-1">
            <span>106.448</span>
        </td>
        <td class="i c-1">
            <span>197.600</span>
        </td>
        <td class="x c-1">
            <span>
                &uarr;
                1.0
            </span>
        </td>
        <td class="r"><span>189969</span></td>
        <td class="l"><span>1</span></td>
        <td class="n">
            <div class="n" style="margin-left:286px">

                <div class="ico">&rarr;</div>

                <p>
                    <span class="node">

                        Merge Join


                    </span>

                    <span class="est">
                        (cost=0.00..23000.12
                        rows=189969
                        width=22)
                    </span>

                    <span class="act">
                        (actual
                        time=0.026..197.600
                        rows=189969
                        loops=1)
                    </span>
                </p>

                    <ul class="ex-nfo">
                            <li>Merge Cond: (bc.attribute_uid = bca.objid)</li>
                    </ul>

            </div>
        </td>
    </tr>





            






    <tr id="l65" class="n odd c-m" data-node_id="64" data-node_parent="63" data-level="13" data-e="1" data-i="1" data-x="1">
        <td class="u "><a href="#l65">65.</a></td>
        <td class="e c-1">
            <span>52.625</span>
        </td>
        <td class="i c-1">
            <span>52.625</span>
        </td>
        <td class="x c-1">
            <span>
                &uarr;
                1.0
            </span>
        </td>
        <td class="r"><span>189969</span></td>
        <td class="l"><span>1</span></td>
        <td class="n">
            <div class="n" style="margin-left:308px">

                <div class="ico">&rarr;</div>

                <p>
                    <span class="node">

                        Index Scan

                            using bck_03_ix on bck_consequences bc

                    </span>

                    <span class="est">
                        (cost=0.00..8058.79
                        rows=189969
                        width=19)
                    </span>

                    <span class="act">
                        (actual
                        time=0.011..52.625
                        rows=189969
                        loops=1)
                    </span>
                </p>


            </div>
        </td>
    </tr>








            






    <tr id="l66" class="n odd c-m" data-node_id="65" data-node_parent="63" data-level="13" data-e="1" data-i="1" data-x="1">
        <td class="u "><a href="#l66">66.</a></td>
        <td class="e c-1">
            <span>38.527</span>
        </td>
        <td class="i c-1">
            <span>38.527</span>
        </td>
        <td class="x c-1">
            <span>
                &uarr;
                1.0
            </span>
        </td>
        <td class="r"><span>189969</span></td>
        <td class="l"><span>1</span></td>
        <td class="n">
            <div class="n" style="margin-left:308px">

                <div class="ico">&rarr;</div>

                <p>
                    <span class="node">

                        Index Scan

                            using bca_objid_ix on bck_consequence_attr bca

                    </span>

                    <span class="est">
                        (cost=0.00..12091.79
                        rows=189969
                        width=19)
                    </span>

                    <span class="act">
                        (actual
                        time=0.009..38.527
                        rows=189969
                        loops=1)
                    </span>
                </p>


            </div>
        </td>
    </tr>





























            






    <tr id="l67" class="n even c-m" data-node_id="66" data-node_parent="23" data-level="6" data-e="1" data-i="2" data-x="3">
        <td class="u "><a href="#l67">67.</a></td>
        <td class="e c-1">
            <span>0.004</span>
        </td>
        <td class="i c-2">
            <span>2203.410</span>
        </td>
        <td class="x c-3">
            <span>
                &uarr;
                430.0
            </span>
        </td>
        <td class="r"><span>1</span></td>
        <td class="l"><span>1</span></td>
        <td class="n">
            <div class="n" style="margin-left:154px">

                <div class="ico">&rarr;</div>

                <p>
                    <span class="node">

                        Materialize


                    </span>

                    <span class="est">
                        (cost=43082.00..43181.22
                        rows=430
                        width=524)
                    </span>

                    <span class="act">
                        (actual
                        time=2203.410..2203.410
                        rows=1
                        loops=1)
                    </span>
                </p>


            </div>
        </td>
    </tr>





            






    <tr id="l68" class="n odd c-m" data-node_id="67" data-node_parent="66" data-level="7" data-e="1" data-i="2" data-x="3">
        <td class="u "><a href="#l68">68.</a></td>
        <td class="e c-1">
            <span>0.001</span>
        </td>
        <td class="i c-2">
            <span>2203.406</span>
        </td>
        <td class="x c-3">
            <span>
                &uarr;
                430.0
            </span>
        </td>
        <td class="r"><span>1</span></td>
        <td class="l"><span>1</span></td>
        <td class="n">
            <div class="n" style="margin-left:176px">

                <div class="ico">&rarr;</div>

                <p>
                    <span class="node">

                        Subquery Scan invoice_with_error


                    </span>

                    <span class="est">
                        (cost=43082.00..43176.92
                        rows=430
                        width=524)
                    </span>

                    <span class="act">
                        (actual
                        time=2203.406..2203.406
                        rows=1
                        loops=1)
                    </span>
                </p>


            </div>
        </td>
    </tr>





            






    <tr id="l69" class="n even c-m" data-node_id="68" data-node_parent="67" data-level="8" data-e="1" data-i="2" data-x="3">
        <td class="u "><a href="#l69">69.</a></td>
        <td class="e c-1">
            <span>0.020</span>
        </td>
        <td class="i c-2">
            <span>2203.405</span>
        </td>
        <td class="x c-3">
            <span>
                &uarr;
                430.0
            </span>
        </td>
        <td class="r"><span>1</span></td>
        <td class="l"><span>1</span></td>
        <td class="n">
            <div class="n" style="margin-left:198px">

                <div class="ico">&rarr;</div>

                <p>
                    <span class="node">

                        GroupAggregate


                    </span>

                    <span class="est">
                        (cost=43082.00..43172.62
                        rows=430
                        width=45)
                    </span>

                    <span class="act">
                        (actual
                        time=2203.405..2203.405
                        rows=1
                        loops=1)
                    </span>
                </p>


            </div>
        </td>
    </tr>





            






    <tr id="l70" class="n odd c-m" data-node_id="69" data-node_parent="68" data-level="9" data-e="1" data-i="2" data-x="4">
        <td class="u "><a href="#l70">70.</a></td>
        <td class="e c-1">
            <span>813.484</span>
        </td>
        <td class="i c-2">
            <span>2203.385</span>
        </td>
        <td class="x c-4">
            <span>
                &uarr;
                5683.0
            </span>
        </td>
        <td class="r"><span>2</span></td>
        <td class="l"><span>1</span></td>
        <td class="n">
            <div class="n" style="margin-left:220px">

                <div class="ico">&rarr;</div>

                <p>
                    <span class="node">

                        Sort


                    </span>

                    <span class="est">
                        (cost=43082.00..43110.42
                        rows=11366
                        width=45)
                    </span>

                    <span class="act">
                        (actual
                        time=2203.384..2203.385
                        rows=2
                        loops=1)
                    </span>
                </p>

                    <ul class="ex-nfo">
                            <li>Sort Key: ar.req_transaction_id</li>
                            <li>Sort Method:  quicksort  Memory: 20986kB</li>
                    </ul>

            </div>
        </td>
    </tr>





            






    <tr id="l71" class="n even c-m" data-node_id="70" data-node_parent="69" data-level="10" data-e="1" data-i="2" data-x="2">
        <td class="u "><a href="#l71">71.</a></td>
        <td class="e c-1">
            <span>240.356</span>
        </td>
        <td class="i c-2">
            <span>1389.901</span>
        </td>
        <td class="x c-2">
            <span>
                &darr;
                16.7
            </span>
        </td>
        <td class="r"><span>189968</span></td>
        <td class="l"><span>1</span></td>
        <td class="n">
            <div class="n" style="margin-left:242px">

                <div class="ico">&rarr;</div>

                <p>
                    <span class="node">

                        Merge Join


                    </span>

                    <span class="est">
                        (cost=39818.17..42316.36
                        rows=11366
                        width=45)
                    </span>

                    <span class="act">
                        (actual
                        time=1134.397..1389.901
                        rows=189968
                        loops=1)
                    </span>
                </p>

                    <ul class="ex-nfo">
                            <li>Merge Cond: (((buok.uow_key)::text = (bca.attr_value_1)::text) AND (buok.uow_validation_process_id = ((bc.transaction_id)::bigint)))</li>
                    </ul>

            </div>
        </td>
    </tr>





            






    <tr id="l72" class="n odd c-m" data-node_id="71" data-node_parent="70" data-level="11" data-e="1" data-i="1" data-x="1">
        <td class="u "><a href="#l72">72.</a></td>
        <td class="e c-1">
            <span>3.912</span>
        </td>
        <td class="i c-1">
            <span>5.310</span>
        </td>
        <td class="x c-1">
            <span>
                &uarr;
                1.1
            </span>
        </td>
        <td class="r"><span>792</span></td>
        <td class="l"><span>1</span></td>
        <td class="n">
            <div class="n" style="margin-left:264px">

                <div class="ico">&rarr;</div>

                <p>
                    <span class="node">

                        Sort


                    </span>

                    <span class="est">
                        (cost=162.13..164.41
                        rows=909
                        width=65)
                    </span>

                    <span class="act">
                        (actual
                        time=5.241..5.310
                        rows=792
                        loops=1)
                    </span>
                </p>

                    <ul class="ex-nfo">
                            <li>Sort Key: buok.uow_key, buok.uow_validation_process_id</li>
                            <li>Sort Method:  quicksort  Memory: 152kB</li>
                    </ul>

            </div>
        </td>
    </tr>





            






    <tr id="l73" class="n even c-m" data-node_id="72" data-node_parent="71" data-level="12" data-e="1" data-i="1" data-x="1">
        <td class="u "><a href="#l73">73.</a></td>
        <td class="e c-1">
            <span>0.309</span>
        </td>
        <td class="i c-1">
            <span>1.398</span>
        </td>
        <td class="x c-1">
            <span>
                &uarr;
                1.0
            </span>
        </td>
        <td class="r"><span>909</span></td>
        <td class="l"><span>1</span></td>
        <td class="n">
            <div class="n" style="margin-left:286px">

                <div class="ico">&rarr;</div>

                <p>
                    <span class="node">

                        Hash Join


                    </span>

                    <span class="est">
                        (cost=64.38..117.47
                        rows=909
                        width=65)
                    </span>

                    <span class="act">
                        (actual
                        time=0.739..1.398
                        rows=909
                        loops=1)
                    </span>
                </p>

                    <ul class="ex-nfo">
                            <li>Hash Cond: (u.uow_id = buok.uow_id)</li>
                    </ul>

            </div>
        </td>
    </tr>





            






    <tr id="l74" class="n odd c-m" data-node_id="73" data-node_parent="72" data-level="13" data-e="1" data-i="1" data-x="1">
        <td class="u "><a href="#l74">74.</a></td>
        <td class="e c-1">
            <span>0.293</span>
        </td>
        <td class="i c-1">
            <span>0.683</span>
        </td>
        <td class="x c-1">
            <span>
                &uarr;
                1.0
            </span>
        </td>
        <td class="r"><span>909</span></td>
        <td class="l"><span>1</span></td>
        <td class="n">
            <div class="n" style="margin-left:308px">

                <div class="ico">&rarr;</div>

                <p>
                    <span class="node">

                        Hash Join


                    </span>

                    <span class="est">
                        (cost=24.92..65.51
                        rows=909
                        width=45)
                    </span>

                    <span class="act">
                        (actual
                        time=0.327..0.683
                        rows=909
                        loops=1)
                    </span>
                </p>

                    <ul class="ex-nfo">
                            <li>Hash Cond: (u.uow_validation_process_id = ar.req_id)</li>
                    </ul>

            </div>
        </td>
    </tr>





            






    <tr id="l75" class="n even c-m" data-node_id="74" data-node_parent="73" data-level="14" data-e="1" data-i="1" data-x="1">
        <td class="u "><a href="#l75">75.</a></td>
        <td class="e c-1">
            <span>0.086</span>
        </td>
        <td class="i c-1">
            <span>0.086</span>
        </td>
        <td class="x c-1">
            <span>
                &uarr;
                1.0
            </span>
        </td>
        <td class="r"><span>909</span></td>
        <td class="l"><span>1</span></td>
        <td class="n">
            <div class="n" style="margin-left:330px">

                <div class="ico">&rarr;</div>

                <p>
                    <span class="node">

                        Seq Scan

                            on bck_unit_of_works u

                    </span>

                    <span class="est">
                        (cost=0.00..28.09
                        rows=909
                        width=16)
                    </span>

                    <span class="act">
                        (actual
                        time=0.006..0.086
                        rows=909
                        loops=1)
                    </span>
                </p>


            </div>
        </td>
    </tr>








            






    <tr id="l76" class="n even c-m" data-node_id="75" data-node_parent="73" data-level="14" data-e="1" data-i="1" data-x="1">
        <td class="u "><a href="#l76">76.</a></td>
        <td class="e c-1">
            <span>0.084</span>
        </td>
        <td class="i c-1">
            <span>0.304</span>
        </td>
        <td class="x c-1">
            <span>
                &uarr;
                1.0
            </span>
        </td>
        <td class="r"><span>430</span></td>
        <td class="l"><span>1</span></td>
        <td class="n">
            <div class="n" style="margin-left:330px">

                <div class="ico">&rarr;</div>

                <p>
                    <span class="node">

                        Hash


                    </span>

                    <span class="est">
                        (cost=19.55..19.55
                        rows=430
                        width=45)
                    </span>

                    <span class="act">
                        (actual
                        time=0.304..0.304
                        rows=430
                        loops=1)
                    </span>
                </p>


            </div>
        </td>
    </tr>





            






    <tr id="l77" class="n odd c-m" data-node_id="76" data-node_parent="75" data-level="15" data-e="1" data-i="1" data-x="1">
        <td class="u "><a href="#l77">77.</a></td>
        <td class="e c-1">
            <span>0.113</span>
        </td>
        <td class="i c-1">
            <span>0.220</span>
        </td>
        <td class="x c-1">
            <span>
                &uarr;
                1.0
            </span>
        </td>
        <td class="r"><span>430</span></td>
        <td class="l"><span>1</span></td>
        <td class="n">
            <div class="n" style="margin-left:352px">

                <div class="ico">&rarr;</div>

                <p>
                    <span class="node">

                        Hash Join


                    </span>

                    <span class="est">
                        (cost=1.34..19.55
                        rows=430
                        width=45)
                    </span>

                    <span class="act">
                        (actual
                        time=0.019..0.220
                        rows=430
                        loops=1)
                    </span>
                </p>

                    <ul class="ex-nfo">
                            <li>Hash Cond: (ar.req_user_creation = u.usr_id)</li>
                    </ul>

            </div>
        </td>
    </tr>





            






    <tr id="l78" class="n even c-m" data-node_id="77" data-node_parent="76" data-level="16" data-e="1" data-i="1" data-x="1">
        <td class="u "><a href="#l78">78.</a></td>
        <td class="e c-1">
            <span>0.098</span>
        </td>
        <td class="i c-1">
            <span>0.098</span>
        </td>
        <td class="x c-1">
            <span>
                &uarr;
                1.0
            </span>
        </td>
        <td class="r"><span>430</span></td>
        <td class="l"><span>1</span></td>
        <td class="n">
            <div class="n" style="margin-left:374px">

                <div class="ico">&rarr;</div>

                <p>
                    <span class="node">

                        Seq Scan

                            on adhoc_requests ar

                    </span>

                    <span class="est">
                        (cost=0.00..12.30
                        rows=430
                        width=53)
                    </span>

                    <span class="act">
                        (actual
                        time=0.002..0.098
                        rows=430
                        loops=1)
                    </span>
                </p>


            </div>
        </td>
    </tr>








            






    <tr id="l79" class="n even c-m" data-node_id="78" data-node_parent="76" data-level="16" data-e="1" data-i="1" data-x="1">
        <td class="u "><a href="#l79">79.</a></td>
        <td class="e c-1">
            <span>0.006</span>
        </td>
        <td class="i c-1">
            <span>0.009</span>
        </td>
        <td class="x c-1">
            <span>
                &uarr;
                1.0
            </span>
        </td>
        <td class="r"><span>15</span></td>
        <td class="l"><span>1</span></td>
        <td class="n">
            <div class="n" style="margin-left:374px">

                <div class="ico">&rarr;</div>

                <p>
                    <span class="node">

                        Hash


                    </span>

                    <span class="est">
                        (cost=1.15..1.15
                        rows=15
                        width=8)
                    </span>

                    <span class="act">
                        (actual
                        time=0.009..0.009
                        rows=15
                        loops=1)
                    </span>
                </p>


            </div>
        </td>
    </tr>





            






    <tr id="l80" class="n odd c-m" data-node_id="79" data-node_parent="78" data-level="17" data-e="1" data-i="1" data-x="1">
        <td class="u "><a href="#l80">80.</a></td>
        <td class="e c-1">
            <span>0.003</span>
        </td>
        <td class="i c-1">
            <span>0.003</span>
        </td>
        <td class="x c-1">
            <span>
                &uarr;
                1.0
            </span>
        </td>
        <td class="r"><span>15</span></td>
        <td class="l"><span>1</span></td>
        <td class="n">
            <div class="n" style="margin-left:396px">

                <div class="ico">&rarr;</div>

                <p>
                    <span class="node">

                        Seq Scan

                            on auth_users u

                    </span>

                    <span class="est">
                        (cost=0.00..1.15
                        rows=15
                        width=8)
                    </span>

                    <span class="act">
                        (actual
                        time=0.002..0.003
                        rows=15
                        loops=1)
                    </span>
                </p>


            </div>
        </td>
    </tr>




















            






    <tr id="l81" class="n even c-m" data-node_id="80" data-node_parent="72" data-level="13" data-e="1" data-i="1" data-x="1">
        <td class="u "><a href="#l81">81.</a></td>
        <td class="e c-1">
            <span>0.181</span>
        </td>
        <td class="i c-1">
            <span>0.406</span>
        </td>
        <td class="x c-1">
            <span>
                &uarr;
                1.0
            </span>
        </td>
        <td class="r"><span>909</span></td>
        <td class="l"><span>1</span></td>
        <td class="n">
            <div class="n" style="margin-left:308px">

                <div class="ico">&rarr;</div>

                <p>
                    <span class="node">

                        Hash


                    </span>

                    <span class="est">
                        (cost=28.09..28.09
                        rows=909
                        width=28)
                    </span>

                    <span class="act">
                        (actual
                        time=0.406..0.406
                        rows=909
                        loops=1)
                    </span>
                </p>


            </div>
        </td>
    </tr>





            






    <tr id="l82" class="n odd c-m" data-node_id="81" data-node_parent="80" data-level="14" data-e="1" data-i="1" data-x="1">
        <td class="u "><a href="#l82">82.</a></td>
        <td class="e c-1">
            <span>0.225</span>
        </td>
        <td class="i c-1">
            <span>0.225</span>
        </td>
        <td class="x c-1">
            <span>
                &uarr;
                1.0
            </span>
        </td>
        <td class="r"><span>909</span></td>
        <td class="l"><span>1</span></td>
        <td class="n">
            <div class="n" style="margin-left:330px">

                <div class="ico">&rarr;</div>

                <p>
                    <span class="node">

                        Seq Scan

                            on bck_unit_of_works buok

                    </span>

                    <span class="est">
                        (cost=0.00..28.09
                        rows=909
                        width=28)
                    </span>

                    <span class="act">
                        (actual
                        time=0.001..0.225
                        rows=909
                        loops=1)
                    </span>
                </p>


            </div>
        </td>
    </tr>

















            






    <tr id="l83" class="n even c-m" data-node_id="82" data-node_parent="70" data-level="11" data-e="1" data-i="2" data-x="1">
        <td class="u "><a href="#l83">83.</a></td>
        <td class="e c-1">
            <span>948.354</span>
        </td>
        <td class="i c-2">
            <span>1144.235</span>
        </td>
        <td class="x c-1">
            <span>
                &uarr;
                1.0
            </span>
        </td>
        <td class="r"><span>189969</span></td>
        <td class="l"><span>1</span></td>
        <td class="n">
            <div class="n" style="margin-left:264px">

                <div class="ico">&rarr;</div>

                <p>
                    <span class="node">

                        Sort


                    </span>

                    <span class="est">
                        (cost=39656.03..40130.95
                        rows=189969
                        width=14)
                    </span>

                    <span class="act">
                        (actual
                        time=1129.148..1144.235
                        rows=189969
                        loops=1)
                    </span>
                </p>

                    <ul class="ex-nfo">
                            <li>Sort Key: bca.attr_value_1, ((bc.transaction_id)::bigint)</li>
                            <li>Sort Method:  quicksort  Memory: 20986kB</li>
                    </ul>

            </div>
        </td>
    </tr>





            






    <tr id="l84" class="n odd c-m" data-node_id="83" data-node_parent="82" data-level="12" data-e="1" data-i="1" data-x="1">
        <td class="u "><a href="#l84">84.</a></td>
        <td class="e c-1">
            <span>105.018</span>
        </td>
        <td class="i c-1">
            <span>195.881</span>
        </td>
        <td class="x c-1">
            <span>
                &uarr;
                1.0
            </span>
        </td>
        <td class="r"><span>189969</span></td>
        <td class="l"><span>1</span></td>
        <td class="n">
            <div class="n" style="margin-left:286px">

                <div class="ico">&rarr;</div>

                <p>
                    <span class="node">

                        Merge Join


                    </span>

                    <span class="est">
                        (cost=0.00..23000.12
                        rows=189969
                        width=14)
                    </span>

                    <span class="act">
                        (actual
                        time=0.029..195.881
                        rows=189969
                        loops=1)
                    </span>
                </p>

                    <ul class="ex-nfo">
                            <li>Merge Cond: (bc.attribute_uid = bca.objid)</li>
                    </ul>

            </div>
        </td>
    </tr>





            






    <tr id="l85" class="n even c-m" data-node_id="84" data-node_parent="83" data-level="13" data-e="1" data-i="1" data-x="1">
        <td class="u "><a href="#l85">85.</a></td>
        <td class="e c-1">
            <span>52.172</span>
        </td>
        <td class="i c-1">
            <span>52.172</span>
        </td>
        <td class="x c-1">
            <span>
                &uarr;
                1.0
            </span>
        </td>
        <td class="r"><span>189969</span></td>
        <td class="l"><span>1</span></td>
        <td class="n">
            <div class="n" style="margin-left:308px">

                <div class="ico">&rarr;</div>

                <p>
                    <span class="node">

                        Index Scan

                            using bck_03_ix on bck_consequences bc

                    </span>

                    <span class="est">
                        (cost=0.00..8058.79
                        rows=189969
                        width=11)
                    </span>

                    <span class="act">
                        (actual
                        time=0.014..52.172
                        rows=189969
                        loops=1)
                    </span>
                </p>


            </div>
        </td>
    </tr>








            






    <tr id="l86" class="n even c-m" data-node_id="85" data-node_parent="83" data-level="13" data-e="1" data-i="1" data-x="1">
        <td class="u "><a href="#l86">86.</a></td>
        <td class="e c-1">
            <span>38.691</span>
        </td>
        <td class="i c-1">
            <span>38.691</span>
        </td>
        <td class="x c-1">
            <span>
                &uarr;
                1.0
            </span>
        </td>
        <td class="r"><span>189969</span></td>
        <td class="l"><span>1</span></td>
        <td class="n">
            <div class="n" style="margin-left:308px">

                <div class="ico">&rarr;</div>

                <p>
                    <span class="node">

                        Index Scan

                            using bca_objid_ix on bck_consequence_attr bca

                    </span>

                    <span class="est">
                        (cost=0.00..12091.79
                        rows=189969
                        width=19)
                    </span>

                    <span class="act">
                        (actual
                        time=0.009..38.691
                        rows=189969
                        loops=1)
                    </span>
                </p>


            </div>
        </td>
    </tr>
































            






    <tr id="l87" class="n odd c-m" data-node_id="86" data-node_parent="22" data-level="5" data-e="1" data-i="1" data-x="1">
        <td class="u "><a href="#l87">87.</a></td>
        <td class="e c-1">
            <span>0.013</span>
        </td>
        <td class="i c-1">
            <span>0.072</span>
        </td>
        <td class="x c-1">
            <span>
                &uarr;
                1.0
            </span>
        </td>
        <td class="r"><span>36</span></td>
        <td class="l"><span>1</span></td>
        <td class="n">
            <div class="n" style="margin-left:132px">

                <div class="ico">&rarr;</div>

                <p>
                    <span class="node">

                        Materialize


                    </span>

                    <span class="est">
                        (cost=2.67..3.03
                        rows=36
                        width=16)
                    </span>

                    <span class="act">
                        (actual
                        time=0.048..0.072
                        rows=36
                        loops=1)
                    </span>
                </p>


            </div>
        </td>
    </tr>





            






    <tr id="l88" class="n even c-m" data-node_id="87" data-node_parent="86" data-level="6" data-e="1" data-i="1" data-x="1">
        <td class="u "><a href="#l88">88.</a></td>
        <td class="e c-1">
            <span>0.004</span>
        </td>
        <td class="i c-1">
            <span>0.059</span>
        </td>
        <td class="x c-1">
            <span>
                &uarr;
                1.0
            </span>
        </td>
        <td class="r"><span>36</span></td>
        <td class="l"><span>1</span></td>
        <td class="n">
            <div class="n" style="margin-left:154px">

                <div class="ico">&rarr;</div>

                <p>
                    <span class="node">

                        Subquery Scan notifications


                    </span>

                    <span class="est">
                        (cost=1.82..2.63
                        rows=36
                        width=16)
                    </span>

                    <span class="act">
                        (actual
                        time=0.046..0.059
                        rows=36
                        loops=1)
                    </span>
                </p>


            </div>
        </td>
    </tr>





            






    <tr id="l89" class="n odd c-m" data-node_id="88" data-node_parent="87" data-level="7" data-e="1" data-i="1" data-x="1">
        <td class="u "><a href="#l89">89.</a></td>
        <td class="e c-1">
            <span>0.042</span>
        </td>
        <td class="i c-1">
            <span>0.055</span>
        </td>
        <td class="x c-1">
            <span>
                &uarr;
                1.0
            </span>
        </td>
        <td class="r"><span>36</span></td>
        <td class="l"><span>1</span></td>
        <td class="n">
            <div class="n" style="margin-left:176px">

                <div class="ico">&rarr;</div>

                <p>
                    <span class="node">

                        HashAggregate


                    </span>

                    <span class="est">
                        (cost=1.82..2.27
                        rows=36
                        width=16)
                    </span>

                    <span class="act">
                        (actual
                        time=0.046..0.055
                        rows=36
                        loops=1)
                    </span>
                </p>


            </div>
        </td>
    </tr>





            






    <tr id="l90" class="n even c-m" data-node_id="89" data-node_parent="88" data-level="8" data-e="1" data-i="1" data-x="1">
        <td class="u "><a href="#l90">90.</a></td>
        <td class="e c-1">
            <span>0.013</span>
        </td>
        <td class="i c-1">
            <span>0.013</span>
        </td>
        <td class="x c-1">
            <span>
                &uarr;
                1.0
            </span>
        </td>
        <td class="r"><span>55</span></td>
        <td class="l"><span>1</span></td>
        <td class="n">
            <div class="n" style="margin-left:198px">

                <div class="ico">&rarr;</div>

                <p>
                    <span class="node">

                        Seq Scan

                            on adhoc_request_notificat_users arn

                    </span>

                    <span class="est">
                        (cost=0.00..1.55
                        rows=55
                        width=16)
                    </span>

                    <span class="act">
                        (actual
                        time=0.007..0.013
                        rows=55
                        loops=1)
                    </span>
                </p>


            </div>
        </td>
    </tr>




















            






    <tr id="l91" class="n odd c-m" data-node_id="90" data-node_parent="21" data-level="4" data-e="1" data-i="2" data-x="1">
        <td class="u "><a href="#l91">91.</a></td>
        <td class="e c-1">
            <span>0.004</span>
        </td>
        <td class="i c-2">
            <span>2859.327</span>
        </td>
        <td class="x c-1">
            <span>
                &darr;
                0.0
            </span>
        </td>
        <td class="r"><span>0</span></td>
        <td class="l"><span>1</span></td>
        <td class="n">
            <div class="n" style="margin-left:110px">

                <div class="ico">&rarr;</div>

                <p>
                    <span class="node">

                        Sort


                    </span>

                    <span class="est">
                        (cost=84831.67..84831.67
                        rows=1
                        width=524)
                    </span>

                    <span class="act">
                        (actual
                        time=2859.327..2859.327
                        rows=0
                        loops=1)
                    </span>
                </p>

                    <ul class="ex-nfo">
                            <li>Sort Key: rules_without_error.transaction_id</li>
                            <li>Sort Method:  quicksort  Memory: 25kB</li>
                    </ul>

            </div>
        </td>
    </tr>





            






    <tr id="l92" class="n even c-m" data-node_id="91" data-node_parent="90" data-level="5" data-e="1" data-i="2" data-x="1">
        <td class="u "><a href="#l92">92.</a></td>
        <td class="e c-1">
            <span>0.000</span>
        </td>
        <td class="i c-2">
            <span>2859.323</span>
        </td>
        <td class="x c-1">
            <span>
                &darr;
                0.0
            </span>
        </td>
        <td class="r"><span>0</span></td>
        <td class="l"><span>1</span></td>
        <td class="n">
            <div class="n" style="margin-left:132px">

                <div class="ico">&rarr;</div>

                <p>
                    <span class="node">

                        Subquery Scan rules_without_error


                    </span>

                    <span class="est">
                        (cost=84831.64..84831.66
                        rows=1
                        width=524)
                    </span>

                    <span class="act">
                        (actual
                        time=2859.323..2859.323
                        rows=0
                        loops=1)
                    </span>
                </p>


            </div>
        </td>
    </tr>





            






    <tr id="l93" class="n odd c-m" data-node_id="92" data-node_parent="91" data-level="6" data-e="1" data-i="2" data-x="1">
        <td class="u "><a href="#l93">93.</a></td>
        <td class="e c-1">
            <span>0.002</span>
        </td>
        <td class="i c-2">
            <span>2859.323</span>
        </td>
        <td class="x c-1">
            <span>
                &darr;
                0.0
            </span>
        </td>
        <td class="r"><span>0</span></td>
        <td class="l"><span>1</span></td>
        <td class="n">
            <div class="n" style="margin-left:154px">

                <div class="ico">&rarr;</div>

                <p>
                    <span class="node">

                        HashAggregate


                    </span>

                    <span class="est">
                        (cost=84831.64..84831.65
                        rows=1
                        width=45)
                    </span>

                    <span class="act">
                        (actual
                        time=2859.323..2859.323
                        rows=0
                        loops=1)
                    </span>
                </p>


            </div>
        </td>
    </tr>





            






    <tr id="l94" class="n even c-m" data-node_id="93" data-node_parent="92" data-level="7" data-e="1" data-i="2" data-x="1">
        <td class="u "><a href="#l94">94.</a></td>
        <td class="e c-1">
            <span>30.368</span>
        </td>
        <td class="i c-2">
            <span>2859.321</span>
        </td>
        <td class="x c-1">
            <span>
                &darr;
                0.0
            </span>
        </td>
        <td class="r"><span>0</span></td>
        <td class="l"><span>1</span></td>
        <td class="n">
            <div class="n" style="margin-left:176px">

                <div class="ico">&rarr;</div>

                <p>
                    <span class="node">

                        Hash Anti Join


                    </span>

                    <span class="est">
                        (cost=82276.60..84831.63
                        rows=1
                        width=45)
                    </span>

                    <span class="act">
                        (actual
                        time=2859.321..2859.321
                        rows=0
                        loops=1)
                    </span>
                </p>

                    <ul class="ex-nfo">
                            <li>Hash Cond: (u.uow_id = uw.uow_id)</li>
                    </ul>

            </div>
        </td>
    </tr>





            






    <tr id="l95" class="n odd c-m" data-node_id="94" data-node_parent="93" data-level="8" data-e="1" data-i="2" data-x="2">
        <td class="u "><a href="#l95">95.</a></td>
        <td class="e c-1">
            <span>245.471</span>
        </td>
        <td class="i c-2">
            <span>1404.651</span>
        </td>
        <td class="x c-2">
            <span>
                &darr;
                16.7
            </span>
        </td>
        <td class="r"><span>189968</span></td>
        <td class="l"><span>1</span></td>
        <td class="n">
            <div class="n" style="margin-left:198px">

                <div class="ico">&rarr;</div>

                <p>
                    <span class="node">

                        Merge Join


                    </span>

                    <span class="est">
                        (cost=39818.17..42316.36
                        rows=11366
                        width=53)
                    </span>

                    <span class="act">
                        (actual
                        time=1145.348..1404.651
                        rows=189968
                        loops=1)
                    </span>
                </p>

                    <ul class="ex-nfo">
                            <li>Merge Cond: (((buok.uow_key)::text = (bca.attr_value_1)::text) AND (buok.uow_validation_process_id = ((bc.transaction_id)::bigint)))</li>
                    </ul>

            </div>
        </td>
    </tr>





            






    <tr id="l96" class="n even c-m" data-node_id="95" data-node_parent="94" data-level="9" data-e="1" data-i="1" data-x="1">
        <td class="u "><a href="#l96">96.</a></td>
        <td class="e c-1">
            <span>3.823</span>
        </td>
        <td class="i c-1">
            <span>5.202</span>
        </td>
        <td class="x c-1">
            <span>
                &uarr;
                1.1
            </span>
        </td>
        <td class="r"><span>792</span></td>
        <td class="l"><span>1</span></td>
        <td class="n">
            <div class="n" style="margin-left:220px">

                <div class="ico">&rarr;</div>

                <p>
                    <span class="node">

                        Sort


                    </span>

                    <span class="est">
                        (cost=162.13..164.41
                        rows=909
                        width=65)
                    </span>

                    <span class="act">
                        (actual
                        time=5.098..5.202
                        rows=792
                        loops=1)
                    </span>
                </p>

                    <ul class="ex-nfo">
                            <li>Sort Key: buok.uow_key, buok.uow_validation_process_id</li>
                            <li>Sort Method:  quicksort  Memory: 152kB</li>
                    </ul>

            </div>
        </td>
    </tr>





            






    <tr id="l97" class="n odd c-m" data-node_id="96" data-node_parent="95" data-level="10" data-e="1" data-i="1" data-x="1">
        <td class="u "><a href="#l97">97.</a></td>
        <td class="e c-1">
            <span>0.301</span>
        </td>
        <td class="i c-1">
            <span>1.379</span>
        </td>
        <td class="x c-1">
            <span>
                &uarr;
                1.0
            </span>
        </td>
        <td class="r"><span>909</span></td>
        <td class="l"><span>1</span></td>
        <td class="n">
            <div class="n" style="margin-left:242px">

                <div class="ico">&rarr;</div>

                <p>
                    <span class="node">

                        Hash Join


                    </span>

                    <span class="est">
                        (cost=64.38..117.47
                        rows=909
                        width=65)
                    </span>

                    <span class="act">
                        (actual
                        time=0.726..1.379
                        rows=909
                        loops=1)
                    </span>
                </p>

                    <ul class="ex-nfo">
                            <li>Hash Cond: (u.uow_id = buok.uow_id)</li>
                    </ul>

            </div>
        </td>
    </tr>





            






    <tr id="l98" class="n even c-m" data-node_id="97" data-node_parent="96" data-level="11" data-e="1" data-i="1" data-x="1">
        <td class="u "><a href="#l98">98.</a></td>
        <td class="e c-1">
            <span>0.292</span>
        </td>
        <td class="i c-1">
            <span>0.682</span>
        </td>
        <td class="x c-1">
            <span>
                &uarr;
                1.0
            </span>
        </td>
        <td class="r"><span>909</span></td>
        <td class="l"><span>1</span></td>
        <td class="n">
            <div class="n" style="margin-left:264px">

                <div class="ico">&rarr;</div>

                <p>
                    <span class="node">

                        Hash Join


                    </span>

                    <span class="est">
                        (cost=24.92..65.51
                        rows=909
                        width=45)
                    </span>

                    <span class="act">
                        (actual
                        time=0.325..0.682
                        rows=909
                        loops=1)
                    </span>
                </p>

                    <ul class="ex-nfo">
                            <li>Hash Cond: (u.uow_validation_process_id = ar.req_id)</li>
                    </ul>

            </div>
        </td>
    </tr>





            






    <tr id="l99" class="n odd c-m" data-node_id="98" data-node_parent="97" data-level="12" data-e="1" data-i="1" data-x="1">
        <td class="u "><a href="#l99">99.</a></td>
        <td class="e c-1">
            <span>0.077</span>
        </td>
        <td class="i c-1">
            <span>0.077</span>
        </td>
        <td class="x c-1">
            <span>
                &uarr;
                1.0
            </span>
        </td>
        <td class="r"><span>909</span></td>
        <td class="l"><span>1</span></td>
        <td class="n">
            <div class="n" style="margin-left:286px">

                <div class="ico">&rarr;</div>

                <p>
                    <span class="node">

                        Seq Scan

                            on bck_unit_of_works u

                    </span>

                    <span class="est">
                        (cost=0.00..28.09
                        rows=909
                        width=16)
                    </span>

                    <span class="act">
                        (actual
                        time=0.003..0.077
                        rows=909
                        loops=1)
                    </span>
                </p>


            </div>
        </td>
    </tr>








            






    <tr id="l100" class="n odd c-m" data-node_id="99" data-node_parent="97" data-level="12" data-e="1" data-i="1" data-x="1">
        <td class="u "><a href="#l100">100.</a></td>
        <td class="e c-1">
            <span>0.081</span>
        </td>
        <td class="i c-1">
            <span>0.313</span>
        </td>
        <td class="x c-1">
            <span>
                &uarr;
                1.0
            </span>
        </td>
        <td class="r"><span>430</span></td>
        <td class="l"><span>1</span></td>
        <td class="n">
            <div class="n" style="margin-left:286px">

                <div class="ico">&rarr;</div>

                <p>
                    <span class="node">

                        Hash


                    </span>

                    <span class="est">
                        (cost=19.55..19.55
                        rows=430
                        width=45)
                    </span>

                    <span class="act">
                        (actual
                        time=0.313..0.313
                        rows=430
                        loops=1)
                    </span>
                </p>


            </div>
        </td>
    </tr>





            






    <tr id="l101" class="n even c-m" data-node_id="100" data-node_parent="99" data-level="13" data-e="1" data-i="1" data-x="1">
        <td class="u "><a href="#l101">101.</a></td>
        <td class="e c-1">
            <span>0.130</span>
        </td>
        <td class="i c-1">
            <span>0.232</span>
        </td>
        <td class="x c-1">
            <span>
                &uarr;
                1.0
            </span>
        </td>
        <td class="r"><span>430</span></td>
        <td class="l"><span>1</span></td>
        <td class="n">
            <div class="n" style="margin-left:308px">

                <div class="ico">&rarr;</div>

                <p>
                    <span class="node">

                        Hash Join


                    </span>

                    <span class="est">
                        (cost=1.34..19.55
                        rows=430
                        width=45)
                    </span>

                    <span class="act">
                        (actual
                        time=0.023..0.232
                        rows=430
                        loops=1)
                    </span>
                </p>

                    <ul class="ex-nfo">
                            <li>Hash Cond: (ar.req_user_creation = u.usr_id)</li>
                    </ul>

            </div>
        </td>
    </tr>





            






    <tr id="l102" class="n odd c-m" data-node_id="101" data-node_parent="100" data-level="14" data-e="1" data-i="1" data-x="1">
        <td class="u "><a href="#l102">102.</a></td>
        <td class="e c-1">
            <span>0.092</span>
        </td>
        <td class="i c-1">
            <span>0.092</span>
        </td>
        <td class="x c-1">
            <span>
                &uarr;
                1.0
            </span>
        </td>
        <td class="r"><span>430</span></td>
        <td class="l"><span>1</span></td>
        <td class="n">
            <div class="n" style="margin-left:330px">

                <div class="ico">&rarr;</div>

                <p>
                    <span class="node">

                        Seq Scan

                            on adhoc_requests ar

                    </span>

                    <span class="est">
                        (cost=0.00..12.30
                        rows=430
                        width=53)
                    </span>

                    <span class="act">
                        (actual
                        time=0.002..0.092
                        rows=430
                        loops=1)
                    </span>
                </p>


            </div>
        </td>
    </tr>








            






    <tr id="l103" class="n odd c-m" data-node_id="102" data-node_parent="100" data-level="14" data-e="1" data-i="1" data-x="1">
        <td class="u "><a href="#l103">103.</a></td>
        <td class="e c-1">
            <span>0.005</span>
        </td>
        <td class="i c-1">
            <span>0.010</span>
        </td>
        <td class="x c-1">
            <span>
                &uarr;
                1.0
            </span>
        </td>
        <td class="r"><span>15</span></td>
        <td class="l"><span>1</span></td>
        <td class="n">
            <div class="n" style="margin-left:330px">

                <div class="ico">&rarr;</div>

                <p>
                    <span class="node">

                        Hash


                    </span>

                    <span class="est">
                        (cost=1.15..1.15
                        rows=15
                        width=8)
                    </span>

                    <span class="act">
                        (actual
                        time=0.010..0.010
                        rows=15
                        loops=1)
                    </span>
                </p>


            </div>
        </td>
    </tr>





            






    <tr id="l104" class="n even c-m" data-node_id="103" data-node_parent="102" data-level="15" data-e="1" data-i="1" data-x="1">
        <td class="u "><a href="#l104">104.</a></td>
        <td class="e c-1">
            <span>0.005</span>
        </td>
        <td class="i c-1">
            <span>0.005</span>
        </td>
        <td class="x c-1">
            <span>
                &uarr;
                1.0
            </span>
        </td>
        <td class="r"><span>15</span></td>
        <td class="l"><span>1</span></td>
        <td class="n">
            <div class="n" style="margin-left:352px">

                <div class="ico">&rarr;</div>

                <p>
                    <span class="node">

                        Seq Scan

                            on auth_users u

                    </span>

                    <span class="est">
                        (cost=0.00..1.15
                        rows=15
                        width=8)
                    </span>

                    <span class="act">
                        (actual
                        time=0.003..0.005
                        rows=15
                        loops=1)
                    </span>
                </p>


            </div>
        </td>
    </tr>




















            






    <tr id="l105" class="n odd c-m" data-node_id="104" data-node_parent="96" data-level="11" data-e="1" data-i="1" data-x="1">
        <td class="u "><a href="#l105">105.</a></td>
        <td class="e c-1">
            <span>0.182</span>
        </td>
        <td class="i c-1">
            <span>0.396</span>
        </td>
        <td class="x c-1">
            <span>
                &uarr;
                1.0
            </span>
        </td>
        <td class="r"><span>909</span></td>
        <td class="l"><span>1</span></td>
        <td class="n">
            <div class="n" style="margin-left:264px">

                <div class="ico">&rarr;</div>

                <p>
                    <span class="node">

                        Hash


                    </span>

                    <span class="est">
                        (cost=28.09..28.09
                        rows=909
                        width=28)
                    </span>

                    <span class="act">
                        (actual
                        time=0.396..0.396
                        rows=909
                        loops=1)
                    </span>
                </p>


            </div>
        </td>
    </tr>





            






    <tr id="l106" class="n even c-m" data-node_id="105" data-node_parent="104" data-level="12" data-e="1" data-i="1" data-x="1">
        <td class="u "><a href="#l106">106.</a></td>
        <td class="e c-1">
            <span>0.214</span>
        </td>
        <td class="i c-1">
            <span>0.214</span>
        </td>
        <td class="x c-1">
            <span>
                &uarr;
                1.0
            </span>
        </td>
        <td class="r"><span>909</span></td>
        <td class="l"><span>1</span></td>
        <td class="n">
            <div class="n" style="margin-left:286px">

                <div class="ico">&rarr;</div>

                <p>
                    <span class="node">

                        Seq Scan

                            on bck_unit_of_works buok

                    </span>

                    <span class="est">
                        (cost=0.00..28.09
                        rows=909
                        width=28)
                    </span>

                    <span class="act">
                        (actual
                        time=0.002..0.214
                        rows=909
                        loops=1)
                    </span>
                </p>


            </div>
        </td>
    </tr>

















            






    <tr id="l107" class="n odd c-m" data-node_id="106" data-node_parent="94" data-level="9" data-e="1" data-i="2" data-x="1">
        <td class="u "><a href="#l107">107.</a></td>
        <td class="e c-1">
            <span>957.163</span>
        </td>
        <td class="i c-2">
            <span>1153.978</span>
        </td>
        <td class="x c-1">
            <span>
                &uarr;
                1.0
            </span>
        </td>
        <td class="r"><span>189969</span></td>
        <td class="l"><span>1</span></td>
        <td class="n">
            <div class="n" style="margin-left:220px">

                <div class="ico">&rarr;</div>

                <p>
                    <span class="node">

                        Sort


                    </span>

                    <span class="est">
                        (cost=39656.03..40130.95
                        rows=189969
                        width=22)
                    </span>

                    <span class="act">
                        (actual
                        time=1140.242..1153.978
                        rows=189969
                        loops=1)
                    </span>
                </p>

                    <ul class="ex-nfo">
                            <li>Sort Key: bca.attr_value_1, ((bc.transaction_id)::bigint)</li>
                            <li>Sort Method:  quicksort  Memory: 20986kB</li>
                    </ul>

            </div>
        </td>
    </tr>





            






    <tr id="l108" class="n even c-m" data-node_id="107" data-node_parent="106" data-level="10" data-e="1" data-i="1" data-x="1">
        <td class="u "><a href="#l108">108.</a></td>
        <td class="e c-1">
            <span>104.837</span>
        </td>
        <td class="i c-1">
            <span>196.815</span>
        </td>
        <td class="x c-1">
            <span>
                &uarr;
                1.0
            </span>
        </td>
        <td class="r"><span>189969</span></td>
        <td class="l"><span>1</span></td>
        <td class="n">
            <div class="n" style="margin-left:242px">

                <div class="ico">&rarr;</div>

                <p>
                    <span class="node">

                        Merge Join


                    </span>

                    <span class="est">
                        (cost=0.00..23000.12
                        rows=189969
                        width=22)
                    </span>

                    <span class="act">
                        (actual
                        time=0.028..196.815
                        rows=189969
                        loops=1)
                    </span>
                </p>

                    <ul class="ex-nfo">
                            <li>Merge Cond: (bc.attribute_uid = bca.objid)</li>
                    </ul>

            </div>
        </td>
    </tr>





            






    <tr id="l109" class="n odd c-m" data-node_id="108" data-node_parent="107" data-level="11" data-e="1" data-i="1" data-x="1">
        <td class="u "><a href="#l109">109.</a></td>
        <td class="e c-1">
            <span>53.056</span>
        </td>
        <td class="i c-1">
            <span>53.056</span>
        </td>
        <td class="x c-1">
            <span>
                &uarr;
                1.0
            </span>
        </td>
        <td class="r"><span>189969</span></td>
        <td class="l"><span>1</span></td>
        <td class="n">
            <div class="n" style="margin-left:264px">

                <div class="ico">&rarr;</div>

                <p>
                    <span class="node">

                        Index Scan

                            using bck_03_ix on bck_consequences bc

                    </span>

                    <span class="est">
                        (cost=0.00..8058.79
                        rows=189969
                        width=19)
                    </span>

                    <span class="act">
                        (actual
                        time=0.014..53.056
                        rows=189969
                        loops=1)
                    </span>
                </p>


            </div>
        </td>
    </tr>








            






    <tr id="l110" class="n odd c-m" data-node_id="109" data-node_parent="107" data-level="11" data-e="1" data-i="1" data-x="1">
        <td class="u "><a href="#l110">110.</a></td>
        <td class="e c-1">
            <span>38.922</span>
        </td>
        <td class="i c-1">
            <span>38.922</span>
        </td>
        <td class="x c-1">
            <span>
                &uarr;
                1.0
            </span>
        </td>
        <td class="r"><span>189969</span></td>
        <td class="l"><span>1</span></td>
        <td class="n">
            <div class="n" style="margin-left:264px">

                <div class="ico">&rarr;</div>

                <p>
                    <span class="node">

                        Index Scan

                            using bca_objid_ix on bck_consequence_attr bca

                    </span>

                    <span class="est">
                        (cost=0.00..12091.79
                        rows=189969
                        width=19)
                    </span>

                    <span class="act">
                        (actual
                        time=0.009..38.922
                        rows=189969
                        loops=1)
                    </span>
                </p>


            </div>
        </td>
    </tr>

















            






    <tr id="l111" class="n even c-m" data-node_id="110" data-node_parent="93" data-level="8" data-e="1" data-i="2" data-x="2">
        <td class="u "><a href="#l111">111.</a></td>
        <td class="e c-1">
            <span>32.321</span>
        </td>
        <td class="i c-2">
            <span>1424.302</span>
        </td>
        <td class="x c-2">
            <span>
                &darr;
                16.7
            </span>
        </td>
        <td class="r"><span>189968</span></td>
        <td class="l"><span>1</span></td>
        <td class="n">
            <div class="n" style="margin-left:198px">

                <div class="ico">&rarr;</div>

                <p>
                    <span class="node">

                        Hash


                    </span>

                    <span class="est">
                        (cost=42316.36..42316.36
                        rows=11366
                        width=8)
                    </span>

                    <span class="act">
                        (actual
                        time=1424.302..1424.302
                        rows=189968
                        loops=1)
                    </span>
                </p>


            </div>
        </td>
    </tr>





            






    <tr id="l112" class="n odd c-m" data-node_id="111" data-node_parent="110" data-level="9" data-e="1" data-i="2" data-x="2">
        <td class="u "><a href="#l112">112.</a></td>
        <td class="e c-1">
            <span>242.987</span>
        </td>
        <td class="i c-2">
            <span>1391.981</span>
        </td>
        <td class="x c-2">
            <span>
                &darr;
                16.7
            </span>
        </td>
        <td class="r"><span>189968</span></td>
        <td class="l"><span>1</span></td>
        <td class="n">
            <div class="n" style="margin-left:220px">

                <div class="ico">&rarr;</div>

                <p>
                    <span class="node">

                        Merge Join


                    </span>

                    <span class="est">
                        (cost=39818.17..42316.36
                        rows=11366
                        width=8)
                    </span>

                    <span class="act">
                        (actual
                        time=1134.963..1391.981
                        rows=189968
                        loops=1)
                    </span>
                </p>

                    <ul class="ex-nfo">
                            <li>Merge Cond: (((buok.uow_key)::text = (bca.attr_value_1)::text) AND (buok.uow_validation_process_id = ((bc.transaction_id)::bigint)))</li>
                    </ul>

            </div>
        </td>
    </tr>





            






    <tr id="l113" class="n even c-m" data-node_id="112" data-node_parent="111" data-level="10" data-e="1" data-i="1" data-x="1">
        <td class="u "><a href="#l113">113.</a></td>
        <td class="e c-1">
            <span>3.781</span>
        </td>
        <td class="i c-1">
            <span>5.107</span>
        </td>
        <td class="x c-1">
            <span>
                &uarr;
                1.1
            </span>
        </td>
        <td class="r"><span>792</span></td>
        <td class="l"><span>1</span></td>
        <td class="n">
            <div class="n" style="margin-left:242px">

                <div class="ico">&rarr;</div>

                <p>
                    <span class="node">

                        Sort


                    </span>

                    <span class="est">
                        (cost=162.13..164.41
                        rows=909
                        width=28)
                    </span>

                    <span class="act">
                        (actual
                        time=5.014..5.107
                        rows=792
                        loops=1)
                    </span>
                </p>

                    <ul class="ex-nfo">
                            <li>Sort Key: buok.uow_key, buok.uow_validation_process_id</li>
                            <li>Sort Method:  quicksort  Memory: 92kB</li>
                    </ul>

            </div>
        </td>
    </tr>





            






    <tr id="l114" class="n odd c-m" data-node_id="113" data-node_parent="112" data-level="11" data-e="1" data-i="1" data-x="1">
        <td class="u "><a href="#l114">114.</a></td>
        <td class="e c-1">
            <span>0.288</span>
        </td>
        <td class="i c-1">
            <span>1.326</span>
        </td>
        <td class="x c-1">
            <span>
                &uarr;
                1.0
            </span>
        </td>
        <td class="r"><span>909</span></td>
        <td class="l"><span>1</span></td>
        <td class="n">
            <div class="n" style="margin-left:264px">

                <div class="ico">&rarr;</div>

                <p>
                    <span class="node">

                        Hash Join


                    </span>

                    <span class="est">
                        (cost=64.38..117.47
                        rows=909
                        width=28)
                    </span>

                    <span class="act">
                        (actual
                        time=0.703..1.326
                        rows=909
                        loops=1)
                    </span>
                </p>

                    <ul class="ex-nfo">
                            <li>Hash Cond: (uw.uow_id = buok.uow_id)</li>
                    </ul>

            </div>
        </td>
    </tr>





            






    <tr id="l115" class="n even c-m" data-node_id="114" data-node_parent="113" data-level="12" data-e="1" data-i="1" data-x="1">
        <td class="u "><a href="#l115">115.</a></td>
        <td class="e c-1">
            <span>0.269</span>
        </td>
        <td class="i c-1">
            <span>0.637</span>
        </td>
        <td class="x c-1">
            <span>
                &uarr;
                1.0
            </span>
        </td>
        <td class="r"><span>909</span></td>
        <td class="l"><span>1</span></td>
        <td class="n">
            <div class="n" style="margin-left:286px">

                <div class="ico">&rarr;</div>

                <p>
                    <span class="node">

                        Hash Join


                    </span>

                    <span class="est">
                        (cost=24.92..65.51
                        rows=909
                        width=8)
                    </span>

                    <span class="act">
                        (actual
                        time=0.295..0.637
                        rows=909
                        loops=1)
                    </span>
                </p>

                    <ul class="ex-nfo">
                            <li>Hash Cond: (uw.uow_validation_process_id = ar.req_id)</li>
                    </ul>

            </div>
        </td>
    </tr>





            






    <tr id="l116" class="n odd c-m" data-node_id="115" data-node_parent="114" data-level="13" data-e="1" data-i="1" data-x="1">
        <td class="u "><a href="#l116">116.</a></td>
        <td class="e c-1">
            <span>0.084</span>
        </td>
        <td class="i c-1">
            <span>0.084</span>
        </td>
        <td class="x c-1">
            <span>
                &uarr;
                1.0
            </span>
        </td>
        <td class="r"><span>909</span></td>
        <td class="l"><span>1</span></td>
        <td class="n">
            <div class="n" style="margin-left:308px">

                <div class="ico">&rarr;</div>

                <p>
                    <span class="node">

                        Seq Scan

                            on bck_unit_of_works uw

                    </span>

                    <span class="est">
                        (cost=0.00..28.09
                        rows=909
                        width=16)
                    </span>

                    <span class="act">
                        (actual
                        time=0.007..0.084
                        rows=909
                        loops=1)
                    </span>
                </p>


            </div>
        </td>
    </tr>








            






    <tr id="l117" class="n odd c-m" data-node_id="116" data-node_parent="114" data-level="13" data-e="1" data-i="1" data-x="1">
        <td class="u "><a href="#l117">117.</a></td>
        <td class="e c-1">
            <span>0.065</span>
        </td>
        <td class="i c-1">
            <span>0.284</span>
        </td>
        <td class="x c-1">
            <span>
                &uarr;
                1.0
            </span>
        </td>
        <td class="r"><span>430</span></td>
        <td class="l"><span>1</span></td>
        <td class="n">
            <div class="n" style="margin-left:308px">

                <div class="ico">&rarr;</div>

                <p>
                    <span class="node">

                        Hash


                    </span>

                    <span class="est">
                        (cost=19.55..19.55
                        rows=430
                        width=8)
                    </span>

                    <span class="act">
                        (actual
                        time=0.284..0.284
                        rows=430
                        loops=1)
                    </span>
                </p>


            </div>
        </td>
    </tr>





            






    <tr id="l118" class="n even c-m" data-node_id="117" data-node_parent="116" data-level="14" data-e="1" data-i="1" data-x="1">
        <td class="u "><a href="#l118">118.</a></td>
        <td class="e c-1">
            <span>0.115</span>
        </td>
        <td class="i c-1">
            <span>0.219</span>
        </td>
        <td class="x c-1">
            <span>
                &uarr;
                1.0
            </span>
        </td>
        <td class="r"><span>430</span></td>
        <td class="l"><span>1</span></td>
        <td class="n">
            <div class="n" style="margin-left:330px">

                <div class="ico">&rarr;</div>

                <p>
                    <span class="node">

                        Hash Join


                    </span>

                    <span class="est">
                        (cost=1.34..19.55
                        rows=430
                        width=8)
                    </span>

                    <span class="act">
                        (actual
                        time=0.020..0.219
                        rows=430
                        loops=1)
                    </span>
                </p>

                    <ul class="ex-nfo">
                            <li>Hash Cond: (ar.req_user_creation = u.usr_id)</li>
                    </ul>

            </div>
        </td>
    </tr>





            






    <tr id="l119" class="n odd c-m" data-node_id="118" data-node_parent="117" data-level="15" data-e="1" data-i="1" data-x="1">
        <td class="u "><a href="#l119">119.</a></td>
        <td class="e c-1">
            <span>0.094</span>
        </td>
        <td class="i c-1">
            <span>0.094</span>
        </td>
        <td class="x c-1">
            <span>
                &uarr;
                1.0
            </span>
        </td>
        <td class="r"><span>430</span></td>
        <td class="l"><span>1</span></td>
        <td class="n">
            <div class="n" style="margin-left:352px">

                <div class="ico">&rarr;</div>

                <p>
                    <span class="node">

                        Seq Scan

                            on adhoc_requests ar

                    </span>

                    <span class="est">
                        (cost=0.00..12.30
                        rows=430
                        width=16)
                    </span>

                    <span class="act">
                        (actual
                        time=0.002..0.094
                        rows=430
                        loops=1)
                    </span>
                </p>


            </div>
        </td>
    </tr>








            






    <tr id="l120" class="n odd c-m" data-node_id="119" data-node_parent="117" data-level="15" data-e="1" data-i="1" data-x="1">
        <td class="u "><a href="#l120">120.</a></td>
        <td class="e c-1">
            <span>0.004</span>
        </td>
        <td class="i c-1">
            <span>0.010</span>
        </td>
        <td class="x c-1">
            <span>
                &uarr;
                1.0
            </span>
        </td>
        <td class="r"><span>15</span></td>
        <td class="l"><span>1</span></td>
        <td class="n">
            <div class="n" style="margin-left:352px">

                <div class="ico">&rarr;</div>

                <p>
                    <span class="node">

                        Hash


                    </span>

                    <span class="est">
                        (cost=1.15..1.15
                        rows=15
                        width=8)
                    </span>

                    <span class="act">
                        (actual
                        time=0.010..0.010
                        rows=15
                        loops=1)
                    </span>
                </p>


            </div>
        </td>
    </tr>





            






    <tr id="l121" class="n even c-m" data-node_id="120" data-node_parent="119" data-level="16" data-e="1" data-i="1" data-x="1">
        <td class="u "><a href="#l121">121.</a></td>
        <td class="e c-1">
            <span>0.006</span>
        </td>
        <td class="i c-1">
            <span>0.006</span>
        </td>
        <td class="x c-1">
            <span>
                &uarr;
                1.0
            </span>
        </td>
        <td class="r"><span>15</span></td>
        <td class="l"><span>1</span></td>
        <td class="n">
            <div class="n" style="margin-left:374px">

                <div class="ico">&rarr;</div>

                <p>
                    <span class="node">

                        Seq Scan

                            on auth_users u

                    </span>

                    <span class="est">
                        (cost=0.00..1.15
                        rows=15
                        width=8)
                    </span>

                    <span class="act">
                        (actual
                        time=0.003..0.006
                        rows=15
                        loops=1)
                    </span>
                </p>


            </div>
        </td>
    </tr>




















            






    <tr id="l122" class="n odd c-m" data-node_id="121" data-node_parent="113" data-level="12" data-e="1" data-i="1" data-x="1">
        <td class="u "><a href="#l122">122.</a></td>
        <td class="e c-1">
            <span>0.179</span>
        </td>
        <td class="i c-1">
            <span>0.401</span>
        </td>
        <td class="x c-1">
            <span>
                &uarr;
                1.0
            </span>
        </td>
        <td class="r"><span>909</span></td>
        <td class="l"><span>1</span></td>
        <td class="n">
            <div class="n" style="margin-left:286px">

                <div class="ico">&rarr;</div>

                <p>
                    <span class="node">

                        Hash


                    </span>

                    <span class="est">
                        (cost=28.09..28.09
                        rows=909
                        width=28)
                    </span>

                    <span class="act">
                        (actual
                        time=0.401..0.401
                        rows=909
                        loops=1)
                    </span>
                </p>


            </div>
        </td>
    </tr>





            






    <tr id="l123" class="n even c-m" data-node_id="122" data-node_parent="121" data-level="13" data-e="1" data-i="1" data-x="1">
        <td class="u "><a href="#l123">123.</a></td>
        <td class="e c-1">
            <span>0.222</span>
        </td>
        <td class="i c-1">
            <span>0.222</span>
        </td>
        <td class="x c-1">
            <span>
                &uarr;
                1.0
            </span>
        </td>
        <td class="r"><span>909</span></td>
        <td class="l"><span>1</span></td>
        <td class="n">
            <div class="n" style="margin-left:308px">

                <div class="ico">&rarr;</div>

                <p>
                    <span class="node">

                        Seq Scan

                            on bck_unit_of_works buok

                    </span>

                    <span class="est">
                        (cost=0.00..28.09
                        rows=909
                        width=28)
                    </span>

                    <span class="act">
                        (actual
                        time=0.002..0.222
                        rows=909
                        loops=1)
                    </span>
                </p>


            </div>
        </td>
    </tr>

















            






    <tr id="l124" class="n odd c-m" data-node_id="123" data-node_parent="111" data-level="10" data-e="1" data-i="2" data-x="1">
        <td class="u "><a href="#l124">124.</a></td>
        <td class="e c-1">
            <span>948.196</span>
        </td>
        <td class="i c-2">
            <span>1143.887</span>
        </td>
        <td class="x c-1">
            <span>
                &uarr;
                1.0
            </span>
        </td>
        <td class="r"><span>189969</span></td>
        <td class="l"><span>1</span></td>
        <td class="n">
            <div class="n" style="margin-left:242px">

                <div class="ico">&rarr;</div>

                <p>
                    <span class="node">

                        Sort


                    </span>

                    <span class="est">
                        (cost=39656.03..40130.95
                        rows=189969
                        width=14)
                    </span>

                    <span class="act">
                        (actual
                        time=1129.939..1143.887
                        rows=189969
                        loops=1)
                    </span>
                </p>

                    <ul class="ex-nfo">
                            <li>Sort Key: bca.attr_value_1, ((bc.transaction_id)::bigint)</li>
                            <li>Sort Method:  quicksort  Memory: 20986kB</li>
                    </ul>

            </div>
        </td>
    </tr>





            






    <tr id="l125" class="n even c-m" data-node_id="124" data-node_parent="123" data-level="11" data-e="1" data-i="1" data-x="1">
        <td class="u "><a href="#l125">125.</a></td>
        <td class="e c-1">
            <span>104.859</span>
        </td>
        <td class="i c-1">
            <span>195.691</span>
        </td>
        <td class="x c-1">
            <span>
                &uarr;
                1.0
            </span>
        </td>
        <td class="r"><span>189969</span></td>
        <td class="l"><span>1</span></td>
        <td class="n">
            <div class="n" style="margin-left:264px">

                <div class="ico">&rarr;</div>

                <p>
                    <span class="node">

                        Merge Join


                    </span>

                    <span class="est">
                        (cost=0.00..23000.12
                        rows=189969
                        width=14)
                    </span>

                    <span class="act">
                        (actual
                        time=0.027..195.691
                        rows=189969
                        loops=1)
                    </span>
                </p>

                    <ul class="ex-nfo">
                            <li>Merge Cond: (bc.attribute_uid = bca.objid)</li>
                    </ul>

            </div>
        </td>
    </tr>





            






    <tr id="l126" class="n odd c-m" data-node_id="125" data-node_parent="124" data-level="12" data-e="1" data-i="1" data-x="1">
        <td class="u "><a href="#l126">126.</a></td>
        <td class="e c-1">
            <span>52.023</span>
        </td>
        <td class="i c-1">
            <span>52.023</span>
        </td>
        <td class="x c-1">
            <span>
                &uarr;
                1.0
            </span>
        </td>
        <td class="r"><span>189969</span></td>
        <td class="l"><span>1</span></td>
        <td class="n">
            <div class="n" style="margin-left:286px">

                <div class="ico">&rarr;</div>

                <p>
                    <span class="node">

                        Index Scan

                            using bck_03_ix on bck_consequences bc

                    </span>

                    <span class="est">
                        (cost=0.00..8058.79
                        rows=189969
                        width=11)
                    </span>

                    <span class="act">
                        (actual
                        time=0.014..52.023
                        rows=189969
                        loops=1)
                    </span>
                </p>


            </div>
        </td>
    </tr>








            






    <tr id="l127" class="n odd c-m" data-node_id="126" data-node_parent="124" data-level="12" data-e="1" data-i="1" data-x="1">
        <td class="u "><a href="#l127">127.</a></td>
        <td class="e c-1">
            <span>38.809</span>
        </td>
        <td class="i c-1">
            <span>38.809</span>
        </td>
        <td class="x c-1">
            <span>
                &uarr;
                1.0
            </span>
        </td>
        <td class="r"><span>189969</span></td>
        <td class="l"><span>1</span></td>
        <td class="n">
            <div class="n" style="margin-left:286px">

                <div class="ico">&rarr;</div>

                <p>
                    <span class="node">

                        Index Scan

                            using bca_objid_ix on bck_consequence_attr bca

                    </span>

                    <span class="est">
                        (cost=0.00..12091.79
                        rows=189969
                        width=19)
                    </span>

                    <span class="act">
                        (actual
                        time=0.009..38.809
                        rows=189969
                        loops=1)
                    </span>
                </p>


            </div>
        </td>
    </tr>



































            






    <tr id="l128" class="n even c-m" data-node_id="127" data-node_parent="20" data-level="3" data-e="1" data-i="2" data-x="1">
        <td class="u "><a href="#l128">128.</a></td>
        <td class="e c-1">
            <span>0.414</span>
        </td>
        <td class="i c-2">
            <span>1427.085</span>
        </td>
        <td class="x c-1">
            <span>
                &darr;
                2.0
            </span>
        </td>
        <td class="r"><span>2</span></td>
        <td class="l"><span>1</span></td>
        <td class="n">
            <div class="n" style="margin-left:88px">

                <div class="ico">&rarr;</div>

                <p>
                    <span class="node">

                        Sort


                    </span>

                    <span class="est">
                        (cost=42528.53..42528.54
                        rows=1
                        width=524)
                    </span>

                    <span class="act">
                        (actual
                        time=1427.085..1427.085
                        rows=2
                        loops=1)
                    </span>
                </p>

                    <ul class="ex-nfo">
                            <li>Sort Key: without_errors.transaction_id</li>
                            <li>Sort Method:  quicksort  Memory: 50kB</li>
                    </ul>

            </div>
        </td>
    </tr>





            






    <tr id="l129" class="n odd c-m" data-node_id="128" data-node_parent="127" data-level="4" data-e="1" data-i="2" data-x="3">
        <td class="u "><a href="#l129">129.</a></td>
        <td class="e c-1">
            <span>0.050</span>
        </td>
        <td class="i c-2">
            <span>1426.671</span>
        </td>
        <td class="x c-3">
            <span>
                &darr;
                322.0
            </span>
        </td>
        <td class="r"><span>322</span></td>
        <td class="l"><span>1</span></td>
        <td class="n">
            <div class="n" style="margin-left:110px">

                <div class="ico">&rarr;</div>

                <p>
                    <span class="node">

                        Subquery Scan without_errors


                    </span>

                    <span class="est">
                        (cost=42528.50..42528.52
                        rows=1
                        width=524)
                    </span>

                    <span class="act">
                        (actual
                        time=1426.575..1426.671
                        rows=322
                        loops=1)
                    </span>
                </p>


            </div>
        </td>
    </tr>





            






    <tr id="l130" class="n even c-m" data-node_id="129" data-node_parent="128" data-level="5" data-e="1" data-i="2" data-x="3">
        <td class="u "><a href="#l130">130.</a></td>
        <td class="e c-1">
            <span>0.282</span>
        </td>
        <td class="i c-2">
            <span>1426.621</span>
        </td>
        <td class="x c-3">
            <span>
                &darr;
                322.0
            </span>
        </td>
        <td class="r"><span>322</span></td>
        <td class="l"><span>1</span></td>
        <td class="n">
            <div class="n" style="margin-left:132px">

                <div class="ico">&rarr;</div>

                <p>
                    <span class="node">

                        HashAggregate


                    </span>

                    <span class="est">
                        (cost=42528.50..42528.51
                        rows=1
                        width=45)
                    </span>

                    <span class="act">
                        (actual
                        time=1426.574..1426.621
                        rows=322
                        loops=1)
                    </span>
                </p>


            </div>
        </td>
    </tr>





            






    <tr id="l131" class="n odd c-m" data-node_id="130" data-node_parent="129" data-level="6" data-e="1" data-i="2" data-x="3">
        <td class="u "><a href="#l131">131.</a></td>
        <td class="e c-1">
            <span>1.199</span>
        </td>
        <td class="i c-2">
            <span>1426.339</span>
        </td>
        <td class="x c-3">
            <span>
                &darr;
                695.0
            </span>
        </td>
        <td class="r"><span>695</span></td>
        <td class="l"><span>1</span></td>
        <td class="n">
            <div class="n" style="margin-left:154px">

                <div class="ico">&rarr;</div>

                <p>
                    <span class="node">

                        Hash Anti Join


                    </span>

                    <span class="est">
                        (cost=42483.36..42528.50
                        rows=1
                        width=45)
                    </span>

                    <span class="act">
                        (actual
                        time=1424.698..1426.339
                        rows=695
                        loops=1)
                    </span>
                </p>

                    <ul class="ex-nfo">
                            <li>Hash Cond: (u.uow_id = uw.uow_id)</li>
                    </ul>

            </div>
        </td>
    </tr>





            






    <tr id="l132" class="n even c-m" data-node_id="131" data-node_parent="130" data-level="7" data-e="1" data-i="1" data-x="1">
        <td class="u "><a href="#l132">132.</a></td>
        <td class="e c-1">
            <span>0.355</span>
        </td>
        <td class="i c-1">
            <span>0.774</span>
        </td>
        <td class="x c-1">
            <span>
                &uarr;
                1.0
            </span>
        </td>
        <td class="r"><span>909</span></td>
        <td class="l"><span>1</span></td>
        <td class="n">
            <div class="n" style="margin-left:176px">

                <div class="ico">&rarr;</div>

                <p>
                    <span class="node">

                        Hash Join


                    </span>

                    <span class="est">
                        (cost=24.92..65.51
                        rows=909
                        width=45)
                    </span>

                    <span class="act">
                        (actual
                        time=0.325..0.774
                        rows=909
                        loops=1)
                    </span>
                </p>

                    <ul class="ex-nfo">
                            <li>Hash Cond: (u.uow_validation_process_id = ar.req_id)</li>
                    </ul>

            </div>
        </td>
    </tr>





            






    <tr id="l133" class="n odd c-m" data-node_id="132" data-node_parent="131" data-level="8" data-e="1" data-i="1" data-x="1">
        <td class="u "><a href="#l133">133.</a></td>
        <td class="e c-1">
            <span>0.111</span>
        </td>
        <td class="i c-1">
            <span>0.111</span>
        </td>
        <td class="x c-1">
            <span>
                &uarr;
                1.0
            </span>
        </td>
        <td class="r"><span>909</span></td>
        <td class="l"><span>1</span></td>
        <td class="n">
            <div class="n" style="margin-left:198px">

                <div class="ico">&rarr;</div>

                <p>
                    <span class="node">

                        Seq Scan

                            on bck_unit_of_works u

                    </span>

                    <span class="est">
                        (cost=0.00..28.09
                        rows=909
                        width=16)
                    </span>

                    <span class="act">
                        (actual
                        time=0.007..0.111
                        rows=909
                        loops=1)
                    </span>
                </p>


            </div>
        </td>
    </tr>








            






    <tr id="l134" class="n odd c-m" data-node_id="133" data-node_parent="131" data-level="8" data-e="1" data-i="1" data-x="1">
        <td class="u "><a href="#l134">134.</a></td>
        <td class="e c-1">
            <span>0.091</span>
        </td>
        <td class="i c-1">
            <span>0.308</span>
        </td>
        <td class="x c-1">
            <span>
                &uarr;
                1.0
            </span>
        </td>
        <td class="r"><span>430</span></td>
        <td class="l"><span>1</span></td>
        <td class="n">
            <div class="n" style="margin-left:198px">

                <div class="ico">&rarr;</div>

                <p>
                    <span class="node">

                        Hash


                    </span>

                    <span class="est">
                        (cost=19.55..19.55
                        rows=430
                        width=45)
                    </span>

                    <span class="act">
                        (actual
                        time=0.308..0.308
                        rows=430
                        loops=1)
                    </span>
                </p>


            </div>
        </td>
    </tr>





            






    <tr id="l135" class="n even c-m" data-node_id="134" data-node_parent="133" data-level="9" data-e="1" data-i="1" data-x="1">
        <td class="u "><a href="#l135">135.</a></td>
        <td class="e c-1">
            <span>0.097</span>
        </td>
        <td class="i c-1">
            <span>0.217</span>
        </td>
        <td class="x c-1">
            <span>
                &uarr;
                1.0
            </span>
        </td>
        <td class="r"><span>430</span></td>
        <td class="l"><span>1</span></td>
        <td class="n">
            <div class="n" style="margin-left:220px">

                <div class="ico">&rarr;</div>

                <p>
                    <span class="node">

                        Hash Join


                    </span>

                    <span class="est">
                        (cost=1.34..19.55
                        rows=430
                        width=45)
                    </span>

                    <span class="act">
                        (actual
                        time=0.018..0.217
                        rows=430
                        loops=1)
                    </span>
                </p>

                    <ul class="ex-nfo">
                            <li>Hash Cond: (ar.req_user_creation = u.usr_id)</li>
                    </ul>

            </div>
        </td>
    </tr>





            






    <tr id="l136" class="n odd c-m" data-node_id="135" data-node_parent="134" data-level="10" data-e="1" data-i="1" data-x="1">
        <td class="u "><a href="#l136">136.</a></td>
        <td class="e c-1">
            <span>0.111</span>
        </td>
        <td class="i c-1">
            <span>0.111</span>
        </td>
        <td class="x c-1">
            <span>
                &uarr;
                1.0
            </span>
        </td>
        <td class="r"><span>430</span></td>
        <td class="l"><span>1</span></td>
        <td class="n">
            <div class="n" style="margin-left:242px">

                <div class="ico">&rarr;</div>

                <p>
                    <span class="node">

                        Seq Scan

                            on adhoc_requests ar

                    </span>

                    <span class="est">
                        (cost=0.00..12.30
                        rows=430
                        width=53)
                    </span>

                    <span class="act">
                        (actual
                        time=0.002..0.111
                        rows=430
                        loops=1)
                    </span>
                </p>


            </div>
        </td>
    </tr>








            






    <tr id="l137" class="n odd c-m" data-node_id="136" data-node_parent="134" data-level="10" data-e="1" data-i="1" data-x="1">
        <td class="u "><a href="#l137">137.</a></td>
        <td class="e c-1">
            <span>0.003</span>
        </td>
        <td class="i c-1">
            <span>0.009</span>
        </td>
        <td class="x c-1">
            <span>
                &uarr;
                1.0
            </span>
        </td>
        <td class="r"><span>15</span></td>
        <td class="l"><span>1</span></td>
        <td class="n">
            <div class="n" style="margin-left:242px">

                <div class="ico">&rarr;</div>

                <p>
                    <span class="node">

                        Hash


                    </span>

                    <span class="est">
                        (cost=1.15..1.15
                        rows=15
                        width=8)
                    </span>

                    <span class="act">
                        (actual
                        time=0.009..0.009
                        rows=15
                        loops=1)
                    </span>
                </p>


            </div>
        </td>
    </tr>





            






    <tr id="l138" class="n even c-m" data-node_id="137" data-node_parent="136" data-level="11" data-e="1" data-i="1" data-x="1">
        <td class="u "><a href="#l138">138.</a></td>
        <td class="e c-1">
            <span>0.006</span>
        </td>
        <td class="i c-1">
            <span>0.006</span>
        </td>
        <td class="x c-1">
            <span>
                &uarr;
                1.0
            </span>
        </td>
        <td class="r"><span>15</span></td>
        <td class="l"><span>1</span></td>
        <td class="n">
            <div class="n" style="margin-left:264px">

                <div class="ico">&rarr;</div>

                <p>
                    <span class="node">

                        Seq Scan

                            on auth_users u

                    </span>

                    <span class="est">
                        (cost=0.00..1.15
                        rows=15
                        width=8)
                    </span>

                    <span class="act">
                        (actual
                        time=0.002..0.006
                        rows=15
                        loops=1)
                    </span>
                </p>


            </div>
        </td>
    </tr>




















            






    <tr id="l139" class="n odd c-m" data-node_id="138" data-node_parent="130" data-level="7" data-e="1" data-i="2" data-x="2">
        <td class="u "><a href="#l139">139.</a></td>
        <td class="e c-1">
            <span>32.665</span>
        </td>
        <td class="i c-2">
            <span>1424.366</span>
        </td>
        <td class="x c-2">
            <span>
                &darr;
                16.7
            </span>
        </td>
        <td class="r"><span>189968</span></td>
        <td class="l"><span>1</span></td>
        <td class="n">
            <div class="n" style="margin-left:176px">

                <div class="ico">&rarr;</div>

                <p>
                    <span class="node">

                        Hash


                    </span>

                    <span class="est">
                        (cost=42316.36..42316.36
                        rows=11366
                        width=8)
                    </span>

                    <span class="act">
                        (actual
                        time=1424.366..1424.366
                        rows=189968
                        loops=1)
                    </span>
                </p>


            </div>
        </td>
    </tr>





            






    <tr id="l140" class="n even c-m" data-node_id="139" data-node_parent="138" data-level="8" data-e="1" data-i="2" data-x="2">
        <td class="u "><a href="#l140">140.</a></td>
        <td class="e c-1">
            <span>241.478</span>
        </td>
        <td class="i c-2">
            <span>1391.701</span>
        </td>
        <td class="x c-2">
            <span>
                &darr;
                16.7
            </span>
        </td>
        <td class="r"><span>189968</span></td>
        <td class="l"><span>1</span></td>
        <td class="n">
            <div class="n" style="margin-left:198px">

                <div class="ico">&rarr;</div>

                <p>
                    <span class="node">

                        Merge Join


                    </span>

                    <span class="est">
                        (cost=39818.17..42316.36
                        rows=11366
                        width=8)
                    </span>

                    <span class="act">
                        (actual
                        time=1136.057..1391.701
                        rows=189968
                        loops=1)
                    </span>
                </p>

                    <ul class="ex-nfo">
                            <li>Merge Cond: (((buok.uow_key)::text = (bca.attr_value_1)::text) AND (buok.uow_validation_process_id = ((bc.transaction_id)::bigint)))</li>
                    </ul>

            </div>
        </td>
    </tr>





            






    <tr id="l141" class="n odd c-m" data-node_id="140" data-node_parent="139" data-level="9" data-e="1" data-i="1" data-x="1">
        <td class="u "><a href="#l141">141.</a></td>
        <td class="e c-1">
            <span>3.737</span>
        </td>
        <td class="i c-1">
            <span>5.061</span>
        </td>
        <td class="x c-1">
            <span>
                &uarr;
                1.1
            </span>
        </td>
        <td class="r"><span>792</span></td>
        <td class="l"><span>1</span></td>
        <td class="n">
            <div class="n" style="margin-left:220px">

                <div class="ico">&rarr;</div>

                <p>
                    <span class="node">

                        Sort


                    </span>

                    <span class="est">
                        (cost=162.13..164.41
                        rows=909
                        width=28)
                    </span>

                    <span class="act">
                        (actual
                        time=4.966..5.061
                        rows=792
                        loops=1)
                    </span>
                </p>

                    <ul class="ex-nfo">
                            <li>Sort Key: buok.uow_key, buok.uow_validation_process_id</li>
                            <li>Sort Method:  quicksort  Memory: 92kB</li>
                    </ul>

            </div>
        </td>
    </tr>





            






    <tr id="l142" class="n even c-m" data-node_id="141" data-node_parent="140" data-level="10" data-e="1" data-i="1" data-x="1">
        <td class="u "><a href="#l142">142.</a></td>
        <td class="e c-1">
            <span>0.299</span>
        </td>
        <td class="i c-1">
            <span>1.324</span>
        </td>
        <td class="x c-1">
            <span>
                &uarr;
                1.0
            </span>
        </td>
        <td class="r"><span>909</span></td>
        <td class="l"><span>1</span></td>
        <td class="n">
            <div class="n" style="margin-left:242px">

                <div class="ico">&rarr;</div>

                <p>
                    <span class="node">

                        Hash Join


                    </span>

                    <span class="est">
                        (cost=64.38..117.47
                        rows=909
                        width=28)
                    </span>

                    <span class="act">
                        (actual
                        time=0.682..1.324
                        rows=909
                        loops=1)
                    </span>
                </p>

                    <ul class="ex-nfo">
                            <li>Hash Cond: (uw.uow_id = buok.uow_id)</li>
                    </ul>

            </div>
        </td>
    </tr>





            






    <tr id="l143" class="n odd c-m" data-node_id="142" data-node_parent="141" data-level="11" data-e="1" data-i="1" data-x="1">
        <td class="u "><a href="#l143">143.</a></td>
        <td class="e c-1">
            <span>0.259</span>
        </td>
        <td class="i c-1">
            <span>0.624</span>
        </td>
        <td class="x c-1">
            <span>
                &uarr;
                1.0
            </span>
        </td>
        <td class="r"><span>909</span></td>
        <td class="l"><span>1</span></td>
        <td class="n">
            <div class="n" style="margin-left:264px">

                <div class="ico">&rarr;</div>

                <p>
                    <span class="node">

                        Hash Join


                    </span>

                    <span class="est">
                        (cost=24.92..65.51
                        rows=909
                        width=8)
                    </span>

                    <span class="act">
                        (actual
                        time=0.276..0.624
                        rows=909
                        loops=1)
                    </span>
                </p>

                    <ul class="ex-nfo">
                            <li>Hash Cond: (uw.uow_validation_process_id = ar.req_id)</li>
                    </ul>

            </div>
        </td>
    </tr>





            






    <tr id="l144" class="n even c-m" data-node_id="143" data-node_parent="142" data-level="12" data-e="1" data-i="1" data-x="1">
        <td class="u "><a href="#l144">144.</a></td>
        <td class="e c-1">
            <span>0.096</span>
        </td>
        <td class="i c-1">
            <span>0.096</span>
        </td>
        <td class="x c-1">
            <span>
                &uarr;
                1.0
            </span>
        </td>
        <td class="r"><span>909</span></td>
        <td class="l"><span>1</span></td>
        <td class="n">
            <div class="n" style="margin-left:286px">

                <div class="ico">&rarr;</div>

                <p>
                    <span class="node">

                        Seq Scan

                            on bck_unit_of_works uw

                    </span>

                    <span class="est">
                        (cost=0.00..28.09
                        rows=909
                        width=16)
                    </span>

                    <span class="act">
                        (actual
                        time=0.002..0.096
                        rows=909
                        loops=1)
                    </span>
                </p>


            </div>
        </td>
    </tr>








            






    <tr id="l145" class="n even c-m" data-node_id="144" data-node_parent="142" data-level="12" data-e="1" data-i="1" data-x="1">
        <td class="u "><a href="#l145">145.</a></td>
        <td class="e c-1">
            <span>0.068</span>
        </td>
        <td class="i c-1">
            <span>0.269</span>
        </td>
        <td class="x c-1">
            <span>
                &uarr;
                1.0
            </span>
        </td>
        <td class="r"><span>430</span></td>
        <td class="l"><span>1</span></td>
        <td class="n">
            <div class="n" style="margin-left:286px">

                <div class="ico">&rarr;</div>

                <p>
                    <span class="node">

                        Hash


                    </span>

                    <span class="est">
                        (cost=19.55..19.55
                        rows=430
                        width=8)
                    </span>

                    <span class="act">
                        (actual
                        time=0.269..0.269
                        rows=430
                        loops=1)
                    </span>
                </p>


            </div>
        </td>
    </tr>





            






    <tr id="l146" class="n odd c-m" data-node_id="145" data-node_parent="144" data-level="13" data-e="1" data-i="1" data-x="1">
        <td class="u "><a href="#l146">146.</a></td>
        <td class="e c-1">
            <span>0.110</span>
        </td>
        <td class="i c-1">
            <span>0.201</span>
        </td>
        <td class="x c-1">
            <span>
                &uarr;
                1.0
            </span>
        </td>
        <td class="r"><span>430</span></td>
        <td class="l"><span>1</span></td>
        <td class="n">
            <div class="n" style="margin-left:308px">

                <div class="ico">&rarr;</div>

                <p>
                    <span class="node">

                        Hash Join


                    </span>

                    <span class="est">
                        (cost=1.34..19.55
                        rows=430
                        width=8)
                    </span>

                    <span class="act">
                        (actual
                        time=0.012..0.201
                        rows=430
                        loops=1)
                    </span>
                </p>

                    <ul class="ex-nfo">
                            <li>Hash Cond: (ar.req_user_creation = u.usr_id)</li>
                    </ul>

            </div>
        </td>
    </tr>





            






    <tr id="l147" class="n even c-m" data-node_id="146" data-node_parent="145" data-level="14" data-e="1" data-i="1" data-x="1">
        <td class="u "><a href="#l147">147.</a></td>
        <td class="e c-1">
            <span>0.085</span>
        </td>
        <td class="i c-1">
            <span>0.085</span>
        </td>
        <td class="x c-1">
            <span>
                &uarr;
                1.0
            </span>
        </td>
        <td class="r"><span>430</span></td>
        <td class="l"><span>1</span></td>
        <td class="n">
            <div class="n" style="margin-left:330px">

                <div class="ico">&rarr;</div>

                <p>
                    <span class="node">

                        Seq Scan

                            on adhoc_requests ar

                    </span>

                    <span class="est">
                        (cost=0.00..12.30
                        rows=430
                        width=16)
                    </span>

                    <span class="act">
                        (actual
                        time=0.001..0.085
                        rows=430
                        loops=1)
                    </span>
                </p>


            </div>
        </td>
    </tr>








            






    <tr id="l148" class="n even c-m" data-node_id="147" data-node_parent="145" data-level="14" data-e="1" data-i="1" data-x="1">
        <td class="u "><a href="#l148">148.</a></td>
        <td class="e c-1">
            <span>0.003</span>
        </td>
        <td class="i c-1">
            <span>0.006</span>
        </td>
        <td class="x c-1">
            <span>
                &uarr;
                1.0
            </span>
        </td>
        <td class="r"><span>15</span></td>
        <td class="l"><span>1</span></td>
        <td class="n">
            <div class="n" style="margin-left:330px">

                <div class="ico">&rarr;</div>

                <p>
                    <span class="node">

                        Hash


                    </span>

                    <span class="est">
                        (cost=1.15..1.15
                        rows=15
                        width=8)
                    </span>

                    <span class="act">
                        (actual
                        time=0.006..0.006
                        rows=15
                        loops=1)
                    </span>
                </p>


            </div>
        </td>
    </tr>





            






    <tr id="l149" class="n odd c-m" data-node_id="148" data-node_parent="147" data-level="15" data-e="1" data-i="1" data-x="1">
        <td class="u "><a href="#l149">149.</a></td>
        <td class="e c-1">
            <span>0.003</span>
        </td>
        <td class="i c-1">
            <span>0.003</span>
        </td>
        <td class="x c-1">
            <span>
                &uarr;
                1.0
            </span>
        </td>
        <td class="r"><span>15</span></td>
        <td class="l"><span>1</span></td>
        <td class="n">
            <div class="n" style="margin-left:352px">

                <div class="ico">&rarr;</div>

                <p>
                    <span class="node">

                        Seq Scan

                            on auth_users u

                    </span>

                    <span class="est">
                        (cost=0.00..1.15
                        rows=15
                        width=8)
                    </span>

                    <span class="act">
                        (actual
                        time=0.001..0.003
                        rows=15
                        loops=1)
                    </span>
                </p>


            </div>
        </td>
    </tr>




















            






    <tr id="l150" class="n even c-m" data-node_id="149" data-node_parent="141" data-level="11" data-e="1" data-i="1" data-x="1">
        <td class="u "><a href="#l150">150.</a></td>
        <td class="e c-1">
            <span>0.168</span>
        </td>
        <td class="i c-1">
            <span>0.401</span>
        </td>
        <td class="x c-1">
            <span>
                &uarr;
                1.0
            </span>
        </td>
        <td class="r"><span>909</span></td>
        <td class="l"><span>1</span></td>
        <td class="n">
            <div class="n" style="margin-left:264px">

                <div class="ico">&rarr;</div>

                <p>
                    <span class="node">

                        Hash


                    </span>

                    <span class="est">
                        (cost=28.09..28.09
                        rows=909
                        width=28)
                    </span>

                    <span class="act">
                        (actual
                        time=0.401..0.401
                        rows=909
                        loops=1)
                    </span>
                </p>


            </div>
        </td>
    </tr>





            






    <tr id="l151" class="n odd c-m" data-node_id="150" data-node_parent="149" data-level="12" data-e="1" data-i="1" data-x="1">
        <td class="u "><a href="#l151">151.</a></td>
        <td class="e c-1">
            <span>0.233</span>
        </td>
        <td class="i c-1">
            <span>0.233</span>
        </td>
        <td class="x c-1">
            <span>
                &uarr;
                1.0
            </span>
        </td>
        <td class="r"><span>909</span></td>
        <td class="l"><span>1</span></td>
        <td class="n">
            <div class="n" style="margin-left:286px">

                <div class="ico">&rarr;</div>

                <p>
                    <span class="node">

                        Seq Scan

                            on bck_unit_of_works buok

                    </span>

                    <span class="est">
                        (cost=0.00..28.09
                        rows=909
                        width=28)
                    </span>

                    <span class="act">
                        (actual
                        time=0.001..0.233
                        rows=909
                        loops=1)
                    </span>
                </p>


            </div>
        </td>
    </tr>

















            






    <tr id="l152" class="n even c-m" data-node_id="151" data-node_parent="139" data-level="9" data-e="1" data-i="2" data-x="1">
        <td class="u "><a href="#l152">152.</a></td>
        <td class="e c-1">
            <span>947.064</span>
        </td>
        <td class="i c-2">
            <span>1145.162</span>
        </td>
        <td class="x c-1">
            <span>
                &uarr;
                1.0
            </span>
        </td>
        <td class="r"><span>189969</span></td>
        <td class="l"><span>1</span></td>
        <td class="n">
            <div class="n" style="margin-left:220px">

                <div class="ico">&rarr;</div>

                <p>
                    <span class="node">

                        Sort


                    </span>

                    <span class="est">
                        (cost=39656.03..40130.95
                        rows=189969
                        width=14)
                    </span>

                    <span class="act">
                        (actual
                        time=1131.082..1145.162
                        rows=189969
                        loops=1)
                    </span>
                </p>

                    <ul class="ex-nfo">
                            <li>Sort Key: bca.attr_value_1, ((bc.transaction_id)::bigint)</li>
                            <li>Sort Method:  quicksort  Memory: 20986kB</li>
                    </ul>

            </div>
        </td>
    </tr>





            






    <tr id="l153" class="n odd c-m" data-node_id="152" data-node_parent="151" data-level="10" data-e="1" data-i="1" data-x="1">
        <td class="u "><a href="#l153">153.</a></td>
        <td class="e c-1">
            <span>105.884</span>
        </td>
        <td class="i c-1">
            <span>198.098</span>
        </td>
        <td class="x c-1">
            <span>
                &uarr;
                1.0
            </span>
        </td>
        <td class="r"><span>189969</span></td>
        <td class="l"><span>1</span></td>
        <td class="n">
            <div class="n" style="margin-left:242px">

                <div class="ico">&rarr;</div>

                <p>
                    <span class="node">

                        Merge Join


                    </span>

                    <span class="est">
                        (cost=0.00..23000.12
                        rows=189969
                        width=14)
                    </span>

                    <span class="act">
                        (actual
                        time=0.028..198.098
                        rows=189969
                        loops=1)
                    </span>
                </p>

                    <ul class="ex-nfo">
                            <li>Merge Cond: (bc.attribute_uid = bca.objid)</li>
                    </ul>

            </div>
        </td>
    </tr>





            






    <tr id="l154" class="n even c-m" data-node_id="153" data-node_parent="152" data-level="11" data-e="1" data-i="1" data-x="1">
        <td class="u "><a href="#l154">154.</a></td>
        <td class="e c-1">
            <span>53.275</span>
        </td>
        <td class="i c-1">
            <span>53.275</span>
        </td>
        <td class="x c-1">
            <span>
                &uarr;
                1.0
            </span>
        </td>
        <td class="r"><span>189969</span></td>
        <td class="l"><span>1</span></td>
        <td class="n">
            <div class="n" style="margin-left:264px">

                <div class="ico">&rarr;</div>

                <p>
                    <span class="node">

                        Index Scan

                            using bck_03_ix on bck_consequences bc

                    </span>

                    <span class="est">
                        (cost=0.00..8058.79
                        rows=189969
                        width=11)
                    </span>

                    <span class="act">
                        (actual
                        time=0.014..53.275
                        rows=189969
                        loops=1)
                    </span>
                </p>


            </div>
        </td>
    </tr>








            






    <tr id="l155" class="n even c-m" data-node_id="154" data-node_parent="152" data-level="11" data-e="1" data-i="1" data-x="1">
        <td class="u "><a href="#l155">155.</a></td>
        <td class="e c-1">
            <span>38.939</span>
        </td>
        <td class="i c-1">
            <span>38.939</span>
        </td>
        <td class="x c-1">
            <span>
                &uarr;
                1.0
            </span>
        </td>
        <td class="r"><span>189969</span></td>
        <td class="l"><span>1</span></td>
        <td class="n">
            <div class="n" style="margin-left:264px">

                <div class="ico">&rarr;</div>

                <p>
                    <span class="node">

                        Index Scan

                            using bca_objid_ix on bck_consequence_attr bca

                    </span>

                    <span class="est">
                        (cost=0.00..12091.79
                        rows=189969
                        width=19)
                    </span>

                    <span class="act">
                        (actual
                        time=0.008..38.939
                        rows=189969
                        loops=1)
                    </span>
                </p>


            </div>
        </td>
    </tr>









































            </tbody>
        </table>
    </div>

    <div class="result-text hidden">
        <pre id="source">&quot;Merge Right Join  (cost=256130.91..256332.84 rows=4 width=109) (actual time=10248.333..10248.360 rows=1 loops=1)&quot;
&quot;  Merge Cond: ((ar.req_transaction_id)::text = (ar.req_transaction_id)::text)&quot;
&quot;  -&gt;  GroupAggregate  (cost=43082.00..43172.62 rows=430 width=45) (actual time=2302.091..2302.091 rows=1 loops=1)&quot;
&quot;        -&gt;  Sort  (cost=43082.00..43110.42 rows=11366 width=45) (actual time=2302.067..2302.067 rows=2 loops=1)&quot;
&quot;              Sort Key: ar.req_transaction_id&quot;
&quot;              Sort Method:  quicksort  Memory: 20986kB&quot;
&quot;              -&gt;  Merge Join  (cost=39818.17..42316.36 rows=11366 width=45) (actual time=1231.557..1489.066 rows=189968 loops=1)&quot;
&quot;                    Merge Cond: (((buok.uow_key)::text = (bca.attr_value_1)::text) AND (buok.uow_validation_process_id = ((bc.transaction_id)::bigint)))&quot;
&quot;                    -&gt;  Sort  (cost=162.13..164.41 rows=909 width=57) (actual time=8.808..8.903 rows=792 loops=1)&quot;
&quot;                          Sort Key: buok.uow_key, buok.uow_validation_process_id&quot;
&quot;                          Sort Method:  quicksort  Memory: 145kB&quot;
&quot;                          -&gt;  Hash Join  (cost=64.38..117.47 rows=909 width=57) (actual time=1.211..2.369 rows=909 loops=1)&quot;
&quot;                                Hash Cond: (u.uow_id = buok.uow_id)&quot;
&quot;                                -&gt;  Hash Join  (cost=24.92..65.51 rows=909 width=45) (actual time=0.525..1.138 rows=909 loops=1)&quot;
&quot;                                      Hash Cond: (u.uow_validation_process_id = ar.req_id)&quot;
&quot;                                      -&gt;  Seq Scan on bck_unit_of_works u  (cost=0.00..28.09 rows=909 width=16) (actual time=0.006..0.144 rows=909 loops=1)&quot;
&quot;                                      -&gt;  Hash  (cost=19.55..19.55 rows=430 width=45) (actual time=0.511..0.511 rows=430 loops=1)&quot;
&quot;                                            -&gt;  Hash Join  (cost=1.34..19.55 rows=430 width=45) (actual time=0.022..0.374 rows=430 loops=1)&quot;
&quot;                                                  Hash Cond: (ar.req_user_creation = u.usr_id)&quot;
&quot;                                                  -&gt;  Seq Scan on adhoc_requests ar  (cost=0.00..12.30 rows=430 width=53) (actual time=0.003..0.165 rows=430 loops=1)&quot;
&quot;                                                  -&gt;  Hash  (cost=1.15..1.15 rows=15 width=8) (actual time=0.013..0.013 rows=15 loops=1)&quot;
&quot;                                                        -&gt;  Seq Scan on auth_users u  (cost=0.00..1.15 rows=15 width=8) (actual time=0.002..0.010 rows=15 loops=1)&quot;
&quot;                                -&gt;  Hash  (cost=28.09..28.09 rows=909 width=28) (actual time=0.680..0.680 rows=909 loops=1)&quot;
&quot;                                      -&gt;  Seq Scan on bck_unit_of_works buok  (cost=0.00..28.09 rows=909 width=28) (actual time=0.003..0.356 rows=909 loops=1)&quot;
&quot;                    -&gt;  Sort  (cost=39656.03..40130.95 rows=189969 width=22) (actual time=1222.739..1237.179 rows=189969 loops=1)&quot;
&quot;                          Sort Key: bca.attr_value_1, ((bc.transaction_id)::bigint)&quot;
&quot;                          Sort Method:  quicksort  Memory: 20986kB&quot;
&quot;                          -&gt;  Merge Join  (cost=0.00..23000.12 rows=189969 width=22) (actual time=0.032..264.110 rows=189969 loops=1)&quot;
&quot;                                Merge Cond: (bc.attribute_uid = bca.objid)&quot;
&quot;                                -&gt;  Index Scan using bck_03_ix on bck_consequences bc  (cost=0.00..8058.79 rows=189969 width=19) (actual time=0.016..70.147 rows=189969 loops=1)&quot;
&quot;                                -&gt;  Index Scan using bca_objid_ix on bck_consequence_attr bca  (cost=0.00..12091.79 rows=189969 width=19) (actual time=0.012..50.658 rows=189969 loops=1)&quot;
&quot;  -&gt;  Materialize  (cost=213048.91..213154.80 rows=4 width=138) (actual time=7946.237..7946.264 rows=1 loops=1)&quot;
&quot;        -&gt;  Merge Left Join  (cost=213048.91..213154.76 rows=4 width=138) (actual time=7946.233..7946.259 rows=1 loops=1)&quot;
&quot;              Merge Cond: ((ar.req_transaction_id)::text = (without_errors.transaction_id)::text)&quot;
&quot;              -&gt;  Merge Left Join  (cost=170520.37..170626.20 rows=4 width=130) (actual time=6519.143..6519.169 rows=1 loops=1)&quot;
&quot;                    Merge Cond: ((ar.req_transaction_id)::text = (rules_without_error.transaction_id)::text)&quot;
&quot;                    -&gt;  Nested Loop Left Join  (cost=85688.70..85794.50 rows=4 width=122) (actual time=3659.813..3659.838 rows=1 loops=1)&quot;
&quot;                          Join Filter: (notifications.anu_request_id = request.req_id)&quot;
&quot;                          -&gt;  Merge Left Join  (cost=85686.03..85788.59 rows=4 width=122) (actual time=3659.757..3659.758 rows=1 loops=1)&quot;
&quot;                                Merge Cond: ((ar.req_transaction_id)::text = (invoice_with_error.transaction_id)::text)&quot;
&quot;                                -&gt;  Merge Left Join  (cost=42604.03..42606.24 rows=4 width=114) (actual time=1456.343..1456.344 rows=1 loops=1)&quot;
&quot;                                      Merge Cond: ((ar.req_transaction_id)::text = (total_errors.transaction_id)::text)&quot;
&quot;                                      -&gt;  Sort  (cost=202.36..202.37 rows=4 width=106) (actual time=2.319..2.319 rows=1 loops=1)&quot;
&quot;                                            Sort Key: ar.req_transaction_id&quot;
&quot;                                            Sort Method:  quicksort  Memory: 25kB&quot;
&quot;                                            -&gt;  Hash Left Join  (cost=190.86..202.32 rows=4 width=106) (actual time=2.256..2.315 rows=1 loops=1)&quot;
&quot;                                                  Hash Cond: (request.req_id = rules_select.arr_request_id)&quot;
&quot;                                                  -&gt;  Hash Join  (cost=157.67..168.98 rows=2 width=98) (actual time=1.812..1.871 rows=1 loops=1)&quot;
&quot;                                                        Hash Cond: (r.req_id = request.req_id)&quot;
&quot;                                                        -&gt;  HashAggregate  (cost=83.27..88.65 rows=430 width=16) (actual time=0.982..1.044 rows=430 loops=1)&quot;
&quot;                                                              -&gt;  Hash Join  (cost=17.68..76.21 rows=1412 width=16) (actual time=0.134..0.670 rows=1412 loops=1)&quot;
&quot;                                                                    Hash Cond: (i.aiv_adhoc_request_id = r.req_id)&quot;
&quot;                                                                    -&gt;  Seq Scan on adhoc_invoices i  (cost=0.00..39.12 rows=1412 width=16) (actual time=0.001..0.122 rows=1412 loops=1)&quot;
&quot;                                                                    -&gt;  Hash  (cost=12.30..12.30 rows=430 width=8) (actual time=0.126..0.126 rows=430 loops=1)&quot;
&quot;                                                                          -&gt;  Seq Scan on adhoc_requests r  (cost=0.00..12.30 rows=430 width=8) (actual time=0.001..0.058 rows=430 loops=1)&quot;
&quot;                                                        -&gt;  Hash  (cost=74.39..74.39 rows=1 width=90) (actual time=0.777..0.777 rows=1 loops=1)&quot;
&quot;                                                              -&gt;  Nested Loop Left Join  (cost=33.97..74.39 rows=1 width=90) (actual time=0.543..0.775 rows=1 loops=1)&quot;
&quot;                                                                    Join Filter: (ar.req_id = u.uow_validation_process_id)&quot;
&quot;                                                                    -&gt;  Nested Loop Left Join  (cost=1.34..27.19 rows=1 width=90) (actual time=0.133..0.310 rows=1 loops=1)&quot;
&quot;                                                                          Join Filter: ((request.req_transaction_id)::text = (ar.req_transaction_id)::text)&quot;
&quot;                                                                          -&gt;  Index Scan using req_transaction_id_ix on adhoc_requests request  (cost=0.00..2.27 rows=1 width=45) (actual time=0.021..0.022 rows=1 loops=1)&quot;
&quot;                                                                                Index Cond: ((req_transaction_id)::text = &#39;0095a714-8eb3-463e-85e3-b34f3a5279d0&#39;::text)&quot;
&quot;                                                                          -&gt;  Hash Join  (cost=1.34..19.55 rows=430 width=45) (actual time=0.020..0.228 rows=430 loops=1)&quot;
&quot;                                                                                Hash Cond: (ar.req_user_creation = u.usr_id)&quot;
&quot;                                                                                -&gt;  Seq Scan on adhoc_requests ar  (cost=0.00..12.30 rows=430 width=53) (actual time=0.003..0.104 rows=430 loops=1)&quot;
&quot;                                                                                -&gt;  Hash  (cost=1.15..1.15 rows=15 width=8) (actual time=0.010..0.010 rows=15 loops=1)&quot;
&quot;                                                                                      -&gt;  Seq Scan on auth_users u  (cost=0.00..1.15 rows=15 width=8) (actual time=0.001..0.006 rows=15 loops=1)&quot;
&quot;                                                                    -&gt;  HashAggregate  (cost=32.63..37.83 rows=416 width=16) (actual time=0.375..0.427 rows=416 loops=1)&quot;
&quot;                                                                          -&gt;  Seq Scan on bck_unit_of_works u  (cost=0.00..28.09 rows=909 width=16) (actual time=0.003..0.100 rows=909 loops=1)&quot;
&quot;                                                  -&gt;  Hash  (cost=27.81..27.81 rows=430 width=16) (actual time=0.437..0.437 rows=430 loops=1)&quot;
&quot;                                                        -&gt;  Subquery Scan rules_select  (cost=18.14..27.81 rows=430 width=16) (actual time=0.251..0.366 rows=430 loops=1)&quot;
&quot;                                                              -&gt;  HashAggregate  (cost=18.14..23.51 rows=430 width=16) (actual time=0.251..0.318 rows=430 loops=1)&quot;
&quot;                                                                    -&gt;  Seq Scan on adhoc_request_rules ru  (cost=0.00..15.09 rows=609 width=16) (actual time=0.002..0.050 rows=609 loops=1)&quot;
&quot;                                      -&gt;  Sort  (cost=42401.68..42402.75 rows=430 width=524) (actual time=1454.020..1454.020 rows=1 loops=1)&quot;
&quot;                                            Sort Key: total_errors.transaction_id&quot;
&quot;                                            Sort Method:  quicksort  Memory: 33kB&quot;
&quot;                                            -&gt;  Subquery Scan total_errors  (cost=42373.19..42382.87 rows=430 width=524) (actual time=1453.860..1453.893 rows=114 loops=1)&quot;
&quot;                                                  -&gt;  HashAggregate  (cost=42373.19..42378.57 rows=430 width=45) (actual time=1453.860..1453.876 rows=114 loops=1)&quot;
&quot;                                                        -&gt;  Merge Join  (cost=39818.17..42316.36 rows=11366 width=45) (actual time=1149.569..1407.750 rows=189968 loops=1)&quot;
&quot;                                                              Merge Cond: (((buok.uow_key)::text = (bca.attr_value_1)::text) AND (buok.uow_validation_process_id = ((bc.transaction_id)::bigint)))&quot;
&quot;                                                              -&gt;  Sort  (cost=162.13..164.41 rows=909 width=57) (actual time=5.118..5.209 rows=792 loops=1)&quot;
&quot;                                                                    Sort Key: buok.uow_key, buok.uow_validation_process_id&quot;
&quot;                                                                    Sort Method:  quicksort  Memory: 145kB&quot;
&quot;                                                                    -&gt;  Hash Join  (cost=64.38..117.47 rows=909 width=57) (actual time=0.699..1.343 rows=909 loops=1)&quot;
&quot;                                                                          Hash Cond: (u.uow_id = buok.uow_id)&quot;
&quot;                                                                          -&gt;  Hash Join  (cost=24.92..65.51 rows=909 width=45) (actual time=0.318..0.674 rows=909 loops=1)&quot;
&quot;                                                                                Hash Cond: (u.uow_validation_process_id = ar.req_id)&quot;
&quot;                                                                                -&gt;  Seq Scan on bck_unit_of_works u  (cost=0.00..28.09 rows=909 width=16) (actual time=0.002..0.078 rows=909 loops=1)&quot;
&quot;                                                                                -&gt;  Hash  (cost=19.55..19.55 rows=430 width=45) (actual time=0.311..0.311 rows=430 loops=1)&quot;
&quot;                                                                                      -&gt;  Hash Join  (cost=1.34..19.55 rows=430 width=45) (actual time=0.012..0.225 rows=430 loops=1)&quot;
&quot;                                                                                            Hash Cond: (ar.req_user_creation = u.usr_id)&quot;
&quot;                                                                                            -&gt;  Seq Scan on adhoc_requests ar  (cost=0.00..12.30 rows=430 width=53) (actual time=0.001..0.091 rows=430 loops=1)&quot;
&quot;                                                                                            -&gt;  Hash  (cost=1.15..1.15 rows=15 width=8) (actual time=0.007..0.007 rows=15 loops=1)&quot;
&quot;                                                                                                  -&gt;  Seq Scan on auth_users u  (cost=0.00..1.15 rows=15 width=8) (actual time=0.001..0.002 rows=15 loops=1)&quot;
&quot;                                                                          -&gt;  Hash  (cost=28.09..28.09 rows=909 width=28) (actual time=0.374..0.374 rows=909 loops=1)&quot;
&quot;                                                                                -&gt;  Seq Scan on bck_unit_of_works buok  (cost=0.00..28.09 rows=909 width=28) (actual time=0.002..0.185 rows=909 loops=1)&quot;
&quot;                                                              -&gt;  Sort  (cost=39656.03..40130.95 rows=189969 width=22) (actual time=1144.441..1158.700 rows=189969 loops=1)&quot;
&quot;                                                                    Sort Key: bca.attr_value_1, ((bc.transaction_id)::bigint)&quot;
&quot;                                                                    Sort Method:  quicksort  Memory: 20986kB&quot;
&quot;                                                                    -&gt;  Merge Join  (cost=0.00..23000.12 rows=189969 width=22) (actual time=0.026..197.600 rows=189969 loops=1)&quot;
&quot;                                                                          Merge Cond: (bc.attribute_uid = bca.objid)&quot;
&quot;                                                                          -&gt;  Index Scan using bck_03_ix on bck_consequences bc  (cost=0.00..8058.79 rows=189969 width=19) (actual time=0.011..52.625 rows=189969 loops=1)&quot;
&quot;                                                                          -&gt;  Index Scan using bca_objid_ix on bck_consequence_attr bca  (cost=0.00..12091.79 rows=189969 width=19) (actual time=0.009..38.527 rows=189969 loops=1)&quot;
&quot;                                -&gt;  Materialize  (cost=43082.00..43181.22 rows=430 width=524) (actual time=2203.410..2203.410 rows=1 loops=1)&quot;
&quot;                                      -&gt;  Subquery Scan invoice_with_error  (cost=43082.00..43176.92 rows=430 width=524) (actual time=2203.406..2203.406 rows=1 loops=1)&quot;
&quot;                                            -&gt;  GroupAggregate  (cost=43082.00..43172.62 rows=430 width=45) (actual time=2203.405..2203.405 rows=1 loops=1)&quot;
&quot;                                                  -&gt;  Sort  (cost=43082.00..43110.42 rows=11366 width=45) (actual time=2203.384..2203.385 rows=2 loops=1)&quot;
&quot;                                                        Sort Key: ar.req_transaction_id&quot;
&quot;                                                        Sort Method:  quicksort  Memory: 20986kB&quot;
&quot;                                                        -&gt;  Merge Join  (cost=39818.17..42316.36 rows=11366 width=45) (actual time=1134.397..1389.901 rows=189968 loops=1)&quot;
&quot;                                                              Merge Cond: (((buok.uow_key)::text = (bca.attr_value_1)::text) AND (buok.uow_validation_process_id = ((bc.transaction_id)::bigint)))&quot;
&quot;                                                              -&gt;  Sort  (cost=162.13..164.41 rows=909 width=65) (actual time=5.241..5.310 rows=792 loops=1)&quot;
&quot;                                                                    Sort Key: buok.uow_key, buok.uow_validation_process_id&quot;
&quot;                                                                    Sort Method:  quicksort  Memory: 152kB&quot;
&quot;                                                                    -&gt;  Hash Join  (cost=64.38..117.47 rows=909 width=65) (actual time=0.739..1.398 rows=909 loops=1)&quot;
&quot;                                                                          Hash Cond: (u.uow_id = buok.uow_id)&quot;
&quot;                                                                          -&gt;  Hash Join  (cost=24.92..65.51 rows=909 width=45) (actual time=0.327..0.683 rows=909 loops=1)&quot;
&quot;                                                                                Hash Cond: (u.uow_validation_process_id = ar.req_id)&quot;
&quot;                                                                                -&gt;  Seq Scan on bck_unit_of_works u  (cost=0.00..28.09 rows=909 width=16) (actual time=0.006..0.086 rows=909 loops=1)&quot;
&quot;                                                                                -&gt;  Hash  (cost=19.55..19.55 rows=430 width=45) (actual time=0.304..0.304 rows=430 loops=1)&quot;
&quot;                                                                                      -&gt;  Hash Join  (cost=1.34..19.55 rows=430 width=45) (actual time=0.019..0.220 rows=430 loops=1)&quot;
&quot;                                                                                            Hash Cond: (ar.req_user_creation = u.usr_id)&quot;
&quot;                                                                                            -&gt;  Seq Scan on adhoc_requests ar  (cost=0.00..12.30 rows=430 width=53) (actual time=0.002..0.098 rows=430 loops=1)&quot;
&quot;                                                                                            -&gt;  Hash  (cost=1.15..1.15 rows=15 width=8) (actual time=0.009..0.009 rows=15 loops=1)&quot;
&quot;                                                                                                  -&gt;  Seq Scan on auth_users u  (cost=0.00..1.15 rows=15 width=8) (actual time=0.002..0.003 rows=15 loops=1)&quot;
&quot;                                                                          -&gt;  Hash  (cost=28.09..28.09 rows=909 width=28) (actual time=0.406..0.406 rows=909 loops=1)&quot;
&quot;                                                                                -&gt;  Seq Scan on bck_unit_of_works buok  (cost=0.00..28.09 rows=909 width=28) (actual time=0.001..0.225 rows=909 loops=1)&quot;
&quot;                                                              -&gt;  Sort  (cost=39656.03..40130.95 rows=189969 width=14) (actual time=1129.148..1144.235 rows=189969 loops=1)&quot;
&quot;                                                                    Sort Key: bca.attr_value_1, ((bc.transaction_id)::bigint)&quot;
&quot;                                                                    Sort Method:  quicksort  Memory: 20986kB&quot;
&quot;                                                                    -&gt;  Merge Join  (cost=0.00..23000.12 rows=189969 width=14) (actual time=0.029..195.881 rows=189969 loops=1)&quot;
&quot;                                                                          Merge Cond: (bc.attribute_uid = bca.objid)&quot;
&quot;                                                                          -&gt;  Index Scan using bck_03_ix on bck_consequences bc  (cost=0.00..8058.79 rows=189969 width=11) (actual time=0.014..52.172 rows=189969 loops=1)&quot;
&quot;                                                                          -&gt;  Index Scan using bca_objid_ix on bck_consequence_attr bca  (cost=0.00..12091.79 rows=189969 width=19) (actual time=0.009..38.691 rows=189969 loops=1)&quot;
&quot;                          -&gt;  Materialize  (cost=2.67..3.03 rows=36 width=16) (actual time=0.048..0.072 rows=36 loops=1)&quot;
&quot;                                -&gt;  Subquery Scan notifications  (cost=1.82..2.63 rows=36 width=16) (actual time=0.046..0.059 rows=36 loops=1)&quot;
&quot;                                      -&gt;  HashAggregate  (cost=1.82..2.27 rows=36 width=16) (actual time=0.046..0.055 rows=36 loops=1)&quot;
&quot;                                            -&gt;  Seq Scan on adhoc_request_notificat_users arn  (cost=0.00..1.55 rows=55 width=16) (actual time=0.007..0.013 rows=55 loops=1)&quot;
&quot;                    -&gt;  Sort  (cost=84831.67..84831.67 rows=1 width=524) (actual time=2859.327..2859.327 rows=0 loops=1)&quot;
&quot;                          Sort Key: rules_without_error.transaction_id&quot;
&quot;                          Sort Method:  quicksort  Memory: 25kB&quot;
&quot;                          -&gt;  Subquery Scan rules_without_error  (cost=84831.64..84831.66 rows=1 width=524) (actual time=2859.323..2859.323 rows=0 loops=1)&quot;
&quot;                                -&gt;  HashAggregate  (cost=84831.64..84831.65 rows=1 width=45) (actual time=2859.323..2859.323 rows=0 loops=1)&quot;
&quot;                                      -&gt;  Hash Anti Join  (cost=82276.60..84831.63 rows=1 width=45) (actual time=2859.321..2859.321 rows=0 loops=1)&quot;
&quot;                                            Hash Cond: (u.uow_id = uw.uow_id)&quot;
&quot;                                            -&gt;  Merge Join  (cost=39818.17..42316.36 rows=11366 width=53) (actual time=1145.348..1404.651 rows=189968 loops=1)&quot;
&quot;                                                  Merge Cond: (((buok.uow_key)::text = (bca.attr_value_1)::text) AND (buok.uow_validation_process_id = ((bc.transaction_id)::bigint)))&quot;
&quot;                                                  -&gt;  Sort  (cost=162.13..164.41 rows=909 width=65) (actual time=5.098..5.202 rows=792 loops=1)&quot;
&quot;                                                        Sort Key: buok.uow_key, buok.uow_validation_process_id&quot;
&quot;                                                        Sort Method:  quicksort  Memory: 152kB&quot;
&quot;                                                        -&gt;  Hash Join  (cost=64.38..117.47 rows=909 width=65) (actual time=0.726..1.379 rows=909 loops=1)&quot;
&quot;                                                              Hash Cond: (u.uow_id = buok.uow_id)&quot;
&quot;                                                              -&gt;  Hash Join  (cost=24.92..65.51 rows=909 width=45) (actual time=0.325..0.682 rows=909 loops=1)&quot;
&quot;                                                                    Hash Cond: (u.uow_validation_process_id = ar.req_id)&quot;
&quot;                                                                    -&gt;  Seq Scan on bck_unit_of_works u  (cost=0.00..28.09 rows=909 width=16) (actual time=0.003..0.077 rows=909 loops=1)&quot;
&quot;                                                                    -&gt;  Hash  (cost=19.55..19.55 rows=430 width=45) (actual time=0.313..0.313 rows=430 loops=1)&quot;
&quot;                                                                          -&gt;  Hash Join  (cost=1.34..19.55 rows=430 width=45) (actual time=0.023..0.232 rows=430 loops=1)&quot;
&quot;                                                                                Hash Cond: (ar.req_user_creation = u.usr_id)&quot;
&quot;                                                                                -&gt;  Seq Scan on adhoc_requests ar  (cost=0.00..12.30 rows=430 width=53) (actual time=0.002..0.092 rows=430 loops=1)&quot;
&quot;                                                                                -&gt;  Hash  (cost=1.15..1.15 rows=15 width=8) (actual time=0.010..0.010 rows=15 loops=1)&quot;
&quot;                                                                                      -&gt;  Seq Scan on auth_users u  (cost=0.00..1.15 rows=15 width=8) (actual time=0.003..0.005 rows=15 loops=1)&quot;
&quot;                                                              -&gt;  Hash  (cost=28.09..28.09 rows=909 width=28) (actual time=0.396..0.396 rows=909 loops=1)&quot;
&quot;                                                                    -&gt;  Seq Scan on bck_unit_of_works buok  (cost=0.00..28.09 rows=909 width=28) (actual time=0.002..0.214 rows=909 loops=1)&quot;
&quot;                                                  -&gt;  Sort  (cost=39656.03..40130.95 rows=189969 width=22) (actual time=1140.242..1153.978 rows=189969 loops=1)&quot;
&quot;                                                        Sort Key: bca.attr_value_1, ((bc.transaction_id)::bigint)&quot;
&quot;                                                        Sort Method:  quicksort  Memory: 20986kB&quot;
&quot;                                                        -&gt;  Merge Join  (cost=0.00..23000.12 rows=189969 width=22) (actual time=0.028..196.815 rows=189969 loops=1)&quot;
&quot;                                                              Merge Cond: (bc.attribute_uid = bca.objid)&quot;
&quot;                                                              -&gt;  Index Scan using bck_03_ix on bck_consequences bc  (cost=0.00..8058.79 rows=189969 width=19) (actual time=0.014..53.056 rows=189969 loops=1)&quot;
&quot;                                                              -&gt;  Index Scan using bca_objid_ix on bck_consequence_attr bca  (cost=0.00..12091.79 rows=189969 width=19) (actual time=0.009..38.922 rows=189969 loops=1)&quot;
&quot;                                            -&gt;  Hash  (cost=42316.36..42316.36 rows=11366 width=8) (actual time=1424.302..1424.302 rows=189968 loops=1)&quot;
&quot;                                                  -&gt;  Merge Join  (cost=39818.17..42316.36 rows=11366 width=8) (actual time=1134.963..1391.981 rows=189968 loops=1)&quot;
&quot;                                                        Merge Cond: (((buok.uow_key)::text = (bca.attr_value_1)::text) AND (buok.uow_validation_process_id = ((bc.transaction_id)::bigint)))&quot;
&quot;                                                        -&gt;  Sort  (cost=162.13..164.41 rows=909 width=28) (actual time=5.014..5.107 rows=792 loops=1)&quot;
&quot;                                                              Sort Key: buok.uow_key, buok.uow_validation_process_id&quot;
&quot;                                                              Sort Method:  quicksort  Memory: 92kB&quot;
&quot;                                                              -&gt;  Hash Join  (cost=64.38..117.47 rows=909 width=28) (actual time=0.703..1.326 rows=909 loops=1)&quot;
&quot;                                                                    Hash Cond: (uw.uow_id = buok.uow_id)&quot;
&quot;                                                                    -&gt;  Hash Join  (cost=24.92..65.51 rows=909 width=8) (actual time=0.295..0.637 rows=909 loops=1)&quot;
&quot;                                                                          Hash Cond: (uw.uow_validation_process_id = ar.req_id)&quot;
&quot;                                                                          -&gt;  Seq Scan on bck_unit_of_works uw  (cost=0.00..28.09 rows=909 width=16) (actual time=0.007..0.084 rows=909 loops=1)&quot;
&quot;                                                                          -&gt;  Hash  (cost=19.55..19.55 rows=430 width=8) (actual time=0.284..0.284 rows=430 loops=1)&quot;
&quot;                                                                                -&gt;  Hash Join  (cost=1.34..19.55 rows=430 width=8) (actual time=0.020..0.219 rows=430 loops=1)&quot;
&quot;                                                                                      Hash Cond: (ar.req_user_creation = u.usr_id)&quot;
&quot;                                                                                      -&gt;  Seq Scan on adhoc_requests ar  (cost=0.00..12.30 rows=430 width=16) (actual time=0.002..0.094 rows=430 loops=1)&quot;
&quot;                                                                                      -&gt;  Hash  (cost=1.15..1.15 rows=15 width=8) (actual time=0.010..0.010 rows=15 loops=1)&quot;
&quot;                                                                                            -&gt;  Seq Scan on auth_users u  (cost=0.00..1.15 rows=15 width=8) (actual time=0.003..0.006 rows=15 loops=1)&quot;
&quot;                                                                    -&gt;  Hash  (cost=28.09..28.09 rows=909 width=28) (actual time=0.401..0.401 rows=909 loops=1)&quot;
&quot;                                                                          -&gt;  Seq Scan on bck_unit_of_works buok  (cost=0.00..28.09 rows=909 width=28) (actual time=0.002..0.222 rows=909 loops=1)&quot;
&quot;                                                        -&gt;  Sort  (cost=39656.03..40130.95 rows=189969 width=14) (actual time=1129.939..1143.887 rows=189969 loops=1)&quot;
&quot;                                                              Sort Key: bca.attr_value_1, ((bc.transaction_id)::bigint)&quot;
&quot;                                                              Sort Method:  quicksort  Memory: 20986kB&quot;
&quot;                                                              -&gt;  Merge Join  (cost=0.00..23000.12 rows=189969 width=14) (actual time=0.027..195.691 rows=189969 loops=1)&quot;
&quot;                                                                    Merge Cond: (bc.attribute_uid = bca.objid)&quot;
&quot;                                                                    -&gt;  Index Scan using bck_03_ix on bck_consequences bc  (cost=0.00..8058.79 rows=189969 width=11) (actual time=0.014..52.023 rows=189969 loops=1)&quot;
&quot;                                                                    -&gt;  Index Scan using bca_objid_ix on bck_consequence_attr bca  (cost=0.00..12091.79 rows=189969 width=19) (actual time=0.009..38.809 rows=189969 loops=1)&quot;
&quot;              -&gt;  Sort  (cost=42528.53..42528.54 rows=1 width=524) (actual time=1427.085..1427.085 rows=2 loops=1)&quot;
&quot;                    Sort Key: without_errors.transaction_id&quot;
&quot;                    Sort Method:  quicksort  Memory: 50kB&quot;
&quot;                    -&gt;  Subquery Scan without_errors  (cost=42528.50..42528.52 rows=1 width=524) (actual time=1426.575..1426.671 rows=322 loops=1)&quot;
&quot;                          -&gt;  HashAggregate  (cost=42528.50..42528.51 rows=1 width=45) (actual time=1426.574..1426.621 rows=322 loops=1)&quot;
&quot;                                -&gt;  Hash Anti Join  (cost=42483.36..42528.50 rows=1 width=45) (actual time=1424.698..1426.339 rows=695 loops=1)&quot;
&quot;                                      Hash Cond: (u.uow_id = uw.uow_id)&quot;
&quot;                                      -&gt;  Hash Join  (cost=24.92..65.51 rows=909 width=45) (actual time=0.325..0.774 rows=909 loops=1)&quot;
&quot;                                            Hash Cond: (u.uow_validation_process_id = ar.req_id)&quot;
&quot;                                            -&gt;  Seq Scan on bck_unit_of_works u  (cost=0.00..28.09 rows=909 width=16) (actual time=0.007..0.111 rows=909 loops=1)&quot;
&quot;                                            -&gt;  Hash  (cost=19.55..19.55 rows=430 width=45) (actual time=0.308..0.308 rows=430 loops=1)&quot;
&quot;                                                  -&gt;  Hash Join  (cost=1.34..19.55 rows=430 width=45) (actual time=0.018..0.217 rows=430 loops=1)&quot;
&quot;                                                        Hash Cond: (ar.req_user_creation = u.usr_id)&quot;
&quot;                                                        -&gt;  Seq Scan on adhoc_requests ar  (cost=0.00..12.30 rows=430 width=53) (actual time=0.002..0.111 rows=430 loops=1)&quot;
&quot;                                                        -&gt;  Hash  (cost=1.15..1.15 rows=15 width=8) (actual time=0.009..0.009 rows=15 loops=1)&quot;
&quot;                                                              -&gt;  Seq Scan on auth_users u  (cost=0.00..1.15 rows=15 width=8) (actual time=0.002..0.006 rows=15 loops=1)&quot;
&quot;                                      -&gt;  Hash  (cost=42316.36..42316.36 rows=11366 width=8) (actual time=1424.366..1424.366 rows=189968 loops=1)&quot;
&quot;                                            -&gt;  Merge Join  (cost=39818.17..42316.36 rows=11366 width=8) (actual time=1136.057..1391.701 rows=189968 loops=1)&quot;
&quot;                                                  Merge Cond: (((buok.uow_key)::text = (bca.attr_value_1)::text) AND (buok.uow_validation_process_id = ((bc.transaction_id)::bigint)))&quot;
&quot;                                                  -&gt;  Sort  (cost=162.13..164.41 rows=909 width=28) (actual time=4.966..5.061 rows=792 loops=1)&quot;
&quot;                                                        Sort Key: buok.uow_key, buok.uow_validation_process_id&quot;
&quot;                                                        Sort Method:  quicksort  Memory: 92kB&quot;
&quot;                                                        -&gt;  Hash Join  (cost=64.38..117.47 rows=909 width=28) (actual time=0.682..1.324 rows=909 loops=1)&quot;
&quot;                                                              Hash Cond: (uw.uow_id = buok.uow_id)&quot;
&quot;                                                              -&gt;  Hash Join  (cost=24.92..65.51 rows=909 width=8) (actual time=0.276..0.624 rows=909 loops=1)&quot;
&quot;                                                                    Hash Cond: (uw.uow_validation_process_id = ar.req_id)&quot;
&quot;                                                                    -&gt;  Seq Scan on bck_unit_of_works uw  (cost=0.00..28.09 rows=909 width=16) (actual time=0.002..0.096 rows=909 loops=1)&quot;
&quot;                                                                    -&gt;  Hash  (cost=19.55..19.55 rows=430 width=8) (actual time=0.269..0.269 rows=430 loops=1)&quot;
&quot;                                                                          -&gt;  Hash Join  (cost=1.34..19.55 rows=430 width=8) (actual time=0.012..0.201 rows=430 loops=1)&quot;
&quot;                                                                                Hash Cond: (ar.req_user_creation = u.usr_id)&quot;
&quot;                                                                                -&gt;  Seq Scan on adhoc_requests ar  (cost=0.00..12.30 rows=430 width=16) (actual time=0.001..0.085 rows=430 loops=1)&quot;
&quot;                                                                                -&gt;  Hash  (cost=1.15..1.15 rows=15 width=8) (actual time=0.006..0.006 rows=15 loops=1)&quot;
&quot;                                                                                      -&gt;  Seq Scan on auth_users u  (cost=0.00..1.15 rows=15 width=8) (actual time=0.001..0.003 rows=15 loops=1)&quot;
&quot;                                                              -&gt;  Hash  (cost=28.09..28.09 rows=909 width=28) (actual time=0.401..0.401 rows=909 loops=1)&quot;
&quot;                                                                    -&gt;  Seq Scan on bck_unit_of_works buok  (cost=0.00..28.09 rows=909 width=28) (actual time=0.001..0.233 rows=909 loops=1)&quot;
&quot;                                                  -&gt;  Sort  (cost=39656.03..40130.95 rows=189969 width=14) (actual time=1131.082..1145.162 rows=189969 loops=1)&quot;
&quot;                                                        Sort Key: bca.attr_value_1, ((bc.transaction_id)::bigint)&quot;
&quot;                                                        Sort Method:  quicksort  Memory: 20986kB&quot;
&quot;                                                        -&gt;  Merge Join  (cost=0.00..23000.12 rows=189969 width=14) (actual time=0.028..198.098 rows=189969 loops=1)&quot;
&quot;                                                              Merge Cond: (bc.attribute_uid = bca.objid)&quot;
&quot;                                                              -&gt;  Index Scan using bck_03_ix on bck_consequences bc  (cost=0.00..8058.79 rows=189969 width=11) (actual time=0.014..53.275 rows=189969 loops=1)&quot;
&quot;                                                              -&gt;  Index Scan using bca_objid_ix on bck_consequence_attr bca  (cost=0.00..12091.79 rows=189969 width=19) (actual time=0.008..38.939 rows=189969 loops=1)&quot;
&quot;Total runtime: 10253.750 ms&quot;</pre>
    </div>

    <div class="result-stats hidden">
        <h1>Per node type stats</h1>
        <table class="stats">
            <thead>
            <tr><th>node type</th><th>count</th><th>sum of times</th><th>% of query</th></tr>
            </thead>
            <tbody>
                <tr class="table-detail">
                <td class="node-type">GroupAggregate</td>
                <td class="count">2</td>
                <td class="time">0.044 ms</td>
                <td class="percent">
                    
                    
                    
                    0.0 %
                </td>
                </tr>
                <tr class="table-detail">
                <td class="node-type">Hash</td>
                <td class="count">26</td>
                <td class="time">66.995 ms</td>
                <td class="percent">
                    
                    
                    
                    0.7 %
                </td>
                </tr>
                <tr class="table-detail">
                <td class="node-type">Hash Anti Join</td>
                <td class="count">2</td>
                <td class="time">31.567 ms</td>
                <td class="percent">
                    
                    
                    
                    0.3 %
                </td>
                </tr>
                <tr class="table-detail">
                <td class="node-type">Hash Join</td>
                <td class="count">23</td>
                <td class="time">5.753 ms</td>
                <td class="percent">
                    
                    
                    
                    0.1 %
                </td>
                </tr>
                <tr class="table-detail">
                <td class="node-type">Hash Left Join</td>
                <td class="count">1</td>
                <td class="time">0.007 ms</td>
                <td class="percent">
                    
                    
                    
                    0.0 %
                </td>
                </tr>
                <tr class="table-detail">
                <td class="node-type">HashAggregate</td>
                <td class="count">7</td>
                <td class="time">47.421 ms</td>
                <td class="percent">
                    
                    
                    
                    0.5 %
                </td>
                </tr>
                <tr class="table-detail">
                <td class="node-type">Index Scan</td>
                <td class="count">13</td>
                <td class="time">577.866 ms</td>
                <td class="percent">
                    
                    
                    
                    5.6 %
                </td>
                </tr>
                <tr class="table-detail">
                <td class="node-type">Materialize</td>
                <td class="count">3</td>
                <td class="time">0.022 ms</td>
                <td class="percent">
                    
                    
                    
                    0.0 %
                </td>
                </tr>
                <tr class="table-detail">
                <td class="node-type">Merge Join</td>
                <td class="count">12</td>
                <td class="time">2127.468 ms</td>
                <td class="percent">
                    
                    
                    
                    20.8 %
                </td>
                </tr>
                <tr class="table-detail">
                <td class="node-type">Merge Left Join</td>
                <td class="count">4</td>
                <td class="time">0.018 ms</td>
                <td class="percent">
                    
                    
                    
                    0.0 %
                </td>
                </tr>
                <tr class="table-detail">
                <td class="node-type">Merge Right Join</td>
                <td class="count">1</td>
                <td class="time">0.005 ms</td>
                <td class="percent">
                    
                    
                    
                    0.0 %
                </td>
                </tr>
                <tr class="table-detail">
                <td class="node-type">Nested Loop Left Join</td>
                <td class="count">3</td>
                <td class="time">0.106 ms</td>
                <td class="percent">
                    
                    
                    
                    0.0 %
                </td>
                </tr>
                <tr class="table-detail">
                <td class="node-type">Seq Scan</td>
                <td class="count">34</td>
                <td class="time">3.335 ms</td>
                <td class="percent">
                    
                    
                    
                    0.0 %
                </td>
                </tr>
                <tr class="table-detail">
                <td class="node-type">Sort</td>
                <td class="count">18</td>
                <td class="time">7387.633 ms</td>
                <td class="percent">
                    
                    
                    
                    72.1 %
                </td>
                </tr>
                <tr class="table-detail">
                <td class="node-type">Subquery Scan invoice_with_error</td>
                <td class="count">1</td>
                <td class="time">0.001 ms</td>
                <td class="percent">
                    
                    
                    
                    0.0 %
                </td>
                </tr>
                <tr class="table-detail">
                <td class="node-type">Subquery Scan notifications</td>
                <td class="count">1</td>
                <td class="time">0.004 ms</td>
                <td class="percent">
                    
                    
                    
                    0.0 %
                </td>
                </tr>
                <tr class="table-detail">
                <td class="node-type">Subquery Scan rules_select</td>
                <td class="count">1</td>
                <td class="time">0.048 ms</td>
                <td class="percent">
                    
                    
                    
                    0.0 %
                </td>
                </tr>
                <tr class="table-detail">
                <td class="node-type">Subquery Scan rules_without_error</td>
                <td class="count">1</td>
                <td class="time">0.000 ms</td>
                <td class="percent">
                    
                    
                    
                    0.0 %
                </td>
                </tr>
                <tr class="table-detail">
                <td class="node-type">Subquery Scan total_errors</td>
                <td class="count">1</td>
                <td class="time">0.017 ms</td>
                <td class="percent">
                    
                    
                    
                    0.0 %
                </td>
                </tr>
                <tr class="table-detail">
                <td class="node-type">Subquery Scan without_errors</td>
                <td class="count">1</td>
                <td class="time">0.050 ms</td>
                <td class="percent">
                    
                    
                    
                    0.0 %
                </td>
                </tr>
            </tbody>
        </table>
        <h1>Per table stats</h1>
        <table class="stats">
            <thead>
            <tr><th>Table name</th><th>Scan count</th><th>Total time</th><th>% of query</th></tr>
            <tr><th>scan type</th><th>count</th><th>sum of times</th><th>% of table</th></tr>
            </thead>
            <tbody>
                <tr class="table-summary">
                <td class="table-name">adhoc_invoices</td>
                <td class="count">1</td>
                <td class="time">0.122 ms</td>
                <td class="percent">
                    
                    
                    
                    0.0 %
                </td>
                </tr>
                <tr class="table-detail">
                <td class="scan-type">Seq Scan</td>
                <td class="count">1</td>
                <td class="time">0.122 ms</td>
                <td class="percent">
                    
                    
                    
                    100.0 %
                </td>
                </tr>
                <tr class="table-summary">
                <td class="table-name">adhoc_request_notificat_users</td>
                <td class="count">1</td>
                <td class="time">0.013 ms</td>
                <td class="percent">
                    
                    
                    
                    0.0 %
                </td>
                </tr>
                <tr class="table-detail">
                <td class="scan-type">Seq Scan</td>
                <td class="count">1</td>
                <td class="time">0.013 ms</td>
                <td class="percent">
                    
                    
                    
                    100.0 %
                </td>
                </tr>
                <tr class="table-summary">
                <td class="table-name">adhoc_request_rules</td>
                <td class="count">1</td>
                <td class="time">0.050 ms</td>
                <td class="percent">
                    
                    
                    
                    0.0 %
                </td>
                </tr>
                <tr class="table-detail">
                <td class="scan-type">Seq Scan</td>
                <td class="count">1</td>
                <td class="time">0.050 ms</td>
                <td class="percent">
                    
                    
                    
                    100.0 %
                </td>
                </tr>
                <tr class="table-summary">
                <td class="table-name">adhoc_requests</td>
                <td class="count">10</td>
                <td class="time">0.920 ms</td>
                <td class="percent">
                    
                    
                    
                    0.0 %
                </td>
                </tr>
                <tr class="table-detail">
                <td class="scan-type">Index Scan</td>
                <td class="count">1</td>
                <td class="time">0.022 ms</td>
                <td class="percent">
                    
                    
                    
                    2.4 %
                </td>
                </tr>
                <tr class="table-detail">
                <td class="scan-type">Seq Scan</td>
                <td class="count">9</td>
                <td class="time">0.898 ms</td>
                <td class="percent">
                    
                    
                    
                    97.6 %
                </td>
                </tr>
                <tr class="table-summary">
                <td class="table-name">auth_users</td>
                <td class="count">8</td>
                <td class="time">0.041 ms</td>
                <td class="percent">
                    
                    
                    
                    0.0 %
                </td>
                </tr>
                <tr class="table-detail">
                <td class="scan-type">Seq Scan</td>
                <td class="count">8</td>
                <td class="time">0.041 ms</td>
                <td class="percent">
                    
                    
                    
                    100.0 %
                </td>
                </tr>
                <tr class="table-summary">
                <td class="table-name">bck_consequence_attr</td>
                <td class="count">6</td>
                <td class="time">244.546 ms</td>
                <td class="percent">
                    
                    
                    
                    2.4 %
                </td>
                </tr>
                <tr class="table-detail">
                <td class="scan-type">Index Scan</td>
                <td class="count">6</td>
                <td class="time">244.546 ms</td>
                <td class="percent">
                    
                    
                    
                    100.0 %
                </td>
                </tr>
                <tr class="table-summary">
                <td class="table-name">bck_consequences</td>
                <td class="count">6</td>
                <td class="time">333.298 ms</td>
                <td class="percent">
                    
                    
                    
                    3.3 %
                </td>
                </tr>
                <tr class="table-detail">
                <td class="scan-type">Index Scan</td>
                <td class="count">6</td>
                <td class="time">333.298 ms</td>
                <td class="percent">
                    
                    
                    
                    100.0 %
                </td>
                </tr>
                <tr class="table-summary">
                <td class="table-name">bck_unit_of_works</td>
                <td class="count">14</td>
                <td class="time">2.211 ms</td>
                <td class="percent">
                    
                    
                    
                    0.0 %
                </td>
                </tr>
                <tr class="table-detail">
                <td class="scan-type">Seq Scan</td>
                <td class="count">14</td>
                <td class="time">2.211 ms</td>
                <td class="percent">
                    
                    
                    
                    100.0 %
                </td>
                </tr>
            </tbody>
        </table>
    </div>
</div>



            </section>

            <footer>
                <div>
                    <p class="copyright">Copyright &copy; 2009-2013 <a href="mailto:depesz@depesz.com" title="mail me">Hubert &quot;depesz&quot; Lubaczewski</a>, <a href="mailto:lukasz.metys.lewandowski@gmail.com">Łukasz &quot;metys&quot; Lewandowski</a></p>
                    <p class="powered-by">powered by <a href="http://www.mojolicious.org" title="mojolicious web framework">mojolicious</a></p>
                </div>
            </footer>

        </div>
        <!-- /wrapper -->

    </body>
</html>

