http://explain.depesz.com/s/4UXL
HTTP/1.1 200 OK
Server: nginx
Date: Wed, 23 Jul 2014 12:56:54 GMT
Content-Type: text/html;charset=utf8
Content-Length: 172093
Connection: close
X-Powered-By: Mojolicious (Perl)

<!doctype html>
<html lang="en">
    <head>
        <meta charset="utf-8" />

        <title>4UXL | explain.depesz.com</title>

        <link rel="stylesheet" href="/css/style.css" />

        <!--[if lt IE 9]>
        <script>

            /* html5 elements */
            var elements = ( "abbr,article,aside,audio,cavnas,datalist,"
                           + "details,figure,footer,header,hgroup,mark,"
                           + "menu,meter,output,progress,section,video,"
                           + "time,nav" ).split( ',' );

            for ( var i = 0 ; i < elements.length ; i++ ) {
                document.createElement( elements[ i ] );
            }

        </script>
        <![endif]-->

        <script src="/js/jquery-1.5.1.min.js"></script>

        <script src="/js/jquery.cookie.min.js"></script>

        <script src="/js/explain.js"></script>

        
    <script>
        $( document ).ready( function( ) {

            /* startup */
            $.fn.explain( 'init', $( '#explain-form' ), $( '#explain' ) );

        } );
    </script>

    </head>
    <body class="show">

        <!-- wrapper -->
        <div id="wrapper">

            <header>
                <hgroup>
                    <h1>
                        <a href="/" title="link to: new explain" rel="permalink"><strong>explain</strong>.depesz.com</a>
                    </h1>
                    <h2><span>A tool for finding a real cause for slow queries.</span></h2>
                </hgroup>
            </header>

            <nav>
                <ul>
                    <li class="item item-new-explain">
                        <a href="/" title="link to: new explain" rel="permalink">new explain</a>
                    </li>
                    <li class="item item-history">
                        <a href="/history" title="link to: history" rel="permalink">history</a>
                    </li>
                    <li class="item item-help">
                        <a href="/help" title="link to: help" rel="permalink">help</a>
                    </li>
                    <li class="item item-about">
                        <a href="http://www.depesz.com/index.php/tag/explaindepeszcom/" title="about explain.depesz.com" rel="permalink">about</a>
                    </li>
                    <li class="item item-contact">
                        <a href="/contact" title="link to: contact" rel="permalink">contact</a>
                    </li>
                </ul>
                <ul class="right">
                    <li>
                            <a href="/login" title="link to: login/register" rel="permalink">login</a>
                    </li>
                </ul>
            </nav>

            <section>
                












<h1>Result: 4UXL</h1>


<div class="explain-form">

    <form id="explain-form" class="hidden" method="get" action="/s/4UXL" autocomplete="off">

        <h3>Colorize:</h3>
        <ul>
            <li>
                <input type="radio" name="c" id="ce" value="e" />
                <label for="ce">exclusive</label>
            </li>
            <li>
                <input type="radio" name="c" id="ci" value="i" />
                <label for="ci">inclusive</label>
            </li>
            <li>
                <input type="radio" name="c" id="cx" value="x" />
                <label for="cx">rows x</label>
            </li>
            <li>
                <input type="radio" name="c" id="cm" value="m" checked=&quot;checked&quot; />
                <label for="cm">mixed</label>
            </li>
        </ul>

        <h3>Columns visibility:</h3>
        <ul>
            <li>
                <input type="checkbox" name="vu" id="vu" value="1" checked=&quot;checked&quot; />
                <label for="vu">#</label>
            </li>
            <li>
                <input type="checkbox" name="ve" id="ve" value="1" checked=&quot;checked&quot; />
                <label for="ve">exclusive</label>
            </li>
            <li>
                <input type="checkbox" name="vi" id="vi" value="1" checked=&quot;checked&quot; />
                <label for="vi">inclusive</label>
            </li>
            <li>
                <input type="checkbox" name="vx" id="vx" value="1" checked=&quot;checked&quot; />
                <label for="vx">rows x</label>
            </li>
            <li>
                <input type="checkbox" name="vr" id="vr" value="1" checked=&quot;checked&quot; />
                <label for="vr">rows</label>
            </li>
            <li>
                <input type="checkbox" name="vl" id="vl" value="1" checked=&quot;checked&quot; />
                <label for="vl">loops</label>
            </li>
        </ul>

        <div class="fe fe-buttons">
            <button type="submit" name="save-settings" id="save-settings"><span>Save settings</span></button>
        </div>

    </form>

    <a href="#" onclick="$.fn.explain( 'toggleCfgForm', this ); return false;" onkeypress="return this.onclick( );"><span>options</span></a>

</div>

<div class="result">

    <div class="plea">
        Did it help? Consider supporting us - Bitcoin address: <a href="https://blockchain.info/address/12v2hUztAk2LgzQ9H9LMwuU32urHMjZQnq">12v2hUztAk2LgzQ9H9LMwuU32urHMjZQnq</a>
    </div>


    <div class="tabs">
        <ul class="clearfix">
            <li class="html">
                <a href="#html"
                   title="view HTML"
                   class="current"
                   onclick="$( this ).explain( 'toggleView', 'html', this ); return false;"
                   onkeypress="return this.onclick( );">HTML</a>
            </li>
            <li class="text">
                <a href="#text"
                   title="view plain text"
                   onclick="$( this ).explain( 'toggleView', 'text', this ); return false;"
                   onkeypress="return this.onclick( );">TEXT</a>
            </li>
            <li class="stats">
                <a href="#stats"
                   title="view plan stats"
                   onclick="$( this ).explain( 'toggleView', 'stats', this ); return false;"
                   onkeypress="return this.onclick( );">STATS</a>
            </li>
        </ul>
    </div>

    <div class="result-html">
        <table id="explain">
            <thead>
                <tr>
                    <th class="u">
                        <span>#</span>
                    </th>
                    <th class="e">
                        <a href="#colorize-exclusive"
                            title="colorize rows based on &quot;exclusive&quot;"
                            onclick="$.fn.explain( 'colorize', 'e', this ); return false"
                            onkeypress="return this.onclick( );">exclusive</a>
                    </th>
                    <th class="i">
                        <a href="#colorize-inclusive"
                            title="colorize rows based on &quot;inclusive&quot;"
                            onclick="$.fn.explain( 'colorize', 'i', this ); return false"
                            onkeypress="return this.onclick( );">inclusive</a>
                    </th>
                    <th class="x">
                        <a href="#colorize-rows-x"
                            title="colorize rows based on &quot;rows x&quot;"
                            onclick="$.fn.explain( 'colorize', 'x', this ); return false"
                            onkeypress="return this.onclick( );">rows x</a>
                    </th>
                    <th class="r">
                        <span>rows</span>
                    </th>
                    <th class="l">
                        <span>loops</span>
                    </th>
                    <th class="n">
                        <span>node</span>
                    </th>
                </tr>
            </thead>
            <tbody>
                






    <tr id="l1" class="n odd c-m" data-node_id="0" data-node_parent="" data-level="0" data-e="1" data-i="4" data-x="1">
        <td class="u "><a href="#l1">1.</a></td>
        <td class="e c-1">
            <span>36.467</span>
        </td>
        <td class="i c-4">
            <span>6919.671</span>
        </td>
        <td class="x c-1">
            <span>
                &darr;
                1.1
            </span>
        </td>
        <td class="r"><span>5491</span></td>
        <td class="l"><span>1</span></td>
        <td class="n">
            <div class="n" style="margin-left:22px">

                <div class="ico">&rarr;</div>

                <p>
                    <span class="node">

                        HashAggregate


                    </span>

                    <span class="est">
                        (cost=407839.33..408209.73
                        rows=5109
                        width=131)
                    </span>

                    <span class="act">
                        (actual
                        time=6898.677..6919.671
                        rows=5491
                        loops=1)
                    </span>
                </p>


            </div>
        </td>
    </tr>





            






    <tr id="l2" class="n even c-m" data-node_id="1" data-node_parent="0" data-level="1" data-e="1" data-i="4" data-x="1">
        <td class="u "><a href="#l2">2.</a></td>
        <td class="e c-1">
            <span>3.310</span>
        </td>
        <td class="i c-4">
            <span>6883.204</span>
        </td>
        <td class="x c-1">
            <span>
                &darr;
                1.1
            </span>
        </td>
        <td class="r"><span>5498</span></td>
        <td class="l"><span>1</span></td>
        <td class="n">
            <div class="n" style="margin-left:44px">

                <div class="ico">&rarr;</div>

                <p>
                    <span class="node">

                        Hash Left Join


                    </span>

                    <span class="est">
                        (cost=407327.24..407571.11
                        rows=5109
                        width=131)
                    </span>

                    <span class="act">
                        (actual
                        time=6869.627..6883.204
                        rows=5498
                        loops=1)
                    </span>
                </p>

                    <ul class="ex-nfo">
                            <li>Hash Cond: ((d.prefdep)::text = (m.qm_prefdep)::text)</li>
                            <li>Join Filter: (COALESCE(&quot;*SELECT* 1&quot;.total, 0::bigint) &lt;&gt; 0)</li>
                    </ul>

            </div>
        </td>
    </tr>





            






    <tr id="l3" class="n odd c-m" data-node_id="2" data-node_parent="1" data-level="2" data-e="1" data-i="4" data-x="1">
        <td class="u "><a href="#l3">3.</a></td>
        <td class="e c-1">
            <span>7.120</span>
        </td>
        <td class="i c-4">
            <span>6878.523</span>
        </td>
        <td class="x c-1">
            <span>
                &darr;
                1.1
            </span>
        </td>
        <td class="r"><span>5498</span></td>
        <td class="l"><span>1</span></td>
        <td class="n">
            <div class="n" style="margin-left:66px">

                <div class="ico">&rarr;</div>

                <p>
                    <span class="node">

                        Hash Join


                    </span>

                    <span class="est">
                        (cost=407293.25..407510.38
                        rows=5109
                        width=127)
                    </span>

                    <span class="act">
                        (actual
                        time=6868.234..6878.523
                        rows=5498
                        loops=1)
                    </span>
                </p>

                    <ul class="ex-nfo">
                            <li>Hash Cond: (((&quot;*SELECT* 1&quot;.vs_prefixo)::bpchar) = (d.prefdep)::bpchar)</li>
                    </ul>

            </div>
        </td>
    </tr>





            






    <tr id="l4" class="n even c-m" data-node_id="3" data-node_parent="2" data-level="3" data-e="1" data-i="4" data-x="1">
        <td class="u "><a href="#l4">4.</a></td>
        <td class="e c-1">
            <span>10.364</span>
        </td>
        <td class="i c-4">
            <span>6858.914</span>
        </td>
        <td class="x c-1">
            <span>
                &darr;
                1.1
            </span>
        </td>
        <td class="r"><span>5500</span></td>
        <td class="l"><span>1</span></td>
        <td class="n">
            <div class="n" style="margin-left:88px">

                <div class="ico">&rarr;</div>

                <p>
                    <span class="node">

                        HashAggregate


                    </span>

                    <span class="est">
                        (cost=406448.17..406499.26
                        rows=5109
                        width=88)
                    </span>

                    <span class="act">
                        (actual
                        time=6855.727..6858.914
                        rows=5500
                        loops=1)
                    </span>
                </p>


            </div>
        </td>
    </tr>





            






    <tr id="l5" class="n odd c-m" data-node_id="4" data-node_parent="3" data-level="4" data-e="1" data-i="4" data-x="1">
        <td class="u "><a href="#l5">5.</a></td>
        <td class="e c-1">
            <span>1.170</span>
        </td>
        <td class="i c-4">
            <span>6848.550</span>
        </td>
        <td class="x c-1">
            <span>
                &darr;
                1.1
            </span>
        </td>
        <td class="r"><span>5501</span></td>
        <td class="l"><span>1</span></td>
        <td class="n">
            <div class="n" style="margin-left:110px">

                <div class="ico">&rarr;</div>

                <p>
                    <span class="node">

                        Append


                    </span>

                    <span class="est">
                        (cost=73838.42..406269.36
                        rows=5109
                        width=88)
                    </span>

                    <span class="act">
                        (actual
                        time=1294.559..6848.550
                        rows=5501
                        loops=1)
                    </span>
                </p>


            </div>
        </td>
    </tr>





            






    <tr id="l6" class="n even c-m" data-node_id="5" data-node_parent="4" data-level="5" data-e="1" data-i="2" data-x="1">
        <td class="u "><a href="#l6">6.</a></td>
        <td class="e c-1">
            <span>1.574</span>
        </td>
        <td class="i c-2">
            <span>1302.305</span>
        </td>
        <td class="x c-1">
            <span>
                &darr;
                1.1
            </span>
        </td>
        <td class="r"><span>4676</span></td>
        <td class="l"><span>1</span></td>
        <td class="n">
            <div class="n" style="margin-left:132px">

                <div class="ico">&rarr;</div>

                <p>
                    <span class="node">

                        Subquery Scan on &quot;*SELECT* 1&quot;


                    </span>

                    <span class="est">
                        (cost=73838.42..74107.65
                        rows=4142
                        width=88)
                    </span>

                    <span class="act">
                        (actual
                        time=1294.557..1302.305
                        rows=4676
                        loops=1)
                    </span>
                </p>


            </div>
        </td>
    </tr>





            






    <tr id="l7" class="n odd c-m" data-node_id="6" data-node_parent="5" data-level="6" data-e="1" data-i="2" data-x="1">
        <td class="u "><a href="#l7">7.</a></td>
        <td class="e c-1">
            <span>459.587</span>
        </td>
        <td class="i c-2">
            <span>1300.731</span>
        </td>
        <td class="x c-1">
            <span>
                &darr;
                1.1
            </span>
        </td>
        <td class="r"><span>4676</span></td>
        <td class="l"><span>1</span></td>
        <td class="n">
            <div class="n" style="margin-left:154px">

                <div class="ico">&rarr;</div>

                <p>
                    <span class="node">

                        HashAggregate


                    </span>

                    <span class="est">
                        (cost=73838.42..74066.23
                        rows=4142
                        width=88)
                    </span>

                    <span class="act">
                        (actual
                        time=1294.553..1300.731
                        rows=4676
                        loops=1)
                    </span>
                </p>


            </div>
        </td>
    </tr>





            






    <tr id="l8" class="n even c-m" data-node_id="7" data-node_parent="6" data-level="7" data-e="1" data-i="2" data-x="1">
        <td class="u "><a href="#l8">8.</a></td>
        <td class="e c-1">
            <span>74.312</span>
        </td>
        <td class="i c-2">
            <span>841.144</span>
        </td>
        <td class="x c-1">
            <span>
                &uarr;
                2.3
            </span>
        </td>
        <td class="r"><span>159275</span></td>
        <td class="l"><span>1</span></td>
        <td class="n">
            <div class="n" style="margin-left:176px">

                <div class="ico">&rarr;</div>

                <p>
                    <span class="node">

                        Hash Left Join


                    </span>

                    <span class="est">
                        (cost=15109.52..60863.18
                        rows=370721
                        width=88)
                    </span>

                    <span class="act">
                        (actual
                        time=125.071..841.144
                        rows=159275
                        loops=1)
                    </span>
                </p>

                    <ul class="ex-nfo">
                            <li>Hash Cond: ((a.mci)::bpchar = (f.qnv_ct_mci)::bpchar)</li>
                    </ul>

            </div>
        </td>
    </tr>





            






    <tr id="l9" class="n odd c-m" data-node_id="8" data-node_parent="7" data-level="8" data-e="1" data-i="2" data-x="1">
        <td class="u "><a href="#l9">9.</a></td>
        <td class="e c-1">
            <span>103.325</span>
        </td>
        <td class="i c-2">
            <span>765.672</span>
        </td>
        <td class="x c-1">
            <span>
                &uarr;
                2.3
            </span>
        </td>
        <td class="r"><span>159275</span></td>
        <td class="l"><span>1</span></td>
        <td class="n">
            <div class="n" style="margin-left:198px">

                <div class="ico">&rarr;</div>

                <p>
                    <span class="node">

                        Hash Left Join


                    </span>

                    <span class="est">
                        (cost=14417.29..58777.08
                        rows=370721
                        width=90)
                    </span>

                    <span class="act">
                        (actual
                        time=123.897..765.672
                        rows=159275
                        loops=1)
                    </span>
                </p>

                    <ul class="ex-nfo">
                            <li>Hash Cond: ((a.mci)::bpchar = (d.mci)::bpchar)</li>
                    </ul>

            </div>
        </td>
    </tr>





            






    <tr id="l10" class="n even c-m" data-node_id="9" data-node_parent="8" data-level="9" data-e="1" data-i="1" data-x="1">
        <td class="u "><a href="#l10">10.</a></td>
        <td class="e c-1">
            <span>133.761</span>
        </td>
        <td class="i c-1">
            <span>659.209</span>
        </td>
        <td class="x c-1">
            <span>
                &uarr;
                2.3
            </span>
        </td>
        <td class="r"><span>159275</span></td>
        <td class="l"><span>1</span></td>
        <td class="n">
            <div class="n" style="margin-left:220px">

                <div class="ico">&rarr;</div>

                <p>
                    <span class="node">

                        Hash Left Join


                    </span>

                    <span class="est">
                        (cost=14168.84..55238.41
                        rows=370721
                        width=74)
                    </span>

                    <span class="act">
                        (actual
                        time=120.738..659.209
                        rows=159275
                        loops=1)
                    </span>
                </p>

                    <ul class="ex-nfo">
                            <li>Hash Cond: (a.cnpj_txt = (b.cnpj)::bpchar)</li>
                    </ul>

            </div>
        </td>
    </tr>





            






    <tr id="l11" class="n odd c-m" data-node_id="10" data-node_parent="9" data-level="10" data-e="1" data-i="1" data-x="1">
        <td class="u "><a href="#l11">11.</a></td>
        <td class="e c-1">
            <span>325.129</span>
        </td>
        <td class="i c-1">
            <span>516.941</span>
        </td>
        <td class="x c-1">
            <span>
                &uarr;
                2.3
            </span>
        </td>
        <td class="r"><span>159275</span></td>
        <td class="l"><span>1</span></td>
        <td class="n">
            <div class="n" style="margin-left:242px">

                <div class="ico">&rarr;</div>

                <p>
                    <span class="node">

                        Hash Left Join


                    </span>

                    <span class="est">
                        (cost=11890.70..48714.93
                        rows=370721
                        width=67)
                    </span>

                    <span class="act">
                        (actual
                        time=112.207..516.941
                        rows=159275
                        loops=1)
                    </span>
                </p>

                    <ul class="ex-nfo">
                            <li>Hash Cond: ((a.mci)::bpchar = (c.mci)::bpchar)</li>
                    </ul>

            </div>
        </td>
    </tr>





            






    <tr id="l12" class="n even c-m" data-node_id="11" data-node_parent="10" data-level="11" data-e="1" data-i="1" data-x="1">
        <td class="u "><a href="#l12">12.</a></td>
        <td class="e c-1">
            <span>80.322</span>
        </td>
        <td class="i c-1">
            <span>80.322</span>
        </td>
        <td class="x c-1">
            <span>
                &uarr;
                2.3
            </span>
        </td>
        <td class="r"><span>159275</span></td>
        <td class="l"><span>1</span></td>
        <td class="n">
            <div class="n" style="margin-left:264px">

                <div class="ico">&rarr;</div>

                <p>
                    <span class="node">

                        Seq Scan

                            on gps_qualificacao_negocios a

                    </span>

                    <span class="est">
                        (cost=0.00..18699.21
                        rows=370721
                        width=51)
                    </span>

                    <span class="act">
                        (actual
                        time=0.005..80.322
                        rows=159275
                        loops=1)
                    </span>
                </p>


            </div>
        </td>
    </tr>








            






    <tr id="l13" class="n even c-m" data-node_id="12" data-node_parent="10" data-level="11" data-e="1" data-i="1" data-x="1">
        <td class="u "><a href="#l13">13.</a></td>
        <td class="e c-1">
            <span>65.245</span>
        </td>
        <td class="i c-1">
            <span>111.490</span>
        </td>
        <td class="x c-1">
            <span>
                &uarr;
                2.0
            </span>
        </td>
        <td class="r"><span>159274</span></td>
        <td class="l"><span>1</span></td>
        <td class="n">
            <div class="n" style="margin-left:264px">

                <div class="ico">&rarr;</div>

                <p>
                    <span class="node">

                        Hash


                    </span>

                    <span class="est">
                        (cost=5778.20..5778.20
                        rows=316120
                        width=26)
                    </span>

                    <span class="act">
                        (actual
                        time=111.490..111.490
                        rows=159274
                        loops=1)
                    </span>
                </p>

                    <ul class="ex-nfo">
                            <li>Buckets: 8192  Batches: 4  Memory Usage: 2275kB</li>
                    </ul>

            </div>
        </td>
    </tr>





            






    <tr id="l14" class="n odd c-m" data-node_id="13" data-node_parent="12" data-level="12" data-e="1" data-i="1" data-x="1">
        <td class="u "><a href="#l14">14.</a></td>
        <td class="e c-1">
            <span>46.245</span>
        </td>
        <td class="i c-1">
            <span>46.245</span>
        </td>
        <td class="x c-1">
            <span>
                &uarr;
                2.0
            </span>
        </td>
        <td class="r"><span>159274</span></td>
        <td class="l"><span>1</span></td>
        <td class="n">
            <div class="n" style="margin-left:286px">

                <div class="ico">&rarr;</div>

                <p>
                    <span class="node">

                        Seq Scan

                            on gps_qualificacao_obs_diaria c

                    </span>

                    <span class="est">
                        (cost=0.00..5778.20
                        rows=316120
                        width=26)
                    </span>

                    <span class="act">
                        (actual
                        time=2.170..46.245
                        rows=159274
                        loops=1)
                    </span>
                </p>


            </div>
        </td>
    </tr>














            






    <tr id="l15" class="n even c-m" data-node_id="14" data-node_parent="9" data-level="10" data-e="1" data-i="1" data-x="1">
        <td class="u "><a href="#l15">15.</a></td>
        <td class="e c-1">
            <span>3.404</span>
        </td>
        <td class="i c-1">
            <span>8.507</span>
        </td>
        <td class="x c-1">
            <span>
                &darr;
                1.0
            </span>
        </td>
        <td class="r"><span>7664</span></td>
        <td class="l"><span>1</span></td>
        <td class="n">
            <div class="n" style="margin-left:242px">

                <div class="ico">&rarr;</div>

                <p>
                    <span class="node">

                        Hash


                    </span>

                    <span class="est">
                        (cost=2184.73..2184.73
                        rows=7473
                        width=49)
                    </span>

                    <span class="act">
                        (actual
                        time=8.507..8.507
                        rows=7664
                        loops=1)
                    </span>
                </p>

                    <ul class="ex-nfo">
                            <li>Buckets: 1024  Batches: 1  Memory Usage: 637kB</li>
                    </ul>

            </div>
        </td>
    </tr>





            






    <tr id="l16" class="n odd c-m" data-node_id="15" data-node_parent="14" data-level="11" data-e="1" data-i="1" data-x="1">
        <td class="u "><a href="#l16">16.</a></td>
        <td class="e c-1">
            <span>5.103</span>
        </td>
        <td class="i c-1">
            <span>5.103</span>
        </td>
        <td class="x c-1">
            <span>
                &darr;
                1.0
            </span>
        </td>
        <td class="r"><span>7664</span></td>
        <td class="l"><span>1</span></td>
        <td class="n">
            <div class="n" style="margin-left:264px">

                <div class="ico">&rarr;</div>

                <p>
                    <span class="node">

                        Seq Scan

                            on gps_qualificacao_resultado b

                    </span>

                    <span class="est">
                        (cost=0.00..2184.73
                        rows=7473
                        width=49)
                    </span>

                    <span class="act">
                        (actual
                        time=0.008..5.103
                        rows=7664
                        loops=1)
                    </span>
                </p>


            </div>
        </td>
    </tr>














            






    <tr id="l17" class="n even c-m" data-node_id="16" data-node_parent="8" data-level="9" data-e="1" data-i="1" data-x="1">
        <td class="u "><a href="#l17">17.</a></td>
        <td class="e c-1">
            <span>1.617</span>
        </td>
        <td class="i c-1">
            <span>3.138</span>
        </td>
        <td class="x c-1">
            <span>
                &uarr;
                1.0
            </span>
        </td>
        <td class="r"><span>4642</span></td>
        <td class="l"><span>1</span></td>
        <td class="n">
            <div class="n" style="margin-left:220px">

                <div class="ico">&rarr;</div>

                <p>
                    <span class="node">

                        Hash


                    </span>

                    <span class="est">
                        (cost=190.42..190.42
                        rows=4642
                        width=26)
                    </span>

                    <span class="act">
                        (actual
                        time=3.138..3.138
                        rows=4642
                        loops=1)
                    </span>
                </p>

                    <ul class="ex-nfo">
                            <li>Buckets: 1024  Batches: 1  Memory Usage: 263kB</li>
                    </ul>

            </div>
        </td>
    </tr>





            






    <tr id="l18" class="n odd c-m" data-node_id="17" data-node_parent="16" data-level="10" data-e="1" data-i="1" data-x="1">
        <td class="u "><a href="#l18">18.</a></td>
        <td class="e c-1">
            <span>1.521</span>
        </td>
        <td class="i c-1">
            <span>1.521</span>
        </td>
        <td class="x c-1">
            <span>
                &uarr;
                1.0
            </span>
        </td>
        <td class="r"><span>4642</span></td>
        <td class="l"><span>1</span></td>
        <td class="n">
            <div class="n" style="margin-left:242px">

                <div class="ico">&rarr;</div>

                <p>
                    <span class="node">

                        Seq Scan

                            on gps_qualificacao_obs_mensal d

                    </span>

                    <span class="est">
                        (cost=0.00..190.42
                        rows=4642
                        width=26)
                    </span>

                    <span class="act">
                        (actual
                        time=0.124..1.521
                        rows=4642
                        loops=1)
                    </span>
                </p>


            </div>
        </td>
    </tr>














            






    <tr id="l19" class="n even c-m" data-node_id="18" data-node_parent="7" data-level="8" data-e="1" data-i="1" data-x="1">
        <td class="u "><a href="#l19">19.</a></td>
        <td class="e c-1">
            <span>0.166</span>
        </td>
        <td class="i c-1">
            <span>1.160</span>
        </td>
        <td class="x c-1">
            <span>
                &uarr;
                1.0
            </span>
        </td>
        <td class="r"><span>366</span></td>
        <td class="l"><span>1</span></td>
        <td class="n">
            <div class="n" style="margin-left:198px">

                <div class="ico">&rarr;</div>

                <p>
                    <span class="node">

                        Hash


                    </span>

                    <span class="est">
                        (cost=687.66..687.66
                        rows=366
                        width=18)
                    </span>

                    <span class="act">
                        (actual
                        time=1.160..1.160
                        rows=366
                        loops=1)
                    </span>
                </p>

                    <ul class="ex-nfo">
                            <li>Buckets: 1024  Batches: 1  Memory Usage: 18kB</li>
                    </ul>

            </div>
        </td>
    </tr>





            






    <tr id="l20" class="n odd c-m" data-node_id="19" data-node_parent="18" data-level="9" data-e="1" data-i="1" data-x="1">
        <td class="u "><a href="#l20">20.</a></td>
        <td class="e c-1">
            <span>0.994</span>
        </td>
        <td class="i c-1">
            <span>0.994</span>
        </td>
        <td class="x c-1">
            <span>
                &uarr;
                1.0
            </span>
        </td>
        <td class="r"><span>366</span></td>
        <td class="l"><span>1</span></td>
        <td class="n">
            <div class="n" style="margin-left:220px">

                <div class="ico">&rarr;</div>

                <p>
                    <span class="node">

                        Seq Scan

                            on gps_qualificacao_contas f

                    </span>

                    <span class="est">
                        (cost=0.00..687.66
                        rows=366
                        width=18)
                    </span>

                    <span class="act">
                        (actual
                        time=0.006..0.994
                        rows=366
                        loops=1)
                    </span>
                </p>


            </div>
        </td>
    </tr>




















            






    <tr id="l21" class="n even c-m" data-node_id="20" data-node_parent="4" data-level="5" data-e="1" data-i="2" data-x="1">
        <td class="u "><a href="#l21">21.</a></td>
        <td class="e c-1">
            <span>0.225</span>
        </td>
        <td class="i c-2">
            <span>1426.460</span>
        </td>
        <td class="x c-1">
            <span>
                &uarr;
                1.0
            </span>
        </td>
        <td class="r"><span>658</span></td>
        <td class="l"><span>1</span></td>
        <td class="n">
            <div class="n" style="margin-left:132px">

                <div class="ico">&rarr;</div>

                <p>
                    <span class="node">

                        Subquery Scan on &quot;*SELECT* 2&quot;


                    </span>

                    <span class="est">
                        (cost=83024.71..83068.91
                        rows=680
                        width=88)
                    </span>

                    <span class="act">
                        (actual
                        time=1425.219..1426.460
                        rows=658
                        loops=1)
                    </span>
                </p>


            </div>
        </td>
    </tr>





            






    <tr id="l22" class="n odd c-m" data-node_id="21" data-node_parent="20" data-level="6" data-e="1" data-i="2" data-x="1">
        <td class="u "><a href="#l22">22.</a></td>
        <td class="e c-1">
            <span>421.753</span>
        </td>
        <td class="i c-2">
            <span>1426.235</span>
        </td>
        <td class="x c-1">
            <span>
                &uarr;
                1.0
            </span>
        </td>
        <td class="r"><span>658</span></td>
        <td class="l"><span>1</span></td>
        <td class="n">
            <div class="n" style="margin-left:154px">

                <div class="ico">&rarr;</div>

                <p>
                    <span class="node">

                        HashAggregate


                    </span>

                    <span class="est">
                        (cost=83024.71..83062.11
                        rows=680
                        width=88)
                    </span>

                    <span class="act">
                        (actual
                        time=1425.215..1426.235
                        rows=658
                        loops=1)
                    </span>
                </p>


            </div>
        </td>
    </tr>





            






    <tr id="l23" class="n even c-m" data-node_id="22" data-node_parent="21" data-level="7" data-e="1" data-i="2" data-x="1">
        <td class="u "><a href="#l23">23.</a></td>
        <td class="e c-1">
            <span>74.803</span>
        </td>
        <td class="i c-2">
            <span>1004.482</span>
        </td>
        <td class="x c-1">
            <span>
                &uarr;
                2.3
            </span>
        </td>
        <td class="r"><span>159275</span></td>
        <td class="l"><span>1</span></td>
        <td class="n">
            <div class="n" style="margin-left:176px">

                <div class="ico">&rarr;</div>

                <p>
                    <span class="node">

                        Hash Left Join


                    </span>

                    <span class="est">
                        (cost=15954.60..70049.48
                        rows=370721
                        width=88)
                    </span>

                    <span class="act">
                        (actual
                        time=135.517..1004.482
                        rows=159275
                        loops=1)
                    </span>
                </p>

                    <ul class="ex-nfo">
                            <li>Hash Cond: ((a.mci)::bpchar = (f.qnv_ct_mci)::bpchar)</li>
                    </ul>

            </div>
        </td>
    </tr>





            






    <tr id="l24" class="n odd c-m" data-node_id="23" data-node_parent="22" data-level="8" data-e="1" data-i="2" data-x="1">
        <td class="u "><a href="#l24">24.</a></td>
        <td class="e c-1">
            <span>102.038</span>
        </td>
        <td class="i c-2">
            <span>928.590</span>
        </td>
        <td class="x c-1">
            <span>
                &uarr;
                2.3
            </span>
        </td>
        <td class="r"><span>159275</span></td>
        <td class="l"><span>1</span></td>
        <td class="n">
            <div class="n" style="margin-left:198px">

                <div class="ico">&rarr;</div>

                <p>
                    <span class="node">

                        Hash Left Join


                    </span>

                    <span class="est">
                        (cost=15262.36..67963.38
                        rows=370721
                        width=90)
                    </span>

                    <span class="act">
                        (actual
                        time=134.414..928.590
                        rows=159275
                        loops=1)
                    </span>
                </p>

                    <ul class="ex-nfo">
                            <li>Hash Cond: ((a.mci)::bpchar = (d.mci)::bpchar)</li>
                    </ul>

            </div>
        </td>
    </tr>





            






    <tr id="l25" class="n even c-m" data-node_id="24" data-node_parent="23" data-level="9" data-e="1" data-i="2" data-x="1">
        <td class="u "><a href="#l25">25.</a></td>
        <td class="e c-1">
            <span>132.525</span>
        </td>
        <td class="i c-2">
            <span>823.405</span>
        </td>
        <td class="x c-1">
            <span>
                &uarr;
                2.3
            </span>
        </td>
        <td class="r"><span>159275</span></td>
        <td class="l"><span>1</span></td>
        <td class="n">
            <div class="n" style="margin-left:220px">

                <div class="ico">&rarr;</div>

                <p>
                    <span class="node">

                        Hash Left Join


                    </span>

                    <span class="est">
                        (cost=15013.92..64424.71
                        rows=370721
                        width=74)
                    </span>

                    <span class="act">
                        (actual
                        time=131.231..823.405
                        rows=159275
                        loops=1)
                    </span>
                </p>

                    <ul class="ex-nfo">
                            <li>Hash Cond: (a.cnpj_txt = (b.cnpj)::bpchar)</li>
                    </ul>

            </div>
        </td>
    </tr>





            






    <tr id="l26" class="n odd c-m" data-node_id="25" data-node_parent="24" data-level="10" data-e="1" data-i="1" data-x="1">
        <td class="u "><a href="#l26">26.</a></td>
        <td class="e c-1">
            <span>324.093</span>
        </td>
        <td class="i c-1">
            <span>682.479</span>
        </td>
        <td class="x c-1">
            <span>
                &uarr;
                2.3
            </span>
        </td>
        <td class="r"><span>159275</span></td>
        <td class="l"><span>1</span></td>
        <td class="n">
            <div class="n" style="margin-left:242px">

                <div class="ico">&rarr;</div>

                <p>
                    <span class="node">

                        Hash Left Join


                    </span>

                    <span class="est">
                        (cost=12735.78..57901.22
                        rows=370721
                        width=67)
                    </span>

                    <span class="act">
                        (actual
                        time=122.792..682.479
                        rows=159275
                        loops=1)
                    </span>
                </p>

                    <ul class="ex-nfo">
                            <li>Hash Cond: ((a.mci)::bpchar = (e.mci)::bpchar)</li>
                    </ul>

            </div>
        </td>
    </tr>





            






    <tr id="l27" class="n even c-m" data-node_id="26" data-node_parent="25" data-level="11" data-e="1" data-i="1" data-x="1">
        <td class="u "><a href="#l27">27.</a></td>
        <td class="e c-1">
            <span>180.509</span>
        </td>
        <td class="i c-1">
            <span>245.695</span>
        </td>
        <td class="x c-1">
            <span>
                &uarr;
                2.3
            </span>
        </td>
        <td class="r"><span>159275</span></td>
        <td class="l"><span>1</span></td>
        <td class="n">
            <div class="n" style="margin-left:264px">

                <div class="ico">&rarr;</div>

                <p>
                    <span class="node">

                        Hash Join


                    </span>

                    <span class="est">
                        (cost=845.08..27885.51
                        rows=370721
                        width=51)
                    </span>

                    <span class="act">
                        (actual
                        time=9.403..245.695
                        rows=159275
                        loops=1)
                    </span>
                </p>

                    <ul class="ex-nfo">
                            <li>Hash Cond: ((a.vs_prefixo)::bpchar = (c.prefdep)::bpchar)</li>
                    </ul>

            </div>
        </td>
    </tr>





            






    <tr id="l28" class="n odd c-m" data-node_id="27" data-node_parent="26" data-level="12" data-e="1" data-i="1" data-x="1">
        <td class="u "><a href="#l28">28.</a></td>
        <td class="e c-1">
            <span>55.832</span>
        </td>
        <td class="i c-1">
            <span>55.832</span>
        </td>
        <td class="x c-1">
            <span>
                &uarr;
                2.3
            </span>
        </td>
        <td class="r"><span>159275</span></td>
        <td class="l"><span>1</span></td>
        <td class="n">
            <div class="n" style="margin-left:286px">

                <div class="ico">&rarr;</div>

                <p>
                    <span class="node">

                        Seq Scan

                            on gps_qualificacao_negocios a

                    </span>

                    <span class="est">
                        (cost=0.00..18699.21
                        rows=370721
                        width=51)
                    </span>

                    <span class="act">
                        (actual
                        time=0.015..55.832
                        rows=159275
                        loops=1)
                    </span>
                </p>


            </div>
        </td>
    </tr>








            






    <tr id="l29" class="n odd c-m" data-node_id="28" data-node_parent="26" data-level="12" data-e="1" data-i="1" data-x="1">
        <td class="u "><a href="#l29">29.</a></td>
        <td class="e c-1">
            <span>2.620</span>
        </td>
        <td class="i c-1">
            <span>9.354</span>
        </td>
        <td class="x c-1">
            <span>
                &uarr;
                1.0
            </span>
        </td>
        <td class="r"><span>7870</span></td>
        <td class="l"><span>1</span></td>
        <td class="n">
            <div class="n" style="margin-left:286px">

                <div class="ico">&rarr;</div>

                <p>
                    <span class="node">

                        Hash


                    </span>

                    <span class="est">
                        (cost=746.70..746.70
                        rows=7870
                        width=10)
                    </span>

                    <span class="act">
                        (actual
                        time=9.354..9.354
                        rows=7870
                        loops=1)
                    </span>
                </p>

                    <ul class="ex-nfo">
                            <li>Buckets: 1024  Batches: 1  Memory Usage: 323kB</li>
                    </ul>

            </div>
        </td>
    </tr>





            






    <tr id="l30" class="n even c-m" data-node_id="29" data-node_parent="28" data-level="13" data-e="1" data-i="1" data-x="1">
        <td class="u "><a href="#l30">30.</a></td>
        <td class="e c-1">
            <span>6.734</span>
        </td>
        <td class="i c-1">
            <span>6.734</span>
        </td>
        <td class="x c-1">
            <span>
                &uarr;
                1.0
            </span>
        </td>
        <td class="r"><span>7870</span></td>
        <td class="l"><span>1</span></td>
        <td class="n">
            <div class="n" style="margin-left:308px">

                <div class="ico">&rarr;</div>

                <p>
                    <span class="node">

                        Seq Scan

                            on tbldependenciasbr c

                    </span>

                    <span class="est">
                        (cost=0.00..746.70
                        rows=7870
                        width=10)
                    </span>

                    <span class="act">
                        (actual
                        time=0.007..6.734
                        rows=7870
                        loops=1)
                    </span>
                </p>


            </div>
        </td>
    </tr>














            






    <tr id="l31" class="n odd c-m" data-node_id="30" data-node_parent="25" data-level="11" data-e="1" data-i="1" data-x="1">
        <td class="u "><a href="#l31">31.</a></td>
        <td class="e c-1">
            <span>66.274</span>
        </td>
        <td class="i c-1">
            <span>112.691</span>
        </td>
        <td class="x c-1">
            <span>
                &uarr;
                2.0
            </span>
        </td>
        <td class="r"><span>159274</span></td>
        <td class="l"><span>1</span></td>
        <td class="n">
            <div class="n" style="margin-left:264px">

                <div class="ico">&rarr;</div>

                <p>
                    <span class="node">

                        Hash


                    </span>

                    <span class="est">
                        (cost=5778.20..5778.20
                        rows=316120
                        width=26)
                    </span>

                    <span class="act">
                        (actual
                        time=112.691..112.691
                        rows=159274
                        loops=1)
                    </span>
                </p>

                    <ul class="ex-nfo">
                            <li>Buckets: 8192  Batches: 4  Memory Usage: 2275kB</li>
                    </ul>

            </div>
        </td>
    </tr>





            






    <tr id="l32" class="n even c-m" data-node_id="31" data-node_parent="30" data-level="12" data-e="1" data-i="1" data-x="1">
        <td class="u "><a href="#l32">32.</a></td>
        <td class="e c-1">
            <span>46.417</span>
        </td>
        <td class="i c-1">
            <span>46.417</span>
        </td>
        <td class="x c-1">
            <span>
                &uarr;
                2.0
            </span>
        </td>
        <td class="r"><span>159274</span></td>
        <td class="l"><span>1</span></td>
        <td class="n">
            <div class="n" style="margin-left:286px">

                <div class="ico">&rarr;</div>

                <p>
                    <span class="node">

                        Seq Scan

                            on gps_qualificacao_obs_diaria e

                    </span>

                    <span class="est">
                        (cost=0.00..5778.20
                        rows=316120
                        width=26)
                    </span>

                    <span class="act">
                        (actual
                        time=2.170..46.417
                        rows=159274
                        loops=1)
                    </span>
                </p>


            </div>
        </td>
    </tr>














            






    <tr id="l33" class="n odd c-m" data-node_id="32" data-node_parent="24" data-level="10" data-e="1" data-i="1" data-x="1">
        <td class="u "><a href="#l33">33.</a></td>
        <td class="e c-1">
            <span>3.500</span>
        </td>
        <td class="i c-1">
            <span>8.401</span>
        </td>
        <td class="x c-1">
            <span>
                &darr;
                1.0
            </span>
        </td>
        <td class="r"><span>7664</span></td>
        <td class="l"><span>1</span></td>
        <td class="n">
            <div class="n" style="margin-left:242px">

                <div class="ico">&rarr;</div>

                <p>
                    <span class="node">

                        Hash


                    </span>

                    <span class="est">
                        (cost=2184.73..2184.73
                        rows=7473
                        width=49)
                    </span>

                    <span class="act">
                        (actual
                        time=8.401..8.401
                        rows=7664
                        loops=1)
                    </span>
                </p>

                    <ul class="ex-nfo">
                            <li>Buckets: 1024  Batches: 1  Memory Usage: 637kB</li>
                    </ul>

            </div>
        </td>
    </tr>





            






    <tr id="l34" class="n even c-m" data-node_id="33" data-node_parent="32" data-level="11" data-e="1" data-i="1" data-x="1">
        <td class="u "><a href="#l34">34.</a></td>
        <td class="e c-1">
            <span>4.901</span>
        </td>
        <td class="i c-1">
            <span>4.901</span>
        </td>
        <td class="x c-1">
            <span>
                &darr;
                1.0
            </span>
        </td>
        <td class="r"><span>7664</span></td>
        <td class="l"><span>1</span></td>
        <td class="n">
            <div class="n" style="margin-left:264px">

                <div class="ico">&rarr;</div>

                <p>
                    <span class="node">

                        Seq Scan

                            on gps_qualificacao_resultado b

                    </span>

                    <span class="est">
                        (cost=0.00..2184.73
                        rows=7473
                        width=49)
                    </span>

                    <span class="act">
                        (actual
                        time=0.009..4.901
                        rows=7664
                        loops=1)
                    </span>
                </p>


            </div>
        </td>
    </tr>














            






    <tr id="l35" class="n odd c-m" data-node_id="34" data-node_parent="23" data-level="9" data-e="1" data-i="1" data-x="1">
        <td class="u "><a href="#l35">35.</a></td>
        <td class="e c-1">
            <span>1.631</span>
        </td>
        <td class="i c-1">
            <span>3.147</span>
        </td>
        <td class="x c-1">
            <span>
                &uarr;
                1.0
            </span>
        </td>
        <td class="r"><span>4642</span></td>
        <td class="l"><span>1</span></td>
        <td class="n">
            <div class="n" style="margin-left:220px">

                <div class="ico">&rarr;</div>

                <p>
                    <span class="node">

                        Hash


                    </span>

                    <span class="est">
                        (cost=190.42..190.42
                        rows=4642
                        width=26)
                    </span>

                    <span class="act">
                        (actual
                        time=3.147..3.147
                        rows=4642
                        loops=1)
                    </span>
                </p>

                    <ul class="ex-nfo">
                            <li>Buckets: 1024  Batches: 1  Memory Usage: 263kB</li>
                    </ul>

            </div>
        </td>
    </tr>





            






    <tr id="l36" class="n even c-m" data-node_id="35" data-node_parent="34" data-level="10" data-e="1" data-i="1" data-x="1">
        <td class="u "><a href="#l36">36.</a></td>
        <td class="e c-1">
            <span>1.516</span>
        </td>
        <td class="i c-1">
            <span>1.516</span>
        </td>
        <td class="x c-1">
            <span>
                &uarr;
                1.0
            </span>
        </td>
        <td class="r"><span>4642</span></td>
        <td class="l"><span>1</span></td>
        <td class="n">
            <div class="n" style="margin-left:242px">

                <div class="ico">&rarr;</div>

                <p>
                    <span class="node">

                        Seq Scan

                            on gps_qualificacao_obs_mensal d

                    </span>

                    <span class="est">
                        (cost=0.00..190.42
                        rows=4642
                        width=26)
                    </span>

                    <span class="act">
                        (actual
                        time=0.117..1.516
                        rows=4642
                        loops=1)
                    </span>
                </p>


            </div>
        </td>
    </tr>














            






    <tr id="l37" class="n odd c-m" data-node_id="36" data-node_parent="22" data-level="8" data-e="1" data-i="1" data-x="1">
        <td class="u "><a href="#l37">37.</a></td>
        <td class="e c-1">
            <span>0.168</span>
        </td>
        <td class="i c-1">
            <span>1.089</span>
        </td>
        <td class="x c-1">
            <span>
                &uarr;
                1.0
            </span>
        </td>
        <td class="r"><span>366</span></td>
        <td class="l"><span>1</span></td>
        <td class="n">
            <div class="n" style="margin-left:198px">

                <div class="ico">&rarr;</div>

                <p>
                    <span class="node">

                        Hash


                    </span>

                    <span class="est">
                        (cost=687.66..687.66
                        rows=366
                        width=18)
                    </span>

                    <span class="act">
                        (actual
                        time=1.089..1.089
                        rows=366
                        loops=1)
                    </span>
                </p>

                    <ul class="ex-nfo">
                            <li>Buckets: 1024  Batches: 1  Memory Usage: 18kB</li>
                    </ul>

            </div>
        </td>
    </tr>





            






    <tr id="l38" class="n even c-m" data-node_id="37" data-node_parent="36" data-level="9" data-e="1" data-i="1" data-x="1">
        <td class="u "><a href="#l38">38.</a></td>
        <td class="e c-1">
            <span>0.921</span>
        </td>
        <td class="i c-1">
            <span>0.921</span>
        </td>
        <td class="x c-1">
            <span>
                &uarr;
                1.0
            </span>
        </td>
        <td class="r"><span>366</span></td>
        <td class="l"><span>1</span></td>
        <td class="n">
            <div class="n" style="margin-left:220px">

                <div class="ico">&rarr;</div>

                <p>
                    <span class="node">

                        Seq Scan

                            on gps_qualificacao_contas f

                    </span>

                    <span class="est">
                        (cost=0.00..687.66
                        rows=366
                        width=18)
                    </span>

                    <span class="act">
                        (actual
                        time=0.007..0.921
                        rows=366
                        loops=1)
                    </span>
                </p>


            </div>
        </td>
    </tr>




















            






    <tr id="l39" class="n odd c-m" data-node_id="38" data-node_parent="4" data-level="5" data-e="1" data-i="2" data-x="1">
        <td class="u "><a href="#l39">39.</a></td>
        <td class="e c-1">
            <span>0.049</span>
        </td>
        <td class="i c-2">
            <span>1382.478</span>
        </td>
        <td class="x c-1">
            <span>
                &uarr;
                1.3
            </span>
        </td>
        <td class="r"><span>132</span></td>
        <td class="l"><span>1</span></td>
        <td class="n">
            <div class="n" style="margin-left:132px">

                <div class="ico">&rarr;</div>

                <p>
                    <span class="node">

                        Subquery Scan on &quot;*SELECT* 3&quot;


                    </span>

                    <span class="est">
                        (cost=83024.71..83036.02
                        rows=174
                        width=88)
                    </span>

                    <span class="act">
                        (actual
                        time=1382.246..1382.478
                        rows=132
                        loops=1)
                    </span>
                </p>


            </div>
        </td>
    </tr>





            






    <tr id="l40" class="n even c-m" data-node_id="39" data-node_parent="38" data-level="6" data-e="1" data-i="2" data-x="1">
        <td class="u "><a href="#l40">40.</a></td>
        <td class="e c-1">
            <span>411.880</span>
        </td>
        <td class="i c-2">
            <span>1382.429</span>
        </td>
        <td class="x c-1">
            <span>
                &uarr;
                1.3
            </span>
        </td>
        <td class="r"><span>132</span></td>
        <td class="l"><span>1</span></td>
        <td class="n">
            <div class="n" style="margin-left:154px">

                <div class="ico">&rarr;</div>

                <p>
                    <span class="node">

                        HashAggregate


                    </span>

                    <span class="est">
                        (cost=83024.71..83034.28
                        rows=174
                        width=88)
                    </span>

                    <span class="act">
                        (actual
                        time=1382.243..1382.429
                        rows=132
                        loops=1)
                    </span>
                </p>


            </div>
        </td>
    </tr>





            






    <tr id="l41" class="n odd c-m" data-node_id="40" data-node_parent="39" data-level="7" data-e="1" data-i="2" data-x="1">
        <td class="u "><a href="#l41">41.</a></td>
        <td class="e c-1">
            <span>74.032</span>
        </td>
        <td class="i c-2">
            <span>970.549</span>
        </td>
        <td class="x c-1">
            <span>
                &uarr;
                2.3
            </span>
        </td>
        <td class="r"><span>159275</span></td>
        <td class="l"><span>1</span></td>
        <td class="n">
            <div class="n" style="margin-left:176px">

                <div class="ico">&rarr;</div>

                <p>
                    <span class="node">

                        Hash Left Join


                    </span>

                    <span class="est">
                        (cost=15954.60..70049.48
                        rows=370721
                        width=88)
                    </span>

                    <span class="act">
                        (actual
                        time=135.210..970.549
                        rows=159275
                        loops=1)
                    </span>
                </p>

                    <ul class="ex-nfo">
                            <li>Hash Cond: ((a.mci)::bpchar = (f.qnv_ct_mci)::bpchar)</li>
                    </ul>

            </div>
        </td>
    </tr>





            






    <tr id="l42" class="n even c-m" data-node_id="41" data-node_parent="40" data-level="8" data-e="1" data-i="2" data-x="1">
        <td class="u "><a href="#l42">42.</a></td>
        <td class="e c-1">
            <span>98.020</span>
        </td>
        <td class="i c-2">
            <span>895.364</span>
        </td>
        <td class="x c-1">
            <span>
                &uarr;
                2.3
            </span>
        </td>
        <td class="r"><span>159275</span></td>
        <td class="l"><span>1</span></td>
        <td class="n">
            <div class="n" style="margin-left:198px">

                <div class="ico">&rarr;</div>

                <p>
                    <span class="node">

                        Hash Left Join


                    </span>

                    <span class="est">
                        (cost=15262.36..67963.38
                        rows=370721
                        width=90)
                    </span>

                    <span class="act">
                        (actual
                        time=134.043..895.364
                        rows=159275
                        loops=1)
                    </span>
                </p>

                    <ul class="ex-nfo">
                            <li>Hash Cond: ((a.mci)::bpchar = (d.mci)::bpchar)</li>
                    </ul>

            </div>
        </td>
    </tr>





            






    <tr id="l43" class="n odd c-m" data-node_id="42" data-node_parent="41" data-level="9" data-e="1" data-i="2" data-x="1">
        <td class="u "><a href="#l43">43.</a></td>
        <td class="e c-1">
            <span>125.553</span>
        </td>
        <td class="i c-2">
            <span>794.069</span>
        </td>
        <td class="x c-1">
            <span>
                &uarr;
                2.3
            </span>
        </td>
        <td class="r"><span>159275</span></td>
        <td class="l"><span>1</span></td>
        <td class="n">
            <div class="n" style="margin-left:220px">

                <div class="ico">&rarr;</div>

                <p>
                    <span class="node">

                        Hash Left Join


                    </span>

                    <span class="est">
                        (cost=15013.92..64424.71
                        rows=370721
                        width=74)
                    </span>

                    <span class="act">
                        (actual
                        time=130.730..794.069
                        rows=159275
                        loops=1)
                    </span>
                </p>

                    <ul class="ex-nfo">
                            <li>Hash Cond: (a.cnpj_txt = (b.cnpj)::bpchar)</li>
                    </ul>

            </div>
        </td>
    </tr>





            






    <tr id="l44" class="n even c-m" data-node_id="43" data-node_parent="42" data-level="10" data-e="1" data-i="1" data-x="1">
        <td class="u "><a href="#l44">44.</a></td>
        <td class="e c-1">
            <span>308.272</span>
        </td>
        <td class="i c-1">
            <span>660.077</span>
        </td>
        <td class="x c-1">
            <span>
                &uarr;
                2.3
            </span>
        </td>
        <td class="r"><span>159275</span></td>
        <td class="l"><span>1</span></td>
        <td class="n">
            <div class="n" style="margin-left:242px">

                <div class="ico">&rarr;</div>

                <p>
                    <span class="node">

                        Hash Left Join


                    </span>

                    <span class="est">
                        (cost=12735.78..57901.22
                        rows=370721
                        width=67)
                    </span>

                    <span class="act">
                        (actual
                        time=122.249..660.077
                        rows=159275
                        loops=1)
                    </span>
                </p>

                    <ul class="ex-nfo">
                            <li>Hash Cond: ((a.mci)::bpchar = (e.mci)::bpchar)</li>
                    </ul>

            </div>
        </td>
    </tr>





            






    <tr id="l45" class="n odd c-m" data-node_id="44" data-node_parent="43" data-level="11" data-e="1" data-i="1" data-x="1">
        <td class="u "><a href="#l45">45.</a></td>
        <td class="e c-1">
            <span>173.773</span>
        </td>
        <td class="i c-1">
            <span>239.464</span>
        </td>
        <td class="x c-1">
            <span>
                &uarr;
                2.3
            </span>
        </td>
        <td class="r"><span>159275</span></td>
        <td class="l"><span>1</span></td>
        <td class="n">
            <div class="n" style="margin-left:264px">

                <div class="ico">&rarr;</div>

                <p>
                    <span class="node">

                        Hash Join


                    </span>

                    <span class="est">
                        (cost=845.08..27885.51
                        rows=370721
                        width=51)
                    </span>

                    <span class="act">
                        (actual
                        time=9.231..239.464
                        rows=159275
                        loops=1)
                    </span>
                </p>

                    <ul class="ex-nfo">
                            <li>Hash Cond: ((a.vs_prefixo)::bpchar = (c.prefdep)::bpchar)</li>
                    </ul>

            </div>
        </td>
    </tr>





            






    <tr id="l46" class="n even c-m" data-node_id="45" data-node_parent="44" data-level="12" data-e="1" data-i="1" data-x="1">
        <td class="u "><a href="#l46">46.</a></td>
        <td class="e c-1">
            <span>56.506</span>
        </td>
        <td class="i c-1">
            <span>56.506</span>
        </td>
        <td class="x c-1">
            <span>
                &uarr;
                2.3
            </span>
        </td>
        <td class="r"><span>159275</span></td>
        <td class="l"><span>1</span></td>
        <td class="n">
            <div class="n" style="margin-left:286px">

                <div class="ico">&rarr;</div>

                <p>
                    <span class="node">

                        Seq Scan

                            on gps_qualificacao_negocios a

                    </span>

                    <span class="est">
                        (cost=0.00..18699.21
                        rows=370721
                        width=51)
                    </span>

                    <span class="act">
                        (actual
                        time=0.014..56.506
                        rows=159275
                        loops=1)
                    </span>
                </p>


            </div>
        </td>
    </tr>








            






    <tr id="l47" class="n even c-m" data-node_id="46" data-node_parent="44" data-level="12" data-e="1" data-i="1" data-x="1">
        <td class="u "><a href="#l47">47.</a></td>
        <td class="e c-1">
            <span>2.593</span>
        </td>
        <td class="i c-1">
            <span>9.185</span>
        </td>
        <td class="x c-1">
            <span>
                &uarr;
                1.0
            </span>
        </td>
        <td class="r"><span>7870</span></td>
        <td class="l"><span>1</span></td>
        <td class="n">
            <div class="n" style="margin-left:286px">

                <div class="ico">&rarr;</div>

                <p>
                    <span class="node">

                        Hash


                    </span>

                    <span class="est">
                        (cost=746.70..746.70
                        rows=7870
                        width=10)
                    </span>

                    <span class="act">
                        (actual
                        time=9.185..9.185
                        rows=7870
                        loops=1)
                    </span>
                </p>

                    <ul class="ex-nfo">
                            <li>Buckets: 1024  Batches: 1  Memory Usage: 323kB</li>
                    </ul>

            </div>
        </td>
    </tr>





            






    <tr id="l48" class="n odd c-m" data-node_id="47" data-node_parent="46" data-level="13" data-e="1" data-i="1" data-x="1">
        <td class="u "><a href="#l48">48.</a></td>
        <td class="e c-1">
            <span>6.592</span>
        </td>
        <td class="i c-1">
            <span>6.592</span>
        </td>
        <td class="x c-1">
            <span>
                &uarr;
                1.0
            </span>
        </td>
        <td class="r"><span>7870</span></td>
        <td class="l"><span>1</span></td>
        <td class="n">
            <div class="n" style="margin-left:308px">

                <div class="ico">&rarr;</div>

                <p>
                    <span class="node">

                        Seq Scan

                            on tbldependenciasbr c

                    </span>

                    <span class="est">
                        (cost=0.00..746.70
                        rows=7870
                        width=10)
                    </span>

                    <span class="act">
                        (actual
                        time=0.007..6.592
                        rows=7870
                        loops=1)
                    </span>
                </p>


            </div>
        </td>
    </tr>














            






    <tr id="l49" class="n even c-m" data-node_id="48" data-node_parent="43" data-level="11" data-e="1" data-i="1" data-x="1">
        <td class="u "><a href="#l49">49.</a></td>
        <td class="e c-1">
            <span>66.248</span>
        </td>
        <td class="i c-1">
            <span>112.341</span>
        </td>
        <td class="x c-1">
            <span>
                &uarr;
                2.0
            </span>
        </td>
        <td class="r"><span>159274</span></td>
        <td class="l"><span>1</span></td>
        <td class="n">
            <div class="n" style="margin-left:264px">

                <div class="ico">&rarr;</div>

                <p>
                    <span class="node">

                        Hash


                    </span>

                    <span class="est">
                        (cost=5778.20..5778.20
                        rows=316120
                        width=26)
                    </span>

                    <span class="act">
                        (actual
                        time=112.341..112.341
                        rows=159274
                        loops=1)
                    </span>
                </p>

                    <ul class="ex-nfo">
                            <li>Buckets: 8192  Batches: 4  Memory Usage: 2275kB</li>
                    </ul>

            </div>
        </td>
    </tr>





            






    <tr id="l50" class="n odd c-m" data-node_id="49" data-node_parent="48" data-level="12" data-e="1" data-i="1" data-x="1">
        <td class="u "><a href="#l50">50.</a></td>
        <td class="e c-1">
            <span>46.093</span>
        </td>
        <td class="i c-1">
            <span>46.093</span>
        </td>
        <td class="x c-1">
            <span>
                &uarr;
                2.0
            </span>
        </td>
        <td class="r"><span>159274</span></td>
        <td class="l"><span>1</span></td>
        <td class="n">
            <div class="n" style="margin-left:286px">

                <div class="ico">&rarr;</div>

                <p>
                    <span class="node">

                        Seq Scan

                            on gps_qualificacao_obs_diaria e

                    </span>

                    <span class="est">
                        (cost=0.00..5778.20
                        rows=316120
                        width=26)
                    </span>

                    <span class="act">
                        (actual
                        time=2.131..46.093
                        rows=159274
                        loops=1)
                    </span>
                </p>


            </div>
        </td>
    </tr>














            






    <tr id="l51" class="n even c-m" data-node_id="50" data-node_parent="42" data-level="10" data-e="1" data-i="1" data-x="1">
        <td class="u "><a href="#l51">51.</a></td>
        <td class="e c-1">
            <span>3.382</span>
        </td>
        <td class="i c-1">
            <span>8.439</span>
        </td>
        <td class="x c-1">
            <span>
                &darr;
                1.0
            </span>
        </td>
        <td class="r"><span>7664</span></td>
        <td class="l"><span>1</span></td>
        <td class="n">
            <div class="n" style="margin-left:242px">

                <div class="ico">&rarr;</div>

                <p>
                    <span class="node">

                        Hash


                    </span>

                    <span class="est">
                        (cost=2184.73..2184.73
                        rows=7473
                        width=49)
                    </span>

                    <span class="act">
                        (actual
                        time=8.439..8.439
                        rows=7664
                        loops=1)
                    </span>
                </p>

                    <ul class="ex-nfo">
                            <li>Buckets: 1024  Batches: 1  Memory Usage: 637kB</li>
                    </ul>

            </div>
        </td>
    </tr>





            






    <tr id="l52" class="n odd c-m" data-node_id="51" data-node_parent="50" data-level="11" data-e="1" data-i="1" data-x="1">
        <td class="u "><a href="#l52">52.</a></td>
        <td class="e c-1">
            <span>5.057</span>
        </td>
        <td class="i c-1">
            <span>5.057</span>
        </td>
        <td class="x c-1">
            <span>
                &darr;
                1.0
            </span>
        </td>
        <td class="r"><span>7664</span></td>
        <td class="l"><span>1</span></td>
        <td class="n">
            <div class="n" style="margin-left:264px">

                <div class="ico">&rarr;</div>

                <p>
                    <span class="node">

                        Seq Scan

                            on gps_qualificacao_resultado b

                    </span>

                    <span class="est">
                        (cost=0.00..2184.73
                        rows=7473
                        width=49)
                    </span>

                    <span class="act">
                        (actual
                        time=0.008..5.057
                        rows=7664
                        loops=1)
                    </span>
                </p>


            </div>
        </td>
    </tr>














            






    <tr id="l53" class="n even c-m" data-node_id="52" data-node_parent="41" data-level="9" data-e="1" data-i="1" data-x="1">
        <td class="u "><a href="#l53">53.</a></td>
        <td class="e c-1">
            <span>1.713</span>
        </td>
        <td class="i c-1">
            <span>3.275</span>
        </td>
        <td class="x c-1">
            <span>
                &uarr;
                1.0
            </span>
        </td>
        <td class="r"><span>4642</span></td>
        <td class="l"><span>1</span></td>
        <td class="n">
            <div class="n" style="margin-left:220px">

                <div class="ico">&rarr;</div>

                <p>
                    <span class="node">

                        Hash


                    </span>

                    <span class="est">
                        (cost=190.42..190.42
                        rows=4642
                        width=26)
                    </span>

                    <span class="act">
                        (actual
                        time=3.275..3.275
                        rows=4642
                        loops=1)
                    </span>
                </p>

                    <ul class="ex-nfo">
                            <li>Buckets: 1024  Batches: 1  Memory Usage: 263kB</li>
                    </ul>

            </div>
        </td>
    </tr>





            






    <tr id="l54" class="n odd c-m" data-node_id="53" data-node_parent="52" data-level="10" data-e="1" data-i="1" data-x="1">
        <td class="u "><a href="#l54">54.</a></td>
        <td class="e c-1">
            <span>1.562</span>
        </td>
        <td class="i c-1">
            <span>1.562</span>
        </td>
        <td class="x c-1">
            <span>
                &uarr;
                1.0
            </span>
        </td>
        <td class="r"><span>4642</span></td>
        <td class="l"><span>1</span></td>
        <td class="n">
            <div class="n" style="margin-left:242px">

                <div class="ico">&rarr;</div>

                <p>
                    <span class="node">

                        Seq Scan

                            on gps_qualificacao_obs_mensal d

                    </span>

                    <span class="est">
                        (cost=0.00..190.42
                        rows=4642
                        width=26)
                    </span>

                    <span class="act">
                        (actual
                        time=0.120..1.562
                        rows=4642
                        loops=1)
                    </span>
                </p>


            </div>
        </td>
    </tr>














            






    <tr id="l55" class="n even c-m" data-node_id="54" data-node_parent="40" data-level="8" data-e="1" data-i="1" data-x="1">
        <td class="u "><a href="#l55">55.</a></td>
        <td class="e c-1">
            <span>0.165</span>
        </td>
        <td class="i c-1">
            <span>1.153</span>
        </td>
        <td class="x c-1">
            <span>
                &uarr;
                1.0
            </span>
        </td>
        <td class="r"><span>366</span></td>
        <td class="l"><span>1</span></td>
        <td class="n">
            <div class="n" style="margin-left:198px">

                <div class="ico">&rarr;</div>

                <p>
                    <span class="node">

                        Hash


                    </span>

                    <span class="est">
                        (cost=687.66..687.66
                        rows=366
                        width=18)
                    </span>

                    <span class="act">
                        (actual
                        time=1.153..1.153
                        rows=366
                        loops=1)
                    </span>
                </p>

                    <ul class="ex-nfo">
                            <li>Buckets: 1024  Batches: 1  Memory Usage: 18kB</li>
                    </ul>

            </div>
        </td>
    </tr>





            






    <tr id="l56" class="n odd c-m" data-node_id="55" data-node_parent="54" data-level="9" data-e="1" data-i="1" data-x="1">
        <td class="u "><a href="#l56">56.</a></td>
        <td class="e c-1">
            <span>0.988</span>
        </td>
        <td class="i c-1">
            <span>0.988</span>
        </td>
        <td class="x c-1">
            <span>
                &uarr;
                1.0
            </span>
        </td>
        <td class="r"><span>366</span></td>
        <td class="l"><span>1</span></td>
        <td class="n">
            <div class="n" style="margin-left:220px">

                <div class="ico">&rarr;</div>

                <p>
                    <span class="node">

                        Seq Scan

                            on gps_qualificacao_contas f

                    </span>

                    <span class="est">
                        (cost=0.00..687.66
                        rows=366
                        width=18)
                    </span>

                    <span class="act">
                        (actual
                        time=0.006..0.988
                        rows=366
                        loops=1)
                    </span>
                </p>


            </div>
        </td>
    </tr>




















            






    <tr id="l57" class="n even c-m" data-node_id="56" data-node_parent="4" data-level="5" data-e="1" data-i="2" data-x="1">
        <td class="u "><a href="#l57">57.</a></td>
        <td class="e c-1">
            <span>0.016</span>
        </td>
        <td class="i c-2">
            <span>1374.449</span>
        </td>
        <td class="x c-1">
            <span>
                &uarr;
                1.6
            </span>
        </td>
        <td class="r"><span>31</span></td>
        <td class="l"><span>1</span></td>
        <td class="n">
            <div class="n" style="margin-left:132px">

                <div class="ico">&rarr;</div>

                <p>
                    <span class="node">

                        Subquery Scan on &quot;*SELECT* 4&quot;


                    </span>

                    <span class="est">
                        (cost=83024.71..83028.03
                        rows=51
                        width=88)
                    </span>

                    <span class="act">
                        (actual
                        time=1374.401..1374.449
                        rows=31
                        loops=1)
                    </span>
                </p>


            </div>
        </td>
    </tr>





            






    <tr id="l58" class="n odd c-m" data-node_id="57" data-node_parent="56" data-level="6" data-e="1" data-i="2" data-x="1">
        <td class="u "><a href="#l58">58.</a></td>
        <td class="e c-1">
            <span>405.513</span>
        </td>
        <td class="i c-2">
            <span>1374.433</span>
        </td>
        <td class="x c-1">
            <span>
                &uarr;
                1.6
            </span>
        </td>
        <td class="r"><span>31</span></td>
        <td class="l"><span>1</span></td>
        <td class="n">
            <div class="n" style="margin-left:154px">

                <div class="ico">&rarr;</div>

                <p>
                    <span class="node">

                        HashAggregate


                    </span>

                    <span class="est">
                        (cost=83024.71..83027.52
                        rows=51
                        width=88)
                    </span>

                    <span class="act">
                        (actual
                        time=1374.397..1374.433
                        rows=31
                        loops=1)
                    </span>
                </p>


            </div>
        </td>
    </tr>





            






    <tr id="l59" class="n even c-m" data-node_id="58" data-node_parent="57" data-level="7" data-e="1" data-i="2" data-x="1">
        <td class="u "><a href="#l59">59.</a></td>
        <td class="e c-1">
            <span>73.975</span>
        </td>
        <td class="i c-2">
            <span>968.920</span>
        </td>
        <td class="x c-1">
            <span>
                &uarr;
                2.3
            </span>
        </td>
        <td class="r"><span>159275</span></td>
        <td class="l"><span>1</span></td>
        <td class="n">
            <div class="n" style="margin-left:176px">

                <div class="ico">&rarr;</div>

                <p>
                    <span class="node">

                        Hash Left Join


                    </span>

                    <span class="est">
                        (cost=15954.60..70049.48
                        rows=370721
                        width=88)
                    </span>

                    <span class="act">
                        (actual
                        time=135.572..968.920
                        rows=159275
                        loops=1)
                    </span>
                </p>

                    <ul class="ex-nfo">
                            <li>Hash Cond: ((a.mci)::bpchar = (f.qnv_ct_mci)::bpchar)</li>
                    </ul>

            </div>
        </td>
    </tr>





            






    <tr id="l60" class="n odd c-m" data-node_id="59" data-node_parent="58" data-level="8" data-e="1" data-i="2" data-x="1">
        <td class="u "><a href="#l60">60.</a></td>
        <td class="e c-1">
            <span>98.390</span>
        </td>
        <td class="i c-2">
            <span>893.801</span>
        </td>
        <td class="x c-1">
            <span>
                &uarr;
                2.3
            </span>
        </td>
        <td class="r"><span>159275</span></td>
        <td class="l"><span>1</span></td>
        <td class="n">
            <div class="n" style="margin-left:198px">

                <div class="ico">&rarr;</div>

                <p>
                    <span class="node">

                        Hash Left Join


                    </span>

                    <span class="est">
                        (cost=15262.36..67963.38
                        rows=370721
                        width=90)
                    </span>

                    <span class="act">
                        (actual
                        time=134.415..893.801
                        rows=159275
                        loops=1)
                    </span>
                </p>

                    <ul class="ex-nfo">
                            <li>Hash Cond: ((a.mci)::bpchar = (d.mci)::bpchar)</li>
                    </ul>

            </div>
        </td>
    </tr>





            






    <tr id="l61" class="n even c-m" data-node_id="60" data-node_parent="59" data-level="9" data-e="1" data-i="2" data-x="1">
        <td class="u "><a href="#l61">61.</a></td>
        <td class="e c-1">
            <span>124.646</span>
        </td>
        <td class="i c-2">
            <span>792.187</span>
        </td>
        <td class="x c-1">
            <span>
                &uarr;
                2.3
            </span>
        </td>
        <td class="r"><span>159275</span></td>
        <td class="l"><span>1</span></td>
        <td class="n">
            <div class="n" style="margin-left:220px">

                <div class="ico">&rarr;</div>

                <p>
                    <span class="node">

                        Hash Left Join


                    </span>

                    <span class="est">
                        (cost=15013.92..64424.71
                        rows=370721
                        width=74)
                    </span>

                    <span class="act">
                        (actual
                        time=131.167..792.187
                        rows=159275
                        loops=1)
                    </span>
                </p>

                    <ul class="ex-nfo">
                            <li>Hash Cond: (a.cnpj_txt = (b.cnpj)::bpchar)</li>
                    </ul>

            </div>
        </td>
    </tr>





            






    <tr id="l62" class="n odd c-m" data-node_id="61" data-node_parent="60" data-level="10" data-e="1" data-i="1" data-x="1">
        <td class="u "><a href="#l62">62.</a></td>
        <td class="e c-1">
            <span>309.814</span>
        </td>
        <td class="i c-1">
            <span>659.105</span>
        </td>
        <td class="x c-1">
            <span>
                &uarr;
                2.3
            </span>
        </td>
        <td class="r"><span>159275</span></td>
        <td class="l"><span>1</span></td>
        <td class="n">
            <div class="n" style="margin-left:242px">

                <div class="ico">&rarr;</div>

                <p>
                    <span class="node">

                        Hash Left Join


                    </span>

                    <span class="est">
                        (cost=12735.78..57901.22
                        rows=370721
                        width=67)
                    </span>

                    <span class="act">
                        (actual
                        time=122.703..659.105
                        rows=159275
                        loops=1)
                    </span>
                </p>

                    <ul class="ex-nfo">
                            <li>Hash Cond: ((a.mci)::bpchar = (e.mci)::bpchar)</li>
                    </ul>

            </div>
        </td>
    </tr>





            






    <tr id="l63" class="n even c-m" data-node_id="62" data-node_parent="61" data-level="11" data-e="1" data-i="1" data-x="1">
        <td class="u "><a href="#l63">63.</a></td>
        <td class="e c-1">
            <span>170.730</span>
        </td>
        <td class="i c-1">
            <span>236.535</span>
        </td>
        <td class="x c-1">
            <span>
                &uarr;
                2.3
            </span>
        </td>
        <td class="r"><span>159275</span></td>
        <td class="l"><span>1</span></td>
        <td class="n">
            <div class="n" style="margin-left:264px">

                <div class="ico">&rarr;</div>

                <p>
                    <span class="node">

                        Hash Join


                    </span>

                    <span class="est">
                        (cost=845.08..27885.51
                        rows=370721
                        width=51)
                    </span>

                    <span class="act">
                        (actual
                        time=9.273..236.535
                        rows=159275
                        loops=1)
                    </span>
                </p>

                    <ul class="ex-nfo">
                            <li>Hash Cond: ((a.vs_prefixo)::bpchar = (c.prefdep)::bpchar)</li>
                    </ul>

            </div>
        </td>
    </tr>





            






    <tr id="l64" class="n odd c-m" data-node_id="63" data-node_parent="62" data-level="12" data-e="1" data-i="1" data-x="1">
        <td class="u "><a href="#l64">64.</a></td>
        <td class="e c-1">
            <span>56.565</span>
        </td>
        <td class="i c-1">
            <span>56.565</span>
        </td>
        <td class="x c-1">
            <span>
                &uarr;
                2.3
            </span>
        </td>
        <td class="r"><span>159275</span></td>
        <td class="l"><span>1</span></td>
        <td class="n">
            <div class="n" style="margin-left:286px">

                <div class="ico">&rarr;</div>

                <p>
                    <span class="node">

                        Seq Scan

                            on gps_qualificacao_negocios a

                    </span>

                    <span class="est">
                        (cost=0.00..18699.21
                        rows=370721
                        width=51)
                    </span>

                    <span class="act">
                        (actual
                        time=0.012..56.565
                        rows=159275
                        loops=1)
                    </span>
                </p>


            </div>
        </td>
    </tr>








            






    <tr id="l65" class="n odd c-m" data-node_id="64" data-node_parent="62" data-level="12" data-e="1" data-i="1" data-x="1">
        <td class="u "><a href="#l65">65.</a></td>
        <td class="e c-1">
            <span>2.640</span>
        </td>
        <td class="i c-1">
            <span>9.240</span>
        </td>
        <td class="x c-1">
            <span>
                &uarr;
                1.0
            </span>
        </td>
        <td class="r"><span>7870</span></td>
        <td class="l"><span>1</span></td>
        <td class="n">
            <div class="n" style="margin-left:286px">

                <div class="ico">&rarr;</div>

                <p>
                    <span class="node">

                        Hash


                    </span>

                    <span class="est">
                        (cost=746.70..746.70
                        rows=7870
                        width=10)
                    </span>

                    <span class="act">
                        (actual
                        time=9.240..9.240
                        rows=7870
                        loops=1)
                    </span>
                </p>

                    <ul class="ex-nfo">
                            <li>Buckets: 1024  Batches: 1  Memory Usage: 323kB</li>
                    </ul>

            </div>
        </td>
    </tr>





            






    <tr id="l66" class="n even c-m" data-node_id="65" data-node_parent="64" data-level="13" data-e="1" data-i="1" data-x="1">
        <td class="u "><a href="#l66">66.</a></td>
        <td class="e c-1">
            <span>6.600</span>
        </td>
        <td class="i c-1">
            <span>6.600</span>
        </td>
        <td class="x c-1">
            <span>
                &uarr;
                1.0
            </span>
        </td>
        <td class="r"><span>7870</span></td>
        <td class="l"><span>1</span></td>
        <td class="n">
            <div class="n" style="margin-left:308px">

                <div class="ico">&rarr;</div>

                <p>
                    <span class="node">

                        Seq Scan

                            on tbldependenciasbr c

                    </span>

                    <span class="est">
                        (cost=0.00..746.70
                        rows=7870
                        width=10)
                    </span>

                    <span class="act">
                        (actual
                        time=0.007..6.600
                        rows=7870
                        loops=1)
                    </span>
                </p>


            </div>
        </td>
    </tr>














            






    <tr id="l67" class="n odd c-m" data-node_id="66" data-node_parent="61" data-level="11" data-e="1" data-i="1" data-x="1">
        <td class="u "><a href="#l67">67.</a></td>
        <td class="e c-1">
            <span>66.403</span>
        </td>
        <td class="i c-1">
            <span>112.756</span>
        </td>
        <td class="x c-1">
            <span>
                &uarr;
                2.0
            </span>
        </td>
        <td class="r"><span>159274</span></td>
        <td class="l"><span>1</span></td>
        <td class="n">
            <div class="n" style="margin-left:264px">

                <div class="ico">&rarr;</div>

                <p>
                    <span class="node">

                        Hash


                    </span>

                    <span class="est">
                        (cost=5778.20..5778.20
                        rows=316120
                        width=26)
                    </span>

                    <span class="act">
                        (actual
                        time=112.756..112.756
                        rows=159274
                        loops=1)
                    </span>
                </p>

                    <ul class="ex-nfo">
                            <li>Buckets: 8192  Batches: 4  Memory Usage: 2275kB</li>
                    </ul>

            </div>
        </td>
    </tr>





            






    <tr id="l68" class="n even c-m" data-node_id="67" data-node_parent="66" data-level="12" data-e="1" data-i="1" data-x="1">
        <td class="u "><a href="#l68">68.</a></td>
        <td class="e c-1">
            <span>46.353</span>
        </td>
        <td class="i c-1">
            <span>46.353</span>
        </td>
        <td class="x c-1">
            <span>
                &uarr;
                2.0
            </span>
        </td>
        <td class="r"><span>159274</span></td>
        <td class="l"><span>1</span></td>
        <td class="n">
            <div class="n" style="margin-left:286px">

                <div class="ico">&rarr;</div>

                <p>
                    <span class="node">

                        Seq Scan

                            on gps_qualificacao_obs_diaria e

                    </span>

                    <span class="est">
                        (cost=0.00..5778.20
                        rows=316120
                        width=26)
                    </span>

                    <span class="act">
                        (actual
                        time=2.182..46.353
                        rows=159274
                        loops=1)
                    </span>
                </p>


            </div>
        </td>
    </tr>














            






    <tr id="l69" class="n odd c-m" data-node_id="68" data-node_parent="60" data-level="10" data-e="1" data-i="1" data-x="1">
        <td class="u "><a href="#l69">69.</a></td>
        <td class="e c-1">
            <span>3.338</span>
        </td>
        <td class="i c-1">
            <span>8.436</span>
        </td>
        <td class="x c-1">
            <span>
                &darr;
                1.0
            </span>
        </td>
        <td class="r"><span>7664</span></td>
        <td class="l"><span>1</span></td>
        <td class="n">
            <div class="n" style="margin-left:242px">

                <div class="ico">&rarr;</div>

                <p>
                    <span class="node">

                        Hash


                    </span>

                    <span class="est">
                        (cost=2184.73..2184.73
                        rows=7473
                        width=49)
                    </span>

                    <span class="act">
                        (actual
                        time=8.436..8.436
                        rows=7664
                        loops=1)
                    </span>
                </p>

                    <ul class="ex-nfo">
                            <li>Buckets: 1024  Batches: 1  Memory Usage: 637kB</li>
                    </ul>

            </div>
        </td>
    </tr>





            






    <tr id="l70" class="n even c-m" data-node_id="69" data-node_parent="68" data-level="11" data-e="1" data-i="1" data-x="1">
        <td class="u "><a href="#l70">70.</a></td>
        <td class="e c-1">
            <span>5.098</span>
        </td>
        <td class="i c-1">
            <span>5.098</span>
        </td>
        <td class="x c-1">
            <span>
                &darr;
                1.0
            </span>
        </td>
        <td class="r"><span>7664</span></td>
        <td class="l"><span>1</span></td>
        <td class="n">
            <div class="n" style="margin-left:264px">

                <div class="ico">&rarr;</div>

                <p>
                    <span class="node">

                        Seq Scan

                            on gps_qualificacao_resultado b

                    </span>

                    <span class="est">
                        (cost=0.00..2184.73
                        rows=7473
                        width=49)
                    </span>

                    <span class="act">
                        (actual
                        time=0.008..5.098
                        rows=7664
                        loops=1)
                    </span>
                </p>


            </div>
        </td>
    </tr>














            






    <tr id="l71" class="n odd c-m" data-node_id="70" data-node_parent="59" data-level="9" data-e="1" data-i="1" data-x="1">
        <td class="u "><a href="#l71">71.</a></td>
        <td class="e c-1">
            <span>1.662</span>
        </td>
        <td class="i c-1">
            <span>3.224</span>
        </td>
        <td class="x c-1">
            <span>
                &uarr;
                1.0
            </span>
        </td>
        <td class="r"><span>4642</span></td>
        <td class="l"><span>1</span></td>
        <td class="n">
            <div class="n" style="margin-left:220px">

                <div class="ico">&rarr;</div>

                <p>
                    <span class="node">

                        Hash


                    </span>

                    <span class="est">
                        (cost=190.42..190.42
                        rows=4642
                        width=26)
                    </span>

                    <span class="act">
                        (actual
                        time=3.224..3.224
                        rows=4642
                        loops=1)
                    </span>
                </p>

                    <ul class="ex-nfo">
                            <li>Buckets: 1024  Batches: 1  Memory Usage: 263kB</li>
                    </ul>

            </div>
        </td>
    </tr>





            






    <tr id="l72" class="n even c-m" data-node_id="71" data-node_parent="70" data-level="10" data-e="1" data-i="1" data-x="1">
        <td class="u "><a href="#l72">72.</a></td>
        <td class="e c-1">
            <span>1.562</span>
        </td>
        <td class="i c-1">
            <span>1.562</span>
        </td>
        <td class="x c-1">
            <span>
                &uarr;
                1.0
            </span>
        </td>
        <td class="r"><span>4642</span></td>
        <td class="l"><span>1</span></td>
        <td class="n">
            <div class="n" style="margin-left:242px">

                <div class="ico">&rarr;</div>

                <p>
                    <span class="node">

                        Seq Scan

                            on gps_qualificacao_obs_mensal d

                    </span>

                    <span class="est">
                        (cost=0.00..190.42
                        rows=4642
                        width=26)
                    </span>

                    <span class="act">
                        (actual
                        time=0.123..1.562
                        rows=4642
                        loops=1)
                    </span>
                </p>


            </div>
        </td>
    </tr>














            






    <tr id="l73" class="n odd c-m" data-node_id="72" data-node_parent="58" data-level="8" data-e="1" data-i="1" data-x="1">
        <td class="u "><a href="#l73">73.</a></td>
        <td class="e c-1">
            <span>0.164</span>
        </td>
        <td class="i c-1">
            <span>1.144</span>
        </td>
        <td class="x c-1">
            <span>
                &uarr;
                1.0
            </span>
        </td>
        <td class="r"><span>366</span></td>
        <td class="l"><span>1</span></td>
        <td class="n">
            <div class="n" style="margin-left:198px">

                <div class="ico">&rarr;</div>

                <p>
                    <span class="node">

                        Hash


                    </span>

                    <span class="est">
                        (cost=687.66..687.66
                        rows=366
                        width=18)
                    </span>

                    <span class="act">
                        (actual
                        time=1.144..1.144
                        rows=366
                        loops=1)
                    </span>
                </p>

                    <ul class="ex-nfo">
                            <li>Buckets: 1024  Batches: 1  Memory Usage: 18kB</li>
                    </ul>

            </div>
        </td>
    </tr>





            






    <tr id="l74" class="n even c-m" data-node_id="73" data-node_parent="72" data-level="9" data-e="1" data-i="1" data-x="1">
        <td class="u "><a href="#l74">74.</a></td>
        <td class="e c-1">
            <span>0.980</span>
        </td>
        <td class="i c-1">
            <span>0.980</span>
        </td>
        <td class="x c-1">
            <span>
                &uarr;
                1.0
            </span>
        </td>
        <td class="r"><span>366</span></td>
        <td class="l"><span>1</span></td>
        <td class="n">
            <div class="n" style="margin-left:220px">

                <div class="ico">&rarr;</div>

                <p>
                    <span class="node">

                        Seq Scan

                            on gps_qualificacao_contas f

                    </span>

                    <span class="est">
                        (cost=0.00..687.66
                        rows=366
                        width=18)
                    </span>

                    <span class="act">
                        (actual
                        time=0.006..0.980
                        rows=366
                        loops=1)
                    </span>
                </p>


            </div>
        </td>
    </tr>




















            






    <tr id="l75" class="n odd c-m" data-node_id="74" data-node_parent="4" data-level="5" data-e="1" data-i="2" data-x="2">
        <td class="u "><a href="#l75">75.</a></td>
        <td class="e c-1">
            <span>0.006</span>
        </td>
        <td class="i c-2">
            <span>1361.688</span>
        </td>
        <td class="x c-2">
            <span>
                &uarr;
                15.5
            </span>
        </td>
        <td class="r"><span>4</span></td>
        <td class="l"><span>1</span></td>
        <td class="n">
            <div class="n" style="margin-left:132px">

                <div class="ico">&rarr;</div>

                <p>
                    <span class="node">

                        Subquery Scan on &quot;*SELECT* 5&quot;


                    </span>

                    <span class="est">
                        (cost=83024.71..83028.74
                        rows=62
                        width=88)
                    </span>

                    <span class="act">
                        (actual
                        time=1361.681..1361.688
                        rows=4
                        loops=1)
                    </span>
                </p>


            </div>
        </td>
    </tr>





            






    <tr id="l76" class="n even c-m" data-node_id="75" data-node_parent="74" data-level="6" data-e="1" data-i="2" data-x="2">
        <td class="u "><a href="#l76">76.</a></td>
        <td class="e c-1">
            <span>398.379</span>
        </td>
        <td class="i c-2">
            <span>1361.682</span>
        </td>
        <td class="x c-2">
            <span>
                &uarr;
                15.5
            </span>
        </td>
        <td class="r"><span>4</span></td>
        <td class="l"><span>1</span></td>
        <td class="n">
            <div class="n" style="margin-left:154px">

                <div class="ico">&rarr;</div>

                <p>
                    <span class="node">

                        HashAggregate


                    </span>

                    <span class="est">
                        (cost=83024.71..83028.12
                        rows=62
                        width=88)
                    </span>

                    <span class="act">
                        (actual
                        time=1361.677..1361.682
                        rows=4
                        loops=1)
                    </span>
                </p>


            </div>
        </td>
    </tr>





            






    <tr id="l77" class="n odd c-m" data-node_id="76" data-node_parent="75" data-level="7" data-e="1" data-i="2" data-x="1">
        <td class="u "><a href="#l77">77.</a></td>
        <td class="e c-1">
            <span>73.450</span>
        </td>
        <td class="i c-2">
            <span>963.303</span>
        </td>
        <td class="x c-1">
            <span>
                &uarr;
                2.3
            </span>
        </td>
        <td class="r"><span>159275</span></td>
        <td class="l"><span>1</span></td>
        <td class="n">
            <div class="n" style="margin-left:176px">

                <div class="ico">&rarr;</div>

                <p>
                    <span class="node">

                        Hash Left Join


                    </span>

                    <span class="est">
                        (cost=15954.60..70049.48
                        rows=370721
                        width=88)
                    </span>

                    <span class="act">
                        (actual
                        time=137.046..963.303
                        rows=159275
                        loops=1)
                    </span>
                </p>

                    <ul class="ex-nfo">
                            <li>Hash Cond: ((a.mci)::bpchar = (f.qnv_ct_mci)::bpchar)</li>
                    </ul>

            </div>
        </td>
    </tr>





            






    <tr id="l78" class="n even c-m" data-node_id="77" data-node_parent="76" data-level="8" data-e="1" data-i="2" data-x="1">
        <td class="u "><a href="#l78">78.</a></td>
        <td class="e c-1">
            <span>96.586</span>
        </td>
        <td class="i c-2">
            <span>888.724</span>
        </td>
        <td class="x c-1">
            <span>
                &uarr;
                2.3
            </span>
        </td>
        <td class="r"><span>159275</span></td>
        <td class="l"><span>1</span></td>
        <td class="n">
            <div class="n" style="margin-left:198px">

                <div class="ico">&rarr;</div>

                <p>
                    <span class="node">

                        Hash Left Join


                    </span>

                    <span class="est">
                        (cost=15262.36..67963.38
                        rows=370721
                        width=90)
                    </span>

                    <span class="act">
                        (actual
                        time=135.903..888.724
                        rows=159275
                        loops=1)
                    </span>
                </p>

                    <ul class="ex-nfo">
                            <li>Hash Cond: ((a.mci)::bpchar = (d.mci)::bpchar)</li>
                    </ul>

            </div>
        </td>
    </tr>





            






    <tr id="l79" class="n odd c-m" data-node_id="78" data-node_parent="77" data-level="9" data-e="1" data-i="2" data-x="1">
        <td class="u "><a href="#l79">79.</a></td>
        <td class="e c-1">
            <span>125.014</span>
        </td>
        <td class="i c-2">
            <span>788.917</span>
        </td>
        <td class="x c-1">
            <span>
                &uarr;
                2.3
            </span>
        </td>
        <td class="r"><span>159275</span></td>
        <td class="l"><span>1</span></td>
        <td class="n">
            <div class="n" style="margin-left:220px">

                <div class="ico">&rarr;</div>

                <p>
                    <span class="node">

                        Hash Left Join


                    </span>

                    <span class="est">
                        (cost=15013.92..64424.71
                        rows=370721
                        width=74)
                    </span>

                    <span class="act">
                        (actual
                        time=132.662..788.917
                        rows=159275
                        loops=1)
                    </span>
                </p>

                    <ul class="ex-nfo">
                            <li>Hash Cond: (a.cnpj_txt = (b.cnpj)::bpchar)</li>
                    </ul>

            </div>
        </td>
    </tr>





            






    <tr id="l80" class="n even c-m" data-node_id="79" data-node_parent="78" data-level="10" data-e="1" data-i="1" data-x="1">
        <td class="u "><a href="#l80">80.</a></td>
        <td class="e c-1">
            <span>304.954</span>
        </td>
        <td class="i c-1">
            <span>655.389</span>
        </td>
        <td class="x c-1">
            <span>
                &uarr;
                2.3
            </span>
        </td>
        <td class="r"><span>159275</span></td>
        <td class="l"><span>1</span></td>
        <td class="n">
            <div class="n" style="margin-left:242px">

                <div class="ico">&rarr;</div>

                <p>
                    <span class="node">

                        Hash Left Join


                    </span>

                    <span class="est">
                        (cost=12735.78..57901.22
                        rows=370721
                        width=67)
                    </span>

                    <span class="act">
                        (actual
                        time=124.123..655.389
                        rows=159275
                        loops=1)
                    </span>
                </p>

                    <ul class="ex-nfo">
                            <li>Hash Cond: ((a.mci)::bpchar = (e.mci)::bpchar)</li>
                    </ul>

            </div>
        </td>
    </tr>





            






    <tr id="l81" class="n odd c-m" data-node_id="80" data-node_parent="79" data-level="11" data-e="1" data-i="1" data-x="1">
        <td class="u "><a href="#l81">81.</a></td>
        <td class="e c-1">
            <span>171.135</span>
        </td>
        <td class="i c-1">
            <span>237.012</span>
        </td>
        <td class="x c-1">
            <span>
                &uarr;
                2.3
            </span>
        </td>
        <td class="r"><span>159275</span></td>
        <td class="l"><span>1</span></td>
        <td class="n">
            <div class="n" style="margin-left:264px">

                <div class="ico">&rarr;</div>

                <p>
                    <span class="node">

                        Hash Join


                    </span>

                    <span class="est">
                        (cost=845.08..27885.51
                        rows=370721
                        width=51)
                    </span>

                    <span class="act">
                        (actual
                        time=10.023..237.012
                        rows=159275
                        loops=1)
                    </span>
                </p>

                    <ul class="ex-nfo">
                            <li>Hash Cond: ((a.vs_prefixo)::bpchar = (c.prefdep)::bpchar)</li>
                    </ul>

            </div>
        </td>
    </tr>





            






    <tr id="l82" class="n even c-m" data-node_id="81" data-node_parent="80" data-level="12" data-e="1" data-i="1" data-x="1">
        <td class="u "><a href="#l82">82.</a></td>
        <td class="e c-1">
            <span>55.898</span>
        </td>
        <td class="i c-1">
            <span>55.898</span>
        </td>
        <td class="x c-1">
            <span>
                &uarr;
                2.3
            </span>
        </td>
        <td class="r"><span>159275</span></td>
        <td class="l"><span>1</span></td>
        <td class="n">
            <div class="n" style="margin-left:286px">

                <div class="ico">&rarr;</div>

                <p>
                    <span class="node">

                        Seq Scan

                            on gps_qualificacao_negocios a

                    </span>

                    <span class="est">
                        (cost=0.00..18699.21
                        rows=370721
                        width=51)
                    </span>

                    <span class="act">
                        (actual
                        time=0.012..55.898
                        rows=159275
                        loops=1)
                    </span>
                </p>


            </div>
        </td>
    </tr>








            






    <tr id="l83" class="n even c-m" data-node_id="82" data-node_parent="80" data-level="12" data-e="1" data-i="1" data-x="1">
        <td class="u "><a href="#l83">83.</a></td>
        <td class="e c-1">
            <span>2.730</span>
        </td>
        <td class="i c-1">
            <span>9.979</span>
        </td>
        <td class="x c-1">
            <span>
                &uarr;
                1.0
            </span>
        </td>
        <td class="r"><span>7870</span></td>
        <td class="l"><span>1</span></td>
        <td class="n">
            <div class="n" style="margin-left:286px">

                <div class="ico">&rarr;</div>

                <p>
                    <span class="node">

                        Hash


                    </span>

                    <span class="est">
                        (cost=746.70..746.70
                        rows=7870
                        width=10)
                    </span>

                    <span class="act">
                        (actual
                        time=9.979..9.979
                        rows=7870
                        loops=1)
                    </span>
                </p>

                    <ul class="ex-nfo">
                            <li>Buckets: 1024  Batches: 1  Memory Usage: 323kB</li>
                    </ul>

            </div>
        </td>
    </tr>





            






    <tr id="l84" class="n odd c-m" data-node_id="83" data-node_parent="82" data-level="13" data-e="1" data-i="1" data-x="1">
        <td class="u "><a href="#l84">84.</a></td>
        <td class="e c-1">
            <span>7.249</span>
        </td>
        <td class="i c-1">
            <span>7.249</span>
        </td>
        <td class="x c-1">
            <span>
                &uarr;
                1.0
            </span>
        </td>
        <td class="r"><span>7870</span></td>
        <td class="l"><span>1</span></td>
        <td class="n">
            <div class="n" style="margin-left:308px">

                <div class="ico">&rarr;</div>

                <p>
                    <span class="node">

                        Seq Scan

                            on tbldependenciasbr c

                    </span>

                    <span class="est">
                        (cost=0.00..746.70
                        rows=7870
                        width=10)
                    </span>

                    <span class="act">
                        (actual
                        time=0.009..7.249
                        rows=7870
                        loops=1)
                    </span>
                </p>


            </div>
        </td>
    </tr>














            






    <tr id="l85" class="n even c-m" data-node_id="84" data-node_parent="79" data-level="11" data-e="1" data-i="1" data-x="1">
        <td class="u "><a href="#l85">85.</a></td>
        <td class="e c-1">
            <span>67.140</span>
        </td>
        <td class="i c-1">
            <span>113.423</span>
        </td>
        <td class="x c-1">
            <span>
                &uarr;
                2.0
            </span>
        </td>
        <td class="r"><span>159274</span></td>
        <td class="l"><span>1</span></td>
        <td class="n">
            <div class="n" style="margin-left:264px">

                <div class="ico">&rarr;</div>

                <p>
                    <span class="node">

                        Hash


                    </span>

                    <span class="est">
                        (cost=5778.20..5778.20
                        rows=316120
                        width=26)
                    </span>

                    <span class="act">
                        (actual
                        time=113.423..113.423
                        rows=159274
                        loops=1)
                    </span>
                </p>

                    <ul class="ex-nfo">
                            <li>Buckets: 8192  Batches: 4  Memory Usage: 2275kB</li>
                    </ul>

            </div>
        </td>
    </tr>





            






    <tr id="l86" class="n odd c-m" data-node_id="85" data-node_parent="84" data-level="12" data-e="1" data-i="1" data-x="1">
        <td class="u "><a href="#l86">86.</a></td>
        <td class="e c-1">
            <span>46.283</span>
        </td>
        <td class="i c-1">
            <span>46.283</span>
        </td>
        <td class="x c-1">
            <span>
                &uarr;
                2.0
            </span>
        </td>
        <td class="r"><span>159274</span></td>
        <td class="l"><span>1</span></td>
        <td class="n">
            <div class="n" style="margin-left:286px">

                <div class="ico">&rarr;</div>

                <p>
                    <span class="node">

                        Seq Scan

                            on gps_qualificacao_obs_diaria e

                    </span>

                    <span class="est">
                        (cost=0.00..5778.20
                        rows=316120
                        width=26)
                    </span>

                    <span class="act">
                        (actual
                        time=2.164..46.283
                        rows=159274
                        loops=1)
                    </span>
                </p>


            </div>
        </td>
    </tr>














            






    <tr id="l87" class="n even c-m" data-node_id="86" data-node_parent="78" data-level="10" data-e="1" data-i="1" data-x="1">
        <td class="u "><a href="#l87">87.</a></td>
        <td class="e c-1">
            <span>3.444</span>
        </td>
        <td class="i c-1">
            <span>8.514</span>
        </td>
        <td class="x c-1">
            <span>
                &darr;
                1.0
            </span>
        </td>
        <td class="r"><span>7664</span></td>
        <td class="l"><span>1</span></td>
        <td class="n">
            <div class="n" style="margin-left:242px">

                <div class="ico">&rarr;</div>

                <p>
                    <span class="node">

                        Hash


                    </span>

                    <span class="est">
                        (cost=2184.73..2184.73
                        rows=7473
                        width=49)
                    </span>

                    <span class="act">
                        (actual
                        time=8.514..8.514
                        rows=7664
                        loops=1)
                    </span>
                </p>

                    <ul class="ex-nfo">
                            <li>Buckets: 1024  Batches: 1  Memory Usage: 637kB</li>
                    </ul>

            </div>
        </td>
    </tr>





            






    <tr id="l88" class="n odd c-m" data-node_id="87" data-node_parent="86" data-level="11" data-e="1" data-i="1" data-x="1">
        <td class="u "><a href="#l88">88.</a></td>
        <td class="e c-1">
            <span>5.070</span>
        </td>
        <td class="i c-1">
            <span>5.070</span>
        </td>
        <td class="x c-1">
            <span>
                &darr;
                1.0
            </span>
        </td>
        <td class="r"><span>7664</span></td>
        <td class="l"><span>1</span></td>
        <td class="n">
            <div class="n" style="margin-left:264px">

                <div class="ico">&rarr;</div>

                <p>
                    <span class="node">

                        Seq Scan

                            on gps_qualificacao_resultado b

                    </span>

                    <span class="est">
                        (cost=0.00..2184.73
                        rows=7473
                        width=49)
                    </span>

                    <span class="act">
                        (actual
                        time=0.008..5.070
                        rows=7664
                        loops=1)
                    </span>
                </p>


            </div>
        </td>
    </tr>














            






    <tr id="l89" class="n even c-m" data-node_id="88" data-node_parent="77" data-level="9" data-e="1" data-i="1" data-x="1">
        <td class="u "><a href="#l89">89.</a></td>
        <td class="e c-1">
            <span>1.664</span>
        </td>
        <td class="i c-1">
            <span>3.221</span>
        </td>
        <td class="x c-1">
            <span>
                &uarr;
                1.0
            </span>
        </td>
        <td class="r"><span>4642</span></td>
        <td class="l"><span>1</span></td>
        <td class="n">
            <div class="n" style="margin-left:220px">

                <div class="ico">&rarr;</div>

                <p>
                    <span class="node">

                        Hash


                    </span>

                    <span class="est">
                        (cost=190.42..190.42
                        rows=4642
                        width=26)
                    </span>

                    <span class="act">
                        (actual
                        time=3.221..3.221
                        rows=4642
                        loops=1)
                    </span>
                </p>

                    <ul class="ex-nfo">
                            <li>Buckets: 1024  Batches: 1  Memory Usage: 263kB</li>
                    </ul>

            </div>
        </td>
    </tr>





            






    <tr id="l90" class="n odd c-m" data-node_id="89" data-node_parent="88" data-level="10" data-e="1" data-i="1" data-x="1">
        <td class="u "><a href="#l90">90.</a></td>
        <td class="e c-1">
            <span>1.557</span>
        </td>
        <td class="i c-1">
            <span>1.557</span>
        </td>
        <td class="x c-1">
            <span>
                &uarr;
                1.0
            </span>
        </td>
        <td class="r"><span>4642</span></td>
        <td class="l"><span>1</span></td>
        <td class="n">
            <div class="n" style="margin-left:242px">

                <div class="ico">&rarr;</div>

                <p>
                    <span class="node">

                        Seq Scan

                            on gps_qualificacao_obs_mensal d

                    </span>

                    <span class="est">
                        (cost=0.00..190.42
                        rows=4642
                        width=26)
                    </span>

                    <span class="act">
                        (actual
                        time=0.118..1.557
                        rows=4642
                        loops=1)
                    </span>
                </p>


            </div>
        </td>
    </tr>














            






    <tr id="l91" class="n even c-m" data-node_id="90" data-node_parent="76" data-level="8" data-e="1" data-i="1" data-x="1">
        <td class="u "><a href="#l91">91.</a></td>
        <td class="e c-1">
            <span>0.164</span>
        </td>
        <td class="i c-1">
            <span>1.129</span>
        </td>
        <td class="x c-1">
            <span>
                &uarr;
                1.0
            </span>
        </td>
        <td class="r"><span>366</span></td>
        <td class="l"><span>1</span></td>
        <td class="n">
            <div class="n" style="margin-left:198px">

                <div class="ico">&rarr;</div>

                <p>
                    <span class="node">

                        Hash


                    </span>

                    <span class="est">
                        (cost=687.66..687.66
                        rows=366
                        width=18)
                    </span>

                    <span class="act">
                        (actual
                        time=1.129..1.129
                        rows=366
                        loops=1)
                    </span>
                </p>

                    <ul class="ex-nfo">
                            <li>Buckets: 1024  Batches: 1  Memory Usage: 18kB</li>
                    </ul>

            </div>
        </td>
    </tr>





            






    <tr id="l92" class="n odd c-m" data-node_id="91" data-node_parent="90" data-level="9" data-e="1" data-i="1" data-x="1">
        <td class="u "><a href="#l92">92.</a></td>
        <td class="e c-1">
            <span>0.965</span>
        </td>
        <td class="i c-1">
            <span>0.965</span>
        </td>
        <td class="x c-1">
            <span>
                &uarr;
                1.0
            </span>
        </td>
        <td class="r"><span>366</span></td>
        <td class="l"><span>1</span></td>
        <td class="n">
            <div class="n" style="margin-left:220px">

                <div class="ico">&rarr;</div>

                <p>
                    <span class="node">

                        Seq Scan

                            on gps_qualificacao_contas f

                    </span>

                    <span class="est">
                        (cost=0.00..687.66
                        rows=366
                        width=18)
                    </span>

                    <span class="act">
                        (actual
                        time=0.006..0.965
                        rows=366
                        loops=1)
                    </span>
                </p>


            </div>
        </td>
    </tr>


























            






    <tr id="l93" class="n even c-m" data-node_id="92" data-node_parent="2" data-level="3" data-e="1" data-i="1" data-x="1">
        <td class="u "><a href="#l93">93.</a></td>
        <td class="e c-1">
            <span>4.719</span>
        </td>
        <td class="i c-1">
            <span>12.489</span>
        </td>
        <td class="x c-1">
            <span>
                &uarr;
                1.0
            </span>
        </td>
        <td class="r"><span>7870</span></td>
        <td class="l"><span>1</span></td>
        <td class="n">
            <div class="n" style="margin-left:88px">

                <div class="ico">&rarr;</div>

                <p>
                    <span class="node">

                        Hash


                    </span>

                    <span class="est">
                        (cost=746.70..746.70
                        rows=7870
                        width=47)
                    </span>

                    <span class="act">
                        (actual
                        time=12.489..12.489
                        rows=7870
                        loops=1)
                    </span>
                </p>

                    <ul class="ex-nfo">
                            <li>Buckets: 1024  Batches: 1  Memory Usage: 616kB</li>
                    </ul>

            </div>
        </td>
    </tr>





            






    <tr id="l94" class="n odd c-m" data-node_id="93" data-node_parent="92" data-level="4" data-e="1" data-i="1" data-x="1">
        <td class="u "><a href="#l94">94.</a></td>
        <td class="e c-1">
            <span>7.770</span>
        </td>
        <td class="i c-1">
            <span>7.770</span>
        </td>
        <td class="x c-1">
            <span>
                &uarr;
                1.0
            </span>
        </td>
        <td class="r"><span>7870</span></td>
        <td class="l"><span>1</span></td>
        <td class="n">
            <div class="n" style="margin-left:110px">

                <div class="ico">&rarr;</div>

                <p>
                    <span class="node">

                        Seq Scan

                            on tbldependenciasbr d

                    </span>

                    <span class="est">
                        (cost=0.00..746.70
                        rows=7870
                        width=47)
                    </span>

                    <span class="act">
                        (actual
                        time=0.012..7.770
                        rows=7870
                        loops=1)
                    </span>
                </p>


            </div>
        </td>
    </tr>














            






    <tr id="l95" class="n even c-m" data-node_id="94" data-node_parent="1" data-level="2" data-e="1" data-i="1" data-x="1">
        <td class="u "><a href="#l95">95.</a></td>
        <td class="e c-1">
            <span>0.321</span>
        </td>
        <td class="i c-1">
            <span>1.371</span>
        </td>
        <td class="x c-1">
            <span>
                &darr;
                1.0
            </span>
        </td>
        <td class="r"><span>948</span></td>
        <td class="l"><span>1</span></td>
        <td class="n">
            <div class="n" style="margin-left:66px">

                <div class="ico">&rarr;</div>

                <p>
                    <span class="node">

                        Hash


                    </span>

                    <span class="est">
                        (cost=22.33..22.33
                        rows=933
                        width=9)
                    </span>

                    <span class="act">
                        (actual
                        time=1.371..1.371
                        rows=948
                        loops=1)
                    </span>
                </p>

                    <ul class="ex-nfo">
                            <li>Buckets: 1024  Batches: 1  Memory Usage: 38kB</li>
                    </ul>

            </div>
        </td>
    </tr>





            






    <tr id="l96" class="n odd c-m" data-node_id="95" data-node_parent="94" data-level="3" data-e="1" data-i="1" data-x="1">
        <td class="u "><a href="#l96">96.</a></td>
        <td class="e c-1">
            <span>1.050</span>
        </td>
        <td class="i c-1">
            <span>1.050</span>
        </td>
        <td class="x c-1">
            <span>
                &darr;
                1.0
            </span>
        </td>
        <td class="r"><span>948</span></td>
        <td class="l"><span>1</span></td>
        <td class="n">
            <div class="n" style="margin-left:88px">

                <div class="ico">&rarr;</div>

                <p>
                    <span class="node">

                        Seq Scan

                            on gps_qualificacao_meta m

                    </span>

                    <span class="est">
                        (cost=0.00..22.33
                        rows=933
                        width=9)
                    </span>

                    <span class="act">
                        (actual
                        time=0.025..1.050
                        rows=948
                        loops=1)
                    </span>
                </p>


            </div>
        </td>
    </tr>

















            </tbody>
        </table>
    </div>

    <div class="result-text hidden">
        <pre id="source">HashAggregate  (cost=407839.33..408209.73 rows=5109 width=131) (actual time=6898.677..6919.671 rows=5491 loops=1)
  -&gt;  Hash Left Join  (cost=407327.24..407571.11 rows=5109 width=131) (actual time=6869.627..6883.204 rows=5498 loops=1)
        Hash Cond: ((d.prefdep)::text = (m.qm_prefdep)::text)
        Join Filter: (COALESCE(&quot;*SELECT* 1&quot;.total, 0::bigint) &lt;&gt; 0)
        -&gt;  Hash Join  (cost=407293.25..407510.38 rows=5109 width=127) (actual time=6868.234..6878.523 rows=5498 loops=1)
              Hash Cond: (((&quot;*SELECT* 1&quot;.vs_prefixo)::bpchar) = (d.prefdep)::bpchar)
              -&gt;  HashAggregate  (cost=406448.17..406499.26 rows=5109 width=88) (actual time=6855.727..6858.914 rows=5500 loops=1)
                    -&gt;  Append  (cost=73838.42..406269.36 rows=5109 width=88) (actual time=1294.559..6848.550 rows=5501 loops=1)
                          -&gt;  Subquery Scan on &quot;*SELECT* 1&quot;  (cost=73838.42..74107.65 rows=4142 width=88) (actual time=1294.557..1302.305 rows=4676 loops=1)
                                -&gt;  HashAggregate  (cost=73838.42..74066.23 rows=4142 width=88) (actual time=1294.553..1300.731 rows=4676 loops=1)
                                      -&gt;  Hash Left Join  (cost=15109.52..60863.18 rows=370721 width=88) (actual time=125.071..841.144 rows=159275 loops=1)
                                            Hash Cond: ((a.mci)::bpchar = (f.qnv_ct_mci)::bpchar)
                                            -&gt;  Hash Left Join  (cost=14417.29..58777.08 rows=370721 width=90) (actual time=123.897..765.672 rows=159275 loops=1)
                                                  Hash Cond: ((a.mci)::bpchar = (d.mci)::bpchar)
                                                  -&gt;  Hash Left Join  (cost=14168.84..55238.41 rows=370721 width=74) (actual time=120.738..659.209 rows=159275 loops=1)
                                                        Hash Cond: (a.cnpj_txt = (b.cnpj)::bpchar)
                                                        -&gt;  Hash Left Join  (cost=11890.70..48714.93 rows=370721 width=67) (actual time=112.207..516.941 rows=159275 loops=1)
                                                              Hash Cond: ((a.mci)::bpchar = (c.mci)::bpchar)
                                                              -&gt;  Seq Scan on gps_qualificacao_negocios a  (cost=0.00..18699.21 rows=370721 width=51) (actual time=0.005..80.322 rows=159275 loops=1)
                                                              -&gt;  Hash  (cost=5778.20..5778.20 rows=316120 width=26) (actual time=111.490..111.490 rows=159274 loops=1)
                                                                    Buckets: 8192  Batches: 4  Memory Usage: 2275kB
                                                                    -&gt;  Seq Scan on gps_qualificacao_obs_diaria c  (cost=0.00..5778.20 rows=316120 width=26) (actual time=2.170..46.245 rows=159274 loops=1)
                                                        -&gt;  Hash  (cost=2184.73..2184.73 rows=7473 width=49) (actual time=8.507..8.507 rows=7664 loops=1)
                                                              Buckets: 1024  Batches: 1  Memory Usage: 637kB
                                                              -&gt;  Seq Scan on gps_qualificacao_resultado b  (cost=0.00..2184.73 rows=7473 width=49) (actual time=0.008..5.103 rows=7664 loops=1)
                                                  -&gt;  Hash  (cost=190.42..190.42 rows=4642 width=26) (actual time=3.138..3.138 rows=4642 loops=1)
                                                        Buckets: 1024  Batches: 1  Memory Usage: 263kB
                                                        -&gt;  Seq Scan on gps_qualificacao_obs_mensal d  (cost=0.00..190.42 rows=4642 width=26) (actual time=0.124..1.521 rows=4642 loops=1)
                                            -&gt;  Hash  (cost=687.66..687.66 rows=366 width=18) (actual time=1.160..1.160 rows=366 loops=1)
                                                  Buckets: 1024  Batches: 1  Memory Usage: 18kB
                                                  -&gt;  Seq Scan on gps_qualificacao_contas f  (cost=0.00..687.66 rows=366 width=18) (actual time=0.006..0.994 rows=366 loops=1)
                          -&gt;  Subquery Scan on &quot;*SELECT* 2&quot;  (cost=83024.71..83068.91 rows=680 width=88) (actual time=1425.219..1426.460 rows=658 loops=1)
                                -&gt;  HashAggregate  (cost=83024.71..83062.11 rows=680 width=88) (actual time=1425.215..1426.235 rows=658 loops=1)
                                      -&gt;  Hash Left Join  (cost=15954.60..70049.48 rows=370721 width=88) (actual time=135.517..1004.482 rows=159275 loops=1)
                                            Hash Cond: ((a.mci)::bpchar = (f.qnv_ct_mci)::bpchar)
                                            -&gt;  Hash Left Join  (cost=15262.36..67963.38 rows=370721 width=90) (actual time=134.414..928.590 rows=159275 loops=1)
                                                  Hash Cond: ((a.mci)::bpchar = (d.mci)::bpchar)
                                                  -&gt;  Hash Left Join  (cost=15013.92..64424.71 rows=370721 width=74) (actual time=131.231..823.405 rows=159275 loops=1)
                                                        Hash Cond: (a.cnpj_txt = (b.cnpj)::bpchar)
                                                        -&gt;  Hash Left Join  (cost=12735.78..57901.22 rows=370721 width=67) (actual time=122.792..682.479 rows=159275 loops=1)
                                                              Hash Cond: ((a.mci)::bpchar = (e.mci)::bpchar)
                                                              -&gt;  Hash Join  (cost=845.08..27885.51 rows=370721 width=51) (actual time=9.403..245.695 rows=159275 loops=1)
                                                                    Hash Cond: ((a.vs_prefixo)::bpchar = (c.prefdep)::bpchar)
                                                                    -&gt;  Seq Scan on gps_qualificacao_negocios a  (cost=0.00..18699.21 rows=370721 width=51) (actual time=0.015..55.832 rows=159275 loops=1)
                                                                    -&gt;  Hash  (cost=746.70..746.70 rows=7870 width=10) (actual time=9.354..9.354 rows=7870 loops=1)
                                                                          Buckets: 1024  Batches: 1  Memory Usage: 323kB
                                                                          -&gt;  Seq Scan on tbldependenciasbr c  (cost=0.00..746.70 rows=7870 width=10) (actual time=0.007..6.734 rows=7870 loops=1)
                                                              -&gt;  Hash  (cost=5778.20..5778.20 rows=316120 width=26) (actual time=112.691..112.691 rows=159274 loops=1)
                                                                    Buckets: 8192  Batches: 4  Memory Usage: 2275kB
                                                                    -&gt;  Seq Scan on gps_qualificacao_obs_diaria e  (cost=0.00..5778.20 rows=316120 width=26) (actual time=2.170..46.417 rows=159274 loops=1)
                                                        -&gt;  Hash  (cost=2184.73..2184.73 rows=7473 width=49) (actual time=8.401..8.401 rows=7664 loops=1)
                                                              Buckets: 1024  Batches: 1  Memory Usage: 637kB
                                                              -&gt;  Seq Scan on gps_qualificacao_resultado b  (cost=0.00..2184.73 rows=7473 width=49) (actual time=0.009..4.901 rows=7664 loops=1)
                                                  -&gt;  Hash  (cost=190.42..190.42 rows=4642 width=26) (actual time=3.147..3.147 rows=4642 loops=1)
                                                        Buckets: 1024  Batches: 1  Memory Usage: 263kB
                                                        -&gt;  Seq Scan on gps_qualificacao_obs_mensal d  (cost=0.00..190.42 rows=4642 width=26) (actual time=0.117..1.516 rows=4642 loops=1)
                                            -&gt;  Hash  (cost=687.66..687.66 rows=366 width=18) (actual time=1.089..1.089 rows=366 loops=1)
                                                  Buckets: 1024  Batches: 1  Memory Usage: 18kB
                                                  -&gt;  Seq Scan on gps_qualificacao_contas f  (cost=0.00..687.66 rows=366 width=18) (actual time=0.007..0.921 rows=366 loops=1)
                          -&gt;  Subquery Scan on &quot;*SELECT* 3&quot;  (cost=83024.71..83036.02 rows=174 width=88) (actual time=1382.246..1382.478 rows=132 loops=1)
                                -&gt;  HashAggregate  (cost=83024.71..83034.28 rows=174 width=88) (actual time=1382.243..1382.429 rows=132 loops=1)
                                      -&gt;  Hash Left Join  (cost=15954.60..70049.48 rows=370721 width=88) (actual time=135.210..970.549 rows=159275 loops=1)
                                            Hash Cond: ((a.mci)::bpchar = (f.qnv_ct_mci)::bpchar)
                                            -&gt;  Hash Left Join  (cost=15262.36..67963.38 rows=370721 width=90) (actual time=134.043..895.364 rows=159275 loops=1)
                                                  Hash Cond: ((a.mci)::bpchar = (d.mci)::bpchar)
                                                  -&gt;  Hash Left Join  (cost=15013.92..64424.71 rows=370721 width=74) (actual time=130.730..794.069 rows=159275 loops=1)
                                                        Hash Cond: (a.cnpj_txt = (b.cnpj)::bpchar)
                                                        -&gt;  Hash Left Join  (cost=12735.78..57901.22 rows=370721 width=67) (actual time=122.249..660.077 rows=159275 loops=1)
                                                              Hash Cond: ((a.mci)::bpchar = (e.mci)::bpchar)
                                                              -&gt;  Hash Join  (cost=845.08..27885.51 rows=370721 width=51) (actual time=9.231..239.464 rows=159275 loops=1)
                                                                    Hash Cond: ((a.vs_prefixo)::bpchar = (c.prefdep)::bpchar)
                                                                    -&gt;  Seq Scan on gps_qualificacao_negocios a  (cost=0.00..18699.21 rows=370721 width=51) (actual time=0.014..56.506 rows=159275 loops=1)
                                                                    -&gt;  Hash  (cost=746.70..746.70 rows=7870 width=10) (actual time=9.185..9.185 rows=7870 loops=1)
                                                                          Buckets: 1024  Batches: 1  Memory Usage: 323kB
                                                                          -&gt;  Seq Scan on tbldependenciasbr c  (cost=0.00..746.70 rows=7870 width=10) (actual time=0.007..6.592 rows=7870 loops=1)
                                                              -&gt;  Hash  (cost=5778.20..5778.20 rows=316120 width=26) (actual time=112.341..112.341 rows=159274 loops=1)
                                                                    Buckets: 8192  Batches: 4  Memory Usage: 2275kB
                                                                    -&gt;  Seq Scan on gps_qualificacao_obs_diaria e  (cost=0.00..5778.20 rows=316120 width=26) (actual time=2.131..46.093 rows=159274 loops=1)
                                                        -&gt;  Hash  (cost=2184.73..2184.73 rows=7473 width=49) (actual time=8.439..8.439 rows=7664 loops=1)
                                                              Buckets: 1024  Batches: 1  Memory Usage: 637kB
                                                              -&gt;  Seq Scan on gps_qualificacao_resultado b  (cost=0.00..2184.73 rows=7473 width=49) (actual time=0.008..5.057 rows=7664 loops=1)
                                                  -&gt;  Hash  (cost=190.42..190.42 rows=4642 width=26) (actual time=3.275..3.275 rows=4642 loops=1)
                                                        Buckets: 1024  Batches: 1  Memory Usage: 263kB
                                                        -&gt;  Seq Scan on gps_qualificacao_obs_mensal d  (cost=0.00..190.42 rows=4642 width=26) (actual time=0.120..1.562 rows=4642 loops=1)
                                            -&gt;  Hash  (cost=687.66..687.66 rows=366 width=18) (actual time=1.153..1.153 rows=366 loops=1)
                                                  Buckets: 1024  Batches: 1  Memory Usage: 18kB
                                                  -&gt;  Seq Scan on gps_qualificacao_contas f  (cost=0.00..687.66 rows=366 width=18) (actual time=0.006..0.988 rows=366 loops=1)
                          -&gt;  Subquery Scan on &quot;*SELECT* 4&quot;  (cost=83024.71..83028.03 rows=51 width=88) (actual time=1374.401..1374.449 rows=31 loops=1)
                                -&gt;  HashAggregate  (cost=83024.71..83027.52 rows=51 width=88) (actual time=1374.397..1374.433 rows=31 loops=1)
                                      -&gt;  Hash Left Join  (cost=15954.60..70049.48 rows=370721 width=88) (actual time=135.572..968.920 rows=159275 loops=1)
                                            Hash Cond: ((a.mci)::bpchar = (f.qnv_ct_mci)::bpchar)
                                            -&gt;  Hash Left Join  (cost=15262.36..67963.38 rows=370721 width=90) (actual time=134.415..893.801 rows=159275 loops=1)
                                                  Hash Cond: ((a.mci)::bpchar = (d.mci)::bpchar)
                                                  -&gt;  Hash Left Join  (cost=15013.92..64424.71 rows=370721 width=74) (actual time=131.167..792.187 rows=159275 loops=1)
                                                        Hash Cond: (a.cnpj_txt = (b.cnpj)::bpchar)
                                                        -&gt;  Hash Left Join  (cost=12735.78..57901.22 rows=370721 width=67) (actual time=122.703..659.105 rows=159275 loops=1)
                                                              Hash Cond: ((a.mci)::bpchar = (e.mci)::bpchar)
                                                              -&gt;  Hash Join  (cost=845.08..27885.51 rows=370721 width=51) (actual time=9.273..236.535 rows=159275 loops=1)
                                                                    Hash Cond: ((a.vs_prefixo)::bpchar = (c.prefdep)::bpchar)
                                                                    -&gt;  Seq Scan on gps_qualificacao_negocios a  (cost=0.00..18699.21 rows=370721 width=51) (actual time=0.012..56.565 rows=159275 loops=1)
                                                                    -&gt;  Hash  (cost=746.70..746.70 rows=7870 width=10) (actual time=9.240..9.240 rows=7870 loops=1)
                                                                          Buckets: 1024  Batches: 1  Memory Usage: 323kB
                                                                          -&gt;  Seq Scan on tbldependenciasbr c  (cost=0.00..746.70 rows=7870 width=10) (actual time=0.007..6.600 rows=7870 loops=1)
                                                              -&gt;  Hash  (cost=5778.20..5778.20 rows=316120 width=26) (actual time=112.756..112.756 rows=159274 loops=1)
                                                                    Buckets: 8192  Batches: 4  Memory Usage: 2275kB
                                                                    -&gt;  Seq Scan on gps_qualificacao_obs_diaria e  (cost=0.00..5778.20 rows=316120 width=26) (actual time=2.182..46.353 rows=159274 loops=1)
                                                        -&gt;  Hash  (cost=2184.73..2184.73 rows=7473 width=49) (actual time=8.436..8.436 rows=7664 loops=1)
                                                              Buckets: 1024  Batches: 1  Memory Usage: 637kB
                                                              -&gt;  Seq Scan on gps_qualificacao_resultado b  (cost=0.00..2184.73 rows=7473 width=49) (actual time=0.008..5.098 rows=7664 loops=1)
                                                  -&gt;  Hash  (cost=190.42..190.42 rows=4642 width=26) (actual time=3.224..3.224 rows=4642 loops=1)
                                                        Buckets: 1024  Batches: 1  Memory Usage: 263kB
                                                        -&gt;  Seq Scan on gps_qualificacao_obs_mensal d  (cost=0.00..190.42 rows=4642 width=26) (actual time=0.123..1.562 rows=4642 loops=1)
                                            -&gt;  Hash  (cost=687.66..687.66 rows=366 width=18) (actual time=1.144..1.144 rows=366 loops=1)
                                                  Buckets: 1024  Batches: 1  Memory Usage: 18kB
                                                  -&gt;  Seq Scan on gps_qualificacao_contas f  (cost=0.00..687.66 rows=366 width=18) (actual time=0.006..0.980 rows=366 loops=1)
                          -&gt;  Subquery Scan on &quot;*SELECT* 5&quot;  (cost=83024.71..83028.74 rows=62 width=88) (actual time=1361.681..1361.688 rows=4 loops=1)
                                -&gt;  HashAggregate  (cost=83024.71..83028.12 rows=62 width=88) (actual time=1361.677..1361.682 rows=4 loops=1)
                                      -&gt;  Hash Left Join  (cost=15954.60..70049.48 rows=370721 width=88) (actual time=137.046..963.303 rows=159275 loops=1)
                                            Hash Cond: ((a.mci)::bpchar = (f.qnv_ct_mci)::bpchar)
                                            -&gt;  Hash Left Join  (cost=15262.36..67963.38 rows=370721 width=90) (actual time=135.903..888.724 rows=159275 loops=1)
                                                  Hash Cond: ((a.mci)::bpchar = (d.mci)::bpchar)
                                                  -&gt;  Hash Left Join  (cost=15013.92..64424.71 rows=370721 width=74) (actual time=132.662..788.917 rows=159275 loops=1)
                                                        Hash Cond: (a.cnpj_txt = (b.cnpj)::bpchar)
                                                        -&gt;  Hash Left Join  (cost=12735.78..57901.22 rows=370721 width=67) (actual time=124.123..655.389 rows=159275 loops=1)
                                                              Hash Cond: ((a.mci)::bpchar = (e.mci)::bpchar)
                                                              -&gt;  Hash Join  (cost=845.08..27885.51 rows=370721 width=51) (actual time=10.023..237.012 rows=159275 loops=1)
                                                                    Hash Cond: ((a.vs_prefixo)::bpchar = (c.prefdep)::bpchar)
                                                                    -&gt;  Seq Scan on gps_qualificacao_negocios a  (cost=0.00..18699.21 rows=370721 width=51) (actual time=0.012..55.898 rows=159275 loops=1)
                                                                    -&gt;  Hash  (cost=746.70..746.70 rows=7870 width=10) (actual time=9.979..9.979 rows=7870 loops=1)
                                                                          Buckets: 1024  Batches: 1  Memory Usage: 323kB
                                                                          -&gt;  Seq Scan on tbldependenciasbr c  (cost=0.00..746.70 rows=7870 width=10) (actual time=0.009..7.249 rows=7870 loops=1)
                                                              -&gt;  Hash  (cost=5778.20..5778.20 rows=316120 width=26) (actual time=113.423..113.423 rows=159274 loops=1)
                                                                    Buckets: 8192  Batches: 4  Memory Usage: 2275kB
                                                                    -&gt;  Seq Scan on gps_qualificacao_obs_diaria e  (cost=0.00..5778.20 rows=316120 width=26) (actual time=2.164..46.283 rows=159274 loops=1)
                                                        -&gt;  Hash  (cost=2184.73..2184.73 rows=7473 width=49) (actual time=8.514..8.514 rows=7664 loops=1)
                                                              Buckets: 1024  Batches: 1  Memory Usage: 637kB
                                                              -&gt;  Seq Scan on gps_qualificacao_resultado b  (cost=0.00..2184.73 rows=7473 width=49) (actual time=0.008..5.070 rows=7664 loops=1)
                                                  -&gt;  Hash  (cost=190.42..190.42 rows=4642 width=26) (actual time=3.221..3.221 rows=4642 loops=1)
                                                        Buckets: 1024  Batches: 1  Memory Usage: 263kB
                                                        -&gt;  Seq Scan on gps_qualificacao_obs_mensal d  (cost=0.00..190.42 rows=4642 width=26) (actual time=0.118..1.557 rows=4642 loops=1)
                                            -&gt;  Hash  (cost=687.66..687.66 rows=366 width=18) (actual time=1.129..1.129 rows=366 loops=1)
                                                  Buckets: 1024  Batches: 1  Memory Usage: 18kB
                                                  -&gt;  Seq Scan on gps_qualificacao_contas f  (cost=0.00..687.66 rows=366 width=18) (actual time=0.006..0.965 rows=366 loops=1)
              -&gt;  Hash  (cost=746.70..746.70 rows=7870 width=47) (actual time=12.489..12.489 rows=7870 loops=1)
                    Buckets: 1024  Batches: 1  Memory Usage: 616kB
                    -&gt;  Seq Scan on tbldependenciasbr d  (cost=0.00..746.70 rows=7870 width=47) (actual time=0.012..7.770 rows=7870 loops=1)
        -&gt;  Hash  (cost=22.33..22.33 rows=933 width=9) (actual time=1.371..1.371 rows=948 loops=1)
              Buckets: 1024  Batches: 1  Memory Usage: 38kB
              -&gt;  Seq Scan on gps_qualificacao_meta m  (cost=0.00..22.33 rows=933 width=9) (actual time=0.025..1.050 rows=948 loops=1)
Total runtime: 6923.485 ms
</pre>
    </div>

    <div class="result-stats hidden">
        <h1>Per node type stats</h1>
        <table class="stats">
            <thead>
            <tr><th>node type</th><th>count</th><th>sum of times</th><th>% of query</th></tr>
            </thead>
            <tbody>
                <tr class="table-detail">
                <td class="node-type">Append</td>
                <td class="count">1</td>
                <td class="time">1.170 ms</td>
                <td class="percent">
                    
                    
                    
                    0.0 %
                </td>
                </tr>
                <tr class="table-detail">
                <td class="node-type">Hash</td>
                <td class="count">26</td>
                <td class="time">373.115 ms</td>
                <td class="percent">
                    
                    
                    
                    5.4 %
                </td>
                </tr>
                <tr class="table-detail">
                <td class="node-type">Hash Join</td>
                <td class="count">5</td>
                <td class="time">703.267 ms</td>
                <td class="percent">
                    
                    
                    
                    10.2 %
                </td>
                </tr>
                <tr class="table-detail">
                <td class="node-type">Hash Left Join</td>
                <td class="count">21</td>
                <td class="time">3086.002 ms</td>
                <td class="percent">
                    
                    
                    
                    44.6 %
                </td>
                </tr>
                <tr class="table-detail">
                <td class="node-type">HashAggregate</td>
                <td class="count">7</td>
                <td class="time">2143.943 ms</td>
                <td class="percent">
                    
                    
                    
                    31.0 %
                </td>
                </tr>
                <tr class="table-detail">
                <td class="node-type">Seq Scan</td>
                <td class="count">31</td>
                <td class="time">610.304 ms</td>
                <td class="percent">
                    
                    
                    
                    8.8 %
                </td>
                </tr>
                <tr class="table-detail">
                <td class="node-type">Subquery Scan on &quot;*SELECT* 1&quot;</td>
                <td class="count">1</td>
                <td class="time">1.574 ms</td>
                <td class="percent">
                    
                    
                    
                    0.0 %
                </td>
                </tr>
                <tr class="table-detail">
                <td class="node-type">Subquery Scan on &quot;*SELECT* 2&quot;</td>
                <td class="count">1</td>
                <td class="time">0.225 ms</td>
                <td class="percent">
                    
                    
                    
                    0.0 %
                </td>
                </tr>
                <tr class="table-detail">
                <td class="node-type">Subquery Scan on &quot;*SELECT* 3&quot;</td>
                <td class="count">1</td>
                <td class="time">0.049 ms</td>
                <td class="percent">
                    
                    
                    
                    0.0 %
                </td>
                </tr>
                <tr class="table-detail">
                <td class="node-type">Subquery Scan on &quot;*SELECT* 4&quot;</td>
                <td class="count">1</td>
                <td class="time">0.016 ms</td>
                <td class="percent">
                    
                    
                    
                    0.0 %
                </td>
                </tr>
                <tr class="table-detail">
                <td class="node-type">Subquery Scan on &quot;*SELECT* 5&quot;</td>
                <td class="count">1</td>
                <td class="time">0.006 ms</td>
                <td class="percent">
                    
                    
                    
                    0.0 %
                </td>
                </tr>
            </tbody>
        </table>
        <h1>Per table stats</h1>
        <table class="stats">
            <thead>
            <tr><th>Table name</th><th>Scan count</th><th>Total time</th><th>% of query</th></tr>
            <tr><th>scan type</th><th>count</th><th>sum of times</th><th>% of table</th></tr>
            </thead>
            <tbody>
                <tr class="table-summary">
                <td class="table-name">gps_qualificacao_contas</td>
                <td class="count">5</td>
                <td class="time">4.848 ms</td>
                <td class="percent">
                    
                    
                    
                    0.1 %
                </td>
                </tr>
                <tr class="table-detail">
                <td class="scan-type">Seq Scan</td>
                <td class="count">5</td>
                <td class="time">4.848 ms</td>
                <td class="percent">
                    
                    
                    
                    100.0 %
                </td>
                </tr>
                <tr class="table-summary">
                <td class="table-name">gps_qualificacao_meta</td>
                <td class="count">1</td>
                <td class="time">1.050 ms</td>
                <td class="percent">
                    
                    
                    
                    0.0 %
                </td>
                </tr>
                <tr class="table-detail">
                <td class="scan-type">Seq Scan</td>
                <td class="count">1</td>
                <td class="time">1.050 ms</td>
                <td class="percent">
                    
                    
                    
                    100.0 %
                </td>
                </tr>
                <tr class="table-summary">
                <td class="table-name">gps_qualificacao_negocios</td>
                <td class="count">5</td>
                <td class="time">305.123 ms</td>
                <td class="percent">
                    
                    
                    
                    4.4 %
                </td>
                </tr>
                <tr class="table-detail">
                <td class="scan-type">Seq Scan</td>
                <td class="count">5</td>
                <td class="time">305.123 ms</td>
                <td class="percent">
                    
                    
                    
                    100.0 %
                </td>
                </tr>
                <tr class="table-summary">
                <td class="table-name">gps_qualificacao_obs_diaria</td>
                <td class="count">5</td>
                <td class="time">231.391 ms</td>
                <td class="percent">
                    
                    
                    
                    3.3 %
                </td>
                </tr>
                <tr class="table-detail">
                <td class="scan-type">Seq Scan</td>
                <td class="count">5</td>
                <td class="time">231.391 ms</td>
                <td class="percent">
                    
                    
                    
                    100.0 %
                </td>
                </tr>
                <tr class="table-summary">
                <td class="table-name">gps_qualificacao_obs_mensal</td>
                <td class="count">5</td>
                <td class="time">7.718 ms</td>
                <td class="percent">
                    
                    
                    
                    0.1 %
                </td>
                </tr>
                <tr class="table-detail">
                <td class="scan-type">Seq Scan</td>
                <td class="count">5</td>
                <td class="time">7.718 ms</td>
                <td class="percent">
                    
                    
                    
                    100.0 %
                </td>
                </tr>
                <tr class="table-summary">
                <td class="table-name">gps_qualificacao_resultado</td>
                <td class="count">5</td>
                <td class="time">25.229 ms</td>
                <td class="percent">
                    
                    
                    
                    0.4 %
                </td>
                </tr>
                <tr class="table-detail">
                <td class="scan-type">Seq Scan</td>
                <td class="count">5</td>
                <td class="time">25.229 ms</td>
                <td class="percent">
                    
                    
                    
                    100.0 %
                </td>
                </tr>
                <tr class="table-summary">
                <td class="table-name">tbldependenciasbr</td>
                <td class="count">5</td>
                <td class="time">34.945 ms</td>
                <td class="percent">
                    
                    
                    
                    0.5 %
                </td>
                </tr>
                <tr class="table-detail">
                <td class="scan-type">Seq Scan</td>
                <td class="count">5</td>
                <td class="time">34.945 ms</td>
                <td class="percent">
                    
                    
                    
                    100.0 %
                </td>
                </tr>
            </tbody>
        </table>
    </div>
</div>



            </section>

            <footer>
                <div>
                    <p class="copyright">Copyright &copy; 2009-2013 <a href="mailto:depesz@depesz.com" title="mail me">Hubert &quot;depesz&quot; Lubaczewski</a>, <a href="mailto:lukasz.metys.lewandowski@gmail.com">Łukasz &quot;metys&quot; Lewandowski</a></p>
                    <p class="powered-by">powered by <a href="http://www.mojolicious.org" title="mojolicious web framework">mojolicious</a></p>
                </div>
            </footer>

        </div>
        <!-- /wrapper -->

    </body>
</html>

