http://explain.depesz.com/s/cw7
HTTP/1.1 200 OK
Server: nginx
Date: Tue, 22 Jul 2014 22:42:42 GMT
Content-Type: text/html;charset=utf8
Content-Length: 80237
Connection: close
X-Powered-By: Mojolicious (Perl)

<!doctype html>
<html lang="en">
    <head>
        <meta charset="utf-8" />

        <title>cw7 | explain.depesz.com</title>

        <link rel="stylesheet" href="/css/style.css" />

        <!--[if lt IE 9]>
        <script>

            /* html5 elements */
            var elements = ( "abbr,article,aside,audio,cavnas,datalist,"
                           + "details,figure,footer,header,hgroup,mark,"
                           + "menu,meter,output,progress,section,video,"
                           + "time,nav" ).split( ',' );

            for ( var i = 0 ; i < elements.length ; i++ ) {
                document.createElement( elements[ i ] );
            }

        </script>
        <![endif]-->

        <script src="/js/jquery-1.5.1.min.js"></script>

        <script src="/js/jquery.cookie.min.js"></script>

        <script src="/js/explain.js"></script>

        
    <script>
        $( document ).ready( function( ) {

            /* startup */
            $.fn.explain( 'init', $( '#explain-form' ), $( '#explain' ) );

        } );
    </script>

    </head>
    <body class="show">

        <!-- wrapper -->
        <div id="wrapper">

            <header>
                <hgroup>
                    <h1>
                        <a href="/" title="link to: new explain" rel="permalink"><strong>explain</strong>.depesz.com</a>
                    </h1>
                    <h2><span>A tool for finding a real cause for slow queries.</span></h2>
                </hgroup>
            </header>

            <nav>
                <ul>
                    <li class="item item-new-explain">
                        <a href="/" title="link to: new explain" rel="permalink">new explain</a>
                    </li>
                    <li class="item item-history">
                        <a href="/history" title="link to: history" rel="permalink">history</a>
                    </li>
                    <li class="item item-help">
                        <a href="/help" title="link to: help" rel="permalink">help</a>
                    </li>
                    <li class="item item-about">
                        <a href="http://www.depesz.com/index.php/tag/explaindepeszcom/" title="about explain.depesz.com" rel="permalink">about</a>
                    </li>
                    <li class="item item-contact">
                        <a href="/contact" title="link to: contact" rel="permalink">contact</a>
                    </li>
                </ul>
                <ul class="right">
                    <li>
                            <a href="/login" title="link to: login/register" rel="permalink">login</a>
                    </li>
                </ul>
            </nav>

            <section>
                












<h1>Result: cw7</h1>


<div class="explain-form">

    <form id="explain-form" class="hidden" method="get" action="/s/cw7" autocomplete="off">

        <h3>Colorize:</h3>
        <ul>
            <li>
                <input type="radio" name="c" id="ce" value="e" />
                <label for="ce">exclusive</label>
            </li>
            <li>
                <input type="radio" name="c" id="ci" value="i" />
                <label for="ci">inclusive</label>
            </li>
            <li>
                <input type="radio" name="c" id="cx" value="x" />
                <label for="cx">rows x</label>
            </li>
            <li>
                <input type="radio" name="c" id="cm" value="m" checked=&quot;checked&quot; />
                <label for="cm">mixed</label>
            </li>
        </ul>

        <h3>Columns visibility:</h3>
        <ul>
            <li>
                <input type="checkbox" name="vu" id="vu" value="1" checked=&quot;checked&quot; />
                <label for="vu">#</label>
            </li>
            <li>
                <input type="checkbox" name="ve" id="ve" value="1" checked=&quot;checked&quot; />
                <label for="ve">exclusive</label>
            </li>
            <li>
                <input type="checkbox" name="vi" id="vi" value="1" checked=&quot;checked&quot; />
                <label for="vi">inclusive</label>
            </li>
            <li>
                <input type="checkbox" name="vx" id="vx" value="1" checked=&quot;checked&quot; />
                <label for="vx">rows x</label>
            </li>
            <li>
                <input type="checkbox" name="vr" id="vr" value="1" checked=&quot;checked&quot; />
                <label for="vr">rows</label>
            </li>
            <li>
                <input type="checkbox" name="vl" id="vl" value="1" checked=&quot;checked&quot; />
                <label for="vl">loops</label>
            </li>
        </ul>

        <div class="fe fe-buttons">
            <button type="submit" name="save-settings" id="save-settings"><span>Save settings</span></button>
        </div>

    </form>

    <a href="#" onclick="$.fn.explain( 'toggleCfgForm', this ); return false;" onkeypress="return this.onclick( );"><span>options</span></a>

</div>

<div class="result">

    <div class="plea">
        Did it help? Consider supporting us - Bitcoin address: <a href="https://blockchain.info/address/12v2hUztAk2LgzQ9H9LMwuU32urHMjZQnq">12v2hUztAk2LgzQ9H9LMwuU32urHMjZQnq</a>
    </div>


    <div class="tabs">
        <ul class="clearfix">
            <li class="html">
                <a href="#html"
                   title="view HTML"
                   class="current"
                   onclick="$( this ).explain( 'toggleView', 'html', this ); return false;"
                   onkeypress="return this.onclick( );">HTML</a>
            </li>
            <li class="text">
                <a href="#text"
                   title="view plain text"
                   onclick="$( this ).explain( 'toggleView', 'text', this ); return false;"
                   onkeypress="return this.onclick( );">TEXT</a>
            </li>
            <li class="stats">
                <a href="#stats"
                   title="view plan stats"
                   onclick="$( this ).explain( 'toggleView', 'stats', this ); return false;"
                   onkeypress="return this.onclick( );">STATS</a>
            </li>
        </ul>
    </div>

    <div class="result-html">
        <table id="explain">
            <thead>
                <tr>
                    <th class="u">
                        <span>#</span>
                    </th>
                    <th class="e">
                        <a href="#colorize-exclusive"
                            title="colorize rows based on &quot;exclusive&quot;"
                            onclick="$.fn.explain( 'colorize', 'e', this ); return false"
                            onkeypress="return this.onclick( );">exclusive</a>
                    </th>
                    <th class="i">
                        <a href="#colorize-inclusive"
                            title="colorize rows based on &quot;inclusive&quot;"
                            onclick="$.fn.explain( 'colorize', 'i', this ); return false"
                            onkeypress="return this.onclick( );">inclusive</a>
                    </th>
                    <th class="x">
                        <a href="#colorize-rows-x"
                            title="colorize rows based on &quot;rows x&quot;"
                            onclick="$.fn.explain( 'colorize', 'x', this ); return false"
                            onkeypress="return this.onclick( );">rows x</a>
                    </th>
                    <th class="r">
                        <span>rows</span>
                    </th>
                    <th class="l">
                        <span>loops</span>
                    </th>
                    <th class="n">
                        <span>node</span>
                    </th>
                </tr>
            </thead>
            <tbody>
                






    <tr id="l1" class="n odd c-m" data-node_id="0" data-node_parent="" data-level="0" data-e="2" data-i="4" data-x="1">
        <td class="u "><a href="#l1">1.</a></td>
        <td class="e c-2">
            <span>1157.847</span>
        </td>
        <td class="i c-4">
            <span>2804.350</span>
        </td>
        <td class="x c-1">
            <span>
                &uarr;
                1.3
            </span>
        </td>
        <td class="r"><span>880770</span></td>
        <td class="l"><span>1</span></td>
        <td class="n">
            <div class="n" style="margin-left:22px">

                <div class="ico">&rarr;</div>

                <p>
                    <span class="node">

                        Hash Join


                    </span>

                    <span class="est">
                        (cost=111713.06..204500.51
                        rows=1145877
                        width=217)
                    </span>

                    <span class="act">
                        (actual
                        time=188.185..2804.350
                        rows=880770
                        loops=1)
                    </span>
                </p>

                    <ul class="ex-nfo">
                            <li>Hash Cond: ((promotable_paths.owner)::text = (sub_path_inactive_contributor_map.child_path_owner)::text)</li>
                    </ul>

            </div>
        </td>
    </tr>





            






    <tr id="l2" class="n even c-m" data-node_id="1" data-node_parent="0" data-level="1" data-e="3" data-i="3" data-x="1">
        <td class="u "><a href="#l2">2.</a></td>
        <td class="e c-3">
            <span>1458.433</span>
        </td>
        <td class="i c-3">
            <span>1458.433</span>
        </td>
        <td class="x c-1">
            <span>
                &darr;
                1.2
            </span>
        </td>
        <td class="r"><span>880770</span></td>
        <td class="l"><span>1</span></td>
        <td class="n">
            <div class="n" style="margin-left:44px">

                <div class="ico">&rarr;</div>

                <p>
                    <span class="node">

                        Seq Scan

                            on asset_link_tree promotable_paths

                    </span>

                    <span class="est">
                        (cost=0.00..62246.62
                        rows=763282
                        width=85)
                    </span>

                    <span class="act">
                        (actual
                        time=0.102..1458.433
                        rows=880770
                        loops=1)
                    </span>
                </p>

                    <ul class="ex-nfo">
                            <li>Filter: (((path)::text ~~ &#39;/1/2/18/%&#39;::text) AND ((owner)::text = ANY (&#39;{00020001,01010201,00000301,01030101,00030301,01000201,00030101,00010101,01000301,00010201,01010101</li>
                    </ul>

            </div>
        </td>
    </tr>








            






    <tr id="l3" class="n even c-m" data-node_id="2" data-node_parent="0" data-level="1" data-e="1" data-i="1" data-x="1">
        <td class="u "><a href="#l3">3.</a></td>
        <td class="e c-1">
            <span>0.049</span>
        </td>
        <td class="i c-1">
            <span>188.070</span>
        </td>
        <td class="x c-1">
            <span>
                &darr;
                5.5
            </span>
        </td>
        <td class="r"><span>33</span></td>
        <td class="l"><span>1</span></td>
        <td class="n">
            <div class="n" style="margin-left:44px">

                <div class="ico">&rarr;</div>

                <p>
                    <span class="node">

                        Hash


                    </span>

                    <span class="est">
                        (cost=111712.99..111712.99
                        rows=6
                        width=164)
                    </span>

                    <span class="act">
                        (actual
                        time=188.070..188.070
                        rows=33
                        loops=1)
                    </span>
                </p>


            </div>
        </td>
    </tr>





            






    <tr id="l4" class="n odd c-m" data-node_id="3" data-node_parent="2" data-level="2" data-e="1" data-i="1" data-x="1">
        <td class="u "><a href="#l4">4.</a></td>
        <td class="e c-1">
            <span>0.457</span>
        </td>
        <td class="i c-1">
            <span>188.021</span>
        </td>
        <td class="x c-1">
            <span>
                &darr;
                5.5
            </span>
        </td>
        <td class="r"><span>33</span></td>
        <td class="l"><span>1</span></td>
        <td class="n">
            <div class="n" style="margin-left:66px">

                <div class="ico">&rarr;</div>

                <p>
                    <span class="node">

                        Nested Loop


                    </span>

                    <span class="est">
                        (cost=849.27..111712.99
                        rows=6
                        width=164)
                    </span>

                    <span class="act">
                        (actual
                        time=61.831..188.021
                        rows=33
                        loops=1)
                    </span>
                </p>

                    <ul class="ex-nfo">
                            <li>Join Filter: ((sub_path_inactive_contributor_map.child_path_owner)::text = (base_plus_between_contexts.context)::text)</li>
                    </ul>

            </div>
        </td>
    </tr>





            






    <tr id="l5" class="n even c-m" data-node_id="4" data-node_parent="3" data-level="3" data-e="1" data-i="1" data-x="2">
        <td class="u "><a href="#l5">5.</a></td>
        <td class="e c-1">
            <span>0.307</span>
        </td>
        <td class="i c-1">
            <span>56.851</span>
        </td>
        <td class="x c-2">
            <span>
                &darr;
                33.0
            </span>
        </td>
        <td class="r"><span>33</span></td>
        <td class="l"><span>1</span></td>
        <td class="n">
            <div class="n" style="margin-left:88px">

                <div class="ico">&rarr;</div>

                <p>
                    <span class="node">

                        Hash Join


                    </span>

                    <span class="est">
                        (cost=849.27..861.99
                        rows=1
                        width=100)
                    </span>

                    <span class="act">
                        (actual
                        time=53.355..56.851
                        rows=33
                        loops=1)
                    </span>
                </p>

                    <ul class="ex-nfo">
                            <li>Hash Cond: ((moo.related_context)::text = (sub_path_inactive_contributor_map.child_path_owner)::text)</li>
                    </ul>

            </div>
        </td>
    </tr>





            






    <tr id="l6" class="n odd c-m" data-node_id="5" data-node_parent="4" data-level="4" data-e="1" data-i="1" data-x="1">
        <td class="u "><a href="#l6">6.</a></td>
        <td class="e c-1">
            <span>0.369</span>
        </td>
        <td class="i c-1">
            <span>49.971</span>
        </td>
        <td class="x c-1">
            <span>
                &darr;
                4.0
            </span>
        </td>
        <td class="r"><span>800</span></td>
        <td class="l"><span>1</span></td>
        <td class="n">
            <div class="n" style="margin-left:110px">

                <div class="ico">&rarr;</div>

                <p>
                    <span class="node">

                        Append


                    </span>

                    <span class="est">
                        (cost=574.54..586.50
                        rows=200
                        width=64)
                    </span>

                    <span class="act">
                        (actual
                        time=46.776..49.971
                        rows=800
                        loops=1)
                    </span>
                </p>


            </div>
        </td>
    </tr>





            






    <tr id="l7" class="n even c-m" data-node_id="6" data-node_parent="5" data-level="5" data-e="1" data-i="1" data-x="1">
        <td class="u "><a href="#l7">7.</a></td>
        <td class="e c-1">
            <span>2.137</span>
        </td>
        <td class="i c-1">
            <span>49.601</span>
        </td>
        <td class="x c-1">
            <span>
                &darr;
                4.0
            </span>
        </td>
        <td class="r"><span>799</span></td>
        <td class="l"><span>1</span></td>
        <td class="n">
            <div class="n" style="margin-left:132px">

                <div class="ico">&rarr;</div>

                <p>
                    <span class="node">

                        GroupAggregate


                    </span>

                    <span class="est">
                        (cost=574.54..584.49
                        rows=199
                        width=64)
                    </span>

                    <span class="act">
                        (actual
                        time=46.776..49.601
                        rows=799
                        loops=1)
                    </span>
                </p>


            </div>
        </td>
    </tr>





            






    <tr id="l8" class="n odd c-m" data-node_id="7" data-node_parent="6" data-level="6" data-e="1" data-i="1" data-x="1">
        <td class="u "><a href="#l8">8.</a></td>
        <td class="e c-1">
            <span>12.582</span>
        </td>
        <td class="i c-1">
            <span>47.464</span>
        </td>
        <td class="x c-1">
            <span>
                &darr;
                2.4
            </span>
        </td>
        <td class="r"><span>2368</span></td>
        <td class="l"><span>1</span></td>
        <td class="n">
            <div class="n" style="margin-left:154px">

                <div class="ico">&rarr;</div>

                <p>
                    <span class="node">

                        Sort


                    </span>

                    <span class="est">
                        (cost=574.54..577.03
                        rows=995
                        width=64)
                    </span>

                    <span class="act">
                        (actual
                        time=46.768..47.464
                        rows=2368
                        loops=1)
                    </span>
                </p>

                    <ul class="ex-nfo">
                            <li>Sort Key: moo.related_context</li>
                            <li>Sort Method:  quicksort  Memory: 157kB</li>
                    </ul>

            </div>
        </td>
    </tr>





            






    <tr id="l9" class="n even c-m" data-node_id="8" data-node_parent="7" data-level="7" data-e="1" data-i="1" data-x="1">
        <td class="u "><a href="#l9">9.</a></td>
        <td class="e c-1">
            <span>2.130</span>
        </td>
        <td class="i c-1">
            <span>34.882</span>
        </td>
        <td class="x c-1">
            <span>
                &darr;
                2.4
            </span>
        </td>
        <td class="r"><span>2368</span></td>
        <td class="l"><span>1</span></td>
        <td class="n">
            <div class="n" style="margin-left:176px">

                <div class="ico">&rarr;</div>

                <p>
                    <span class="node">

                        Subquery Scan moo


                    </span>

                    <span class="est">
                        (cost=0.00..525.00
                        rows=995
                        width=64)
                    </span>

                    <span class="act">
                        (actual
                        time=4.619..34.882
                        rows=2368
                        loops=1)
                    </span>
                </p>

                    <ul class="ex-nfo">
                            <li>Filter: ((moo.related_context)::text &lt;&gt; (moo.subcontext)::text)</li>
                    </ul>

            </div>
        </td>
    </tr>





            






    <tr id="l10" class="n odd c-m" data-node_id="9" data-node_parent="8" data-level="8" data-e="1" data-i="1" data-x="1">
        <td class="u "><a href="#l10">10.</a></td>
        <td class="e c-1">
            <span>32.752</span>
        </td>
        <td class="i c-1">
            <span>32.752</span>
        </td>
        <td class="x c-1">
            <span>
                &darr;
                3.2
            </span>
        </td>
        <td class="r"><span>3168</span></td>
        <td class="l"><span>1</span></td>
        <td class="n">
            <div class="n" style="margin-left:198px">

                <div class="ico">&rarr;</div>

                <p>
                    <span class="node">

                        Function Scan

                            on getrelatedcontexts 

                    </span>

                    <span class="est">
                        (cost=0.00..512.50
                        rows=1000
                        width=32)
                    </span>

                    <span class="act">
                        (actual
                        time=4.617..32.752
                        rows=3168
                        loops=1)
                    </span>
                </p>


            </div>
        </td>
    </tr>

















            






    <tr id="l11" class="n even c-m" data-node_id="10" data-node_parent="5" data-level="5" data-e="1" data-i="1" data-x="1">
        <td class="u "><a href="#l11">11.</a></td>
        <td class="e c-1">
            <span>0.001</span>
        </td>
        <td class="i c-1">
            <span>0.001</span>
        </td>
        <td class="x c-1">
            <span>
                &uarr;
                1.0
            </span>
        </td>
        <td class="r"><span>1</span></td>
        <td class="l"><span>1</span></td>
        <td class="n">
            <div class="n" style="margin-left:132px">

                <div class="ico">&rarr;</div>

                <p>
                    <span class="node">

                        Result


                    </span>

                    <span class="est">
                        (cost=0.00..0.01
                        rows=1
                        width=0)
                    </span>

                    <span class="act">
                        (actual
                        time=0.001..0.001
                        rows=1
                        loops=1)
                    </span>
                </p>


            </div>
        </td>
    </tr>











            






    <tr id="l12" class="n odd c-m" data-node_id="11" data-node_parent="4" data-level="4" data-e="1" data-i="1" data-x="2">
        <td class="u "><a href="#l12">12.</a></td>
        <td class="e c-1">
            <span>0.022</span>
        </td>
        <td class="i c-1">
            <span>6.573</span>
        </td>
        <td class="x c-2">
            <span>
                &darr;
                33.0
            </span>
        </td>
        <td class="r"><span>33</span></td>
        <td class="l"><span>1</span></td>
        <td class="n">
            <div class="n" style="margin-left:110px">

                <div class="ico">&rarr;</div>

                <p>
                    <span class="node">

                        Hash


                    </span>

                    <span class="est">
                        (cost=274.71..274.71
                        rows=1
                        width=36)
                    </span>

                    <span class="act">
                        (actual
                        time=6.573..6.573
                        rows=33
                        loops=1)
                    </span>
                </p>


            </div>
        </td>
    </tr>





            






    <tr id="l13" class="n even c-m" data-node_id="12" data-node_parent="11" data-level="5" data-e="1" data-i="1" data-x="2">
        <td class="u "><a href="#l13">13.</a></td>
        <td class="e c-1">
            <span>0.028</span>
        </td>
        <td class="i c-1">
            <span>6.551</span>
        </td>
        <td class="x c-2">
            <span>
                &darr;
                33.0
            </span>
        </td>
        <td class="r"><span>33</span></td>
        <td class="l"><span>1</span></td>
        <td class="n">
            <div class="n" style="margin-left:132px">

                <div class="ico">&rarr;</div>

                <p>
                    <span class="node">

                        Subquery Scan sub_path_inactive_contributor_map


                    </span>

                    <span class="est">
                        (cost=274.70..274.71
                        rows=1
                        width=36)
                    </span>

                    <span class="act">
                        (actual
                        time=6.486..6.551
                        rows=33
                        loops=1)
                    </span>
                </p>


            </div>
        </td>
    </tr>





            






    <tr id="l14" class="n odd c-m" data-node_id="13" data-node_parent="12" data-level="6" data-e="1" data-i="1" data-x="2">
        <td class="u "><a href="#l14">14.</a></td>
        <td class="e c-1">
            <span>0.027</span>
        </td>
        <td class="i c-1">
            <span>6.523</span>
        </td>
        <td class="x c-2">
            <span>
                &darr;
                33.0
            </span>
        </td>
        <td class="r"><span>33</span></td>
        <td class="l"><span>1</span></td>
        <td class="n">
            <div class="n" style="margin-left:154px">

                <div class="ico">&rarr;</div>

                <p>
                    <span class="node">

                        Unique


                    </span>

                    <span class="est">
                        (cost=274.70..274.70
                        rows=1
                        width=48)
                    </span>

                    <span class="act">
                        (actual
                        time=6.484..6.523
                        rows=33
                        loops=1)
                    </span>
                </p>


            </div>
        </td>
    </tr>





            






    <tr id="l15" class="n even c-m" data-node_id="14" data-node_parent="13" data-level="7" data-e="1" data-i="1" data-x="2">
        <td class="u "><a href="#l15">15.</a></td>
        <td class="e c-1">
            <span>0.108</span>
        </td>
        <td class="i c-1">
            <span>6.496</span>
        </td>
        <td class="x c-2">
            <span>
                &darr;
                33.0
            </span>
        </td>
        <td class="r"><span>33</span></td>
        <td class="l"><span>1</span></td>
        <td class="n">
            <div class="n" style="margin-left:176px">

                <div class="ico">&rarr;</div>

                <p>
                    <span class="node">

                        Sort


                    </span>

                    <span class="est">
                        (cost=274.70..274.70
                        rows=1
                        width=48)
                    </span>

                    <span class="act">
                        (actual
                        time=6.484..6.496
                        rows=33
                        loops=1)
                    </span>
                </p>

                    <ul class="ex-nfo">
                            <li>Sort Key: source_paths.child_path_owner, source_paths.source_path_owner</li>
                            <li>Sort Method:  quicksort  Memory: 19kB</li>
                    </ul>

            </div>
        </td>
    </tr>





            






    <tr id="l16" class="n odd c-m" data-node_id="15" data-node_parent="14" data-level="8" data-e="1" data-i="1" data-x="2">
        <td class="u "><a href="#l16">16.</a></td>
        <td class="e c-1">
            <span>2.248</span>
        </td>
        <td class="i c-1">
            <span>6.388</span>
        </td>
        <td class="x c-2">
            <span>
                &darr;
                33.0
            </span>
        </td>
        <td class="r"><span>33</span></td>
        <td class="l"><span>1</span></td>
        <td class="n">
            <div class="n" style="margin-left:198px">

                <div class="ico">&rarr;</div>

                <p>
                    <span class="node">

                        Subquery Scan source_paths


                    </span>

                    <span class="est">
                        (cost=0.00..274.69
                        rows=1
                        width=48)
                    </span>

                    <span class="act">
                        (actual
                        time=4.186..6.388
                        rows=33
                        loops=1)
                    </span>
                </p>

                    <ul class="ex-nfo">
                            <li>Filter: ((source_paths.child_path_owner)::text = ANY (&#39;{00020001,01010201,00000301,01030101,00030301,01000201,00030101,00010101,0</li>
                            <li>-&gt;  Index Scan using asset_link_tree_pkey on asset_link_tree  (cost=0.00..274.63 rows=1 width=13) (actual time=4.168..4.560 rows=</li>
                            <li>Index Cond: ((master_assetid = 18) AND ((path)::text = &#39;/1/2/&#39;::text))</li>
                            <li>Filter: ((owner)::text = ANY (&#39;{00020001,01010201,00000301,01030101,00030301,01000201,00030101,00010101,01000301,00010201,0</li>
                    </ul>

            </div>
        </td>
    </tr>








        <tr id="l17" class="sp" data-node_id="16" data-node_parent="15" data-level="8">
            <td class="u"><span><a href="#l17">17.</a></span></td>
            <td class="e"><span>&nbsp;</span></td>
            <td class="i"><span>&nbsp;</span></td>
            <td class="x"><span>&nbsp;</span></td>
            <td class="r"><span>&nbsp;</span></td>
            <td class="l"><span>&nbsp;</span></td>
            <td class="n">
                <div class="n" style="margin-left:198px">
                    <p><span>SubPlan (forSubquery Scan source_paths)</span></p>
                </div>
            </td>
        </tr>

            






    <tr id="l18" class="n even c-m" data-node_id="17" data-node_parent="16" data-level="9" data-e="1" data-i="1" data-x="1">
        <td class="u "><a href="#l18">18.</a></td>
        <td class="e c-1">
            <span>4.140</span>
        </td>
        <td class="i c-1">
            <span>4.140</span>
        </td>
        <td class="x c-1">
            <span>
                &uarr;
                1.0
            </span>
        </td>
        <td class="r"><span>1</span></td>
        <td class="l"><span>1</span></td>
        <td class="n">
            <div class="n" style="margin-left:220px">

                <div class="ico">&rarr;</div>

                <p>
                    <span class="node">

                        Aggregate


                    </span>

                    <span class="est">
                        (cost=265.00..265.01
                        rows=1
                        width=32)
                    </span>

                    <span class="act">
                        (actual
                        time=4.140..4.140
                        rows=1
                        loops=1)
                    </span>
                </p>

                    <ul class="ex-nfo">
                            <li>-&gt;  Function Scan on gethighercontexts  (cost=0.00..262.50 rows=1000 width=32) (actual time=3.452..3.745 rows=799 l</li>
                    </ul>

            </div>
        </td>
    </tr>

























            






    <tr id="l19" class="n odd c-m" data-node_id="18" data-node_parent="3" data-level="3" data-e="1" data-i="1" data-x="2">
        <td class="u "><a href="#l19">19.</a></td>
        <td class="e c-1">
            <span>0.561</span>
        </td>
        <td class="i c-1">
            <span>130.713</span>
        </td>
        <td class="x c-2">
            <span>
                &uarr;
                36.4
            </span>
        </td>
        <td class="r"><span>33</span></td>
        <td class="l"><span>33</span></td>
        <td class="n">
            <div class="n" style="margin-left:88px">

                <div class="ico">&rarr;</div>

                <p>
                    <span class="node">

                        Append


                    </span>

                    <span class="est">
                        (cost=0.00..110823.98
                        rows=1201
                        width=32)
                    </span>

                    <span class="act">
                        (actual
                        time=3.906..3.961
                        rows=33
                        loops=33)
                    </span>
                </p>


            </div>
        </td>
    </tr>





            






    <tr id="l20" class="n even c-m" data-node_id="19" data-node_parent="18" data-level="4" data-e="1" data-i="1" data-x="3">
        <td class="u "><a href="#l20">20.</a></td>
        <td class="e c-1">
            <span>0.132</span>
        </td>
        <td class="i c-1">
            <span>128.964</span>
        </td>
        <td class="x c-3">
            <span>
                &uarr;
                200.0
            </span>
        </td>
        <td class="r"><span>1</span></td>
        <td class="l"><span>33</span></td>
        <td class="n">
            <div class="n" style="margin-left:110px">

                <div class="ico">&rarr;</div>

                <p>
                    <span class="node">

                        Subquery Scan base_plus_between_contexts


                    </span>

                    <span class="est">
                        (cost=0.00..110551.96
                        rows=200
                        width=32)
                    </span>

                    <span class="act">
                        (actual
                        time=3.905..3.908
                        rows=1
                        loops=33)
                    </span>
                </p>


            </div>
        </td>
    </tr>





            






    <tr id="l21" class="n odd c-m" data-node_id="20" data-node_parent="19" data-level="5" data-e="1" data-i="1" data-x="3">
        <td class="u "><a href="#l21">21.</a></td>
        <td class="e c-1">
            <span>0.066</span>
        </td>
        <td class="i c-1">
            <span>4.026</span>
        </td>
        <td class="x c-3">
            <span>
                &uarr;
                200.0
            </span>
        </td>
        <td class="r"><span>1</span></td>
        <td class="l"><span>33</span></td>
        <td class="n">
            <div class="n" style="margin-left:132px">

                <div class="ico">&rarr;</div>

                <p>
                    <span class="node">

                        Append


                    </span>

                    <span class="est">
                        (cost=0.00..547.46
                        rows=200
                        width=32)
                    </span>

                    <span class="act">
                        (actual
                        time=0.120..0.122
                        rows=1
                        loops=33)
                    </span>
                </p>


            </div>
        </td>
    </tr>





            






    <tr id="l22" class="n even c-m" data-node_id="21" data-node_parent="20" data-level="6" data-e="1" data-i="1" data-x="1">
        <td class="u "><a href="#l22">22.</a></td>
        <td class="e c-1">
            <span>0.000</span>
        </td>
        <td class="i c-1">
            <span>3.894</span>
        </td>
        <td class="x c-1">
            <span>
                &darr;
                0.0
            </span>
        </td>
        <td class="r"><span>0</span></td>
        <td class="l"><span>33</span></td>
        <td class="n">
            <div class="n" style="margin-left:154px">

                <div class="ico">&rarr;</div>

                <p>
                    <span class="node">

                        Result


                    </span>

                    <span class="est">
                        (cost=0.00..547.44
                        rows=199
                        width=32)
                    </span>

                    <span class="act">
                        (actual
                        time=0.118..0.118
                        rows=0
                        loops=33)
                    </span>
                </p>


            </div>
        </td>
    </tr>





            






    <tr id="l23" class="n odd c-m" data-node_id="22" data-node_parent="21" data-level="7" data-e="1" data-i="1" data-x="1">
        <td class="u "><a href="#l23">23.</a></td>
        <td class="e c-1">
            <span>0.267</span>
        </td>
        <td class="i c-1">
            <span>3.894</span>
        </td>
        <td class="x c-1">
            <span>
                &darr;
                0.0
            </span>
        </td>
        <td class="r"><span>0</span></td>
        <td class="l"><span>33</span></td>
        <td class="n">
            <div class="n" style="margin-left:176px">

                <div class="ico">&rarr;</div>

                <p>
                    <span class="node">

                        HashSetOp Intersect


                    </span>

                    <span class="est">
                        (cost=0.00..547.44
                        rows=199
                        width=32)
                    </span>

                    <span class="act">
                        (actual
                        time=0.118..0.118
                        rows=0
                        loops=33)
                    </span>
                </p>


            </div>
        </td>
    </tr>





            






    <tr id="l24" class="n even c-m" data-node_id="23" data-node_parent="22" data-level="8" data-e="1" data-i="1" data-x="1">
        <td class="u "><a href="#l24">24.</a></td>
        <td class="e c-1">
            <span>0.381</span>
        </td>
        <td class="i c-1">
            <span>3.627</span>
        </td>
        <td class="x c-1">
            <span>
                &uarr;
                2.5
            </span>
        </td>
        <td class="r"><span>800</span></td>
        <td class="l"><span>1</span></td>
        <td class="n">
            <div class="n" style="margin-left:198px">

                <div class="ico">&rarr;</div>

                <p>
                    <span class="node">

                        Append


                    </span>

                    <span class="est">
                        (cost=0.00..542.45
                        rows=1995
                        width=32)
                    </span>

                    <span class="act">
                        (actual
                        time=0.039..3.627
                        rows=800
                        loops=1)
                    </span>
                </p>


            </div>
        </td>
    </tr>





            






    <tr id="l25" class="n odd c-m" data-node_id="24" data-node_parent="23" data-level="9" data-e="1" data-i="1" data-x="3">
        <td class="u "><a href="#l25">25.</a></td>
        <td class="e c-1">
            <span>0.002</span>
        </td>
        <td class="i c-1">
            <span>0.039</span>
        </td>
        <td class="x c-3">
            <span>
                &uarr;
                995.0
            </span>
        </td>
        <td class="r"><span>1</span></td>
        <td class="l"><span>1</span></td>
        <td class="n">
            <div class="n" style="margin-left:220px">

                <div class="ico">&rarr;</div>

                <p>
                    <span class="node">

                        Subquery Scan &quot;*SELECT* 1&quot;


                    </span>

                    <span class="est">
                        (cost=0.00..272.45
                        rows=995
                        width=32)
                    </span>

                    <span class="act">
                        (actual
                        time=0.038..0.039
                        rows=1
                        loops=1)
                    </span>
                </p>


            </div>
        </td>
    </tr>





            






    <tr id="l26" class="n even c-m" data-node_id="25" data-node_parent="24" data-level="10" data-e="1" data-i="1" data-x="3">
        <td class="u "><a href="#l26">26.</a></td>
        <td class="e c-1">
            <span>0.037</span>
        </td>
        <td class="i c-1">
            <span>0.037</span>
        </td>
        <td class="x c-3">
            <span>
                &uarr;
                995.0
            </span>
        </td>
        <td class="r"><span>1</span></td>
        <td class="l"><span>1</span></td>
        <td class="n">
            <div class="n" style="margin-left:242px">

                <div class="ico">&rarr;</div>

                <p>
                    <span class="node">

                        Function Scan

                            on getcontexts 

                    </span>

                    <span class="est">
                        (cost=0.00..262.50
                        rows=995
                        width=32)
                    </span>

                    <span class="act">
                        (actual
                        time=0.037..0.037
                        rows=1
                        loops=1)
                    </span>
                </p>

                    <ul class="ex-nfo">
                            <li>Filter: ((getcontexts)::text &lt;&gt; &#39;00000001&#39;::text)</li>
                    </ul>

            </div>
        </td>
    </tr>











            






    <tr id="l27" class="n odd c-m" data-node_id="26" data-node_parent="23" data-level="9" data-e="1" data-i="1" data-x="1">
        <td class="u "><a href="#l27">27.</a></td>
        <td class="e c-1">
            <span>0.437</span>
        </td>
        <td class="i c-1">
            <span>3.207</span>
        </td>
        <td class="x c-1">
            <span>
                &uarr;
                1.3
            </span>
        </td>
        <td class="r"><span>799</span></td>
        <td class="l"><span>1</span></td>
        <td class="n">
            <div class="n" style="margin-left:220px">

                <div class="ico">&rarr;</div>

                <p>
                    <span class="node">

                        Subquery Scan &quot;*SELECT* 2&quot;


                    </span>

                    <span class="est">
                        (cost=0.00..270.00
                        rows=1000
                        width=32)
                    </span>

                    <span class="act">
                        (actual
                        time=2.561..3.207
                        rows=799
                        loops=1)
                    </span>
                </p>


            </div>
        </td>
    </tr>





            






    <tr id="l28" class="n even c-m" data-node_id="27" data-node_parent="26" data-level="10" data-e="1" data-i="1" data-x="1">
        <td class="u "><a href="#l28">28.</a></td>
        <td class="e c-1">
            <span>2.770</span>
        </td>
        <td class="i c-1">
            <span>2.770</span>
        </td>
        <td class="x c-1">
            <span>
                &uarr;
                1.3
            </span>
        </td>
        <td class="r"><span>799</span></td>
        <td class="l"><span>1</span></td>
        <td class="n">
            <div class="n" style="margin-left:242px">

                <div class="ico">&rarr;</div>

                <p>
                    <span class="node">

                        Function Scan

                            on gethighercontexts 

                    </span>

                    <span class="est">
                        (cost=0.00..260.00
                        rows=1000
                        width=32)
                    </span>

                    <span class="act">
                        (actual
                        time=2.560..2.770
                        rows=799
                        loops=1)
                    </span>
                </p>


            </div>
        </td>
    </tr>




















            






    <tr id="l29" class="n odd c-m" data-node_id="28" data-node_parent="20" data-level="6" data-e="1" data-i="1" data-x="1">
        <td class="u "><a href="#l29">29.</a></td>
        <td class="e c-1">
            <span>0.033</span>
        </td>
        <td class="i c-1">
            <span>0.066</span>
        </td>
        <td class="x c-1">
            <span>
                &uarr;
                1.0
            </span>
        </td>
        <td class="r"><span>1</span></td>
        <td class="l"><span>33</span></td>
        <td class="n">
            <div class="n" style="margin-left:154px">

                <div class="ico">&rarr;</div>

                <p>
                    <span class="node">

                        Subquery Scan &quot;*SELECT* 3&quot;


                    </span>

                    <span class="est">
                        (cost=0.00..0.02
                        rows=1
                        width=0)
                    </span>

                    <span class="act">
                        (actual
                        time=0.001..0.002
                        rows=1
                        loops=33)
                    </span>
                </p>


            </div>
        </td>
    </tr>





            






    <tr id="l30" class="n even c-m" data-node_id="29" data-node_parent="28" data-level="7" data-e="1" data-i="1" data-x="1">
        <td class="u "><a href="#l30">30.</a></td>
        <td class="e c-1">
            <span>0.033</span>
        </td>
        <td class="i c-1">
            <span>0.033</span>
        </td>
        <td class="x c-1">
            <span>
                &uarr;
                1.0
            </span>
        </td>
        <td class="r"><span>1</span></td>
        <td class="l"><span>33</span></td>
        <td class="n">
            <div class="n" style="margin-left:176px">

                <div class="ico">&rarr;</div>

                <p>
                    <span class="node">

                        Result


                    </span>

                    <span class="est">
                        (cost=0.00..0.01
                        rows=1
                        width=0)
                    </span>

                    <span class="act">
                        (actual
                        time=0.000..0.001
                        rows=1
                        loops=33)
                    </span>
                </p>


            </div>
        </td>
    </tr>

















        <tr id="l31" class="sp" data-node_id="30" data-node_parent="19" data-level="4">
            <td class="u"><span><a href="#l31">31.</a></span></td>
            <td class="e"><span>&nbsp;</span></td>
            <td class="i"><span>&nbsp;</span></td>
            <td class="x"><span>&nbsp;</span></td>
            <td class="r"><span>&nbsp;</span></td>
            <td class="l"><span>&nbsp;</span></td>
            <td class="n">
                <div class="n" style="margin-left:110px">
                    <p><span>SubPlan (forSubquery Scan base_plus_between_contexts)</span></p>
                </div>
            </td>
        </tr>

            






    <tr id="l32" class="n odd c-m" data-node_id="31" data-node_parent="30" data-level="5" data-e="1" data-i="1" data-x="1">
        <td class="u "><a href="#l32">32.</a></td>
        <td class="e c-1">
            <span>0.132</span>
        </td>
        <td class="i c-1">
            <span>124.806</span>
        </td>
        <td class="x c-1">
            <span>
                &uarr;
                1.0
            </span>
        </td>
        <td class="r"><span>1</span></td>
        <td class="l"><span>33</span></td>
        <td class="n">
            <div class="n" style="margin-left:132px">

                <div class="ico">&rarr;</div>

                <p>
                    <span class="node">

                        Aggregate


                    </span>

                    <span class="est">
                        (cost=550.00..550.01
                        rows=1
                        width=32)
                    </span>

                    <span class="act">
                        (actual
                        time=3.782..3.782
                        rows=1
                        loops=33)
                    </span>
                </p>


            </div>
        </td>
    </tr>





            






    <tr id="l33" class="n even c-m" data-node_id="32" data-node_parent="31" data-level="6" data-e="1" data-i="1" data-x="3">
        <td class="u "><a href="#l33">33.</a></td>
        <td class="e c-1">
            <span>0.099</span>
        </td>
        <td class="i c-1">
            <span>124.674</span>
        </td>
        <td class="x c-3">
            <span>
                &uarr;
                200.0
            </span>
        </td>
        <td class="r"><span>1</span></td>
        <td class="l"><span>33</span></td>
        <td class="n">
            <div class="n" style="margin-left:154px">

                <div class="ico">&rarr;</div>

                <p>
                    <span class="node">

                        Subquery Scan between_contexts


                    </span>

                    <span class="est">
                        (cost=0.00..549.50
                        rows=200
                        width=32)
                    </span>

                    <span class="act">
                        (actual
                        time=3.776..3.778
                        rows=1
                        loops=33)
                    </span>
                </p>


            </div>
        </td>
    </tr>





            






    <tr id="l34" class="n odd c-m" data-node_id="33" data-node_parent="32" data-level="7" data-e="1" data-i="1" data-x="3">
        <td class="u "><a href="#l34">34.</a></td>
        <td class="e c-1">
            <span>8.283</span>
        </td>
        <td class="i c-1">
            <span>124.575</span>
        </td>
        <td class="x c-3">
            <span>
                &uarr;
                200.0
            </span>
        </td>
        <td class="r"><span>1</span></td>
        <td class="l"><span>33</span></td>
        <td class="n">
            <div class="n" style="margin-left:176px">

                <div class="ico">&rarr;</div>

                <p>
                    <span class="node">

                        HashSetOp Intersect


                    </span>

                    <span class="est">
                        (cost=0.00..547.50
                        rows=200
                        width=32)
                    </span>

                    <span class="act">
                        (actual
                        time=3.775..3.775
                        rows=1
                        loops=33)
                    </span>
                </p>


            </div>
        </td>
    </tr>





            






    <tr id="l35" class="n even c-m" data-node_id="34" data-node_parent="33" data-level="8" data-e="1" data-i="1" data-x="1">
        <td class="u "><a href="#l35">35.</a></td>
        <td class="e c-1">
            <span>12.078</span>
        </td>
        <td class="i c-1">
            <span>116.292</span>
        </td>
        <td class="x c-1">
            <span>
                &uarr;
                2.5
            </span>
        </td>
        <td class="r"><span>801</span></td>
        <td class="l"><span>33</span></td>
        <td class="n">
            <div class="n" style="margin-left:198px">

                <div class="ico">&rarr;</div>

                <p>
                    <span class="node">

                        Append


                    </span>

                    <span class="est">
                        (cost=0.00..542.50
                        rows=2000
                        width=32)
                    </span>

                    <span class="act">
                        (actual
                        time=0.003..3.524
                        rows=801
                        loops=33)
                    </span>
                </p>


            </div>
        </td>
    </tr>





            






    <tr id="l36" class="n odd c-m" data-node_id="35" data-node_parent="34" data-level="9" data-e="1" data-i="1" data-x="3">
        <td class="u "><a href="#l36">36.</a></td>
        <td class="e c-1">
            <span>0.066</span>
        </td>
        <td class="i c-1">
            <span>0.132</span>
        </td>
        <td class="x c-3">
            <span>
                &uarr;
                500.0
            </span>
        </td>
        <td class="r"><span>2</span></td>
        <td class="l"><span>33</span></td>
        <td class="n">
            <div class="n" style="margin-left:220px">

                <div class="ico">&rarr;</div>

                <p>
                    <span class="node">

                        Subquery Scan &quot;*SELECT* 1&quot;


                    </span>

                    <span class="est">
                        (cost=0.00..270.00
                        rows=1000
                        width=32)
                    </span>

                    <span class="act">
                        (actual
                        time=0.002..0.004
                        rows=2
                        loops=33)
                    </span>
                </p>


            </div>
        </td>
    </tr>





            






    <tr id="l37" class="n even c-m" data-node_id="36" data-node_parent="35" data-level="10" data-e="1" data-i="1" data-x="3">
        <td class="u "><a href="#l37">37.</a></td>
        <td class="e c-1">
            <span>0.066</span>
        </td>
        <td class="i c-1">
            <span>0.066</span>
        </td>
        <td class="x c-3">
            <span>
                &uarr;
                500.0
            </span>
        </td>
        <td class="r"><span>2</span></td>
        <td class="l"><span>33</span></td>
        <td class="n">
            <div class="n" style="margin-left:242px">

                <div class="ico">&rarr;</div>

                <p>
                    <span class="node">

                        Function Scan

                            on getcontexts 

                    </span>

                    <span class="est">
                        (cost=0.00..260.00
                        rows=1000
                        width=32)
                    </span>

                    <span class="act">
                        (actual
                        time=0.001..0.002
                        rows=2
                        loops=33)
                    </span>
                </p>


            </div>
        </td>
    </tr>











            






    <tr id="l38" class="n odd c-m" data-node_id="37" data-node_parent="34" data-level="9" data-e="1" data-i="1" data-x="1">
        <td class="u "><a href="#l38">38.</a></td>
        <td class="e c-1">
            <span>104.082</span>
        </td>
        <td class="i c-1">
            <span>104.082</span>
        </td>
        <td class="x c-1">
            <span>
                &uarr;
                1.3
            </span>
        </td>
        <td class="r"><span>799</span></td>
        <td class="l"><span>33</span></td>
        <td class="n">
            <div class="n" style="margin-left:220px">

                <div class="ico">&rarr;</div>

                <p>
                    <span class="node">

                        Subquery Scan &quot;*SELECT* 2&quot;


                    </span>

                    <span class="est">
                        (cost=0.00..272.50
                        rows=1000
                        width=32)
                    </span>

                    <span class="act">
                        (actual
                        time=2.504..3.154
                        rows=799
                        loops=33)
                    </span>
                </p>

                    <ul class="ex-nfo">
                            <li>-&gt;  Function Scan on gethighercontexts  (cost=0.00..262.50 rows=1000 width=32) (actual time=2.493..2.707 rows=799 loops=3</li>
                    </ul>

            </div>
        </td>
    </tr>






















            






    <tr id="l39" class="n even c-m" data-node_id="38" data-node_parent="18" data-level="4" data-e="1" data-i="1" data-x="2">
        <td class="u "><a href="#l39">39.</a></td>
        <td class="e c-1">
            <span>1.122</span>
        </td>
        <td class="i c-1">
            <span>1.122</span>
        </td>
        <td class="x c-2">
            <span>
                &uarr;
                32.3
            </span>
        </td>
        <td class="r"><span>31</span></td>
        <td class="l"><span>33</span></td>
        <td class="n">
            <div class="n" style="margin-left:110px">

                <div class="ico">&rarr;</div>

                <p>
                    <span class="node">

                        Function Scan

                            on gethighercontexts 

                    </span>

                    <span class="est">
                        (cost=0.00..260.00
                        rows=1000
                        width=32)
                    </span>

                    <span class="act">
                        (actual
                        time=0.022..0.034
                        rows=31
                        loops=33)
                    </span>
                </p>


            </div>
        </td>
    </tr>








            






    <tr id="l40" class="n even c-m" data-node_id="39" data-node_parent="18" data-level="4" data-e="1" data-i="1" data-x="1">
        <td class="u "><a href="#l40">40.</a></td>
        <td class="e c-1">
            <span>0.033</span>
        </td>
        <td class="i c-1">
            <span>0.066</span>
        </td>
        <td class="x c-1">
            <span>
                &uarr;
                1.0
            </span>
        </td>
        <td class="r"><span>1</span></td>
        <td class="l"><span>33</span></td>
        <td class="n">
            <div class="n" style="margin-left:110px">

                <div class="ico">&rarr;</div>

                <p>
                    <span class="node">

                        Subquery Scan &quot;*SELECT* 3&quot;


                    </span>

                    <span class="est">
                        (cost=0.00..0.02
                        rows=1
                        width=0)
                    </span>

                    <span class="act">
                        (actual
                        time=0.001..0.002
                        rows=1
                        loops=33)
                    </span>
                </p>


            </div>
        </td>
    </tr>





            






    <tr id="l41" class="n odd c-m" data-node_id="40" data-node_parent="39" data-level="5" data-e="1" data-i="1" data-x="1">
        <td class="u "><a href="#l41">41.</a></td>
        <td class="e c-1">
            <span>0.033</span>
        </td>
        <td class="i c-1">
            <span>0.033</span>
        </td>
        <td class="x c-1">
            <span>
                &uarr;
                1.0
            </span>
        </td>
        <td class="r"><span>1</span></td>
        <td class="l"><span>33</span></td>
        <td class="n">
            <div class="n" style="margin-left:132px">

                <div class="ico">&rarr;</div>

                <p>
                    <span class="node">

                        Result


                    </span>

                    <span class="est">
                        (cost=0.00..0.01
                        rows=1
                        width=0)
                    </span>

                    <span class="act">
                        (actual
                        time=0.000..0.001
                        rows=1
                        loops=33)
                    </span>
                </p>


            </div>
        </td>
    </tr>























            </tbody>
        </table>
    </div>

    <div class="result-text hidden">
        <pre id="source">
                       QUERY PLAN

------------------------------------------------------------------------------------------------------------------------------------------------------------------------------------
------------------------------------------------------------------------------------------------------------------------------------------------------------------------------------
--------------------------------------------------------
 Hash Join  (cost=111713.06..204500.51 rows=1145877 width=217) (actual time=188.185..2804.350 rows=880770 loops=1)
   Hash Cond: ((promotable_paths.owner)::text = (sub_path_inactive_contributor_map.child_path_owner)::text)
   -&gt;  Seq Scan on asset_link_tree promotable_paths  (cost=0.00..62246.62 rows=763282 width=85) (actual time=0.102..1458.433 rows=880770 loops=1)
         Filter: (((path)::text ~~ &#39;/1/2/18/%&#39;::text) AND ((owner)::text = ANY (&#39;{00020001,01010201,00000301,01030101,00030301,01000201,00030101,00010101,01000301,00010201,01010101
,01020001,01010001,00000001,01020201,00020301,00000101,00030001,01020101,01030001,01000001,00000000,00030201,00000201,00010001,00020101,01000101,01030201,01030301,00010301,01010301
,01020301,00020201}&#39;::text[])))
   -&gt;  Hash  (cost=111712.99..111712.99 rows=6 width=164) (actual time=188.070..188.070 rows=33 loops=1)
         -&gt;  Nested Loop  (cost=849.27..111712.99 rows=6 width=164) (actual time=61.831..188.021 rows=33 loops=1)
               Join Filter: ((sub_path_inactive_contributor_map.child_path_owner)::text = (base_plus_between_contexts.context)::text)
               -&gt;  Hash Join  (cost=849.27..861.99 rows=1 width=100) (actual time=53.355..56.851 rows=33 loops=1)
                     Hash Cond: ((moo.related_context)::text = (sub_path_inactive_contributor_map.child_path_owner)::text)
                     -&gt;  Append  (cost=574.54..586.50 rows=200 width=64) (actual time=46.776..49.971 rows=800 loops=1)
                           -&gt;  GroupAggregate  (cost=574.54..584.49 rows=199 width=64) (actual time=46.776..49.601 rows=799 loops=1)
                                 -&gt;  Sort  (cost=574.54..577.03 rows=995 width=64) (actual time=46.768..47.464 rows=2368 loops=1)
                                       Sort Key: moo.related_context
                                       Sort Method:  quicksort  Memory: 157kB
                                       -&gt;  Subquery Scan moo  (cost=0.00..525.00 rows=995 width=64) (actual time=4.619..34.882 rows=2368 loops=1)
                                             Filter: ((moo.related_context)::text &lt;&gt; (moo.subcontext)::text)
                                             -&gt;  Function Scan on getrelatedcontexts  (cost=0.00..512.50 rows=1000 width=32) (actual time=4.617..32.752 rows=3168 loops=1)
                           -&gt;  Result  (cost=0.00..0.01 rows=1 width=0) (actual time=0.001..0.001 rows=1 loops=1)
                     -&gt;  Hash  (cost=274.71..274.71 rows=1 width=36) (actual time=6.573..6.573 rows=33 loops=1)
                           -&gt;  Subquery Scan sub_path_inactive_contributor_map  (cost=274.70..274.71 rows=1 width=36) (actual time=6.486..6.551 rows=33 loops=1)
                                 -&gt;  Unique  (cost=274.70..274.70 rows=1 width=48) (actual time=6.484..6.523 rows=33 loops=1)
                                       -&gt;  Sort  (cost=274.70..274.70 rows=1 width=48) (actual time=6.484..6.496 rows=33 loops=1)
                                             Sort Key: source_paths.child_path_owner, source_paths.source_path_owner
                                             Sort Method:  quicksort  Memory: 19kB
                                             -&gt;  Subquery Scan source_paths  (cost=0.00..274.69 rows=1 width=48) (actual time=4.186..6.388 rows=33 loops=1)
                                                   Filter: ((source_paths.child_path_owner)::text = ANY (&#39;{00020001,01010201,00000301,01030101,00030301,01000201,00030101,00010101,0
1000301,00010201,01010101,01020001,01010001,00000001,01020201,00020301,00000101,00030001,01020101,01030001,01000001,00000000,00030201,00000201,00010001,00020101,01000101,01030201,0
1030301,00010301,01010301,01020301,00020201}&#39;::text[]))
                                                   -&gt;  Index Scan using asset_link_tree_pkey on asset_link_tree  (cost=0.00..274.63 rows=1 width=13) (actual time=4.168..4.560 rows=
800 loops=1)
                                                         Index Cond: ((master_assetid = 18) AND ((path)::text = &#39;/1/2/&#39;::text))
                                                         Filter: ((owner)::text = ANY (&#39;{00020001,01010201,00000301,01030101,00030301,01000201,00030101,00010101,01000301,00010201,0
1010101,01020001,01010001,00000001,01020201,00020301,00000101,00030001,01020101,01030001,01000001,00000000,00030201,00000201,00010001,00020101,01000101,01030201,01030301,00010301,0
1010301,01020301,00020201}&#39;::text[]))
                                                         SubPlan 2
                                                           -&gt;  Aggregate  (cost=265.00..265.01 rows=1 width=32) (actual time=4.140..4.140 rows=1 loops=1)
                                                                 -&gt;  Function Scan on gethighercontexts  (cost=0.00..262.50 rows=1000 width=32) (actual time=3.452..3.745 rows=799 l
oops=1)
               -&gt;  Append  (cost=0.00..110823.98 rows=1201 width=32) (actual time=3.906..3.961 rows=33 loops=33)
                     -&gt;  Subquery Scan base_plus_between_contexts  (cost=0.00..110551.96 rows=200 width=32) (actual time=3.905..3.908 rows=1 loops=33)
                           -&gt;  Append  (cost=0.00..547.46 rows=200 width=32) (actual time=0.120..0.122 rows=1 loops=33)
                                 -&gt;  Result  (cost=0.00..547.44 rows=199 width=32) (actual time=0.118..0.118 rows=0 loops=33)
                                       -&gt;  HashSetOp Intersect  (cost=0.00..547.44 rows=199 width=32) (actual time=0.118..0.118 rows=0 loops=33)
                                             -&gt;  Append  (cost=0.00..542.45 rows=1995 width=32) (actual time=0.039..3.627 rows=800 loops=1)
                                                   -&gt;  Subquery Scan &quot;*SELECT* 1&quot;  (cost=0.00..272.45 rows=995 width=32) (actual time=0.038..0.039 rows=1 loops=1)
                                                         -&gt;  Function Scan on getcontexts  (cost=0.00..262.50 rows=995 width=32) (actual time=0.037..0.037 rows=1 loops=1)
                                                               Filter: ((getcontexts)::text &lt;&gt; &#39;00000001&#39;::text)
                                                   -&gt;  Subquery Scan &quot;*SELECT* 2&quot;  (cost=0.00..270.00 rows=1000 width=32) (actual time=2.561..3.207 rows=799 loops=1)
                                                         -&gt;  Function Scan on gethighercontexts  (cost=0.00..260.00 rows=1000 width=32) (actual time=2.560..2.770 rows=799 loops=1)
                                 -&gt;  Subquery Scan &quot;*SELECT* 3&quot;  (cost=0.00..0.02 rows=1 width=0) (actual time=0.001..0.002 rows=1 loops=33)
                                       -&gt;  Result  (cost=0.00..0.01 rows=1 width=0) (actual time=0.000..0.001 rows=1 loops=33)
                           SubPlan 1
                             -&gt;  Aggregate  (cost=550.00..550.01 rows=1 width=32) (actual time=3.782..3.782 rows=1 loops=33)
                                   -&gt;  Subquery Scan between_contexts  (cost=0.00..549.50 rows=200 width=32) (actual time=3.776..3.778 rows=1 loops=33)
                                         -&gt;  HashSetOp Intersect  (cost=0.00..547.50 rows=200 width=32) (actual time=3.775..3.775 rows=1 loops=33)
                                               -&gt;  Append  (cost=0.00..542.50 rows=2000 width=32) (actual time=0.003..3.524 rows=801 loops=33)
                                                     -&gt;  Subquery Scan &quot;*SELECT* 1&quot;  (cost=0.00..270.00 rows=1000 width=32) (actual time=0.002..0.004 rows=2 loops=33)
                                                           -&gt;  Function Scan on getcontexts  (cost=0.00..260.00 rows=1000 width=32) (actual time=0.001..0.002 rows=2 loops=33)
                                                     -&gt;  Subquery Scan &quot;*SELECT* 2&quot;  (cost=0.00..272.50 rows=1000 width=32) (actual time=2.504..3.154 rows=799 loops=33)
                                                           -&gt;  Function Scan on gethighercontexts  (cost=0.00..262.50 rows=1000 width=32) (actual time=2.493..2.707 rows=799 loops=3
3)
                     -&gt;  Function Scan on gethighercontexts  (cost=0.00..260.00 rows=1000 width=32) (actual time=0.022..0.034 rows=31 loops=33)
                     -&gt;  Subquery Scan &quot;*SELECT* 3&quot;  (cost=0.00..0.02 rows=1 width=0) (actual time=0.001..0.002 rows=1 loops=33)
                           -&gt;  Result  (cost=0.00..0.01 rows=1 width=0) (actual time=0.000..0.001 rows=1 loops=33)</pre>
    </div>

    <div class="result-stats hidden">
        <h1>Per node type stats</h1>
        <table class="stats">
            <thead>
            <tr><th>node type</th><th>count</th><th>sum of times</th><th>% of query</th></tr>
            </thead>
            <tbody>
                <tr class="table-detail">
                <td class="node-type">Aggregate</td>
                <td class="count">2</td>
                <td class="time">4.272 ms</td>
                <td class="percent">
                    
                    
                    
                    0.2 %
                </td>
                </tr>
                <tr class="table-detail">
                <td class="node-type">Append</td>
                <td class="count">5</td>
                <td class="time">13.455 ms</td>
                <td class="percent">
                    
                    
                    
                    0.5 %
                </td>
                </tr>
                <tr class="table-detail">
                <td class="node-type">Function Scan</td>
                <td class="count">5</td>
                <td class="time">36.747 ms</td>
                <td class="percent">
                    
                    
                    
                    1.3 %
                </td>
                </tr>
                <tr class="table-detail">
                <td class="node-type">GroupAggregate</td>
                <td class="count">1</td>
                <td class="time">2.137 ms</td>
                <td class="percent">
                    
                    
                    
                    0.1 %
                </td>
                </tr>
                <tr class="table-detail">
                <td class="node-type">Hash</td>
                <td class="count">2</td>
                <td class="time">0.071 ms</td>
                <td class="percent">
                    
                    
                    
                    0.0 %
                </td>
                </tr>
                <tr class="table-detail">
                <td class="node-type">Hash Join</td>
                <td class="count">2</td>
                <td class="time">1158.154 ms</td>
                <td class="percent">
                    
                    
                    
                    41.3 %
                </td>
                </tr>
                <tr class="table-detail">
                <td class="node-type">HashSetOp Intersect</td>
                <td class="count">2</td>
                <td class="time">8.550 ms</td>
                <td class="percent">
                    
                    
                    
                    0.3 %
                </td>
                </tr>
                <tr class="table-detail">
                <td class="node-type">Nested Loop</td>
                <td class="count">1</td>
                <td class="time">0.457 ms</td>
                <td class="percent">
                    
                    
                    
                    0.0 %
                </td>
                </tr>
                <tr class="table-detail">
                <td class="node-type">Result</td>
                <td class="count">4</td>
                <td class="time">0.067 ms</td>
                <td class="percent">
                    
                    
                    
                    0.0 %
                </td>
                </tr>
                <tr class="table-detail">
                <td class="node-type">Seq Scan</td>
                <td class="count">1</td>
                <td class="time">1458.433 ms</td>
                <td class="percent">
                    
                    
                    
                    52.0 %
                </td>
                </tr>
                <tr class="table-detail">
                <td class="node-type">Sort</td>
                <td class="count">2</td>
                <td class="time">12.690 ms</td>
                <td class="percent">
                    
                    
                    
                    0.5 %
                </td>
                </tr>
                <tr class="table-detail">
                <td class="node-type">Subquery Scan &quot;*SELECT* 1&quot;</td>
                <td class="count">2</td>
                <td class="time">0.068 ms</td>
                <td class="percent">
                    
                    
                    
                    0.0 %
                </td>
                </tr>
                <tr class="table-detail">
                <td class="node-type">Subquery Scan &quot;*SELECT* 2&quot;</td>
                <td class="count">2</td>
                <td class="time">104.519 ms</td>
                <td class="percent">
                    
                    
                    
                    3.7 %
                </td>
                </tr>
                <tr class="table-detail">
                <td class="node-type">Subquery Scan &quot;*SELECT* 3&quot;</td>
                <td class="count">2</td>
                <td class="time">0.066 ms</td>
                <td class="percent">
                    
                    
                    
                    0.0 %
                </td>
                </tr>
                <tr class="table-detail">
                <td class="node-type">Subquery Scan base_plus_between_contexts</td>
                <td class="count">1</td>
                <td class="time">0.132 ms</td>
                <td class="percent">
                    
                    
                    
                    0.0 %
                </td>
                </tr>
                <tr class="table-detail">
                <td class="node-type">Subquery Scan between_contexts</td>
                <td class="count">1</td>
                <td class="time">0.099 ms</td>
                <td class="percent">
                    
                    
                    
                    0.0 %
                </td>
                </tr>
                <tr class="table-detail">
                <td class="node-type">Subquery Scan moo</td>
                <td class="count">1</td>
                <td class="time">2.130 ms</td>
                <td class="percent">
                    
                    
                    
                    0.1 %
                </td>
                </tr>
                <tr class="table-detail">
                <td class="node-type">Subquery Scan source_paths</td>
                <td class="count">1</td>
                <td class="time">2.248 ms</td>
                <td class="percent">
                    
                    
                    
                    0.1 %
                </td>
                </tr>
                <tr class="table-detail">
                <td class="node-type">Subquery Scan sub_path_inactive_contributor_map</td>
                <td class="count">1</td>
                <td class="time">0.028 ms</td>
                <td class="percent">
                    
                    
                    
                    0.0 %
                </td>
                </tr>
                <tr class="table-detail">
                <td class="node-type">Unique</td>
                <td class="count">1</td>
                <td class="time">0.027 ms</td>
                <td class="percent">
                    
                    
                    
                    0.0 %
                </td>
                </tr>
            </tbody>
        </table>
        <h1>Per table stats</h1>
        <table class="stats">
            <thead>
            <tr><th>Table name</th><th>Scan count</th><th>Total time</th><th>% of query</th></tr>
            <tr><th>scan type</th><th>count</th><th>sum of times</th><th>% of table</th></tr>
            </thead>
            <tbody>
                <tr class="table-summary">
                <td class="table-name">asset_link_tree</td>
                <td class="count">1</td>
                <td class="time">1458.433 ms</td>
                <td class="percent">
                    
                    
                    
                    52.0 %
                </td>
                </tr>
                <tr class="table-detail">
                <td class="scan-type">Seq Scan</td>
                <td class="count">1</td>
                <td class="time">1458.433 ms</td>
                <td class="percent">
                    
                    
                    
                    100.0 %
                </td>
                </tr>
            </tbody>
        </table>
    </div>
</div>



            </section>

            <footer>
                <div>
                    <p class="copyright">Copyright &copy; 2009-2013 <a href="mailto:depesz@depesz.com" title="mail me">Hubert &quot;depesz&quot; Lubaczewski</a>, <a href="mailto:lukasz.metys.lewandowski@gmail.com">Łukasz &quot;metys&quot; Lewandowski</a></p>
                    <p class="powered-by">powered by <a href="http://www.mojolicious.org" title="mojolicious web framework">mojolicious</a></p>
                </div>
            </footer>

        </div>
        <!-- /wrapper -->

    </body>
</html>

